5004c5004,8991
< invalid instruction: 4
---
> C6BD  04 A9    *NOP $A9 = 00                    A:AA X:97 Y:4E P:EF SP:F9  CYC:14579
> C6BF  44 A9    *NOP $A9 = 00                    A:AA X:97 Y:4E P:EF SP:F9  CYC:14582
> C6C1  64 A9    *NOP $A9 = 00                    A:AA X:97 Y:4E P:EF SP:F9  CYC:14585
> C6C3  EA        NOP                             A:AA X:97 Y:4E P:EF SP:F9  CYC:14588
> C6C4  EA        NOP                             A:AA X:97 Y:4E P:EF SP:F9  CYC:14590
> C6C5  EA        NOP                             A:AA X:97 Y:4E P:EF SP:F9  CYC:14592
> C6C6  EA        NOP                             A:AA X:97 Y:4E P:EF SP:F9  CYC:14594
> C6C7  08        PHP                             A:AA X:97 Y:4E P:EF SP:F9  CYC:14596
> C6C8  48        PHA                             A:AA X:97 Y:4E P:EF SP:F8  CYC:14599
> C6C9  0C A9 A9 *NOP $A9A9 = A9                  A:AA X:97 Y:4E P:EF SP:F7  CYC:14602
> C6CC  EA        NOP                             A:AA X:97 Y:4E P:EF SP:F7  CYC:14606
> C6CD  EA        NOP                             A:AA X:97 Y:4E P:EF SP:F7  CYC:14608
> C6CE  EA        NOP                             A:AA X:97 Y:4E P:EF SP:F7  CYC:14610
> C6CF  EA        NOP                             A:AA X:97 Y:4E P:EF SP:F7  CYC:14612
> C6D0  08        PHP                             A:AA X:97 Y:4E P:EF SP:F7  CYC:14614
> C6D1  48        PHA                             A:AA X:97 Y:4E P:EF SP:F6  CYC:14617
> C6D2  14 A9    *NOP $A9,X @ 40 = 00             A:AA X:97 Y:4E P:EF SP:F5  CYC:14620
> C6D4  34 A9    *NOP $A9,X @ 40 = 00             A:AA X:97 Y:4E P:EF SP:F5  CYC:14624
> C6D6  54 A9    *NOP $A9,X @ 40 = 00             A:AA X:97 Y:4E P:EF SP:F5  CYC:14628
> C6D8  74 A9    *NOP $A9,X @ 40 = 00             A:AA X:97 Y:4E P:EF SP:F5  CYC:14632
> C6DA  D4 A9    *NOP $A9,X @ 40 = 00             A:AA X:97 Y:4E P:EF SP:F5  CYC:14636
> C6DC  F4 A9    *NOP $A9,X @ 40 = 00             A:AA X:97 Y:4E P:EF SP:F5  CYC:14640
> C6DE  EA        NOP                             A:AA X:97 Y:4E P:EF SP:F5  CYC:14644
> C6DF  EA        NOP                             A:AA X:97 Y:4E P:EF SP:F5  CYC:14646
> C6E0  EA        NOP                             A:AA X:97 Y:4E P:EF SP:F5  CYC:14648
> C6E1  EA        NOP                             A:AA X:97 Y:4E P:EF SP:F5  CYC:14650
> C6E2  08        PHP                             A:AA X:97 Y:4E P:EF SP:F5  CYC:14652
> C6E3  48        PHA                             A:AA X:97 Y:4E P:EF SP:F4  CYC:14655
> C6E4  1A       *NOP                             A:AA X:97 Y:4E P:EF SP:F3  CYC:14658
> C6E5  3A       *NOP                             A:AA X:97 Y:4E P:EF SP:F3  CYC:14660
> C6E6  5A       *NOP                             A:AA X:97 Y:4E P:EF SP:F3  CYC:14662
> C6E7  7A       *NOP                             A:AA X:97 Y:4E P:EF SP:F3  CYC:14664
> C6E8  DA       *NOP                             A:AA X:97 Y:4E P:EF SP:F3  CYC:14666
> C6E9  FA       *NOP                             A:AA X:97 Y:4E P:EF SP:F3  CYC:14668
> C6EA  80 89    *NOP #$89                        A:AA X:97 Y:4E P:EF SP:F3  CYC:14670
> C6EC  EA        NOP                             A:AA X:97 Y:4E P:EF SP:F3  CYC:14672
> C6ED  EA        NOP                             A:AA X:97 Y:4E P:EF SP:F3  CYC:14674
> C6EE  EA        NOP                             A:AA X:97 Y:4E P:EF SP:F3  CYC:14676
> C6EF  EA        NOP                             A:AA X:97 Y:4E P:EF SP:F3  CYC:14678
> C6F0  08        PHP                             A:AA X:97 Y:4E P:EF SP:F3  CYC:14680
> C6F1  48        PHA                             A:AA X:97 Y:4E P:EF SP:F2  CYC:14683
> C6F2  1C A9 A9 *NOP $A9A9,X @ AA40 = 00         A:AA X:97 Y:4E P:EF SP:F1  CYC:14686
> C6F5  3C A9 A9 *NOP $A9A9,X @ AA40 = 00         A:AA X:97 Y:4E P:EF SP:F1  CYC:14691
> C6F8  5C A9 A9 *NOP $A9A9,X @ AA40 = 00         A:AA X:97 Y:4E P:EF SP:F1  CYC:14696
> C6FB  7C A9 A9 *NOP $A9A9,X @ AA40 = 00         A:AA X:97 Y:4E P:EF SP:F1  CYC:14701
> C6FE  DC A9 A9 *NOP $A9A9,X @ AA40 = 00         A:AA X:97 Y:4E P:EF SP:F1  CYC:14706
> C701  FC A9 A9 *NOP $A9A9,X @ AA40 = 00         A:AA X:97 Y:4E P:EF SP:F1  CYC:14711
> C704  EA        NOP                             A:AA X:97 Y:4E P:EF SP:F1  CYC:14716
> C705  EA        NOP                             A:AA X:97 Y:4E P:EF SP:F1  CYC:14718
> C706  EA        NOP                             A:AA X:97 Y:4E P:EF SP:F1  CYC:14720
> C707  EA        NOP                             A:AA X:97 Y:4E P:EF SP:F1  CYC:14722
> C708  08        PHP                             A:AA X:97 Y:4E P:EF SP:F1  CYC:14724
> C709  48        PHA                             A:AA X:97 Y:4E P:EF SP:F0  CYC:14727
> C70A  A2 05     LDX #$05                        A:AA X:97 Y:4E P:EF SP:EF  CYC:14730
> C70C  68        PLA                             A:AA X:05 Y:4E P:6D SP:EF  CYC:14732
> C70D  C9 55     CMP #$55                        A:AA X:05 Y:4E P:ED SP:F0  CYC:14736
> C70F  F0 0A     BEQ $C71B                       A:AA X:05 Y:4E P:6D SP:F0  CYC:14738
> C711  C9 AA     CMP #$AA                        A:AA X:05 Y:4E P:6D SP:F0  CYC:14740
> C713  F0 06     BEQ $C71B                       A:AA X:05 Y:4E P:6F SP:F0  CYC:14742
> C71B  68        PLA                             A:AA X:05 Y:4E P:6F SP:F0  CYC:14745
> C71C  29 CB     AND #$CB                        A:FF X:05 Y:4E P:ED SP:F1  CYC:14749
> C71E  C9 00     CMP #$00                        A:CB X:05 Y:4E P:ED SP:F1  CYC:14751
> C720  F0 06     BEQ $C728                       A:CB X:05 Y:4E P:ED SP:F1  CYC:14753
> C722  C9 CB     CMP #$CB                        A:CB X:05 Y:4E P:ED SP:F1  CYC:14755
> C724  F0 02     BEQ $C728                       A:CB X:05 Y:4E P:6F SP:F1  CYC:14757
> C728  C8        INY                             A:CB X:05 Y:4E P:6F SP:F1  CYC:14760
> C729  CA        DEX                             A:CB X:05 Y:4F P:6D SP:F1  CYC:14762
> C72A  D0 E0     BNE $C70C                       A:CB X:04 Y:4F P:6D SP:F1  CYC:14764
> C70C  68        PLA                             A:CB X:04 Y:4F P:6D SP:F1  CYC:14767
> C70D  C9 55     CMP #$55                        A:AA X:04 Y:4F P:ED SP:F2  CYC:14771
> C70F  F0 0A     BEQ $C71B                       A:AA X:04 Y:4F P:6D SP:F2  CYC:14773
> C711  C9 AA     CMP #$AA                        A:AA X:04 Y:4F P:6D SP:F2  CYC:14775
> C713  F0 06     BEQ $C71B                       A:AA X:04 Y:4F P:6F SP:F2  CYC:14777
> C71B  68        PLA                             A:AA X:04 Y:4F P:6F SP:F2  CYC:14780
> C71C  29 CB     AND #$CB                        A:FF X:04 Y:4F P:ED SP:F3  CYC:14784
> C71E  C9 00     CMP #$00                        A:CB X:04 Y:4F P:ED SP:F3  CYC:14786
> C720  F0 06     BEQ $C728                       A:CB X:04 Y:4F P:ED SP:F3  CYC:14788
> C722  C9 CB     CMP #$CB                        A:CB X:04 Y:4F P:ED SP:F3  CYC:14790
> C724  F0 02     BEQ $C728                       A:CB X:04 Y:4F P:6F SP:F3  CYC:14792
> C728  C8        INY                             A:CB X:04 Y:4F P:6F SP:F3  CYC:14795
> C729  CA        DEX                             A:CB X:04 Y:50 P:6D SP:F3  CYC:14797
> C72A  D0 E0     BNE $C70C                       A:CB X:03 Y:50 P:6D SP:F3  CYC:14799
> C70C  68        PLA                             A:CB X:03 Y:50 P:6D SP:F3  CYC:14802
> C70D  C9 55     CMP #$55                        A:AA X:03 Y:50 P:ED SP:F4  CYC:14806
> C70F  F0 0A     BEQ $C71B                       A:AA X:03 Y:50 P:6D SP:F4  CYC:14808
> C711  C9 AA     CMP #$AA                        A:AA X:03 Y:50 P:6D SP:F4  CYC:14810
> C713  F0 06     BEQ $C71B                       A:AA X:03 Y:50 P:6F SP:F4  CYC:14812
> C71B  68        PLA                             A:AA X:03 Y:50 P:6F SP:F4  CYC:14815
> C71C  29 CB     AND #$CB                        A:FF X:03 Y:50 P:ED SP:F5  CYC:14819
> C71E  C9 00     CMP #$00                        A:CB X:03 Y:50 P:ED SP:F5  CYC:14821
> C720  F0 06     BEQ $C728                       A:CB X:03 Y:50 P:ED SP:F5  CYC:14823
> C722  C9 CB     CMP #$CB                        A:CB X:03 Y:50 P:ED SP:F5  CYC:14825
> C724  F0 02     BEQ $C728                       A:CB X:03 Y:50 P:6F SP:F5  CYC:14827
> C728  C8        INY                             A:CB X:03 Y:50 P:6F SP:F5  CYC:14830
> C729  CA        DEX                             A:CB X:03 Y:51 P:6D SP:F5  CYC:14832
> C72A  D0 E0     BNE $C70C                       A:CB X:02 Y:51 P:6D SP:F5  CYC:14834
> C70C  68        PLA                             A:CB X:02 Y:51 P:6D SP:F5  CYC:14837
> C70D  C9 55     CMP #$55                        A:AA X:02 Y:51 P:ED SP:F6  CYC:14841
> C70F  F0 0A     BEQ $C71B                       A:AA X:02 Y:51 P:6D SP:F6  CYC:14843
> C711  C9 AA     CMP #$AA                        A:AA X:02 Y:51 P:6D SP:F6  CYC:14845
> C713  F0 06     BEQ $C71B                       A:AA X:02 Y:51 P:6F SP:F6  CYC:14847
> C71B  68        PLA                             A:AA X:02 Y:51 P:6F SP:F6  CYC:14850
> C71C  29 CB     AND #$CB                        A:FF X:02 Y:51 P:ED SP:F7  CYC:14854
> C71E  C9 00     CMP #$00                        A:CB X:02 Y:51 P:ED SP:F7  CYC:14856
> C720  F0 06     BEQ $C728                       A:CB X:02 Y:51 P:ED SP:F7  CYC:14858
> C722  C9 CB     CMP #$CB                        A:CB X:02 Y:51 P:ED SP:F7  CYC:14860
> C724  F0 02     BEQ $C728                       A:CB X:02 Y:51 P:6F SP:F7  CYC:14862
> C728  C8        INY                             A:CB X:02 Y:51 P:6F SP:F7  CYC:14865
> C729  CA        DEX                             A:CB X:02 Y:52 P:6D SP:F7  CYC:14867
> C72A  D0 E0     BNE $C70C                       A:CB X:01 Y:52 P:6D SP:F7  CYC:14869
> C70C  68        PLA                             A:CB X:01 Y:52 P:6D SP:F7  CYC:14872
> C70D  C9 55     CMP #$55                        A:AA X:01 Y:52 P:ED SP:F8  CYC:14876
> C70F  F0 0A     BEQ $C71B                       A:AA X:01 Y:52 P:6D SP:F8  CYC:14878
> C711  C9 AA     CMP #$AA                        A:AA X:01 Y:52 P:6D SP:F8  CYC:14880
> C713  F0 06     BEQ $C71B                       A:AA X:01 Y:52 P:6F SP:F8  CYC:14882
> C71B  68        PLA                             A:AA X:01 Y:52 P:6F SP:F8  CYC:14885
> C71C  29 CB     AND #$CB                        A:FF X:01 Y:52 P:ED SP:F9  CYC:14889
> C71E  C9 00     CMP #$00                        A:CB X:01 Y:52 P:ED SP:F9  CYC:14891
> C720  F0 06     BEQ $C728                       A:CB X:01 Y:52 P:ED SP:F9  CYC:14893
> C722  C9 CB     CMP #$CB                        A:CB X:01 Y:52 P:ED SP:F9  CYC:14895
> C724  F0 02     BEQ $C728                       A:CB X:01 Y:52 P:6F SP:F9  CYC:14897
> C728  C8        INY                             A:CB X:01 Y:52 P:6F SP:F9  CYC:14900
> C729  CA        DEX                             A:CB X:01 Y:53 P:6D SP:F9  CYC:14902
> C72A  D0 E0     BNE $C70C                       A:CB X:00 Y:53 P:6F SP:F9  CYC:14904
> C72C  60        RTS                             A:CB X:00 Y:53 P:6F SP:F9  CYC:14906
> C6AC  20 B7 C6  JSR $C6B7                       A:CB X:00 Y:53 P:6F SP:FB  CYC:14912
> C6B7  A9 34     LDA #$34                        A:CB X:00 Y:53 P:6F SP:F9  CYC:14918
> C6B9  48        PHA                             A:34 X:00 Y:53 P:6D SP:F9  CYC:14920
> C6BA  A9 55     LDA #$55                        A:34 X:00 Y:53 P:6D SP:F8  CYC:14923
> C6BC  28        PLP                             A:55 X:00 Y:53 P:6D SP:F8  CYC:14925
> C6BD  04 A9    *NOP $A9 = 00                    A:55 X:00 Y:53 P:24 SP:F9  CYC:14929
> C6BF  44 A9    *NOP $A9 = 00                    A:55 X:00 Y:53 P:24 SP:F9  CYC:14932
> C6C1  64 A9    *NOP $A9 = 00                    A:55 X:00 Y:53 P:24 SP:F9  CYC:14935
> C6C3  EA        NOP                             A:55 X:00 Y:53 P:24 SP:F9  CYC:14938
> C6C4  EA        NOP                             A:55 X:00 Y:53 P:24 SP:F9  CYC:14940
> C6C5  EA        NOP                             A:55 X:00 Y:53 P:24 SP:F9  CYC:14942
> C6C6  EA        NOP                             A:55 X:00 Y:53 P:24 SP:F9  CYC:14944
> C6C7  08        PHP                             A:55 X:00 Y:53 P:24 SP:F9  CYC:14946
> C6C8  48        PHA                             A:55 X:00 Y:53 P:24 SP:F8  CYC:14949
> C6C9  0C A9 A9 *NOP $A9A9 = A9                  A:55 X:00 Y:53 P:24 SP:F7  CYC:14952
> C6CC  EA        NOP                             A:55 X:00 Y:53 P:24 SP:F7  CYC:14956
> C6CD  EA        NOP                             A:55 X:00 Y:53 P:24 SP:F7  CYC:14958
> C6CE  EA        NOP                             A:55 X:00 Y:53 P:24 SP:F7  CYC:14960
> C6CF  EA        NOP                             A:55 X:00 Y:53 P:24 SP:F7  CYC:14962
> C6D0  08        PHP                             A:55 X:00 Y:53 P:24 SP:F7  CYC:14964
> C6D1  48        PHA                             A:55 X:00 Y:53 P:24 SP:F6  CYC:14967
> C6D2  14 A9    *NOP $A9,X @ A9 = 00             A:55 X:00 Y:53 P:24 SP:F5  CYC:14970
> C6D4  34 A9    *NOP $A9,X @ A9 = 00             A:55 X:00 Y:53 P:24 SP:F5  CYC:14974
> C6D6  54 A9    *NOP $A9,X @ A9 = 00             A:55 X:00 Y:53 P:24 SP:F5  CYC:14978
> C6D8  74 A9    *NOP $A9,X @ A9 = 00             A:55 X:00 Y:53 P:24 SP:F5  CYC:14982
> C6DA  D4 A9    *NOP $A9,X @ A9 = 00             A:55 X:00 Y:53 P:24 SP:F5  CYC:14986
> C6DC  F4 A9    *NOP $A9,X @ A9 = 00             A:55 X:00 Y:53 P:24 SP:F5  CYC:14990
> C6DE  EA        NOP                             A:55 X:00 Y:53 P:24 SP:F5  CYC:14994
> C6DF  EA        NOP                             A:55 X:00 Y:53 P:24 SP:F5  CYC:14996
> C6E0  EA        NOP                             A:55 X:00 Y:53 P:24 SP:F5  CYC:14998
> C6E1  EA        NOP                             A:55 X:00 Y:53 P:24 SP:F5  CYC:15000
> C6E2  08        PHP                             A:55 X:00 Y:53 P:24 SP:F5  CYC:15002
> C6E3  48        PHA                             A:55 X:00 Y:53 P:24 SP:F4  CYC:15005
> C6E4  1A       *NOP                             A:55 X:00 Y:53 P:24 SP:F3  CYC:15008
> C6E5  3A       *NOP                             A:55 X:00 Y:53 P:24 SP:F3  CYC:15010
> C6E6  5A       *NOP                             A:55 X:00 Y:53 P:24 SP:F3  CYC:15012
> C6E7  7A       *NOP                             A:55 X:00 Y:53 P:24 SP:F3  CYC:15014
> C6E8  DA       *NOP                             A:55 X:00 Y:53 P:24 SP:F3  CYC:15016
> C6E9  FA       *NOP                             A:55 X:00 Y:53 P:24 SP:F3  CYC:15018
> C6EA  80 89    *NOP #$89                        A:55 X:00 Y:53 P:24 SP:F3  CYC:15020
> C6EC  EA        NOP                             A:55 X:00 Y:53 P:24 SP:F3  CYC:15022
> C6ED  EA        NOP                             A:55 X:00 Y:53 P:24 SP:F3  CYC:15024
> C6EE  EA        NOP                             A:55 X:00 Y:53 P:24 SP:F3  CYC:15026
> C6EF  EA        NOP                             A:55 X:00 Y:53 P:24 SP:F3  CYC:15028
> C6F0  08        PHP                             A:55 X:00 Y:53 P:24 SP:F3  CYC:15030
> C6F1  48        PHA                             A:55 X:00 Y:53 P:24 SP:F2  CYC:15033
> C6F2  1C A9 A9 *NOP $A9A9,X @ A9A9 = A9         A:55 X:00 Y:53 P:24 SP:F1  CYC:15036
> C6F5  3C A9 A9 *NOP $A9A9,X @ A9A9 = A9         A:55 X:00 Y:53 P:24 SP:F1  CYC:15040
> C6F8  5C A9 A9 *NOP $A9A9,X @ A9A9 = A9         A:55 X:00 Y:53 P:24 SP:F1  CYC:15044
> C6FB  7C A9 A9 *NOP $A9A9,X @ A9A9 = A9         A:55 X:00 Y:53 P:24 SP:F1  CYC:15048
> C6FE  DC A9 A9 *NOP $A9A9,X @ A9A9 = A9         A:55 X:00 Y:53 P:24 SP:F1  CYC:15052
> C701  FC A9 A9 *NOP $A9A9,X @ A9A9 = A9         A:55 X:00 Y:53 P:24 SP:F1  CYC:15056
> C704  EA        NOP                             A:55 X:00 Y:53 P:24 SP:F1  CYC:15060
> C705  EA        NOP                             A:55 X:00 Y:53 P:24 SP:F1  CYC:15062
> C706  EA        NOP                             A:55 X:00 Y:53 P:24 SP:F1  CYC:15064
> C707  EA        NOP                             A:55 X:00 Y:53 P:24 SP:F1  CYC:15066
> C708  08        PHP                             A:55 X:00 Y:53 P:24 SP:F1  CYC:15068
> C709  48        PHA                             A:55 X:00 Y:53 P:24 SP:F0  CYC:15071
> C70A  A2 05     LDX #$05                        A:55 X:00 Y:53 P:24 SP:EF  CYC:15074
> C70C  68        PLA                             A:55 X:05 Y:53 P:24 SP:EF  CYC:15076
> C70D  C9 55     CMP #$55                        A:55 X:05 Y:53 P:24 SP:F0  CYC:15080
> C70F  F0 0A     BEQ $C71B                       A:55 X:05 Y:53 P:27 SP:F0  CYC:15082
> C71B  68        PLA                             A:55 X:05 Y:53 P:27 SP:F0  CYC:15085
> C71C  29 CB     AND #$CB                        A:34 X:05 Y:53 P:25 SP:F1  CYC:15089
> C71E  C9 00     CMP #$00                        A:00 X:05 Y:53 P:27 SP:F1  CYC:15091
> C720  F0 06     BEQ $C728                       A:00 X:05 Y:53 P:27 SP:F1  CYC:15093
> C728  C8        INY                             A:00 X:05 Y:53 P:27 SP:F1  CYC:15096
> C729  CA        DEX                             A:00 X:05 Y:54 P:25 SP:F1  CYC:15098
> C72A  D0 E0     BNE $C70C                       A:00 X:04 Y:54 P:25 SP:F1  CYC:15100
> C70C  68        PLA                             A:00 X:04 Y:54 P:25 SP:F1  CYC:15103
> C70D  C9 55     CMP #$55                        A:55 X:04 Y:54 P:25 SP:F2  CYC:15107
> C70F  F0 0A     BEQ $C71B                       A:55 X:04 Y:54 P:27 SP:F2  CYC:15109
> C71B  68        PLA                             A:55 X:04 Y:54 P:27 SP:F2  CYC:15112
> C71C  29 CB     AND #$CB                        A:34 X:04 Y:54 P:25 SP:F3  CYC:15116
> C71E  C9 00     CMP #$00                        A:00 X:04 Y:54 P:27 SP:F3  CYC:15118
> C720  F0 06     BEQ $C728                       A:00 X:04 Y:54 P:27 SP:F3  CYC:15120
> C728  C8        INY                             A:00 X:04 Y:54 P:27 SP:F3  CYC:15123
> C729  CA        DEX                             A:00 X:04 Y:55 P:25 SP:F3  CYC:15125
> C72A  D0 E0     BNE $C70C                       A:00 X:03 Y:55 P:25 SP:F3  CYC:15127
> C70C  68        PLA                             A:00 X:03 Y:55 P:25 SP:F3  CYC:15130
> C70D  C9 55     CMP #$55                        A:55 X:03 Y:55 P:25 SP:F4  CYC:15134
> C70F  F0 0A     BEQ $C71B                       A:55 X:03 Y:55 P:27 SP:F4  CYC:15136
> C71B  68        PLA                             A:55 X:03 Y:55 P:27 SP:F4  CYC:15139
> C71C  29 CB     AND #$CB                        A:34 X:03 Y:55 P:25 SP:F5  CYC:15143
> C71E  C9 00     CMP #$00                        A:00 X:03 Y:55 P:27 SP:F5  CYC:15145
> C720  F0 06     BEQ $C728                       A:00 X:03 Y:55 P:27 SP:F5  CYC:15147
> C728  C8        INY                             A:00 X:03 Y:55 P:27 SP:F5  CYC:15150
> C729  CA        DEX                             A:00 X:03 Y:56 P:25 SP:F5  CYC:15152
> C72A  D0 E0     BNE $C70C                       A:00 X:02 Y:56 P:25 SP:F5  CYC:15154
> C70C  68        PLA                             A:00 X:02 Y:56 P:25 SP:F5  CYC:15157
> C70D  C9 55     CMP #$55                        A:55 X:02 Y:56 P:25 SP:F6  CYC:15161
> C70F  F0 0A     BEQ $C71B                       A:55 X:02 Y:56 P:27 SP:F6  CYC:15163
> C71B  68        PLA                             A:55 X:02 Y:56 P:27 SP:F6  CYC:15166
> C71C  29 CB     AND #$CB                        A:34 X:02 Y:56 P:25 SP:F7  CYC:15170
> C71E  C9 00     CMP #$00                        A:00 X:02 Y:56 P:27 SP:F7  CYC:15172
> C720  F0 06     BEQ $C728                       A:00 X:02 Y:56 P:27 SP:F7  CYC:15174
> C728  C8        INY                             A:00 X:02 Y:56 P:27 SP:F7  CYC:15177
> C729  CA        DEX                             A:00 X:02 Y:57 P:25 SP:F7  CYC:15179
> C72A  D0 E0     BNE $C70C                       A:00 X:01 Y:57 P:25 SP:F7  CYC:15181
> C70C  68        PLA                             A:00 X:01 Y:57 P:25 SP:F7  CYC:15184
> C70D  C9 55     CMP #$55                        A:55 X:01 Y:57 P:25 SP:F8  CYC:15188
> C70F  F0 0A     BEQ $C71B                       A:55 X:01 Y:57 P:27 SP:F8  CYC:15190
> C71B  68        PLA                             A:55 X:01 Y:57 P:27 SP:F8  CYC:15193
> C71C  29 CB     AND #$CB                        A:34 X:01 Y:57 P:25 SP:F9  CYC:15197
> C71E  C9 00     CMP #$00                        A:00 X:01 Y:57 P:27 SP:F9  CYC:15199
> C720  F0 06     BEQ $C728                       A:00 X:01 Y:57 P:27 SP:F9  CYC:15201
> C728  C8        INY                             A:00 X:01 Y:57 P:27 SP:F9  CYC:15204
> C729  CA        DEX                             A:00 X:01 Y:58 P:25 SP:F9  CYC:15206
> C72A  D0 E0     BNE $C70C                       A:00 X:00 Y:58 P:27 SP:F9  CYC:15208
> C72C  60        RTS                             A:00 X:00 Y:58 P:27 SP:F9  CYC:15210
> C6AF  60        RTS                             A:00 X:00 Y:58 P:27 SP:FB  CYC:15216
> C632  20 1E E5  JSR $E51E                       A:00 X:00 Y:58 P:27 SP:FD  CYC:15222
> E51E  A9 55     LDA #$55                        A:00 X:00 Y:58 P:27 SP:FB  CYC:15228
> E520  8D 80 05  STA $0580 = 00                  A:55 X:00 Y:58 P:25 SP:FB  CYC:15230
> E523  A9 AA     LDA #$AA                        A:55 X:00 Y:58 P:25 SP:FB  CYC:15234
> E525  8D 32 04  STA $0432 = 00                  A:AA X:00 Y:58 P:A5 SP:FB  CYC:15236
> E528  A9 80     LDA #$80                        A:AA X:00 Y:58 P:A5 SP:FB  CYC:15240
> E52A  85 43     STA $43 = 00                    A:80 X:00 Y:58 P:A5 SP:FB  CYC:15242
> E52C  A9 05     LDA #$05                        A:80 X:00 Y:58 P:A5 SP:FB  CYC:15245
> E52E  85 44     STA $44 = 00                    A:05 X:00 Y:58 P:25 SP:FB  CYC:15247
> E530  A9 32     LDA #$32                        A:05 X:00 Y:58 P:25 SP:FB  CYC:15250
> E532  85 45     STA $45 = 00                    A:32 X:00 Y:58 P:25 SP:FB  CYC:15252
> E534  A9 04     LDA #$04                        A:32 X:00 Y:58 P:25 SP:FB  CYC:15255
> E536  85 46     STA $46 = 00                    A:04 X:00 Y:58 P:25 SP:FB  CYC:15257
> E538  A2 03     LDX #$03                        A:04 X:00 Y:58 P:25 SP:FB  CYC:15260
> E53A  A0 77     LDY #$77                        A:04 X:03 Y:58 P:25 SP:FB  CYC:15262
> E53C  A9 FF     LDA #$FF                        A:04 X:03 Y:77 P:25 SP:FB  CYC:15264
> E53E  85 01     STA $01 = FF                    A:FF X:03 Y:77 P:A5 SP:FB  CYC:15266
> E540  24 01     BIT $01 = FF                    A:FF X:03 Y:77 P:A5 SP:FB  CYC:15269
> E542  38        SEC                             A:FF X:03 Y:77 P:E5 SP:FB  CYC:15272
> E543  A9 00     LDA #$00                        A:FF X:03 Y:77 P:E5 SP:FB  CYC:15274
> E545  A3 40    *LAX ($40,X) @ 43 = 0580 = 55    A:00 X:03 Y:77 P:67 SP:FB  CYC:15276
> E547  EA        NOP                             A:55 X:55 Y:77 P:65 SP:FB  CYC:15282
> E548  EA        NOP                             A:55 X:55 Y:77 P:65 SP:FB  CYC:15284
> E549  EA        NOP                             A:55 X:55 Y:77 P:65 SP:FB  CYC:15286
> E54A  EA        NOP                             A:55 X:55 Y:77 P:65 SP:FB  CYC:15288
> E54B  F0 12     BEQ $E55F                       A:55 X:55 Y:77 P:65 SP:FB  CYC:15290
> E54D  30 10     BMI $E55F                       A:55 X:55 Y:77 P:65 SP:FB  CYC:15292
> E54F  50 0E     BVC $E55F                       A:55 X:55 Y:77 P:65 SP:FB  CYC:15294
> E551  90 0C     BCC $E55F                       A:55 X:55 Y:77 P:65 SP:FB  CYC:15296
> E553  C9 55     CMP #$55                        A:55 X:55 Y:77 P:65 SP:FB  CYC:15298
> E555  D0 08     BNE $E55F                       A:55 X:55 Y:77 P:67 SP:FB  CYC:15300
> E557  E0 55     CPX #$55                        A:55 X:55 Y:77 P:67 SP:FB  CYC:15302
> E559  D0 04     BNE $E55F                       A:55 X:55 Y:77 P:67 SP:FB  CYC:15304
> E55B  C0 77     CPY #$77                        A:55 X:55 Y:77 P:67 SP:FB  CYC:15306
> E55D  F0 04     BEQ $E563                       A:55 X:55 Y:77 P:67 SP:FB  CYC:15308
> E563  A2 05     LDX #$05                        A:55 X:55 Y:77 P:67 SP:FB  CYC:15311
> E565  A0 33     LDY #$33                        A:55 X:05 Y:77 P:65 SP:FB  CYC:15313
> E567  B8        CLV                             A:55 X:05 Y:33 P:65 SP:FB  CYC:15315
> E568  18        CLC                             A:55 X:05 Y:33 P:25 SP:FB  CYC:15317
> E569  A9 00     LDA #$00                        A:55 X:05 Y:33 P:24 SP:FB  CYC:15319
> E56B  A3 40    *LAX ($40,X) @ 45 = 0432 = AA    A:00 X:05 Y:33 P:26 SP:FB  CYC:15321
> E56D  EA        NOP                             A:AA X:AA Y:33 P:A4 SP:FB  CYC:15327
> E56E  EA        NOP                             A:AA X:AA Y:33 P:A4 SP:FB  CYC:15329
> E56F  EA        NOP                             A:AA X:AA Y:33 P:A4 SP:FB  CYC:15331
> E570  EA        NOP                             A:AA X:AA Y:33 P:A4 SP:FB  CYC:15333
> E571  F0 12     BEQ $E585                       A:AA X:AA Y:33 P:A4 SP:FB  CYC:15335
> E573  10 10     BPL $E585                       A:AA X:AA Y:33 P:A4 SP:FB  CYC:15337
> E575  70 0E     BVS $E585                       A:AA X:AA Y:33 P:A4 SP:FB  CYC:15339
> E577  B0 0C     BCS $E585                       A:AA X:AA Y:33 P:A4 SP:FB  CYC:15341
> E579  C9 AA     CMP #$AA                        A:AA X:AA Y:33 P:A4 SP:FB  CYC:15343
> E57B  D0 08     BNE $E585                       A:AA X:AA Y:33 P:27 SP:FB  CYC:15345
> E57D  E0 AA     CPX #$AA                        A:AA X:AA Y:33 P:27 SP:FB  CYC:15347
> E57F  D0 04     BNE $E585                       A:AA X:AA Y:33 P:27 SP:FB  CYC:15349
> E581  C0 33     CPY #$33                        A:AA X:AA Y:33 P:27 SP:FB  CYC:15351
> E583  F0 04     BEQ $E589                       A:AA X:AA Y:33 P:27 SP:FB  CYC:15353
> E589  A9 87     LDA #$87                        A:AA X:AA Y:33 P:27 SP:FB  CYC:15356
> E58B  85 67     STA $67 = 00                    A:87 X:AA Y:33 P:A5 SP:FB  CYC:15358
> E58D  A9 32     LDA #$32                        A:87 X:AA Y:33 P:A5 SP:FB  CYC:15361
> E58F  85 68     STA $68 = 00                    A:32 X:AA Y:33 P:25 SP:FB  CYC:15363
> E591  A0 57     LDY #$57                        A:32 X:AA Y:33 P:25 SP:FB  CYC:15366
> E593  24 01     BIT $01 = FF                    A:32 X:AA Y:57 P:25 SP:FB  CYC:15368
> E595  38        SEC                             A:32 X:AA Y:57 P:E5 SP:FB  CYC:15371
> E596  A9 00     LDA #$00                        A:32 X:AA Y:57 P:E5 SP:FB  CYC:15373
> E598  A7 67    *LAX $67 = 87                    A:00 X:AA Y:57 P:67 SP:FB  CYC:15375
> E59A  EA        NOP                             A:87 X:87 Y:57 P:E5 SP:FB  CYC:15378
> E59B  EA        NOP                             A:87 X:87 Y:57 P:E5 SP:FB  CYC:15380
> E59C  EA        NOP                             A:87 X:87 Y:57 P:E5 SP:FB  CYC:15382
> E59D  EA        NOP                             A:87 X:87 Y:57 P:E5 SP:FB  CYC:15384
> E59E  F0 12     BEQ $E5B2                       A:87 X:87 Y:57 P:E5 SP:FB  CYC:15386
> E5A0  10 10     BPL $E5B2                       A:87 X:87 Y:57 P:E5 SP:FB  CYC:15388
> E5A2  50 0E     BVC $E5B2                       A:87 X:87 Y:57 P:E5 SP:FB  CYC:15390
> E5A4  90 0C     BCC $E5B2                       A:87 X:87 Y:57 P:E5 SP:FB  CYC:15392
> E5A6  C9 87     CMP #$87                        A:87 X:87 Y:57 P:E5 SP:FB  CYC:15394
> E5A8  D0 08     BNE $E5B2                       A:87 X:87 Y:57 P:67 SP:FB  CYC:15396
> E5AA  E0 87     CPX #$87                        A:87 X:87 Y:57 P:67 SP:FB  CYC:15398
> E5AC  D0 04     BNE $E5B2                       A:87 X:87 Y:57 P:67 SP:FB  CYC:15400
> E5AE  C0 57     CPY #$57                        A:87 X:87 Y:57 P:67 SP:FB  CYC:15402
> E5B0  F0 04     BEQ $E5B6                       A:87 X:87 Y:57 P:67 SP:FB  CYC:15404
> E5B6  A0 53     LDY #$53                        A:87 X:87 Y:57 P:67 SP:FB  CYC:15407
> E5B8  B8        CLV                             A:87 X:87 Y:53 P:65 SP:FB  CYC:15409
> E5B9  18        CLC                             A:87 X:87 Y:53 P:25 SP:FB  CYC:15411
> E5BA  A9 00     LDA #$00                        A:87 X:87 Y:53 P:24 SP:FB  CYC:15413
> E5BC  A7 68    *LAX $68 = 32                    A:00 X:87 Y:53 P:26 SP:FB  CYC:15415
> E5BE  EA        NOP                             A:32 X:32 Y:53 P:24 SP:FB  CYC:15418
> E5BF  EA        NOP                             A:32 X:32 Y:53 P:24 SP:FB  CYC:15420
> E5C0  EA        NOP                             A:32 X:32 Y:53 P:24 SP:FB  CYC:15422
> E5C1  EA        NOP                             A:32 X:32 Y:53 P:24 SP:FB  CYC:15424
> E5C2  F0 12     BEQ $E5D6                       A:32 X:32 Y:53 P:24 SP:FB  CYC:15426
> E5C4  30 10     BMI $E5D6                       A:32 X:32 Y:53 P:24 SP:FB  CYC:15428
> E5C6  70 0E     BVS $E5D6                       A:32 X:32 Y:53 P:24 SP:FB  CYC:15430
> E5C8  B0 0C     BCS $E5D6                       A:32 X:32 Y:53 P:24 SP:FB  CYC:15432
> E5CA  C9 32     CMP #$32                        A:32 X:32 Y:53 P:24 SP:FB  CYC:15434
> E5CC  D0 08     BNE $E5D6                       A:32 X:32 Y:53 P:27 SP:FB  CYC:15436
> E5CE  E0 32     CPX #$32                        A:32 X:32 Y:53 P:27 SP:FB  CYC:15438
> E5D0  D0 04     BNE $E5D6                       A:32 X:32 Y:53 P:27 SP:FB  CYC:15440
> E5D2  C0 53     CPY #$53                        A:32 X:32 Y:53 P:27 SP:FB  CYC:15442
> E5D4  F0 04     BEQ $E5DA                       A:32 X:32 Y:53 P:27 SP:FB  CYC:15444
> E5DA  A9 87     LDA #$87                        A:32 X:32 Y:53 P:27 SP:FB  CYC:15447
> E5DC  8D 77 05  STA $0577 = 00                  A:87 X:32 Y:53 P:A5 SP:FB  CYC:15449
> E5DF  A9 32     LDA #$32                        A:87 X:32 Y:53 P:A5 SP:FB  CYC:15453
> E5E1  8D 78 05  STA $0578 = 00                  A:32 X:32 Y:53 P:25 SP:FB  CYC:15455
> E5E4  A0 57     LDY #$57                        A:32 X:32 Y:53 P:25 SP:FB  CYC:15459
> E5E6  24 01     BIT $01 = FF                    A:32 X:32 Y:57 P:25 SP:FB  CYC:15461
> E5E8  38        SEC                             A:32 X:32 Y:57 P:E5 SP:FB  CYC:15464
> E5E9  A9 00     LDA #$00                        A:32 X:32 Y:57 P:E5 SP:FB  CYC:15466
> E5EB  AF 77 05 *LAX $0577 = 87                  A:00 X:32 Y:57 P:67 SP:FB  CYC:15468
> E5EE  EA        NOP                             A:87 X:87 Y:57 P:E5 SP:FB  CYC:15472
> E5EF  EA        NOP                             A:87 X:87 Y:57 P:E5 SP:FB  CYC:15474
> E5F0  EA        NOP                             A:87 X:87 Y:57 P:E5 SP:FB  CYC:15476
> E5F1  EA        NOP                             A:87 X:87 Y:57 P:E5 SP:FB  CYC:15478
> E5F2  F0 12     BEQ $E606                       A:87 X:87 Y:57 P:E5 SP:FB  CYC:15480
> E5F4  10 10     BPL $E606                       A:87 X:87 Y:57 P:E5 SP:FB  CYC:15482
> E5F6  50 0E     BVC $E606                       A:87 X:87 Y:57 P:E5 SP:FB  CYC:15484
> E5F8  90 0C     BCC $E606                       A:87 X:87 Y:57 P:E5 SP:FB  CYC:15486
> E5FA  C9 87     CMP #$87                        A:87 X:87 Y:57 P:E5 SP:FB  CYC:15488
> E5FC  D0 08     BNE $E606                       A:87 X:87 Y:57 P:67 SP:FB  CYC:15490
> E5FE  E0 87     CPX #$87                        A:87 X:87 Y:57 P:67 SP:FB  CYC:15492
> E600  D0 04     BNE $E606                       A:87 X:87 Y:57 P:67 SP:FB  CYC:15494
> E602  C0 57     CPY #$57                        A:87 X:87 Y:57 P:67 SP:FB  CYC:15496
> E604  F0 04     BEQ $E60A                       A:87 X:87 Y:57 P:67 SP:FB  CYC:15498
> E60A  A0 53     LDY #$53                        A:87 X:87 Y:57 P:67 SP:FB  CYC:15501
> E60C  B8        CLV                             A:87 X:87 Y:53 P:65 SP:FB  CYC:15503
> E60D  18        CLC                             A:87 X:87 Y:53 P:25 SP:FB  CYC:15505
> E60E  A9 00     LDA #$00                        A:87 X:87 Y:53 P:24 SP:FB  CYC:15507
> E610  AF 78 05 *LAX $0578 = 32                  A:00 X:87 Y:53 P:26 SP:FB  CYC:15509
> E613  EA        NOP                             A:32 X:32 Y:53 P:24 SP:FB  CYC:15513
> E614  EA        NOP                             A:32 X:32 Y:53 P:24 SP:FB  CYC:15515
> E615  EA        NOP                             A:32 X:32 Y:53 P:24 SP:FB  CYC:15517
> E616  EA        NOP                             A:32 X:32 Y:53 P:24 SP:FB  CYC:15519
> E617  F0 12     BEQ $E62B                       A:32 X:32 Y:53 P:24 SP:FB  CYC:15521
> E619  30 10     BMI $E62B                       A:32 X:32 Y:53 P:24 SP:FB  CYC:15523
> E61B  70 0E     BVS $E62B                       A:32 X:32 Y:53 P:24 SP:FB  CYC:15525
> E61D  B0 0C     BCS $E62B                       A:32 X:32 Y:53 P:24 SP:FB  CYC:15527
> E61F  C9 32     CMP #$32                        A:32 X:32 Y:53 P:24 SP:FB  CYC:15529
> E621  D0 08     BNE $E62B                       A:32 X:32 Y:53 P:27 SP:FB  CYC:15531
> E623  E0 32     CPX #$32                        A:32 X:32 Y:53 P:27 SP:FB  CYC:15533
> E625  D0 04     BNE $E62B                       A:32 X:32 Y:53 P:27 SP:FB  CYC:15535
> E627  C0 53     CPY #$53                        A:32 X:32 Y:53 P:27 SP:FB  CYC:15537
> E629  F0 04     BEQ $E62F                       A:32 X:32 Y:53 P:27 SP:FB  CYC:15539
> E62F  A9 FF     LDA #$FF                        A:32 X:32 Y:53 P:27 SP:FB  CYC:15542
> E631  85 43     STA $43 = 80                    A:FF X:32 Y:53 P:A5 SP:FB  CYC:15544
> E633  A9 04     LDA #$04                        A:FF X:32 Y:53 P:A5 SP:FB  CYC:15547
> E635  85 44     STA $44 = 05                    A:04 X:32 Y:53 P:25 SP:FB  CYC:15549
> E637  A9 32     LDA #$32                        A:04 X:32 Y:53 P:25 SP:FB  CYC:15552
> E639  85 45     STA $45 = 32                    A:32 X:32 Y:53 P:25 SP:FB  CYC:15554
> E63B  A9 04     LDA #$04                        A:32 X:32 Y:53 P:25 SP:FB  CYC:15557
> E63D  85 46     STA $46 = 04                    A:04 X:32 Y:53 P:25 SP:FB  CYC:15559
> E63F  A9 55     LDA #$55                        A:04 X:32 Y:53 P:25 SP:FB  CYC:15562
> E641  8D 80 05  STA $0580 = 55                  A:55 X:32 Y:53 P:25 SP:FB  CYC:15564
> E644  A9 AA     LDA #$AA                        A:55 X:32 Y:53 P:25 SP:FB  CYC:15568
> E646  8D 32 04  STA $0432 = AA                  A:AA X:32 Y:53 P:A5 SP:FB  CYC:15570
> E649  A2 03     LDX #$03                        A:AA X:32 Y:53 P:A5 SP:FB  CYC:15574
> E64B  A0 81     LDY #$81                        A:AA X:03 Y:53 P:25 SP:FB  CYC:15576
> E64D  24 01     BIT $01 = FF                    A:AA X:03 Y:81 P:A5 SP:FB  CYC:15578
> E64F  38        SEC                             A:AA X:03 Y:81 P:E5 SP:FB  CYC:15581
> E650  A9 00     LDA #$00                        A:AA X:03 Y:81 P:E5 SP:FB  CYC:15583
> E652  B3 43    *LAX ($43),Y = 04FF @ 0580 = 55  A:00 X:03 Y:81 P:67 SP:FB  CYC:15585
> E654  EA        NOP                             A:55 X:55 Y:81 P:65 SP:FB  CYC:15591
> E655  EA        NOP                             A:55 X:55 Y:81 P:65 SP:FB  CYC:15593
> E656  EA        NOP                             A:55 X:55 Y:81 P:65 SP:FB  CYC:15595
> E657  EA        NOP                             A:55 X:55 Y:81 P:65 SP:FB  CYC:15597
> E658  F0 12     BEQ $E66C                       A:55 X:55 Y:81 P:65 SP:FB  CYC:15599
> E65A  30 10     BMI $E66C                       A:55 X:55 Y:81 P:65 SP:FB  CYC:15601
> E65C  50 0E     BVC $E66C                       A:55 X:55 Y:81 P:65 SP:FB  CYC:15603
> E65E  90 0C     BCC $E66C                       A:55 X:55 Y:81 P:65 SP:FB  CYC:15605
> E660  C9 55     CMP #$55                        A:55 X:55 Y:81 P:65 SP:FB  CYC:15607
> E662  D0 08     BNE $E66C                       A:55 X:55 Y:81 P:67 SP:FB  CYC:15609
> E664  E0 55     CPX #$55                        A:55 X:55 Y:81 P:67 SP:FB  CYC:15611
> E666  D0 04     BNE $E66C                       A:55 X:55 Y:81 P:67 SP:FB  CYC:15613
> E668  C0 81     CPY #$81                        A:55 X:55 Y:81 P:67 SP:FB  CYC:15615
> E66A  F0 04     BEQ $E670                       A:55 X:55 Y:81 P:67 SP:FB  CYC:15617
> E670  A2 05     LDX #$05                        A:55 X:55 Y:81 P:67 SP:FB  CYC:15620
> E672  A0 00     LDY #$00                        A:55 X:05 Y:81 P:65 SP:FB  CYC:15622
> E674  B8        CLV                             A:55 X:05 Y:00 P:67 SP:FB  CYC:15624
> E675  18        CLC                             A:55 X:05 Y:00 P:27 SP:FB  CYC:15626
> E676  A9 00     LDA #$00                        A:55 X:05 Y:00 P:26 SP:FB  CYC:15628
> E678  B3 45    *LAX ($45),Y = 0432 @ 0432 = AA  A:00 X:05 Y:00 P:26 SP:FB  CYC:15630
> E67A  EA        NOP                             A:AA X:AA Y:00 P:A4 SP:FB  CYC:15635
> E67B  EA        NOP                             A:AA X:AA Y:00 P:A4 SP:FB  CYC:15637
> E67C  EA        NOP                             A:AA X:AA Y:00 P:A4 SP:FB  CYC:15639
> E67D  EA        NOP                             A:AA X:AA Y:00 P:A4 SP:FB  CYC:15641
> E67E  F0 12     BEQ $E692                       A:AA X:AA Y:00 P:A4 SP:FB  CYC:15643
> E680  10 10     BPL $E692                       A:AA X:AA Y:00 P:A4 SP:FB  CYC:15645
> E682  70 0E     BVS $E692                       A:AA X:AA Y:00 P:A4 SP:FB  CYC:15647
> E684  B0 0C     BCS $E692                       A:AA X:AA Y:00 P:A4 SP:FB  CYC:15649
> E686  C9 AA     CMP #$AA                        A:AA X:AA Y:00 P:A4 SP:FB  CYC:15651
> E688  D0 08     BNE $E692                       A:AA X:AA Y:00 P:27 SP:FB  CYC:15653
> E68A  E0 AA     CPX #$AA                        A:AA X:AA Y:00 P:27 SP:FB  CYC:15655
> E68C  D0 04     BNE $E692                       A:AA X:AA Y:00 P:27 SP:FB  CYC:15657
> E68E  C0 00     CPY #$00                        A:AA X:AA Y:00 P:27 SP:FB  CYC:15659
> E690  F0 04     BEQ $E696                       A:AA X:AA Y:00 P:27 SP:FB  CYC:15661
> E696  A9 87     LDA #$87                        A:AA X:AA Y:00 P:27 SP:FB  CYC:15664
> E698  85 67     STA $67 = 87                    A:87 X:AA Y:00 P:A5 SP:FB  CYC:15666
> E69A  A9 32     LDA #$32                        A:87 X:AA Y:00 P:A5 SP:FB  CYC:15669
> E69C  85 68     STA $68 = 32                    A:32 X:AA Y:00 P:25 SP:FB  CYC:15671
> E69E  A0 57     LDY #$57                        A:32 X:AA Y:00 P:25 SP:FB  CYC:15674
> E6A0  24 01     BIT $01 = FF                    A:32 X:AA Y:57 P:25 SP:FB  CYC:15676
> E6A2  38        SEC                             A:32 X:AA Y:57 P:E5 SP:FB  CYC:15679
> E6A3  A9 00     LDA #$00                        A:32 X:AA Y:57 P:E5 SP:FB  CYC:15681
> E6A5  B7 10    *LAX $10,Y @ 67 = 87             A:00 X:AA Y:57 P:67 SP:FB  CYC:15683
> E6A7  EA        NOP                             A:87 X:87 Y:57 P:E5 SP:FB  CYC:15687
> E6A8  EA        NOP                             A:87 X:87 Y:57 P:E5 SP:FB  CYC:15689
> E6A9  EA        NOP                             A:87 X:87 Y:57 P:E5 SP:FB  CYC:15691
> E6AA  EA        NOP                             A:87 X:87 Y:57 P:E5 SP:FB  CYC:15693
> E6AB  F0 12     BEQ $E6BF                       A:87 X:87 Y:57 P:E5 SP:FB  CYC:15695
> E6AD  10 10     BPL $E6BF                       A:87 X:87 Y:57 P:E5 SP:FB  CYC:15697
> E6AF  50 0E     BVC $E6BF                       A:87 X:87 Y:57 P:E5 SP:FB  CYC:15699
> E6B1  90 0C     BCC $E6BF                       A:87 X:87 Y:57 P:E5 SP:FB  CYC:15701
> E6B3  C9 87     CMP #$87                        A:87 X:87 Y:57 P:E5 SP:FB  CYC:15703
> E6B5  D0 08     BNE $E6BF                       A:87 X:87 Y:57 P:67 SP:FB  CYC:15705
> E6B7  E0 87     CPX #$87                        A:87 X:87 Y:57 P:67 SP:FB  CYC:15707
> E6B9  D0 04     BNE $E6BF                       A:87 X:87 Y:57 P:67 SP:FB  CYC:15709
> E6BB  C0 57     CPY #$57                        A:87 X:87 Y:57 P:67 SP:FB  CYC:15711
> E6BD  F0 04     BEQ $E6C3                       A:87 X:87 Y:57 P:67 SP:FB  CYC:15713
> E6C3  A0 FF     LDY #$FF                        A:87 X:87 Y:57 P:67 SP:FB  CYC:15716
> E6C5  B8        CLV                             A:87 X:87 Y:FF P:E5 SP:FB  CYC:15718
> E6C6  18        CLC                             A:87 X:87 Y:FF P:A5 SP:FB  CYC:15720
> E6C7  A9 00     LDA #$00                        A:87 X:87 Y:FF P:A4 SP:FB  CYC:15722
> E6C9  B7 69    *LAX $69,Y @ 68 = 32             A:00 X:87 Y:FF P:26 SP:FB  CYC:15724
> E6CB  EA        NOP                             A:32 X:32 Y:FF P:24 SP:FB  CYC:15728
> E6CC  EA        NOP                             A:32 X:32 Y:FF P:24 SP:FB  CYC:15730
> E6CD  EA        NOP                             A:32 X:32 Y:FF P:24 SP:FB  CYC:15732
> E6CE  EA        NOP                             A:32 X:32 Y:FF P:24 SP:FB  CYC:15734
> E6CF  F0 12     BEQ $E6E3                       A:32 X:32 Y:FF P:24 SP:FB  CYC:15736
> E6D1  30 10     BMI $E6E3                       A:32 X:32 Y:FF P:24 SP:FB  CYC:15738
> E6D3  70 0E     BVS $E6E3                       A:32 X:32 Y:FF P:24 SP:FB  CYC:15740
> E6D5  B0 0C     BCS $E6E3                       A:32 X:32 Y:FF P:24 SP:FB  CYC:15742
> E6D7  C9 32     CMP #$32                        A:32 X:32 Y:FF P:24 SP:FB  CYC:15744
> E6D9  D0 08     BNE $E6E3                       A:32 X:32 Y:FF P:27 SP:FB  CYC:15746
> E6DB  E0 32     CPX #$32                        A:32 X:32 Y:FF P:27 SP:FB  CYC:15748
> E6DD  D0 04     BNE $E6E3                       A:32 X:32 Y:FF P:27 SP:FB  CYC:15750
> E6DF  C0 FF     CPY #$FF                        A:32 X:32 Y:FF P:27 SP:FB  CYC:15752
> E6E1  F0 04     BEQ $E6E7                       A:32 X:32 Y:FF P:27 SP:FB  CYC:15754
> E6E7  A9 87     LDA #$87                        A:32 X:32 Y:FF P:27 SP:FB  CYC:15757
> E6E9  8D 87 05  STA $0587 = 00                  A:87 X:32 Y:FF P:A5 SP:FB  CYC:15759
> E6EC  A9 32     LDA #$32                        A:87 X:32 Y:FF P:A5 SP:FB  CYC:15763
> E6EE  8D 88 05  STA $0588 = 00                  A:32 X:32 Y:FF P:25 SP:FB  CYC:15765
> E6F1  A0 30     LDY #$30                        A:32 X:32 Y:FF P:25 SP:FB  CYC:15769
> E6F3  24 01     BIT $01 = FF                    A:32 X:32 Y:30 P:25 SP:FB  CYC:15771
> E6F5  38        SEC                             A:32 X:32 Y:30 P:E5 SP:FB  CYC:15774
> E6F6  A9 00     LDA #$00                        A:32 X:32 Y:30 P:E5 SP:FB  CYC:15776
> E6F8  BF 57 05 *LAX $0557,Y @ 0587 = 87         A:00 X:32 Y:30 P:67 SP:FB  CYC:15778
> E6FB  EA        NOP                             A:87 X:87 Y:30 P:E5 SP:FB  CYC:15782
> E6FC  EA        NOP                             A:87 X:87 Y:30 P:E5 SP:FB  CYC:15784
> E6FD  EA        NOP                             A:87 X:87 Y:30 P:E5 SP:FB  CYC:15786
> E6FE  EA        NOP                             A:87 X:87 Y:30 P:E5 SP:FB  CYC:15788
> E6FF  F0 12     BEQ $E713                       A:87 X:87 Y:30 P:E5 SP:FB  CYC:15790
> E701  10 10     BPL $E713                       A:87 X:87 Y:30 P:E5 SP:FB  CYC:15792
> E703  50 0E     BVC $E713                       A:87 X:87 Y:30 P:E5 SP:FB  CYC:15794
> E705  90 0C     BCC $E713                       A:87 X:87 Y:30 P:E5 SP:FB  CYC:15796
> E707  C9 87     CMP #$87                        A:87 X:87 Y:30 P:E5 SP:FB  CYC:15798
> E709  D0 08     BNE $E713                       A:87 X:87 Y:30 P:67 SP:FB  CYC:15800
> E70B  E0 87     CPX #$87                        A:87 X:87 Y:30 P:67 SP:FB  CYC:15802
> E70D  D0 04     BNE $E713                       A:87 X:87 Y:30 P:67 SP:FB  CYC:15804
> E70F  C0 30     CPY #$30                        A:87 X:87 Y:30 P:67 SP:FB  CYC:15806
> E711  F0 04     BEQ $E717                       A:87 X:87 Y:30 P:67 SP:FB  CYC:15808
> E717  A0 40     LDY #$40                        A:87 X:87 Y:30 P:67 SP:FB  CYC:15811
> E719  B8        CLV                             A:87 X:87 Y:40 P:65 SP:FB  CYC:15813
> E71A  18        CLC                             A:87 X:87 Y:40 P:25 SP:FB  CYC:15815
> E71B  A9 00     LDA #$00                        A:87 X:87 Y:40 P:24 SP:FB  CYC:15817
> E71D  BF 48 05 *LAX $0548,Y @ 0588 = 32         A:00 X:87 Y:40 P:26 SP:FB  CYC:15819
> E720  EA        NOP                             A:32 X:32 Y:40 P:24 SP:FB  CYC:15823
> E721  EA        NOP                             A:32 X:32 Y:40 P:24 SP:FB  CYC:15825
> E722  EA        NOP                             A:32 X:32 Y:40 P:24 SP:FB  CYC:15827
> E723  EA        NOP                             A:32 X:32 Y:40 P:24 SP:FB  CYC:15829
> E724  F0 12     BEQ $E738                       A:32 X:32 Y:40 P:24 SP:FB  CYC:15831
> E726  30 10     BMI $E738                       A:32 X:32 Y:40 P:24 SP:FB  CYC:15833
> E728  70 0E     BVS $E738                       A:32 X:32 Y:40 P:24 SP:FB  CYC:15835
> E72A  B0 0C     BCS $E738                       A:32 X:32 Y:40 P:24 SP:FB  CYC:15837
> E72C  C9 32     CMP #$32                        A:32 X:32 Y:40 P:24 SP:FB  CYC:15839
> E72E  D0 08     BNE $E738                       A:32 X:32 Y:40 P:27 SP:FB  CYC:15841
> E730  E0 32     CPX #$32                        A:32 X:32 Y:40 P:27 SP:FB  CYC:15843
> E732  D0 04     BNE $E738                       A:32 X:32 Y:40 P:27 SP:FB  CYC:15845
> E734  C0 40     CPY #$40                        A:32 X:32 Y:40 P:27 SP:FB  CYC:15847
> E736  F0 04     BEQ $E73C                       A:32 X:32 Y:40 P:27 SP:FB  CYC:15849
> E73C  60        RTS                             A:32 X:32 Y:40 P:27 SP:FB  CYC:15852
> C635  20 3D E7  JSR $E73D                       A:32 X:32 Y:40 P:27 SP:FD  CYC:15858
> E73D  A9 C0     LDA #$C0                        A:32 X:32 Y:40 P:27 SP:FB  CYC:15864
> E73F  85 01     STA $01 = FF                    A:C0 X:32 Y:40 P:A5 SP:FB  CYC:15866
> E741  A9 00     LDA #$00                        A:C0 X:32 Y:40 P:A5 SP:FB  CYC:15869
> E743  8D 89 04  STA $0489 = 00                  A:00 X:32 Y:40 P:27 SP:FB  CYC:15871
> E746  A9 89     LDA #$89                        A:00 X:32 Y:40 P:27 SP:FB  CYC:15875
> E748  85 60     STA $60 = 00                    A:89 X:32 Y:40 P:A5 SP:FB  CYC:15877
> E74A  A9 04     LDA #$04                        A:89 X:32 Y:40 P:A5 SP:FB  CYC:15880
> E74C  85 61     STA $61 = 00                    A:04 X:32 Y:40 P:25 SP:FB  CYC:15882
> E74E  A0 44     LDY #$44                        A:04 X:32 Y:40 P:25 SP:FB  CYC:15885
> E750  A2 17     LDX #$17                        A:04 X:32 Y:44 P:25 SP:FB  CYC:15887
> E752  A9 3E     LDA #$3E                        A:04 X:17 Y:44 P:25 SP:FB  CYC:15889
> E754  24 01     BIT $01 = C0                    A:3E X:17 Y:44 P:25 SP:FB  CYC:15891
> E756  18        CLC                             A:3E X:17 Y:44 P:E7 SP:FB  CYC:15894
> E757  83 49    *SAX ($49,X) @ 60 = 0489 = 00    A:3E X:17 Y:44 P:E6 SP:FB  CYC:15896
> E759  EA        NOP                             A:3E X:17 Y:44 P:E6 SP:FB  CYC:15902
> E75A  EA        NOP                             A:3E X:17 Y:44 P:E6 SP:FB  CYC:15904
> E75B  EA        NOP                             A:3E X:17 Y:44 P:E6 SP:FB  CYC:15906
> E75C  EA        NOP                             A:3E X:17 Y:44 P:E6 SP:FB  CYC:15908
> E75D  D0 19     BNE $E778                       A:3E X:17 Y:44 P:E6 SP:FB  CYC:15910
> E75F  B0 17     BCS $E778                       A:3E X:17 Y:44 P:E6 SP:FB  CYC:15912
> E761  50 15     BVC $E778                       A:3E X:17 Y:44 P:E6 SP:FB  CYC:15914
> E763  10 13     BPL $E778                       A:3E X:17 Y:44 P:E6 SP:FB  CYC:15916
> E765  C9 3E     CMP #$3E                        A:3E X:17 Y:44 P:E6 SP:FB  CYC:15918
> E767  D0 0F     BNE $E778                       A:3E X:17 Y:44 P:67 SP:FB  CYC:15920
> E769  C0 44     CPY #$44                        A:3E X:17 Y:44 P:67 SP:FB  CYC:15922
> E76B  D0 0B     BNE $E778                       A:3E X:17 Y:44 P:67 SP:FB  CYC:15924
> E76D  E0 17     CPX #$17                        A:3E X:17 Y:44 P:67 SP:FB  CYC:15926
> E76F  D0 07     BNE $E778                       A:3E X:17 Y:44 P:67 SP:FB  CYC:15928
> E771  AD 89 04  LDA $0489 = 16                  A:3E X:17 Y:44 P:67 SP:FB  CYC:15930
> E774  C9 16     CMP #$16                        A:16 X:17 Y:44 P:65 SP:FB  CYC:15934
> E776  F0 04     BEQ $E77C                       A:16 X:17 Y:44 P:67 SP:FB  CYC:15936
> E77C  A0 44     LDY #$44                        A:16 X:17 Y:44 P:67 SP:FB  CYC:15939
> E77E  A2 7A     LDX #$7A                        A:16 X:17 Y:44 P:65 SP:FB  CYC:15941
> E780  A9 66     LDA #$66                        A:16 X:7A Y:44 P:65 SP:FB  CYC:15943
> E782  38        SEC                             A:66 X:7A Y:44 P:65 SP:FB  CYC:15945
> E783  B8        CLV                             A:66 X:7A Y:44 P:65 SP:FB  CYC:15947
> E784  83 E6    *SAX ($E6,X) @ 60 = 0489 = 16    A:66 X:7A Y:44 P:25 SP:FB  CYC:15949
> E786  EA        NOP                             A:66 X:7A Y:44 P:25 SP:FB  CYC:15955
> E787  EA        NOP                             A:66 X:7A Y:44 P:25 SP:FB  CYC:15957
> E788  EA        NOP                             A:66 X:7A Y:44 P:25 SP:FB  CYC:15959
> E789  EA        NOP                             A:66 X:7A Y:44 P:25 SP:FB  CYC:15961
> E78A  F0 19     BEQ $E7A5                       A:66 X:7A Y:44 P:25 SP:FB  CYC:15963
> E78C  90 17     BCC $E7A5                       A:66 X:7A Y:44 P:25 SP:FB  CYC:15965
> E78E  70 15     BVS $E7A5                       A:66 X:7A Y:44 P:25 SP:FB  CYC:15967
> E790  30 13     BMI $E7A5                       A:66 X:7A Y:44 P:25 SP:FB  CYC:15969
> E792  C9 66     CMP #$66                        A:66 X:7A Y:44 P:25 SP:FB  CYC:15971
> E794  D0 0F     BNE $E7A5                       A:66 X:7A Y:44 P:27 SP:FB  CYC:15973
> E796  C0 44     CPY #$44                        A:66 X:7A Y:44 P:27 SP:FB  CYC:15975
> E798  D0 0B     BNE $E7A5                       A:66 X:7A Y:44 P:27 SP:FB  CYC:15977
> E79A  E0 7A     CPX #$7A                        A:66 X:7A Y:44 P:27 SP:FB  CYC:15979
> E79C  D0 07     BNE $E7A5                       A:66 X:7A Y:44 P:27 SP:FB  CYC:15981
> E79E  AD 89 04  LDA $0489 = 62                  A:66 X:7A Y:44 P:27 SP:FB  CYC:15983
> E7A1  C9 62     CMP #$62                        A:62 X:7A Y:44 P:25 SP:FB  CYC:15987
> E7A3  F0 04     BEQ $E7A9                       A:62 X:7A Y:44 P:27 SP:FB  CYC:15989
> E7A9  A9 FF     LDA #$FF                        A:62 X:7A Y:44 P:27 SP:FB  CYC:15992
> E7AB  85 49     STA $49 = 00                    A:FF X:7A Y:44 P:A5 SP:FB  CYC:15994
> E7AD  A0 44     LDY #$44                        A:FF X:7A Y:44 P:A5 SP:FB  CYC:15997
> E7AF  A2 AA     LDX #$AA                        A:FF X:7A Y:44 P:25 SP:FB  CYC:15999
> E7B1  A9 55     LDA #$55                        A:FF X:AA Y:44 P:A5 SP:FB  CYC:16001
> E7B3  24 01     BIT $01 = C0                    A:55 X:AA Y:44 P:25 SP:FB  CYC:16003
> E7B5  18        CLC                             A:55 X:AA Y:44 P:E5 SP:FB  CYC:16006
> E7B6  87 49    *SAX $49 = FF                    A:55 X:AA Y:44 P:E4 SP:FB  CYC:16008
> E7B8  EA        NOP                             A:55 X:AA Y:44 P:E4 SP:FB  CYC:16011
> E7B9  EA        NOP                             A:55 X:AA Y:44 P:E4 SP:FB  CYC:16013
> E7BA  EA        NOP                             A:55 X:AA Y:44 P:E4 SP:FB  CYC:16015
> E7BB  EA        NOP                             A:55 X:AA Y:44 P:E4 SP:FB  CYC:16017
> E7BC  F0 18     BEQ $E7D6                       A:55 X:AA Y:44 P:E4 SP:FB  CYC:16019
> E7BE  B0 16     BCS $E7D6                       A:55 X:AA Y:44 P:E4 SP:FB  CYC:16021
> E7C0  50 14     BVC $E7D6                       A:55 X:AA Y:44 P:E4 SP:FB  CYC:16023
> E7C2  10 12     BPL $E7D6                       A:55 X:AA Y:44 P:E4 SP:FB  CYC:16025
> E7C4  C9 55     CMP #$55                        A:55 X:AA Y:44 P:E4 SP:FB  CYC:16027
> E7C6  D0 0E     BNE $E7D6                       A:55 X:AA Y:44 P:67 SP:FB  CYC:16029
> E7C8  C0 44     CPY #$44                        A:55 X:AA Y:44 P:67 SP:FB  CYC:16031
> E7CA  D0 0A     BNE $E7D6                       A:55 X:AA Y:44 P:67 SP:FB  CYC:16033
> E7CC  E0 AA     CPX #$AA                        A:55 X:AA Y:44 P:67 SP:FB  CYC:16035
> E7CE  D0 06     BNE $E7D6                       A:55 X:AA Y:44 P:67 SP:FB  CYC:16037
> E7D0  A5 49     LDA $49 = 00                    A:55 X:AA Y:44 P:67 SP:FB  CYC:16039
> E7D2  C9 00     CMP #$00                        A:00 X:AA Y:44 P:67 SP:FB  CYC:16042
> E7D4  F0 04     BEQ $E7DA                       A:00 X:AA Y:44 P:67 SP:FB  CYC:16044
> E7DA  A9 00     LDA #$00                        A:00 X:AA Y:44 P:67 SP:FB  CYC:16047
> E7DC  85 56     STA $56 = 00                    A:00 X:AA Y:44 P:67 SP:FB  CYC:16049
> E7DE  A0 58     LDY #$58                        A:00 X:AA Y:44 P:67 SP:FB  CYC:16052
> E7E0  A2 EF     LDX #$EF                        A:00 X:AA Y:58 P:65 SP:FB  CYC:16054
> E7E2  A9 66     LDA #$66                        A:00 X:EF Y:58 P:E5 SP:FB  CYC:16056
> E7E4  38        SEC                             A:66 X:EF Y:58 P:65 SP:FB  CYC:16058
> E7E5  B8        CLV                             A:66 X:EF Y:58 P:65 SP:FB  CYC:16060
> E7E6  87 56    *SAX $56 = 00                    A:66 X:EF Y:58 P:25 SP:FB  CYC:16062
> E7E8  EA        NOP                             A:66 X:EF Y:58 P:25 SP:FB  CYC:16065
> E7E9  EA        NOP                             A:66 X:EF Y:58 P:25 SP:FB  CYC:16067
> E7EA  EA        NOP                             A:66 X:EF Y:58 P:25 SP:FB  CYC:16069
> E7EB  EA        NOP                             A:66 X:EF Y:58 P:25 SP:FB  CYC:16071
> E7EC  F0 18     BEQ $E806                       A:66 X:EF Y:58 P:25 SP:FB  CYC:16073
> E7EE  90 16     BCC $E806                       A:66 X:EF Y:58 P:25 SP:FB  CYC:16075
> E7F0  70 14     BVS $E806                       A:66 X:EF Y:58 P:25 SP:FB  CYC:16077
> E7F2  30 12     BMI $E806                       A:66 X:EF Y:58 P:25 SP:FB  CYC:16079
> E7F4  C9 66     CMP #$66                        A:66 X:EF Y:58 P:25 SP:FB  CYC:16081
> E7F6  D0 0E     BNE $E806                       A:66 X:EF Y:58 P:27 SP:FB  CYC:16083
> E7F8  C0 58     CPY #$58                        A:66 X:EF Y:58 P:27 SP:FB  CYC:16085
> E7FA  D0 0A     BNE $E806                       A:66 X:EF Y:58 P:27 SP:FB  CYC:16087
> E7FC  E0 EF     CPX #$EF                        A:66 X:EF Y:58 P:27 SP:FB  CYC:16089
> E7FE  D0 06     BNE $E806                       A:66 X:EF Y:58 P:27 SP:FB  CYC:16091
> E800  A5 56     LDA $56 = 66                    A:66 X:EF Y:58 P:27 SP:FB  CYC:16093
> E802  C9 66     CMP #$66                        A:66 X:EF Y:58 P:25 SP:FB  CYC:16096
> E804  F0 04     BEQ $E80A                       A:66 X:EF Y:58 P:27 SP:FB  CYC:16098
> E80A  A9 FF     LDA #$FF                        A:66 X:EF Y:58 P:27 SP:FB  CYC:16101
> E80C  8D 49 05  STA $0549 = 00                  A:FF X:EF Y:58 P:A5 SP:FB  CYC:16103
> E80F  A0 E5     LDY #$E5                        A:FF X:EF Y:58 P:A5 SP:FB  CYC:16107
> E811  A2 AF     LDX #$AF                        A:FF X:EF Y:E5 P:A5 SP:FB  CYC:16109
> E813  A9 F5     LDA #$F5                        A:FF X:AF Y:E5 P:A5 SP:FB  CYC:16111
> E815  24 01     BIT $01 = C0                    A:F5 X:AF Y:E5 P:A5 SP:FB  CYC:16113
> E817  18        CLC                             A:F5 X:AF Y:E5 P:E5 SP:FB  CYC:16116
> E818  8F 49 05 *SAX $0549 = FF                  A:F5 X:AF Y:E5 P:E4 SP:FB  CYC:16118
> E81B  EA        NOP                             A:F5 X:AF Y:E5 P:E4 SP:FB  CYC:16122
> E81C  EA        NOP                             A:F5 X:AF Y:E5 P:E4 SP:FB  CYC:16124
> E81D  EA        NOP                             A:F5 X:AF Y:E5 P:E4 SP:FB  CYC:16126
> E81E  EA        NOP                             A:F5 X:AF Y:E5 P:E4 SP:FB  CYC:16128
> E81F  F0 19     BEQ $E83A                       A:F5 X:AF Y:E5 P:E4 SP:FB  CYC:16130
> E821  B0 17     BCS $E83A                       A:F5 X:AF Y:E5 P:E4 SP:FB  CYC:16132
> E823  50 15     BVC $E83A                       A:F5 X:AF Y:E5 P:E4 SP:FB  CYC:16134
> E825  10 13     BPL $E83A                       A:F5 X:AF Y:E5 P:E4 SP:FB  CYC:16136
> E827  C9 F5     CMP #$F5                        A:F5 X:AF Y:E5 P:E4 SP:FB  CYC:16138
> E829  D0 0F     BNE $E83A                       A:F5 X:AF Y:E5 P:67 SP:FB  CYC:16140
> E82B  C0 E5     CPY #$E5                        A:F5 X:AF Y:E5 P:67 SP:FB  CYC:16142
> E82D  D0 0B     BNE $E83A                       A:F5 X:AF Y:E5 P:67 SP:FB  CYC:16144
> E82F  E0 AF     CPX #$AF                        A:F5 X:AF Y:E5 P:67 SP:FB  CYC:16146
> E831  D0 07     BNE $E83A                       A:F5 X:AF Y:E5 P:67 SP:FB  CYC:16148
> E833  AD 49 05  LDA $0549 = A5                  A:F5 X:AF Y:E5 P:67 SP:FB  CYC:16150
> E836  C9 A5     CMP #$A5                        A:A5 X:AF Y:E5 P:E5 SP:FB  CYC:16154
> E838  F0 04     BEQ $E83E                       A:A5 X:AF Y:E5 P:67 SP:FB  CYC:16156
> E83E  A9 00     LDA #$00                        A:A5 X:AF Y:E5 P:67 SP:FB  CYC:16159
> E840  8D 56 05  STA $0556 = 00                  A:00 X:AF Y:E5 P:67 SP:FB  CYC:16161
> E843  A0 58     LDY #$58                        A:00 X:AF Y:E5 P:67 SP:FB  CYC:16165
> E845  A2 B3     LDX #$B3                        A:00 X:AF Y:58 P:65 SP:FB  CYC:16167
> E847  A9 97     LDA #$97                        A:00 X:B3 Y:58 P:E5 SP:FB  CYC:16169
> E849  38        SEC                             A:97 X:B3 Y:58 P:E5 SP:FB  CYC:16171
> E84A  B8        CLV                             A:97 X:B3 Y:58 P:E5 SP:FB  CYC:16173
> E84B  8F 56 05 *SAX $0556 = 00                  A:97 X:B3 Y:58 P:A5 SP:FB  CYC:16175
> E84E  EA        NOP                             A:97 X:B3 Y:58 P:A5 SP:FB  CYC:16179
> E84F  EA        NOP                             A:97 X:B3 Y:58 P:A5 SP:FB  CYC:16181
> E850  EA        NOP                             A:97 X:B3 Y:58 P:A5 SP:FB  CYC:16183
> E851  EA        NOP                             A:97 X:B3 Y:58 P:A5 SP:FB  CYC:16185
> E852  F0 19     BEQ $E86D                       A:97 X:B3 Y:58 P:A5 SP:FB  CYC:16187
> E854  90 17     BCC $E86D                       A:97 X:B3 Y:58 P:A5 SP:FB  CYC:16189
> E856  70 15     BVS $E86D                       A:97 X:B3 Y:58 P:A5 SP:FB  CYC:16191
> E858  10 13     BPL $E86D                       A:97 X:B3 Y:58 P:A5 SP:FB  CYC:16193
> E85A  C9 97     CMP #$97                        A:97 X:B3 Y:58 P:A5 SP:FB  CYC:16195
> E85C  D0 0F     BNE $E86D                       A:97 X:B3 Y:58 P:27 SP:FB  CYC:16197
> E85E  C0 58     CPY #$58                        A:97 X:B3 Y:58 P:27 SP:FB  CYC:16199
> E860  D0 0B     BNE $E86D                       A:97 X:B3 Y:58 P:27 SP:FB  CYC:16201
> E862  E0 B3     CPX #$B3                        A:97 X:B3 Y:58 P:27 SP:FB  CYC:16203
> E864  D0 07     BNE $E86D                       A:97 X:B3 Y:58 P:27 SP:FB  CYC:16205
> E866  AD 56 05  LDA $0556 = 93                  A:97 X:B3 Y:58 P:27 SP:FB  CYC:16207
> E869  C9 93     CMP #$93                        A:93 X:B3 Y:58 P:A5 SP:FB  CYC:16211
> E86B  F0 04     BEQ $E871                       A:93 X:B3 Y:58 P:27 SP:FB  CYC:16213
> E871  A9 FF     LDA #$FF                        A:93 X:B3 Y:58 P:27 SP:FB  CYC:16216
> E873  85 49     STA $49 = 00                    A:FF X:B3 Y:58 P:A5 SP:FB  CYC:16218
> E875  A0 FF     LDY #$FF                        A:FF X:B3 Y:58 P:A5 SP:FB  CYC:16221
> E877  A2 AA     LDX #$AA                        A:FF X:B3 Y:FF P:A5 SP:FB  CYC:16223
> E879  A9 55     LDA #$55                        A:FF X:AA Y:FF P:A5 SP:FB  CYC:16225
> E87B  24 01     BIT $01 = C0                    A:55 X:AA Y:FF P:25 SP:FB  CYC:16227
> E87D  18        CLC                             A:55 X:AA Y:FF P:E5 SP:FB  CYC:16230
> E87E  97 4A    *SAX $4A,Y @ 49 = FF             A:55 X:AA Y:FF P:E4 SP:FB  CYC:16232
> E880  EA        NOP                             A:55 X:AA Y:FF P:E4 SP:FB  CYC:16236
> E881  EA        NOP                             A:55 X:AA Y:FF P:E4 SP:FB  CYC:16238
> E882  EA        NOP                             A:55 X:AA Y:FF P:E4 SP:FB  CYC:16240
> E883  EA        NOP                             A:55 X:AA Y:FF P:E4 SP:FB  CYC:16242
> E884  F0 18     BEQ $E89E                       A:55 X:AA Y:FF P:E4 SP:FB  CYC:16244
> E886  B0 16     BCS $E89E                       A:55 X:AA Y:FF P:E4 SP:FB  CYC:16246
> E888  50 14     BVC $E89E                       A:55 X:AA Y:FF P:E4 SP:FB  CYC:16248
> E88A  10 12     BPL $E89E                       A:55 X:AA Y:FF P:E4 SP:FB  CYC:16250
> E88C  C9 55     CMP #$55                        A:55 X:AA Y:FF P:E4 SP:FB  CYC:16252
> E88E  D0 0E     BNE $E89E                       A:55 X:AA Y:FF P:67 SP:FB  CYC:16254
> E890  C0 FF     CPY #$FF                        A:55 X:AA Y:FF P:67 SP:FB  CYC:16256
> E892  D0 0A     BNE $E89E                       A:55 X:AA Y:FF P:67 SP:FB  CYC:16258
> E894  E0 AA     CPX #$AA                        A:55 X:AA Y:FF P:67 SP:FB  CYC:16260
> E896  D0 06     BNE $E89E                       A:55 X:AA Y:FF P:67 SP:FB  CYC:16262
> E898  A5 49     LDA $49 = 00                    A:55 X:AA Y:FF P:67 SP:FB  CYC:16264
> E89A  C9 00     CMP #$00                        A:00 X:AA Y:FF P:67 SP:FB  CYC:16267
> E89C  F0 04     BEQ $E8A2                       A:00 X:AA Y:FF P:67 SP:FB  CYC:16269
> E8A2  A9 00     LDA #$00                        A:00 X:AA Y:FF P:67 SP:FB  CYC:16272
> E8A4  85 56     STA $56 = 66                    A:00 X:AA Y:FF P:67 SP:FB  CYC:16274
> E8A6  A0 06     LDY #$06                        A:00 X:AA Y:FF P:67 SP:FB  CYC:16277
> E8A8  A2 EF     LDX #$EF                        A:00 X:AA Y:06 P:65 SP:FB  CYC:16279
> E8AA  A9 66     LDA #$66                        A:00 X:EF Y:06 P:E5 SP:FB  CYC:16281
> E8AC  38        SEC                             A:66 X:EF Y:06 P:65 SP:FB  CYC:16283
> E8AD  B8        CLV                             A:66 X:EF Y:06 P:65 SP:FB  CYC:16285
> E8AE  97 50    *SAX $50,Y @ 56 = 00             A:66 X:EF Y:06 P:25 SP:FB  CYC:16287
> E8B0  EA        NOP                             A:66 X:EF Y:06 P:25 SP:FB  CYC:16291
> E8B1  EA        NOP                             A:66 X:EF Y:06 P:25 SP:FB  CYC:16293
> E8B2  EA        NOP                             A:66 X:EF Y:06 P:25 SP:FB  CYC:16295
> E8B3  EA        NOP                             A:66 X:EF Y:06 P:25 SP:FB  CYC:16297
> E8B4  F0 18     BEQ $E8CE                       A:66 X:EF Y:06 P:25 SP:FB  CYC:16299
> E8B6  90 16     BCC $E8CE                       A:66 X:EF Y:06 P:25 SP:FB  CYC:16301
> E8B8  70 14     BVS $E8CE                       A:66 X:EF Y:06 P:25 SP:FB  CYC:16303
> E8BA  30 12     BMI $E8CE                       A:66 X:EF Y:06 P:25 SP:FB  CYC:16305
> E8BC  C9 66     CMP #$66                        A:66 X:EF Y:06 P:25 SP:FB  CYC:16307
> E8BE  D0 0E     BNE $E8CE                       A:66 X:EF Y:06 P:27 SP:FB  CYC:16309
> E8C0  C0 06     CPY #$06                        A:66 X:EF Y:06 P:27 SP:FB  CYC:16311
> E8C2  D0 0A     BNE $E8CE                       A:66 X:EF Y:06 P:27 SP:FB  CYC:16313
> E8C4  E0 EF     CPX #$EF                        A:66 X:EF Y:06 P:27 SP:FB  CYC:16315
> E8C6  D0 06     BNE $E8CE                       A:66 X:EF Y:06 P:27 SP:FB  CYC:16317
> E8C8  A5 56     LDA $56 = 66                    A:66 X:EF Y:06 P:27 SP:FB  CYC:16319
> E8CA  C9 66     CMP #$66                        A:66 X:EF Y:06 P:25 SP:FB  CYC:16322
> E8CC  F0 04     BEQ $E8D2                       A:66 X:EF Y:06 P:27 SP:FB  CYC:16324
> E8D2  60        RTS                             A:66 X:EF Y:06 P:27 SP:FB  CYC:16327
> C638  20 D3 E8  JSR $E8D3                       A:66 X:EF Y:06 P:27 SP:FD  CYC:16333
> E8D3  A0 90     LDY #$90                        A:66 X:EF Y:06 P:27 SP:FB  CYC:16339
> E8D5  20 31 F9  JSR $F931                       A:66 X:EF Y:90 P:A5 SP:FB  CYC:16341
> F931  24 01     BIT $01 = C0                    A:66 X:EF Y:90 P:A5 SP:F9  CYC:16347
> F933  A9 40     LDA #$40                        A:66 X:EF Y:90 P:E5 SP:F9  CYC:16350
> F935  38        SEC                             A:40 X:EF Y:90 P:65 SP:F9  CYC:16352
> F936  60        RTS                             A:40 X:EF Y:90 P:65 SP:F9  CYC:16354
> E8D8  EB 40    *SBC #$40                        A:40 X:EF Y:90 P:65 SP:FB  CYC:16360
> E8DA  EA        NOP                             A:00 X:EF Y:90 P:27 SP:FB  CYC:16362
> E8DB  EA        NOP                             A:00 X:EF Y:90 P:27 SP:FB  CYC:16364
> E8DC  EA        NOP                             A:00 X:EF Y:90 P:27 SP:FB  CYC:16366
> E8DD  EA        NOP                             A:00 X:EF Y:90 P:27 SP:FB  CYC:16368
> E8DE  20 37 F9  JSR $F937                       A:00 X:EF Y:90 P:27 SP:FB  CYC:16370
> F937  30 0B     BMI $F944                       A:00 X:EF Y:90 P:27 SP:F9  CYC:16376
> F939  90 09     BCC $F944                       A:00 X:EF Y:90 P:27 SP:F9  CYC:16378
> F93B  D0 07     BNE $F944                       A:00 X:EF Y:90 P:27 SP:F9  CYC:16380
> F93D  70 05     BVS $F944                       A:00 X:EF Y:90 P:27 SP:F9  CYC:16382
> F93F  C9 00     CMP #$00                        A:00 X:EF Y:90 P:27 SP:F9  CYC:16384
> F941  D0 01     BNE $F944                       A:00 X:EF Y:90 P:27 SP:F9  CYC:16386
> F943  60        RTS                             A:00 X:EF Y:90 P:27 SP:F9  CYC:16388
> E8E1  C8        INY                             A:00 X:EF Y:90 P:27 SP:FB  CYC:16394
> E8E2  20 47 F9  JSR $F947                       A:00 X:EF Y:91 P:A5 SP:FB  CYC:16396
> F947  B8        CLV                             A:00 X:EF Y:91 P:A5 SP:F9  CYC:16402
> F948  38        SEC                             A:00 X:EF Y:91 P:A5 SP:F9  CYC:16404
> F949  A9 40     LDA #$40                        A:00 X:EF Y:91 P:A5 SP:F9  CYC:16406
> F94B  60        RTS                             A:40 X:EF Y:91 P:25 SP:F9  CYC:16408
> E8E5  EB 3F    *SBC #$3F                        A:40 X:EF Y:91 P:25 SP:FB  CYC:16414
> E8E7  EA        NOP                             A:01 X:EF Y:91 P:25 SP:FB  CYC:16416
> E8E8  EA        NOP                             A:01 X:EF Y:91 P:25 SP:FB  CYC:16418
> E8E9  EA        NOP                             A:01 X:EF Y:91 P:25 SP:FB  CYC:16420
> E8EA  EA        NOP                             A:01 X:EF Y:91 P:25 SP:FB  CYC:16422
> E8EB  20 4C F9  JSR $F94C                       A:01 X:EF Y:91 P:25 SP:FB  CYC:16424
> F94C  F0 0B     BEQ $F959                       A:01 X:EF Y:91 P:25 SP:F9  CYC:16430
> F94E  30 09     BMI $F959                       A:01 X:EF Y:91 P:25 SP:F9  CYC:16432
> F950  90 07     BCC $F959                       A:01 X:EF Y:91 P:25 SP:F9  CYC:16434
> F952  70 05     BVS $F959                       A:01 X:EF Y:91 P:25 SP:F9  CYC:16436
> F954  C9 01     CMP #$01                        A:01 X:EF Y:91 P:25 SP:F9  CYC:16438
> F956  D0 01     BNE $F959                       A:01 X:EF Y:91 P:27 SP:F9  CYC:16440
> F958  60        RTS                             A:01 X:EF Y:91 P:27 SP:F9  CYC:16442
> E8EE  C8        INY                             A:01 X:EF Y:91 P:27 SP:FB  CYC:16448
> E8EF  20 5C F9  JSR $F95C                       A:01 X:EF Y:92 P:A5 SP:FB  CYC:16450
> F95C  A9 40     LDA #$40                        A:01 X:EF Y:92 P:A5 SP:F9  CYC:16456
> F95E  38        SEC                             A:40 X:EF Y:92 P:25 SP:F9  CYC:16458
> F95F  24 01     BIT $01 = C0                    A:40 X:EF Y:92 P:25 SP:F9  CYC:16460
> F961  60        RTS                             A:40 X:EF Y:92 P:E5 SP:F9  CYC:16463
> E8F2  EB 41    *SBC #$41                        A:40 X:EF Y:92 P:E5 SP:FB  CYC:16469
> E8F4  EA        NOP                             A:FF X:EF Y:92 P:A4 SP:FB  CYC:16471
> E8F5  EA        NOP                             A:FF X:EF Y:92 P:A4 SP:FB  CYC:16473
> E8F6  EA        NOP                             A:FF X:EF Y:92 P:A4 SP:FB  CYC:16475
> E8F7  EA        NOP                             A:FF X:EF Y:92 P:A4 SP:FB  CYC:16477
> E8F8  20 62 F9  JSR $F962                       A:FF X:EF Y:92 P:A4 SP:FB  CYC:16479
> F962  B0 0B     BCS $F96F                       A:FF X:EF Y:92 P:A4 SP:F9  CYC:16485
> F964  F0 09     BEQ $F96F                       A:FF X:EF Y:92 P:A4 SP:F9  CYC:16487
> F966  10 07     BPL $F96F                       A:FF X:EF Y:92 P:A4 SP:F9  CYC:16489
> F968  70 05     BVS $F96F                       A:FF X:EF Y:92 P:A4 SP:F9  CYC:16491
> F96A  C9 FF     CMP #$FF                        A:FF X:EF Y:92 P:A4 SP:F9  CYC:16493
> F96C  D0 01     BNE $F96F                       A:FF X:EF Y:92 P:27 SP:F9  CYC:16495
> F96E  60        RTS                             A:FF X:EF Y:92 P:27 SP:F9  CYC:16497
> E8FB  C8        INY                             A:FF X:EF Y:92 P:27 SP:FB  CYC:16503
> E8FC  20 72 F9  JSR $F972                       A:FF X:EF Y:93 P:A5 SP:FB  CYC:16505
> F972  18        CLC                             A:FF X:EF Y:93 P:A5 SP:F9  CYC:16511
> F973  A9 80     LDA #$80                        A:FF X:EF Y:93 P:A4 SP:F9  CYC:16513
> F975  60        RTS                             A:80 X:EF Y:93 P:A4 SP:F9  CYC:16515
> E8FF  EB 00    *SBC #$00                        A:80 X:EF Y:93 P:A4 SP:FB  CYC:16521
> E901  EA        NOP                             A:7F X:EF Y:93 P:65 SP:FB  CYC:16523
> E902  EA        NOP                             A:7F X:EF Y:93 P:65 SP:FB  CYC:16525
> E903  EA        NOP                             A:7F X:EF Y:93 P:65 SP:FB  CYC:16527
> E904  EA        NOP                             A:7F X:EF Y:93 P:65 SP:FB  CYC:16529
> E905  20 76 F9  JSR $F976                       A:7F X:EF Y:93 P:65 SP:FB  CYC:16531
> F976  90 05     BCC $F97D                       A:7F X:EF Y:93 P:65 SP:F9  CYC:16537
> F978  C9 7F     CMP #$7F                        A:7F X:EF Y:93 P:65 SP:F9  CYC:16539
> F97A  D0 01     BNE $F97D                       A:7F X:EF Y:93 P:67 SP:F9  CYC:16541
> F97C  60        RTS                             A:7F X:EF Y:93 P:67 SP:F9  CYC:16543
> E908  C8        INY                             A:7F X:EF Y:93 P:67 SP:FB  CYC:16549
> E909  20 80 F9  JSR $F980                       A:7F X:EF Y:94 P:E5 SP:FB  CYC:16551
> F980  38        SEC                             A:7F X:EF Y:94 P:E5 SP:F9  CYC:16557
> F981  A9 81     LDA #$81                        A:7F X:EF Y:94 P:E5 SP:F9  CYC:16559
> F983  60        RTS                             A:81 X:EF Y:94 P:E5 SP:F9  CYC:16561
> E90C  EB 7F    *SBC #$7F                        A:81 X:EF Y:94 P:E5 SP:FB  CYC:16567
> E90E  EA        NOP                             A:02 X:EF Y:94 P:65 SP:FB  CYC:16569
> E90F  EA        NOP                             A:02 X:EF Y:94 P:65 SP:FB  CYC:16571
> E910  EA        NOP                             A:02 X:EF Y:94 P:65 SP:FB  CYC:16573
> E911  EA        NOP                             A:02 X:EF Y:94 P:65 SP:FB  CYC:16575
> E912  20 84 F9  JSR $F984                       A:02 X:EF Y:94 P:65 SP:FB  CYC:16577
> F984  50 07     BVC $F98D                       A:02 X:EF Y:94 P:65 SP:F9  CYC:16583
> F986  90 05     BCC $F98D                       A:02 X:EF Y:94 P:65 SP:F9  CYC:16585
> F988  C9 02     CMP #$02                        A:02 X:EF Y:94 P:65 SP:F9  CYC:16587
> F98A  D0 01     BNE $F98D                       A:02 X:EF Y:94 P:67 SP:F9  CYC:16589
> F98C  60        RTS                             A:02 X:EF Y:94 P:67 SP:F9  CYC:16591
> E915  60        RTS                             A:02 X:EF Y:94 P:67 SP:FB  CYC:16597
> C63B  20 16 E9  JSR $E916                       A:02 X:EF Y:94 P:67 SP:FD  CYC:16603
> E916  A9 FF     LDA #$FF                        A:02 X:EF Y:94 P:67 SP:FB  CYC:16609
> E918  85 01     STA $01 = C0                    A:FF X:EF Y:94 P:E5 SP:FB  CYC:16611
> E91A  A0 95     LDY #$95                        A:FF X:EF Y:94 P:E5 SP:FB  CYC:16614
> E91C  A2 02     LDX #$02                        A:FF X:EF Y:95 P:E5 SP:FB  CYC:16616
> E91E  A9 47     LDA #$47                        A:FF X:02 Y:95 P:65 SP:FB  CYC:16618
> E920  85 47     STA $47 = 00                    A:47 X:02 Y:95 P:65 SP:FB  CYC:16620
> E922  A9 06     LDA #$06                        A:47 X:02 Y:95 P:65 SP:FB  CYC:16623
> E924  85 48     STA $48 = 00                    A:06 X:02 Y:95 P:65 SP:FB  CYC:16625
> E926  A9 EB     LDA #$EB                        A:06 X:02 Y:95 P:65 SP:FB  CYC:16628
> E928  8D 47 06  STA $0647 = 00                  A:EB X:02 Y:95 P:E5 SP:FB  CYC:16630
> E92B  20 31 FA  JSR $FA31                       A:EB X:02 Y:95 P:E5 SP:FB  CYC:16634
> FA31  24 01     BIT $01 = FF                    A:EB X:02 Y:95 P:E5 SP:F9  CYC:16640
> FA33  18        CLC                             A:EB X:02 Y:95 P:E5 SP:F9  CYC:16643
> FA34  A9 40     LDA #$40                        A:EB X:02 Y:95 P:E4 SP:F9  CYC:16645
> FA36  60        RTS                             A:40 X:02 Y:95 P:64 SP:F9  CYC:16647
> E92E  C3 45    *DCP ($45,X) @ 47 = 0647 = EB    A:40 X:02 Y:95 P:64 SP:FB  CYC:16653
> E930  EA        NOP                             A:40 X:02 Y:95 P:64 SP:FB  CYC:16661
> E931  EA        NOP                             A:40 X:02 Y:95 P:64 SP:FB  CYC:16663
> E932  EA        NOP                             A:40 X:02 Y:95 P:64 SP:FB  CYC:16665
> E933  EA        NOP                             A:40 X:02 Y:95 P:64 SP:FB  CYC:16667
> E934  20 37 FA  JSR $FA37                       A:40 X:02 Y:95 P:64 SP:FB  CYC:16669
> FA37  50 2C     BVC $FA65                       A:40 X:02 Y:95 P:64 SP:F9  CYC:16675
> FA39  B0 2A     BCS $FA65                       A:40 X:02 Y:95 P:64 SP:F9  CYC:16677
> FA3B  30 28     BMI $FA65                       A:40 X:02 Y:95 P:64 SP:F9  CYC:16679
> FA3D  C9 40     CMP #$40                        A:40 X:02 Y:95 P:64 SP:F9  CYC:16681
> FA3F  D0 24     BNE $FA65                       A:40 X:02 Y:95 P:67 SP:F9  CYC:16683
> FA41  60        RTS                             A:40 X:02 Y:95 P:67 SP:F9  CYC:16685
> E937  AD 47 06  LDA $0647 = EA                  A:40 X:02 Y:95 P:67 SP:FB  CYC:16691
> E93A  C9 EA     CMP #$EA                        A:EA X:02 Y:95 P:E5 SP:FB  CYC:16695
> E93C  F0 02     BEQ $E940                       A:EA X:02 Y:95 P:67 SP:FB  CYC:16697
> E940  C8        INY                             A:EA X:02 Y:95 P:67 SP:FB  CYC:16700
> E941  A9 00     LDA #$00                        A:EA X:02 Y:96 P:E5 SP:FB  CYC:16702
> E943  8D 47 06  STA $0647 = EA                  A:00 X:02 Y:96 P:67 SP:FB  CYC:16704
> E946  20 42 FA  JSR $FA42                       A:00 X:02 Y:96 P:67 SP:FB  CYC:16708
> FA42  B8        CLV                             A:00 X:02 Y:96 P:67 SP:F9  CYC:16714
> FA43  38        SEC                             A:00 X:02 Y:96 P:27 SP:F9  CYC:16716
> FA44  A9 FF     LDA #$FF                        A:00 X:02 Y:96 P:27 SP:F9  CYC:16718
> FA46  60        RTS                             A:FF X:02 Y:96 P:A5 SP:F9  CYC:16720
> E949  C3 45    *DCP ($45,X) @ 47 = 0647 = 00    A:FF X:02 Y:96 P:A5 SP:FB  CYC:16726
> E94B  EA        NOP                             A:FF X:02 Y:96 P:27 SP:FB  CYC:16734
> E94C  EA        NOP                             A:FF X:02 Y:96 P:27 SP:FB  CYC:16736
> E94D  EA        NOP                             A:FF X:02 Y:96 P:27 SP:FB  CYC:16738
> E94E  EA        NOP                             A:FF X:02 Y:96 P:27 SP:FB  CYC:16740
> E94F  20 47 FA  JSR $FA47                       A:FF X:02 Y:96 P:27 SP:FB  CYC:16742
> FA47  70 1C     BVS $FA65                       A:FF X:02 Y:96 P:27 SP:F9  CYC:16748
> FA49  D0 1A     BNE $FA65                       A:FF X:02 Y:96 P:27 SP:F9  CYC:16750
> FA4B  30 18     BMI $FA65                       A:FF X:02 Y:96 P:27 SP:F9  CYC:16752
> FA4D  90 16     BCC $FA65                       A:FF X:02 Y:96 P:27 SP:F9  CYC:16754
> FA4F  C9 FF     CMP #$FF                        A:FF X:02 Y:96 P:27 SP:F9  CYC:16756
> FA51  D0 12     BNE $FA65                       A:FF X:02 Y:96 P:27 SP:F9  CYC:16758
> FA53  60        RTS                             A:FF X:02 Y:96 P:27 SP:F9  CYC:16760
> E952  AD 47 06  LDA $0647 = FF                  A:FF X:02 Y:96 P:27 SP:FB  CYC:16766
> E955  C9 FF     CMP #$FF                        A:FF X:02 Y:96 P:A5 SP:FB  CYC:16770
> E957  F0 02     BEQ $E95B                       A:FF X:02 Y:96 P:27 SP:FB  CYC:16772
> E95B  C8        INY                             A:FF X:02 Y:96 P:27 SP:FB  CYC:16775
> E95C  A9 37     LDA #$37                        A:FF X:02 Y:97 P:A5 SP:FB  CYC:16777
> E95E  8D 47 06  STA $0647 = FF                  A:37 X:02 Y:97 P:25 SP:FB  CYC:16779
> E961  20 54 FA  JSR $FA54                       A:37 X:02 Y:97 P:25 SP:FB  CYC:16783
> FA54  24 01     BIT $01 = FF                    A:37 X:02 Y:97 P:25 SP:F9  CYC:16789
> FA56  A9 F0     LDA #$F0                        A:37 X:02 Y:97 P:E5 SP:F9  CYC:16792
> FA58  60        RTS                             A:F0 X:02 Y:97 P:E5 SP:F9  CYC:16794
> E964  C3 45    *DCP ($45,X) @ 47 = 0647 = 37    A:F0 X:02 Y:97 P:E5 SP:FB  CYC:16800
> E966  EA        NOP                             A:F0 X:02 Y:97 P:E5 SP:FB  CYC:16808
> E967  EA        NOP                             A:F0 X:02 Y:97 P:E5 SP:FB  CYC:16810
> E968  EA        NOP                             A:F0 X:02 Y:97 P:E5 SP:FB  CYC:16812
> E969  EA        NOP                             A:F0 X:02 Y:97 P:E5 SP:FB  CYC:16814
> E96A  20 59 FA  JSR $FA59                       A:F0 X:02 Y:97 P:E5 SP:FB  CYC:16816
> FA59  50 0A     BVC $FA65                       A:F0 X:02 Y:97 P:E5 SP:F9  CYC:16822
> FA5B  F0 08     BEQ $FA65                       A:F0 X:02 Y:97 P:E5 SP:F9  CYC:16824
> FA5D  10 06     BPL $FA65                       A:F0 X:02 Y:97 P:E5 SP:F9  CYC:16826
> FA5F  90 04     BCC $FA65                       A:F0 X:02 Y:97 P:E5 SP:F9  CYC:16828
> FA61  C9 F0     CMP #$F0                        A:F0 X:02 Y:97 P:E5 SP:F9  CYC:16830
> FA63  F0 02     BEQ $FA67                       A:F0 X:02 Y:97 P:67 SP:F9  CYC:16832
> FA67  60        RTS                             A:F0 X:02 Y:97 P:67 SP:F9  CYC:16835
> E96D  AD 47 06  LDA $0647 = 36                  A:F0 X:02 Y:97 P:67 SP:FB  CYC:16841
> E970  C9 36     CMP #$36                        A:36 X:02 Y:97 P:65 SP:FB  CYC:16845
> E972  F0 02     BEQ $E976                       A:36 X:02 Y:97 P:67 SP:FB  CYC:16847
> E976  C8        INY                             A:36 X:02 Y:97 P:67 SP:FB  CYC:16850
> E977  A9 EB     LDA #$EB                        A:36 X:02 Y:98 P:E5 SP:FB  CYC:16852
> E979  85 47     STA $47 = 47                    A:EB X:02 Y:98 P:E5 SP:FB  CYC:16854
> E97B  20 31 FA  JSR $FA31                       A:EB X:02 Y:98 P:E5 SP:FB  CYC:16857
> FA31  24 01     BIT $01 = FF                    A:EB X:02 Y:98 P:E5 SP:F9  CYC:16863
> FA33  18        CLC                             A:EB X:02 Y:98 P:E5 SP:F9  CYC:16866
> FA34  A9 40     LDA #$40                        A:EB X:02 Y:98 P:E4 SP:F9  CYC:16868
> FA36  60        RTS                             A:40 X:02 Y:98 P:64 SP:F9  CYC:16870
> E97E  C7 47    *DCP $47 = EB                    A:40 X:02 Y:98 P:64 SP:FB  CYC:16876
> E980  EA        NOP                             A:40 X:02 Y:98 P:64 SP:FB  CYC:16881
> E981  EA        NOP                             A:40 X:02 Y:98 P:64 SP:FB  CYC:16883
> E982  EA        NOP                             A:40 X:02 Y:98 P:64 SP:FB  CYC:16885
> E983  EA        NOP                             A:40 X:02 Y:98 P:64 SP:FB  CYC:16887
> E984  20 37 FA  JSR $FA37                       A:40 X:02 Y:98 P:64 SP:FB  CYC:16889
> FA37  50 2C     BVC $FA65                       A:40 X:02 Y:98 P:64 SP:F9  CYC:16895
> FA39  B0 2A     BCS $FA65                       A:40 X:02 Y:98 P:64 SP:F9  CYC:16897
> FA3B  30 28     BMI $FA65                       A:40 X:02 Y:98 P:64 SP:F9  CYC:16899
> FA3D  C9 40     CMP #$40                        A:40 X:02 Y:98 P:64 SP:F9  CYC:16901
> FA3F  D0 24     BNE $FA65                       A:40 X:02 Y:98 P:67 SP:F9  CYC:16903
> FA41  60        RTS                             A:40 X:02 Y:98 P:67 SP:F9  CYC:16905
> E987  A5 47     LDA $47 = EA                    A:40 X:02 Y:98 P:67 SP:FB  CYC:16911
> E989  C9 EA     CMP #$EA                        A:EA X:02 Y:98 P:E5 SP:FB  CYC:16914
> E98B  F0 02     BEQ $E98F                       A:EA X:02 Y:98 P:67 SP:FB  CYC:16916
> E98F  C8        INY                             A:EA X:02 Y:98 P:67 SP:FB  CYC:16919
> E990  A9 00     LDA #$00                        A:EA X:02 Y:99 P:E5 SP:FB  CYC:16921
> E992  85 47     STA $47 = EA                    A:00 X:02 Y:99 P:67 SP:FB  CYC:16923
> E994  20 42 FA  JSR $FA42                       A:00 X:02 Y:99 P:67 SP:FB  CYC:16926
> FA42  B8        CLV                             A:00 X:02 Y:99 P:67 SP:F9  CYC:16932
> FA43  38        SEC                             A:00 X:02 Y:99 P:27 SP:F9  CYC:16934
> FA44  A9 FF     LDA #$FF                        A:00 X:02 Y:99 P:27 SP:F9  CYC:16936
> FA46  60        RTS                             A:FF X:02 Y:99 P:A5 SP:F9  CYC:16938
> E997  C7 47    *DCP $47 = 00                    A:FF X:02 Y:99 P:A5 SP:FB  CYC:16944
> E999  EA        NOP                             A:FF X:02 Y:99 P:27 SP:FB  CYC:16949
> E99A  EA        NOP                             A:FF X:02 Y:99 P:27 SP:FB  CYC:16951
> E99B  EA        NOP                             A:FF X:02 Y:99 P:27 SP:FB  CYC:16953
> E99C  EA        NOP                             A:FF X:02 Y:99 P:27 SP:FB  CYC:16955
> E99D  20 47 FA  JSR $FA47                       A:FF X:02 Y:99 P:27 SP:FB  CYC:16957
> FA47  70 1C     BVS $FA65                       A:FF X:02 Y:99 P:27 SP:F9  CYC:16963
> FA49  D0 1A     BNE $FA65                       A:FF X:02 Y:99 P:27 SP:F9  CYC:16965
> FA4B  30 18     BMI $FA65                       A:FF X:02 Y:99 P:27 SP:F9  CYC:16967
> FA4D  90 16     BCC $FA65                       A:FF X:02 Y:99 P:27 SP:F9  CYC:16969
> FA4F  C9 FF     CMP #$FF                        A:FF X:02 Y:99 P:27 SP:F9  CYC:16971
> FA51  D0 12     BNE $FA65                       A:FF X:02 Y:99 P:27 SP:F9  CYC:16973
> FA53  60        RTS                             A:FF X:02 Y:99 P:27 SP:F9  CYC:16975
> E9A0  A5 47     LDA $47 = FF                    A:FF X:02 Y:99 P:27 SP:FB  CYC:16981
> E9A2  C9 FF     CMP #$FF                        A:FF X:02 Y:99 P:A5 SP:FB  CYC:16984
> E9A4  F0 02     BEQ $E9A8                       A:FF X:02 Y:99 P:27 SP:FB  CYC:16986
> E9A8  C8        INY                             A:FF X:02 Y:99 P:27 SP:FB  CYC:16989
> E9A9  A9 37     LDA #$37                        A:FF X:02 Y:9A P:A5 SP:FB  CYC:16991
> E9AB  85 47     STA $47 = FF                    A:37 X:02 Y:9A P:25 SP:FB  CYC:16993
> E9AD  20 54 FA  JSR $FA54                       A:37 X:02 Y:9A P:25 SP:FB  CYC:16996
> FA54  24 01     BIT $01 = FF                    A:37 X:02 Y:9A P:25 SP:F9  CYC:17002
> FA56  A9 F0     LDA #$F0                        A:37 X:02 Y:9A P:E5 SP:F9  CYC:17005
> FA58  60        RTS                             A:F0 X:02 Y:9A P:E5 SP:F9  CYC:17007
> E9B0  C7 47    *DCP $47 = 37                    A:F0 X:02 Y:9A P:E5 SP:FB  CYC:17013
> E9B2  EA        NOP                             A:F0 X:02 Y:9A P:E5 SP:FB  CYC:17018
> E9B3  EA        NOP                             A:F0 X:02 Y:9A P:E5 SP:FB  CYC:17020
> E9B4  EA        NOP                             A:F0 X:02 Y:9A P:E5 SP:FB  CYC:17022
> E9B5  EA        NOP                             A:F0 X:02 Y:9A P:E5 SP:FB  CYC:17024
> E9B6  20 59 FA  JSR $FA59                       A:F0 X:02 Y:9A P:E5 SP:FB  CYC:17026
> FA59  50 0A     BVC $FA65                       A:F0 X:02 Y:9A P:E5 SP:F9  CYC:17032
> FA5B  F0 08     BEQ $FA65                       A:F0 X:02 Y:9A P:E5 SP:F9  CYC:17034
> FA5D  10 06     BPL $FA65                       A:F0 X:02 Y:9A P:E5 SP:F9  CYC:17036
> FA5F  90 04     BCC $FA65                       A:F0 X:02 Y:9A P:E5 SP:F9  CYC:17038
> FA61  C9 F0     CMP #$F0                        A:F0 X:02 Y:9A P:E5 SP:F9  CYC:17040
> FA63  F0 02     BEQ $FA67                       A:F0 X:02 Y:9A P:67 SP:F9  CYC:17042
> FA67  60        RTS                             A:F0 X:02 Y:9A P:67 SP:F9  CYC:17045
> E9B9  A5 47     LDA $47 = 36                    A:F0 X:02 Y:9A P:67 SP:FB  CYC:17051
> E9BB  C9 36     CMP #$36                        A:36 X:02 Y:9A P:65 SP:FB  CYC:17054
> E9BD  F0 02     BEQ $E9C1                       A:36 X:02 Y:9A P:67 SP:FB  CYC:17056
> E9C1  C8        INY                             A:36 X:02 Y:9A P:67 SP:FB  CYC:17059
> E9C2  A9 EB     LDA #$EB                        A:36 X:02 Y:9B P:E5 SP:FB  CYC:17061
> E9C4  8D 47 06  STA $0647 = 36                  A:EB X:02 Y:9B P:E5 SP:FB  CYC:17063
> E9C7  20 31 FA  JSR $FA31                       A:EB X:02 Y:9B P:E5 SP:FB  CYC:17067
> FA31  24 01     BIT $01 = FF                    A:EB X:02 Y:9B P:E5 SP:F9  CYC:17073
> FA33  18        CLC                             A:EB X:02 Y:9B P:E5 SP:F9  CYC:17076
> FA34  A9 40     LDA #$40                        A:EB X:02 Y:9B P:E4 SP:F9  CYC:17078
> FA36  60        RTS                             A:40 X:02 Y:9B P:64 SP:F9  CYC:17080
> E9CA  CF 47 06 *DCP $0647 = EB                  A:40 X:02 Y:9B P:64 SP:FB  CYC:17086
> E9CD  EA        NOP                             A:40 X:02 Y:9B P:64 SP:FB  CYC:17092
> E9CE  EA        NOP                             A:40 X:02 Y:9B P:64 SP:FB  CYC:17094
> E9CF  EA        NOP                             A:40 X:02 Y:9B P:64 SP:FB  CYC:17096
> E9D0  EA        NOP                             A:40 X:02 Y:9B P:64 SP:FB  CYC:17098
> E9D1  20 37 FA  JSR $FA37                       A:40 X:02 Y:9B P:64 SP:FB  CYC:17100
> FA37  50 2C     BVC $FA65                       A:40 X:02 Y:9B P:64 SP:F9  CYC:17106
> FA39  B0 2A     BCS $FA65                       A:40 X:02 Y:9B P:64 SP:F9  CYC:17108
> FA3B  30 28     BMI $FA65                       A:40 X:02 Y:9B P:64 SP:F9  CYC:17110
> FA3D  C9 40     CMP #$40                        A:40 X:02 Y:9B P:64 SP:F9  CYC:17112
> FA3F  D0 24     BNE $FA65                       A:40 X:02 Y:9B P:67 SP:F9  CYC:17114
> FA41  60        RTS                             A:40 X:02 Y:9B P:67 SP:F9  CYC:17116
> E9D4  AD 47 06  LDA $0647 = EA                  A:40 X:02 Y:9B P:67 SP:FB  CYC:17122
> E9D7  C9 EA     CMP #$EA                        A:EA X:02 Y:9B P:E5 SP:FB  CYC:17126
> E9D9  F0 02     BEQ $E9DD                       A:EA X:02 Y:9B P:67 SP:FB  CYC:17128
> E9DD  C8        INY                             A:EA X:02 Y:9B P:67 SP:FB  CYC:17131
> E9DE  A9 00     LDA #$00                        A:EA X:02 Y:9C P:E5 SP:FB  CYC:17133
> E9E0  8D 47 06  STA $0647 = EA                  A:00 X:02 Y:9C P:67 SP:FB  CYC:17135
> E9E3  20 42 FA  JSR $FA42                       A:00 X:02 Y:9C P:67 SP:FB  CYC:17139
> FA42  B8        CLV                             A:00 X:02 Y:9C P:67 SP:F9  CYC:17145
> FA43  38        SEC                             A:00 X:02 Y:9C P:27 SP:F9  CYC:17147
> FA44  A9 FF     LDA #$FF                        A:00 X:02 Y:9C P:27 SP:F9  CYC:17149
> FA46  60        RTS                             A:FF X:02 Y:9C P:A5 SP:F9  CYC:17151
> E9E6  CF 47 06 *DCP $0647 = 00                  A:FF X:02 Y:9C P:A5 SP:FB  CYC:17157
> E9E9  EA        NOP                             A:FF X:02 Y:9C P:27 SP:FB  CYC:17163
> E9EA  EA        NOP                             A:FF X:02 Y:9C P:27 SP:FB  CYC:17165
> E9EB  EA        NOP                             A:FF X:02 Y:9C P:27 SP:FB  CYC:17167
> E9EC  EA        NOP                             A:FF X:02 Y:9C P:27 SP:FB  CYC:17169
> E9ED  20 47 FA  JSR $FA47                       A:FF X:02 Y:9C P:27 SP:FB  CYC:17171
> FA47  70 1C     BVS $FA65                       A:FF X:02 Y:9C P:27 SP:F9  CYC:17177
> FA49  D0 1A     BNE $FA65                       A:FF X:02 Y:9C P:27 SP:F9  CYC:17179
> FA4B  30 18     BMI $FA65                       A:FF X:02 Y:9C P:27 SP:F9  CYC:17181
> FA4D  90 16     BCC $FA65                       A:FF X:02 Y:9C P:27 SP:F9  CYC:17183
> FA4F  C9 FF     CMP #$FF                        A:FF X:02 Y:9C P:27 SP:F9  CYC:17185
> FA51  D0 12     BNE $FA65                       A:FF X:02 Y:9C P:27 SP:F9  CYC:17187
> FA53  60        RTS                             A:FF X:02 Y:9C P:27 SP:F9  CYC:17189
> E9F0  AD 47 06  LDA $0647 = FF                  A:FF X:02 Y:9C P:27 SP:FB  CYC:17195
> E9F3  C9 FF     CMP #$FF                        A:FF X:02 Y:9C P:A5 SP:FB  CYC:17199
> E9F5  F0 02     BEQ $E9F9                       A:FF X:02 Y:9C P:27 SP:FB  CYC:17201
> E9F9  C8        INY                             A:FF X:02 Y:9C P:27 SP:FB  CYC:17204
> E9FA  A9 37     LDA #$37                        A:FF X:02 Y:9D P:A5 SP:FB  CYC:17206
> E9FC  8D 47 06  STA $0647 = FF                  A:37 X:02 Y:9D P:25 SP:FB  CYC:17208
> E9FF  20 54 FA  JSR $FA54                       A:37 X:02 Y:9D P:25 SP:FB  CYC:17212
> FA54  24 01     BIT $01 = FF                    A:37 X:02 Y:9D P:25 SP:F9  CYC:17218
> FA56  A9 F0     LDA #$F0                        A:37 X:02 Y:9D P:E5 SP:F9  CYC:17221
> FA58  60        RTS                             A:F0 X:02 Y:9D P:E5 SP:F9  CYC:17223
> EA02  CF 47 06 *DCP $0647 = 37                  A:F0 X:02 Y:9D P:E5 SP:FB  CYC:17229
> EA05  EA        NOP                             A:F0 X:02 Y:9D P:E5 SP:FB  CYC:17235
> EA06  EA        NOP                             A:F0 X:02 Y:9D P:E5 SP:FB  CYC:17237
> EA07  EA        NOP                             A:F0 X:02 Y:9D P:E5 SP:FB  CYC:17239
> EA08  EA        NOP                             A:F0 X:02 Y:9D P:E5 SP:FB  CYC:17241
> EA09  20 59 FA  JSR $FA59                       A:F0 X:02 Y:9D P:E5 SP:FB  CYC:17243
> FA59  50 0A     BVC $FA65                       A:F0 X:02 Y:9D P:E5 SP:F9  CYC:17249
> FA5B  F0 08     BEQ $FA65                       A:F0 X:02 Y:9D P:E5 SP:F9  CYC:17251
> FA5D  10 06     BPL $FA65                       A:F0 X:02 Y:9D P:E5 SP:F9  CYC:17253
> FA5F  90 04     BCC $FA65                       A:F0 X:02 Y:9D P:E5 SP:F9  CYC:17255
> FA61  C9 F0     CMP #$F0                        A:F0 X:02 Y:9D P:E5 SP:F9  CYC:17257
> FA63  F0 02     BEQ $FA67                       A:F0 X:02 Y:9D P:67 SP:F9  CYC:17259
> FA67  60        RTS                             A:F0 X:02 Y:9D P:67 SP:F9  CYC:17262
> EA0C  AD 47 06  LDA $0647 = 36                  A:F0 X:02 Y:9D P:67 SP:FB  CYC:17268
> EA0F  C9 36     CMP #$36                        A:36 X:02 Y:9D P:65 SP:FB  CYC:17272
> EA11  F0 02     BEQ $EA15                       A:36 X:02 Y:9D P:67 SP:FB  CYC:17274
> EA15  A9 EB     LDA #$EB                        A:36 X:02 Y:9D P:67 SP:FB  CYC:17277
> EA17  8D 47 06  STA $0647 = 36                  A:EB X:02 Y:9D P:E5 SP:FB  CYC:17279
> EA1A  A9 48     LDA #$48                        A:EB X:02 Y:9D P:E5 SP:FB  CYC:17283
> EA1C  85 45     STA $45 = 32                    A:48 X:02 Y:9D P:65 SP:FB  CYC:17285
> EA1E  A9 05     LDA #$05                        A:48 X:02 Y:9D P:65 SP:FB  CYC:17288
> EA20  85 46     STA $46 = 04                    A:05 X:02 Y:9D P:65 SP:FB  CYC:17290
> EA22  A0 FF     LDY #$FF                        A:05 X:02 Y:9D P:65 SP:FB  CYC:17293
> EA24  20 31 FA  JSR $FA31                       A:05 X:02 Y:FF P:E5 SP:FB  CYC:17295
> FA31  24 01     BIT $01 = FF                    A:05 X:02 Y:FF P:E5 SP:F9  CYC:17301
> FA33  18        CLC                             A:05 X:02 Y:FF P:E5 SP:F9  CYC:17304
> FA34  A9 40     LDA #$40                        A:05 X:02 Y:FF P:E4 SP:F9  CYC:17306
> FA36  60        RTS                             A:40 X:02 Y:FF P:64 SP:F9  CYC:17308
> EA27  D3 45    *DCP ($45),Y = 0548 @ 0647 = EB  A:40 X:02 Y:FF P:64 SP:FB  CYC:17314
> EA29  EA        NOP                             A:40 X:02 Y:FF P:64 SP:FB  CYC:17322
> EA2A  EA        NOP                             A:40 X:02 Y:FF P:64 SP:FB  CYC:17324
> EA2B  08        PHP                             A:40 X:02 Y:FF P:64 SP:FB  CYC:17326
> EA2C  48        PHA                             A:40 X:02 Y:FF P:64 SP:FA  CYC:17329
> EA2D  A0 9E     LDY #$9E                        A:40 X:02 Y:FF P:64 SP:F9  CYC:17332
> EA2F  68        PLA                             A:40 X:02 Y:9E P:E4 SP:F9  CYC:17334
> EA30  28        PLP                             A:40 X:02 Y:9E P:64 SP:FA  CYC:17338
> EA31  20 37 FA  JSR $FA37                       A:40 X:02 Y:9E P:64 SP:FB  CYC:17342
> FA37  50 2C     BVC $FA65                       A:40 X:02 Y:9E P:64 SP:F9  CYC:17348
> FA39  B0 2A     BCS $FA65                       A:40 X:02 Y:9E P:64 SP:F9  CYC:17350
> FA3B  30 28     BMI $FA65                       A:40 X:02 Y:9E P:64 SP:F9  CYC:17352
> FA3D  C9 40     CMP #$40                        A:40 X:02 Y:9E P:64 SP:F9  CYC:17354
> FA3F  D0 24     BNE $FA65                       A:40 X:02 Y:9E P:67 SP:F9  CYC:17356
> FA41  60        RTS                             A:40 X:02 Y:9E P:67 SP:F9  CYC:17358
> EA34  AD 47 06  LDA $0647 = EA                  A:40 X:02 Y:9E P:67 SP:FB  CYC:17364
> EA37  C9 EA     CMP #$EA                        A:EA X:02 Y:9E P:E5 SP:FB  CYC:17368
> EA39  F0 02     BEQ $EA3D                       A:EA X:02 Y:9E P:67 SP:FB  CYC:17370
> EA3D  A0 FF     LDY #$FF                        A:EA X:02 Y:9E P:67 SP:FB  CYC:17373
> EA3F  A9 00     LDA #$00                        A:EA X:02 Y:FF P:E5 SP:FB  CYC:17375
> EA41  8D 47 06  STA $0647 = EA                  A:00 X:02 Y:FF P:67 SP:FB  CYC:17377
> EA44  20 42 FA  JSR $FA42                       A:00 X:02 Y:FF P:67 SP:FB  CYC:17381
> FA42  B8        CLV                             A:00 X:02 Y:FF P:67 SP:F9  CYC:17387
> FA43  38        SEC                             A:00 X:02 Y:FF P:27 SP:F9  CYC:17389
> FA44  A9 FF     LDA #$FF                        A:00 X:02 Y:FF P:27 SP:F9  CYC:17391
> FA46  60        RTS                             A:FF X:02 Y:FF P:A5 SP:F9  CYC:17393
> EA47  D3 45    *DCP ($45),Y = 0548 @ 0647 = 00  A:FF X:02 Y:FF P:A5 SP:FB  CYC:17399
> EA49  EA        NOP                             A:FF X:02 Y:FF P:27 SP:FB  CYC:17407
> EA4A  EA        NOP                             A:FF X:02 Y:FF P:27 SP:FB  CYC:17409
> EA4B  08        PHP                             A:FF X:02 Y:FF P:27 SP:FB  CYC:17411
> EA4C  48        PHA                             A:FF X:02 Y:FF P:27 SP:FA  CYC:17414
> EA4D  A0 9F     LDY #$9F                        A:FF X:02 Y:FF P:27 SP:F9  CYC:17417
> EA4F  68        PLA                             A:FF X:02 Y:9F P:A5 SP:F9  CYC:17419
> EA50  28        PLP                             A:FF X:02 Y:9F P:A5 SP:FA  CYC:17423
> EA51  20 47 FA  JSR $FA47                       A:FF X:02 Y:9F P:27 SP:FB  CYC:17427
> FA47  70 1C     BVS $FA65                       A:FF X:02 Y:9F P:27 SP:F9  CYC:17433
> FA49  D0 1A     BNE $FA65                       A:FF X:02 Y:9F P:27 SP:F9  CYC:17435
> FA4B  30 18     BMI $FA65                       A:FF X:02 Y:9F P:27 SP:F9  CYC:17437
> FA4D  90 16     BCC $FA65                       A:FF X:02 Y:9F P:27 SP:F9  CYC:17439
> FA4F  C9 FF     CMP #$FF                        A:FF X:02 Y:9F P:27 SP:F9  CYC:17441
> FA51  D0 12     BNE $FA65                       A:FF X:02 Y:9F P:27 SP:F9  CYC:17443
> FA53  60        RTS                             A:FF X:02 Y:9F P:27 SP:F9  CYC:17445
> EA54  AD 47 06  LDA $0647 = FF                  A:FF X:02 Y:9F P:27 SP:FB  CYC:17451
> EA57  C9 FF     CMP #$FF                        A:FF X:02 Y:9F P:A5 SP:FB  CYC:17455
> EA59  F0 02     BEQ $EA5D                       A:FF X:02 Y:9F P:27 SP:FB  CYC:17457
> EA5D  A0 FF     LDY #$FF                        A:FF X:02 Y:9F P:27 SP:FB  CYC:17460
> EA5F  A9 37     LDA #$37                        A:FF X:02 Y:FF P:A5 SP:FB  CYC:17462
> EA61  8D 47 06  STA $0647 = FF                  A:37 X:02 Y:FF P:25 SP:FB  CYC:17464
> EA64  20 54 FA  JSR $FA54                       A:37 X:02 Y:FF P:25 SP:FB  CYC:17468
> FA54  24 01     BIT $01 = FF                    A:37 X:02 Y:FF P:25 SP:F9  CYC:17474
> FA56  A9 F0     LDA #$F0                        A:37 X:02 Y:FF P:E5 SP:F9  CYC:17477
> FA58  60        RTS                             A:F0 X:02 Y:FF P:E5 SP:F9  CYC:17479
> EA67  D3 45    *DCP ($45),Y = 0548 @ 0647 = 37  A:F0 X:02 Y:FF P:E5 SP:FB  CYC:17485
> EA69  EA        NOP                             A:F0 X:02 Y:FF P:E5 SP:FB  CYC:17493
> EA6A  EA        NOP                             A:F0 X:02 Y:FF P:E5 SP:FB  CYC:17495
> EA6B  08        PHP                             A:F0 X:02 Y:FF P:E5 SP:FB  CYC:17497
> EA6C  48        PHA                             A:F0 X:02 Y:FF P:E5 SP:FA  CYC:17500
> EA6D  A0 A0     LDY #$A0                        A:F0 X:02 Y:FF P:E5 SP:F9  CYC:17503
> EA6F  68        PLA                             A:F0 X:02 Y:A0 P:E5 SP:F9  CYC:17505
> EA70  28        PLP                             A:F0 X:02 Y:A0 P:E5 SP:FA  CYC:17509
> EA71  20 59 FA  JSR $FA59                       A:F0 X:02 Y:A0 P:E5 SP:FB  CYC:17513
> FA59  50 0A     BVC $FA65                       A:F0 X:02 Y:A0 P:E5 SP:F9  CYC:17519
> FA5B  F0 08     BEQ $FA65                       A:F0 X:02 Y:A0 P:E5 SP:F9  CYC:17521
> FA5D  10 06     BPL $FA65                       A:F0 X:02 Y:A0 P:E5 SP:F9  CYC:17523
> FA5F  90 04     BCC $FA65                       A:F0 X:02 Y:A0 P:E5 SP:F9  CYC:17525
> FA61  C9 F0     CMP #$F0                        A:F0 X:02 Y:A0 P:E5 SP:F9  CYC:17527
> FA63  F0 02     BEQ $FA67                       A:F0 X:02 Y:A0 P:67 SP:F9  CYC:17529
> FA67  60        RTS                             A:F0 X:02 Y:A0 P:67 SP:F9  CYC:17532
> EA74  AD 47 06  LDA $0647 = 36                  A:F0 X:02 Y:A0 P:67 SP:FB  CYC:17538
> EA77  C9 36     CMP #$36                        A:36 X:02 Y:A0 P:65 SP:FB  CYC:17542
> EA79  F0 02     BEQ $EA7D                       A:36 X:02 Y:A0 P:67 SP:FB  CYC:17544
> EA7D  A0 A1     LDY #$A1                        A:36 X:02 Y:A0 P:67 SP:FB  CYC:17547
> EA7F  A2 FF     LDX #$FF                        A:36 X:02 Y:A1 P:E5 SP:FB  CYC:17549
> EA81  A9 EB     LDA #$EB                        A:36 X:FF Y:A1 P:E5 SP:FB  CYC:17551
> EA83  85 47     STA $47 = 36                    A:EB X:FF Y:A1 P:E5 SP:FB  CYC:17553
> EA85  20 31 FA  JSR $FA31                       A:EB X:FF Y:A1 P:E5 SP:FB  CYC:17556
> FA31  24 01     BIT $01 = FF                    A:EB X:FF Y:A1 P:E5 SP:F9  CYC:17562
> FA33  18        CLC                             A:EB X:FF Y:A1 P:E5 SP:F9  CYC:17565
> FA34  A9 40     LDA #$40                        A:EB X:FF Y:A1 P:E4 SP:F9  CYC:17567
> FA36  60        RTS                             A:40 X:FF Y:A1 P:64 SP:F9  CYC:17569
> EA88  D7 48    *DCP $48,X @ 47 = EB             A:40 X:FF Y:A1 P:64 SP:FB  CYC:17575
> EA8A  EA        NOP                             A:40 X:FF Y:A1 P:64 SP:FB  CYC:17581
> EA8B  EA        NOP                             A:40 X:FF Y:A1 P:64 SP:FB  CYC:17583
> EA8C  EA        NOP                             A:40 X:FF Y:A1 P:64 SP:FB  CYC:17585
> EA8D  EA        NOP                             A:40 X:FF Y:A1 P:64 SP:FB  CYC:17587
> EA8E  20 37 FA  JSR $FA37                       A:40 X:FF Y:A1 P:64 SP:FB  CYC:17589
> FA37  50 2C     BVC $FA65                       A:40 X:FF Y:A1 P:64 SP:F9  CYC:17595
> FA39  B0 2A     BCS $FA65                       A:40 X:FF Y:A1 P:64 SP:F9  CYC:17597
> FA3B  30 28     BMI $FA65                       A:40 X:FF Y:A1 P:64 SP:F9  CYC:17599
> FA3D  C9 40     CMP #$40                        A:40 X:FF Y:A1 P:64 SP:F9  CYC:17601
> FA3F  D0 24     BNE $FA65                       A:40 X:FF Y:A1 P:67 SP:F9  CYC:17603
> FA41  60        RTS                             A:40 X:FF Y:A1 P:67 SP:F9  CYC:17605
> EA91  A5 47     LDA $47 = EA                    A:40 X:FF Y:A1 P:67 SP:FB  CYC:17611
> EA93  C9 EA     CMP #$EA                        A:EA X:FF Y:A1 P:E5 SP:FB  CYC:17614
> EA95  F0 02     BEQ $EA99                       A:EA X:FF Y:A1 P:67 SP:FB  CYC:17616
> EA99  C8        INY                             A:EA X:FF Y:A1 P:67 SP:FB  CYC:17619
> EA9A  A9 00     LDA #$00                        A:EA X:FF Y:A2 P:E5 SP:FB  CYC:17621
> EA9C  85 47     STA $47 = EA                    A:00 X:FF Y:A2 P:67 SP:FB  CYC:17623
> EA9E  20 42 FA  JSR $FA42                       A:00 X:FF Y:A2 P:67 SP:FB  CYC:17626
> FA42  B8        CLV                             A:00 X:FF Y:A2 P:67 SP:F9  CYC:17632
> FA43  38        SEC                             A:00 X:FF Y:A2 P:27 SP:F9  CYC:17634
> FA44  A9 FF     LDA #$FF                        A:00 X:FF Y:A2 P:27 SP:F9  CYC:17636
> FA46  60        RTS                             A:FF X:FF Y:A2 P:A5 SP:F9  CYC:17638
> EAA1  D7 48    *DCP $48,X @ 47 = 00             A:FF X:FF Y:A2 P:A5 SP:FB  CYC:17644
> EAA3  EA        NOP                             A:FF X:FF Y:A2 P:27 SP:FB  CYC:17650
> EAA4  EA        NOP                             A:FF X:FF Y:A2 P:27 SP:FB  CYC:17652
> EAA5  EA        NOP                             A:FF X:FF Y:A2 P:27 SP:FB  CYC:17654
> EAA6  EA        NOP                             A:FF X:FF Y:A2 P:27 SP:FB  CYC:17656
> EAA7  20 47 FA  JSR $FA47                       A:FF X:FF Y:A2 P:27 SP:FB  CYC:17658
> FA47  70 1C     BVS $FA65                       A:FF X:FF Y:A2 P:27 SP:F9  CYC:17664
> FA49  D0 1A     BNE $FA65                       A:FF X:FF Y:A2 P:27 SP:F9  CYC:17666
> FA4B  30 18     BMI $FA65                       A:FF X:FF Y:A2 P:27 SP:F9  CYC:17668
> FA4D  90 16     BCC $FA65                       A:FF X:FF Y:A2 P:27 SP:F9  CYC:17670
> FA4F  C9 FF     CMP #$FF                        A:FF X:FF Y:A2 P:27 SP:F9  CYC:17672
> FA51  D0 12     BNE $FA65                       A:FF X:FF Y:A2 P:27 SP:F9  CYC:17674
> FA53  60        RTS                             A:FF X:FF Y:A2 P:27 SP:F9  CYC:17676
> EAAA  A5 47     LDA $47 = FF                    A:FF X:FF Y:A2 P:27 SP:FB  CYC:17682
> EAAC  C9 FF     CMP #$FF                        A:FF X:FF Y:A2 P:A5 SP:FB  CYC:17685
> EAAE  F0 02     BEQ $EAB2                       A:FF X:FF Y:A2 P:27 SP:FB  CYC:17687
> EAB2  C8        INY                             A:FF X:FF Y:A2 P:27 SP:FB  CYC:17690
> EAB3  A9 37     LDA #$37                        A:FF X:FF Y:A3 P:A5 SP:FB  CYC:17692
> EAB5  85 47     STA $47 = FF                    A:37 X:FF Y:A3 P:25 SP:FB  CYC:17694
> EAB7  20 54 FA  JSR $FA54                       A:37 X:FF Y:A3 P:25 SP:FB  CYC:17697
> FA54  24 01     BIT $01 = FF                    A:37 X:FF Y:A3 P:25 SP:F9  CYC:17703
> FA56  A9 F0     LDA #$F0                        A:37 X:FF Y:A3 P:E5 SP:F9  CYC:17706
> FA58  60        RTS                             A:F0 X:FF Y:A3 P:E5 SP:F9  CYC:17708
> EABA  D7 48    *DCP $48,X @ 47 = 37             A:F0 X:FF Y:A3 P:E5 SP:FB  CYC:17714
> EABC  EA        NOP                             A:F0 X:FF Y:A3 P:E5 SP:FB  CYC:17720
> EABD  EA        NOP                             A:F0 X:FF Y:A3 P:E5 SP:FB  CYC:17722
> EABE  EA        NOP                             A:F0 X:FF Y:A3 P:E5 SP:FB  CYC:17724
> EABF  EA        NOP                             A:F0 X:FF Y:A3 P:E5 SP:FB  CYC:17726
> EAC0  20 59 FA  JSR $FA59                       A:F0 X:FF Y:A3 P:E5 SP:FB  CYC:17728
> FA59  50 0A     BVC $FA65                       A:F0 X:FF Y:A3 P:E5 SP:F9  CYC:17734
> FA5B  F0 08     BEQ $FA65                       A:F0 X:FF Y:A3 P:E5 SP:F9  CYC:17736
> FA5D  10 06     BPL $FA65                       A:F0 X:FF Y:A3 P:E5 SP:F9  CYC:17738
> FA5F  90 04     BCC $FA65                       A:F0 X:FF Y:A3 P:E5 SP:F9  CYC:17740
> FA61  C9 F0     CMP #$F0                        A:F0 X:FF Y:A3 P:E5 SP:F9  CYC:17742
> FA63  F0 02     BEQ $FA67                       A:F0 X:FF Y:A3 P:67 SP:F9  CYC:17744
> FA67  60        RTS                             A:F0 X:FF Y:A3 P:67 SP:F9  CYC:17747
> EAC3  A5 47     LDA $47 = 36                    A:F0 X:FF Y:A3 P:67 SP:FB  CYC:17753
> EAC5  C9 36     CMP #$36                        A:36 X:FF Y:A3 P:65 SP:FB  CYC:17756
> EAC7  F0 02     BEQ $EACB                       A:36 X:FF Y:A3 P:67 SP:FB  CYC:17758
> EACB  A9 EB     LDA #$EB                        A:36 X:FF Y:A3 P:67 SP:FB  CYC:17761
> EACD  8D 47 06  STA $0647 = 36                  A:EB X:FF Y:A3 P:E5 SP:FB  CYC:17763
> EAD0  A0 FF     LDY #$FF                        A:EB X:FF Y:A3 P:E5 SP:FB  CYC:17767
> EAD2  20 31 FA  JSR $FA31                       A:EB X:FF Y:FF P:E5 SP:FB  CYC:17769
> FA31  24 01     BIT $01 = FF                    A:EB X:FF Y:FF P:E5 SP:F9  CYC:17775
> FA33  18        CLC                             A:EB X:FF Y:FF P:E5 SP:F9  CYC:17778
> FA34  A9 40     LDA #$40                        A:EB X:FF Y:FF P:E4 SP:F9  CYC:17780
> FA36  60        RTS                             A:40 X:FF Y:FF P:64 SP:F9  CYC:17782
> EAD5  DB 48 05 *DCP $0548,Y @ 0647 = EB         A:40 X:FF Y:FF P:64 SP:FB  CYC:17788
> EAD8  EA        NOP                             A:40 X:FF Y:FF P:64 SP:FB  CYC:17795
> EAD9  EA        NOP                             A:40 X:FF Y:FF P:64 SP:FB  CYC:17797
> EADA  08        PHP                             A:40 X:FF Y:FF P:64 SP:FB  CYC:17799
> EADB  48        PHA                             A:40 X:FF Y:FF P:64 SP:FA  CYC:17802
> EADC  A0 A4     LDY #$A4                        A:40 X:FF Y:FF P:64 SP:F9  CYC:17805
> EADE  68        PLA                             A:40 X:FF Y:A4 P:E4 SP:F9  CYC:17807
> EADF  28        PLP                             A:40 X:FF Y:A4 P:64 SP:FA  CYC:17811
> EAE0  20 37 FA  JSR $FA37                       A:40 X:FF Y:A4 P:64 SP:FB  CYC:17815
> FA37  50 2C     BVC $FA65                       A:40 X:FF Y:A4 P:64 SP:F9  CYC:17821
> FA39  B0 2A     BCS $FA65                       A:40 X:FF Y:A4 P:64 SP:F9  CYC:17823
> FA3B  30 28     BMI $FA65                       A:40 X:FF Y:A4 P:64 SP:F9  CYC:17825
> FA3D  C9 40     CMP #$40                        A:40 X:FF Y:A4 P:64 SP:F9  CYC:17827
> FA3F  D0 24     BNE $FA65                       A:40 X:FF Y:A4 P:67 SP:F9  CYC:17829
> FA41  60        RTS                             A:40 X:FF Y:A4 P:67 SP:F9  CYC:17831
> EAE3  AD 47 06  LDA $0647 = EA                  A:40 X:FF Y:A4 P:67 SP:FB  CYC:17837
> EAE6  C9 EA     CMP #$EA                        A:EA X:FF Y:A4 P:E5 SP:FB  CYC:17841
> EAE8  F0 02     BEQ $EAEC                       A:EA X:FF Y:A4 P:67 SP:FB  CYC:17843
> EAEC  A0 FF     LDY #$FF                        A:EA X:FF Y:A4 P:67 SP:FB  CYC:17846
> EAEE  A9 00     LDA #$00                        A:EA X:FF Y:FF P:E5 SP:FB  CYC:17848
> EAF0  8D 47 06  STA $0647 = EA                  A:00 X:FF Y:FF P:67 SP:FB  CYC:17850
> EAF3  20 42 FA  JSR $FA42                       A:00 X:FF Y:FF P:67 SP:FB  CYC:17854
> FA42  B8        CLV                             A:00 X:FF Y:FF P:67 SP:F9  CYC:17860
> FA43  38        SEC                             A:00 X:FF Y:FF P:27 SP:F9  CYC:17862
> FA44  A9 FF     LDA #$FF                        A:00 X:FF Y:FF P:27 SP:F9  CYC:17864
> FA46  60        RTS                             A:FF X:FF Y:FF P:A5 SP:F9  CYC:17866
> EAF6  DB 48 05 *DCP $0548,Y @ 0647 = 00         A:FF X:FF Y:FF P:A5 SP:FB  CYC:17872
> EAF9  EA        NOP                             A:FF X:FF Y:FF P:27 SP:FB  CYC:17879
> EAFA  EA        NOP                             A:FF X:FF Y:FF P:27 SP:FB  CYC:17881
> EAFB  08        PHP                             A:FF X:FF Y:FF P:27 SP:FB  CYC:17883
> EAFC  48        PHA                             A:FF X:FF Y:FF P:27 SP:FA  CYC:17886
> EAFD  A0 A5     LDY #$A5                        A:FF X:FF Y:FF P:27 SP:F9  CYC:17889
> EAFF  68        PLA                             A:FF X:FF Y:A5 P:A5 SP:F9  CYC:17891
> EB00  28        PLP                             A:FF X:FF Y:A5 P:A5 SP:FA  CYC:17895
> EB01  20 47 FA  JSR $FA47                       A:FF X:FF Y:A5 P:27 SP:FB  CYC:17899
> FA47  70 1C     BVS $FA65                       A:FF X:FF Y:A5 P:27 SP:F9  CYC:17905
> FA49  D0 1A     BNE $FA65                       A:FF X:FF Y:A5 P:27 SP:F9  CYC:17907
> FA4B  30 18     BMI $FA65                       A:FF X:FF Y:A5 P:27 SP:F9  CYC:17909
> FA4D  90 16     BCC $FA65                       A:FF X:FF Y:A5 P:27 SP:F9  CYC:17911
> FA4F  C9 FF     CMP #$FF                        A:FF X:FF Y:A5 P:27 SP:F9  CYC:17913
> FA51  D0 12     BNE $FA65                       A:FF X:FF Y:A5 P:27 SP:F9  CYC:17915
> FA53  60        RTS                             A:FF X:FF Y:A5 P:27 SP:F9  CYC:17917
> EB04  AD 47 06  LDA $0647 = FF                  A:FF X:FF Y:A5 P:27 SP:FB  CYC:17923
> EB07  C9 FF     CMP #$FF                        A:FF X:FF Y:A5 P:A5 SP:FB  CYC:17927
> EB09  F0 02     BEQ $EB0D                       A:FF X:FF Y:A5 P:27 SP:FB  CYC:17929
> EB0D  A0 FF     LDY #$FF                        A:FF X:FF Y:A5 P:27 SP:FB  CYC:17932
> EB0F  A9 37     LDA #$37                        A:FF X:FF Y:FF P:A5 SP:FB  CYC:17934
> EB11  8D 47 06  STA $0647 = FF                  A:37 X:FF Y:FF P:25 SP:FB  CYC:17936
> EB14  20 54 FA  JSR $FA54                       A:37 X:FF Y:FF P:25 SP:FB  CYC:17940
> FA54  24 01     BIT $01 = FF                    A:37 X:FF Y:FF P:25 SP:F9  CYC:17946
> FA56  A9 F0     LDA #$F0                        A:37 X:FF Y:FF P:E5 SP:F9  CYC:17949
> FA58  60        RTS                             A:F0 X:FF Y:FF P:E5 SP:F9  CYC:17951
> EB17  DB 48 05 *DCP $0548,Y @ 0647 = 37         A:F0 X:FF Y:FF P:E5 SP:FB  CYC:17957
> EB1A  EA        NOP                             A:F0 X:FF Y:FF P:E5 SP:FB  CYC:17964
> EB1B  EA        NOP                             A:F0 X:FF Y:FF P:E5 SP:FB  CYC:17966
> EB1C  08        PHP                             A:F0 X:FF Y:FF P:E5 SP:FB  CYC:17968
> EB1D  48        PHA                             A:F0 X:FF Y:FF P:E5 SP:FA  CYC:17971
> EB1E  A0 A6     LDY #$A6                        A:F0 X:FF Y:FF P:E5 SP:F9  CYC:17974
> EB20  68        PLA                             A:F0 X:FF Y:A6 P:E5 SP:F9  CYC:17976
> EB21  28        PLP                             A:F0 X:FF Y:A6 P:E5 SP:FA  CYC:17980
> EB22  20 59 FA  JSR $FA59                       A:F0 X:FF Y:A6 P:E5 SP:FB  CYC:17984
> FA59  50 0A     BVC $FA65                       A:F0 X:FF Y:A6 P:E5 SP:F9  CYC:17990
> FA5B  F0 08     BEQ $FA65                       A:F0 X:FF Y:A6 P:E5 SP:F9  CYC:17992
> FA5D  10 06     BPL $FA65                       A:F0 X:FF Y:A6 P:E5 SP:F9  CYC:17994
> FA5F  90 04     BCC $FA65                       A:F0 X:FF Y:A6 P:E5 SP:F9  CYC:17996
> FA61  C9 F0     CMP #$F0                        A:F0 X:FF Y:A6 P:E5 SP:F9  CYC:17998
> FA63  F0 02     BEQ $FA67                       A:F0 X:FF Y:A6 P:67 SP:F9  CYC:18000
> FA67  60        RTS                             A:F0 X:FF Y:A6 P:67 SP:F9  CYC:18003
> EB25  AD 47 06  LDA $0647 = 36                  A:F0 X:FF Y:A6 P:67 SP:FB  CYC:18009
> EB28  C9 36     CMP #$36                        A:36 X:FF Y:A6 P:65 SP:FB  CYC:18013
> EB2A  F0 02     BEQ $EB2E                       A:36 X:FF Y:A6 P:67 SP:FB  CYC:18015
> EB2E  A0 A7     LDY #$A7                        A:36 X:FF Y:A6 P:67 SP:FB  CYC:18018
> EB30  A2 FF     LDX #$FF                        A:36 X:FF Y:A7 P:E5 SP:FB  CYC:18020
> EB32  A9 EB     LDA #$EB                        A:36 X:FF Y:A7 P:E5 SP:FB  CYC:18022
> EB34  8D 47 06  STA $0647 = 36                  A:EB X:FF Y:A7 P:E5 SP:FB  CYC:18024
> EB37  20 31 FA  JSR $FA31                       A:EB X:FF Y:A7 P:E5 SP:FB  CYC:18028
> FA31  24 01     BIT $01 = FF                    A:EB X:FF Y:A7 P:E5 SP:F9  CYC:18034
> FA33  18        CLC                             A:EB X:FF Y:A7 P:E5 SP:F9  CYC:18037
> FA34  A9 40     LDA #$40                        A:EB X:FF Y:A7 P:E4 SP:F9  CYC:18039
> FA36  60        RTS                             A:40 X:FF Y:A7 P:64 SP:F9  CYC:18041
> EB3A  DF 48 05 *DCP $0548,X @ 0647 = EB         A:40 X:FF Y:A7 P:64 SP:FB  CYC:18047
> EB3D  EA        NOP                             A:40 X:FF Y:A7 P:64 SP:FB  CYC:18054
> EB3E  EA        NOP                             A:40 X:FF Y:A7 P:64 SP:FB  CYC:18056
> EB3F  EA        NOP                             A:40 X:FF Y:A7 P:64 SP:FB  CYC:18058
> EB40  EA        NOP                             A:40 X:FF Y:A7 P:64 SP:FB  CYC:18060
> EB41  20 37 FA  JSR $FA37                       A:40 X:FF Y:A7 P:64 SP:FB  CYC:18062
> FA37  50 2C     BVC $FA65                       A:40 X:FF Y:A7 P:64 SP:F9  CYC:18068
> FA39  B0 2A     BCS $FA65                       A:40 X:FF Y:A7 P:64 SP:F9  CYC:18070
> FA3B  30 28     BMI $FA65                       A:40 X:FF Y:A7 P:64 SP:F9  CYC:18072
> FA3D  C9 40     CMP #$40                        A:40 X:FF Y:A7 P:64 SP:F9  CYC:18074
> FA3F  D0 24     BNE $FA65                       A:40 X:FF Y:A7 P:67 SP:F9  CYC:18076
> FA41  60        RTS                             A:40 X:FF Y:A7 P:67 SP:F9  CYC:18078
> EB44  AD 47 06  LDA $0647 = EA                  A:40 X:FF Y:A7 P:67 SP:FB  CYC:18084
> EB47  C9 EA     CMP #$EA                        A:EA X:FF Y:A7 P:E5 SP:FB  CYC:18088
> EB49  F0 02     BEQ $EB4D                       A:EA X:FF Y:A7 P:67 SP:FB  CYC:18090
> EB4D  C8        INY                             A:EA X:FF Y:A7 P:67 SP:FB  CYC:18093
> EB4E  A9 00     LDA #$00                        A:EA X:FF Y:A8 P:E5 SP:FB  CYC:18095
> EB50  8D 47 06  STA $0647 = EA                  A:00 X:FF Y:A8 P:67 SP:FB  CYC:18097
> EB53  20 42 FA  JSR $FA42                       A:00 X:FF Y:A8 P:67 SP:FB  CYC:18101
> FA42  B8        CLV                             A:00 X:FF Y:A8 P:67 SP:F9  CYC:18107
> FA43  38        SEC                             A:00 X:FF Y:A8 P:27 SP:F9  CYC:18109
> FA44  A9 FF     LDA #$FF                        A:00 X:FF Y:A8 P:27 SP:F9  CYC:18111
> FA46  60        RTS                             A:FF X:FF Y:A8 P:A5 SP:F9  CYC:18113
> EB56  DF 48 05 *DCP $0548,X @ 0647 = 00         A:FF X:FF Y:A8 P:A5 SP:FB  CYC:18119
> EB59  EA        NOP                             A:FF X:FF Y:A8 P:27 SP:FB  CYC:18126
> EB5A  EA        NOP                             A:FF X:FF Y:A8 P:27 SP:FB  CYC:18128
> EB5B  EA        NOP                             A:FF X:FF Y:A8 P:27 SP:FB  CYC:18130
> EB5C  EA        NOP                             A:FF X:FF Y:A8 P:27 SP:FB  CYC:18132
> EB5D  20 47 FA  JSR $FA47                       A:FF X:FF Y:A8 P:27 SP:FB  CYC:18134
> FA47  70 1C     BVS $FA65                       A:FF X:FF Y:A8 P:27 SP:F9  CYC:18140
> FA49  D0 1A     BNE $FA65                       A:FF X:FF Y:A8 P:27 SP:F9  CYC:18142
> FA4B  30 18     BMI $FA65                       A:FF X:FF Y:A8 P:27 SP:F9  CYC:18144
> FA4D  90 16     BCC $FA65                       A:FF X:FF Y:A8 P:27 SP:F9  CYC:18146
> FA4F  C9 FF     CMP #$FF                        A:FF X:FF Y:A8 P:27 SP:F9  CYC:18148
> FA51  D0 12     BNE $FA65                       A:FF X:FF Y:A8 P:27 SP:F9  CYC:18150
> FA53  60        RTS                             A:FF X:FF Y:A8 P:27 SP:F9  CYC:18152
> EB60  AD 47 06  LDA $0647 = FF                  A:FF X:FF Y:A8 P:27 SP:FB  CYC:18158
> EB63  C9 FF     CMP #$FF                        A:FF X:FF Y:A8 P:A5 SP:FB  CYC:18162
> EB65  F0 02     BEQ $EB69                       A:FF X:FF Y:A8 P:27 SP:FB  CYC:18164
> EB69  C8        INY                             A:FF X:FF Y:A8 P:27 SP:FB  CYC:18167
> EB6A  A9 37     LDA #$37                        A:FF X:FF Y:A9 P:A5 SP:FB  CYC:18169
> EB6C  8D 47 06  STA $0647 = FF                  A:37 X:FF Y:A9 P:25 SP:FB  CYC:18171
> EB6F  20 54 FA  JSR $FA54                       A:37 X:FF Y:A9 P:25 SP:FB  CYC:18175
> FA54  24 01     BIT $01 = FF                    A:37 X:FF Y:A9 P:25 SP:F9  CYC:18181
> FA56  A9 F0     LDA #$F0                        A:37 X:FF Y:A9 P:E5 SP:F9  CYC:18184
> FA58  60        RTS                             A:F0 X:FF Y:A9 P:E5 SP:F9  CYC:18186
> EB72  DF 48 05 *DCP $0548,X @ 0647 = 37         A:F0 X:FF Y:A9 P:E5 SP:FB  CYC:18192
> EB75  EA        NOP                             A:F0 X:FF Y:A9 P:E5 SP:FB  CYC:18199
> EB76  EA        NOP                             A:F0 X:FF Y:A9 P:E5 SP:FB  CYC:18201
> EB77  EA        NOP                             A:F0 X:FF Y:A9 P:E5 SP:FB  CYC:18203
> EB78  EA        NOP                             A:F0 X:FF Y:A9 P:E5 SP:FB  CYC:18205
> EB79  20 59 FA  JSR $FA59                       A:F0 X:FF Y:A9 P:E5 SP:FB  CYC:18207
> FA59  50 0A     BVC $FA65                       A:F0 X:FF Y:A9 P:E5 SP:F9  CYC:18213
> FA5B  F0 08     BEQ $FA65                       A:F0 X:FF Y:A9 P:E5 SP:F9  CYC:18215
> FA5D  10 06     BPL $FA65                       A:F0 X:FF Y:A9 P:E5 SP:F9  CYC:18217
> FA5F  90 04     BCC $FA65                       A:F0 X:FF Y:A9 P:E5 SP:F9  CYC:18219
> FA61  C9 F0     CMP #$F0                        A:F0 X:FF Y:A9 P:E5 SP:F9  CYC:18221
> FA63  F0 02     BEQ $FA67                       A:F0 X:FF Y:A9 P:67 SP:F9  CYC:18223
> FA67  60        RTS                             A:F0 X:FF Y:A9 P:67 SP:F9  CYC:18226
> EB7C  AD 47 06  LDA $0647 = 36                  A:F0 X:FF Y:A9 P:67 SP:FB  CYC:18232
> EB7F  C9 36     CMP #$36                        A:36 X:FF Y:A9 P:65 SP:FB  CYC:18236
> EB81  F0 02     BEQ $EB85                       A:36 X:FF Y:A9 P:67 SP:FB  CYC:18238
> EB85  60        RTS                             A:36 X:FF Y:A9 P:67 SP:FB  CYC:18241
> C63E  20 86 EB  JSR $EB86                       A:36 X:FF Y:A9 P:67 SP:FD  CYC:18247
> EB86  A9 FF     LDA #$FF                        A:36 X:FF Y:A9 P:67 SP:FB  CYC:18253
> EB88  85 01     STA $01 = FF                    A:FF X:FF Y:A9 P:E5 SP:FB  CYC:18255
> EB8A  A0 AA     LDY #$AA                        A:FF X:FF Y:A9 P:E5 SP:FB  CYC:18258
> EB8C  A2 02     LDX #$02                        A:FF X:FF Y:AA P:E5 SP:FB  CYC:18260
> EB8E  A9 47     LDA #$47                        A:FF X:02 Y:AA P:65 SP:FB  CYC:18262
> EB90  85 47     STA $47 = 36                    A:47 X:02 Y:AA P:65 SP:FB  CYC:18264
> EB92  A9 06     LDA #$06                        A:47 X:02 Y:AA P:65 SP:FB  CYC:18267
> EB94  85 48     STA $48 = 06                    A:06 X:02 Y:AA P:65 SP:FB  CYC:18269
> EB96  A9 EB     LDA #$EB                        A:06 X:02 Y:AA P:65 SP:FB  CYC:18272
> EB98  8D 47 06  STA $0647 = 36                  A:EB X:02 Y:AA P:E5 SP:FB  CYC:18274
> EB9B  20 B1 FA  JSR $FAB1                       A:EB X:02 Y:AA P:E5 SP:FB  CYC:18278
> FAB1  24 01     BIT $01 = FF                    A:EB X:02 Y:AA P:E5 SP:F9  CYC:18284
> FAB3  18        CLC                             A:EB X:02 Y:AA P:E5 SP:F9  CYC:18287
> FAB4  A9 40     LDA #$40                        A:EB X:02 Y:AA P:E4 SP:F9  CYC:18289
> FAB6  60        RTS                             A:40 X:02 Y:AA P:64 SP:F9  CYC:18291
> EB9E  E3 45    *ISB ($45,X) @ 47 = 0647 = EB    A:40 X:02 Y:AA P:64 SP:FB  CYC:18297
> EBA0  EA        NOP                             A:53 X:02 Y:AA P:24 SP:FB  CYC:18305
> EBA1  EA        NOP                             A:53 X:02 Y:AA P:24 SP:FB  CYC:18307
> EBA2  EA        NOP                             A:53 X:02 Y:AA P:24 SP:FB  CYC:18309
> EBA3  EA        NOP                             A:53 X:02 Y:AA P:24 SP:FB  CYC:18311
> EBA4  20 B7 FA  JSR $FAB7                       A:53 X:02 Y:AA P:24 SP:FB  CYC:18313
> FAB7  70 2D     BVS $FAE6                       A:53 X:02 Y:AA P:24 SP:F9  CYC:18319
> FAB9  B0 2B     BCS $FAE6                       A:53 X:02 Y:AA P:24 SP:F9  CYC:18321
> FABB  30 29     BMI $FAE6                       A:53 X:02 Y:AA P:24 SP:F9  CYC:18323
> FABD  C9 53     CMP #$53                        A:53 X:02 Y:AA P:24 SP:F9  CYC:18325
> FABF  D0 25     BNE $FAE6                       A:53 X:02 Y:AA P:27 SP:F9  CYC:18327
> FAC1  60        RTS                             A:53 X:02 Y:AA P:27 SP:F9  CYC:18329
> EBA7  AD 47 06  LDA $0647 = EC                  A:53 X:02 Y:AA P:27 SP:FB  CYC:18335
> EBAA  C9 EC     CMP #$EC                        A:EC X:02 Y:AA P:A5 SP:FB  CYC:18339
> EBAC  F0 02     BEQ $EBB0                       A:EC X:02 Y:AA P:27 SP:FB  CYC:18341
> EBB0  C8        INY                             A:EC X:02 Y:AA P:27 SP:FB  CYC:18344
> EBB1  A9 FF     LDA #$FF                        A:EC X:02 Y:AB P:A5 SP:FB  CYC:18346
> EBB3  8D 47 06  STA $0647 = EC                  A:FF X:02 Y:AB P:A5 SP:FB  CYC:18348
> EBB6  20 C2 FA  JSR $FAC2                       A:FF X:02 Y:AB P:A5 SP:FB  CYC:18352
> FAC2  B8        CLV                             A:FF X:02 Y:AB P:A5 SP:F9  CYC:18358
> FAC3  38        SEC                             A:FF X:02 Y:AB P:A5 SP:F9  CYC:18360
> FAC4  A9 FF     LDA #$FF                        A:FF X:02 Y:AB P:A5 SP:F9  CYC:18362
> FAC6  60        RTS                             A:FF X:02 Y:AB P:A5 SP:F9  CYC:18364
> EBB9  E3 45    *ISB ($45,X) @ 47 = 0647 = FF    A:FF X:02 Y:AB P:A5 SP:FB  CYC:18370
> EBBB  EA        NOP                             A:FF X:02 Y:AB P:A5 SP:FB  CYC:18378
> EBBC  EA        NOP                             A:FF X:02 Y:AB P:A5 SP:FB  CYC:18380
> EBBD  EA        NOP                             A:FF X:02 Y:AB P:A5 SP:FB  CYC:18382
> EBBE  EA        NOP                             A:FF X:02 Y:AB P:A5 SP:FB  CYC:18384
> EBBF  20 C7 FA  JSR $FAC7                       A:FF X:02 Y:AB P:A5 SP:FB  CYC:18386
> FAC7  70 1D     BVS $FAE6                       A:FF X:02 Y:AB P:A5 SP:F9  CYC:18392
> FAC9  F0 1B     BEQ $FAE6                       A:FF X:02 Y:AB P:A5 SP:F9  CYC:18394
> FACB  10 19     BPL $FAE6                       A:FF X:02 Y:AB P:A5 SP:F9  CYC:18396
> FACD  90 17     BCC $FAE6                       A:FF X:02 Y:AB P:A5 SP:F9  CYC:18398
> FACF  C9 FF     CMP #$FF                        A:FF X:02 Y:AB P:A5 SP:F9  CYC:18400
> FAD1  D0 13     BNE $FAE6                       A:FF X:02 Y:AB P:27 SP:F9  CYC:18402
> FAD3  60        RTS                             A:FF X:02 Y:AB P:27 SP:F9  CYC:18404
> EBC2  AD 47 06  LDA $0647 = 00                  A:FF X:02 Y:AB P:27 SP:FB  CYC:18410
> EBC5  C9 00     CMP #$00                        A:00 X:02 Y:AB P:27 SP:FB  CYC:18414
> EBC7  F0 02     BEQ $EBCB                       A:00 X:02 Y:AB P:27 SP:FB  CYC:18416
> EBCB  C8        INY                             A:00 X:02 Y:AB P:27 SP:FB  CYC:18419
> EBCC  A9 37     LDA #$37                        A:00 X:02 Y:AC P:A5 SP:FB  CYC:18421
> EBCE  8D 47 06  STA $0647 = 00                  A:37 X:02 Y:AC P:25 SP:FB  CYC:18423
> EBD1  20 D4 FA  JSR $FAD4                       A:37 X:02 Y:AC P:25 SP:FB  CYC:18427
> FAD4  24 01     BIT $01 = FF                    A:37 X:02 Y:AC P:25 SP:F9  CYC:18433
> FAD6  38        SEC                             A:37 X:02 Y:AC P:E5 SP:F9  CYC:18436
> FAD7  A9 F0     LDA #$F0                        A:37 X:02 Y:AC P:E5 SP:F9  CYC:18438
> FAD9  60        RTS                             A:F0 X:02 Y:AC P:E5 SP:F9  CYC:18440
> EBD4  E3 45    *ISB ($45,X) @ 47 = 0647 = 37    A:F0 X:02 Y:AC P:E5 SP:FB  CYC:18446
> EBD6  EA        NOP                             A:B8 X:02 Y:AC P:A5 SP:FB  CYC:18454
> EBD7  EA        NOP                             A:B8 X:02 Y:AC P:A5 SP:FB  CYC:18456
> EBD8  EA        NOP                             A:B8 X:02 Y:AC P:A5 SP:FB  CYC:18458
> EBD9  EA        NOP                             A:B8 X:02 Y:AC P:A5 SP:FB  CYC:18460
> EBDA  20 DA FA  JSR $FADA                       A:B8 X:02 Y:AC P:A5 SP:FB  CYC:18462
> FADA  70 0A     BVS $FAE6                       A:B8 X:02 Y:AC P:A5 SP:F9  CYC:18468
> FADC  F0 08     BEQ $FAE6                       A:B8 X:02 Y:AC P:A5 SP:F9  CYC:18470
> FADE  10 06     BPL $FAE6                       A:B8 X:02 Y:AC P:A5 SP:F9  CYC:18472
> FAE0  90 04     BCC $FAE6                       A:B8 X:02 Y:AC P:A5 SP:F9  CYC:18474
> FAE2  C9 B8     CMP #$B8                        A:B8 X:02 Y:AC P:A5 SP:F9  CYC:18476
> FAE4  F0 02     BEQ $FAE8                       A:B8 X:02 Y:AC P:27 SP:F9  CYC:18478
> FAE8  60        RTS                             A:B8 X:02 Y:AC P:27 SP:F9  CYC:18481
> EBDD  AD 47 06  LDA $0647 = 38                  A:B8 X:02 Y:AC P:27 SP:FB  CYC:18487
> EBE0  C9 38     CMP #$38                        A:38 X:02 Y:AC P:25 SP:FB  CYC:18491
> EBE2  F0 02     BEQ $EBE6                       A:38 X:02 Y:AC P:27 SP:FB  CYC:18493
> EBE6  C8        INY                             A:38 X:02 Y:AC P:27 SP:FB  CYC:18496
> EBE7  A9 EB     LDA #$EB                        A:38 X:02 Y:AD P:A5 SP:FB  CYC:18498
> EBE9  85 47     STA $47 = 47                    A:EB X:02 Y:AD P:A5 SP:FB  CYC:18500
> EBEB  20 B1 FA  JSR $FAB1                       A:EB X:02 Y:AD P:A5 SP:FB  CYC:18503
> FAB1  24 01     BIT $01 = FF                    A:EB X:02 Y:AD P:A5 SP:F9  CYC:18509
> FAB3  18        CLC                             A:EB X:02 Y:AD P:E5 SP:F9  CYC:18512
> FAB4  A9 40     LDA #$40                        A:EB X:02 Y:AD P:E4 SP:F9  CYC:18514
> FAB6  60        RTS                             A:40 X:02 Y:AD P:64 SP:F9  CYC:18516
> EBEE  E7 47    *ISB $47 = EB                    A:40 X:02 Y:AD P:64 SP:FB  CYC:18522
> EBF0  EA        NOP                             A:53 X:02 Y:AD P:24 SP:FB  CYC:18527
> EBF1  EA        NOP                             A:53 X:02 Y:AD P:24 SP:FB  CYC:18529
> EBF2  EA        NOP                             A:53 X:02 Y:AD P:24 SP:FB  CYC:18531
> EBF3  EA        NOP                             A:53 X:02 Y:AD P:24 SP:FB  CYC:18533
> EBF4  20 B7 FA  JSR $FAB7                       A:53 X:02 Y:AD P:24 SP:FB  CYC:18535
> FAB7  70 2D     BVS $FAE6                       A:53 X:02 Y:AD P:24 SP:F9  CYC:18541
> FAB9  B0 2B     BCS $FAE6                       A:53 X:02 Y:AD P:24 SP:F9  CYC:18543
> FABB  30 29     BMI $FAE6                       A:53 X:02 Y:AD P:24 SP:F9  CYC:18545
> FABD  C9 53     CMP #$53                        A:53 X:02 Y:AD P:24 SP:F9  CYC:18547
> FABF  D0 25     BNE $FAE6                       A:53 X:02 Y:AD P:27 SP:F9  CYC:18549
> FAC1  60        RTS                             A:53 X:02 Y:AD P:27 SP:F9  CYC:18551
> EBF7  A5 47     LDA $47 = EC                    A:53 X:02 Y:AD P:27 SP:FB  CYC:18557
> EBF9  C9 EC     CMP #$EC                        A:EC X:02 Y:AD P:A5 SP:FB  CYC:18560
> EBFB  F0 02     BEQ $EBFF                       A:EC X:02 Y:AD P:27 SP:FB  CYC:18562
> EBFF  C8        INY                             A:EC X:02 Y:AD P:27 SP:FB  CYC:18565
> EC00  A9 FF     LDA #$FF                        A:EC X:02 Y:AE P:A5 SP:FB  CYC:18567
> EC02  85 47     STA $47 = EC                    A:FF X:02 Y:AE P:A5 SP:FB  CYC:18569
> EC04  20 C2 FA  JSR $FAC2                       A:FF X:02 Y:AE P:A5 SP:FB  CYC:18572
> FAC2  B8        CLV                             A:FF X:02 Y:AE P:A5 SP:F9  CYC:18578
> FAC3  38        SEC                             A:FF X:02 Y:AE P:A5 SP:F9  CYC:18580
> FAC4  A9 FF     LDA #$FF                        A:FF X:02 Y:AE P:A5 SP:F9  CYC:18582
> FAC6  60        RTS                             A:FF X:02 Y:AE P:A5 SP:F9  CYC:18584
> EC07  E7 47    *ISB $47 = FF                    A:FF X:02 Y:AE P:A5 SP:FB  CYC:18590
> EC09  EA        NOP                             A:FF X:02 Y:AE P:A5 SP:FB  CYC:18595
> EC0A  EA        NOP                             A:FF X:02 Y:AE P:A5 SP:FB  CYC:18597
> EC0B  EA        NOP                             A:FF X:02 Y:AE P:A5 SP:FB  CYC:18599
> EC0C  EA        NOP                             A:FF X:02 Y:AE P:A5 SP:FB  CYC:18601
> EC0D  20 C7 FA  JSR $FAC7                       A:FF X:02 Y:AE P:A5 SP:FB  CYC:18603
> FAC7  70 1D     BVS $FAE6                       A:FF X:02 Y:AE P:A5 SP:F9  CYC:18609
> FAC9  F0 1B     BEQ $FAE6                       A:FF X:02 Y:AE P:A5 SP:F9  CYC:18611
> FACB  10 19     BPL $FAE6                       A:FF X:02 Y:AE P:A5 SP:F9  CYC:18613
> FACD  90 17     BCC $FAE6                       A:FF X:02 Y:AE P:A5 SP:F9  CYC:18615
> FACF  C9 FF     CMP #$FF                        A:FF X:02 Y:AE P:A5 SP:F9  CYC:18617
> FAD1  D0 13     BNE $FAE6                       A:FF X:02 Y:AE P:27 SP:F9  CYC:18619
> FAD3  60        RTS                             A:FF X:02 Y:AE P:27 SP:F9  CYC:18621
> EC10  A5 47     LDA $47 = 00                    A:FF X:02 Y:AE P:27 SP:FB  CYC:18627
> EC12  C9 00     CMP #$00                        A:00 X:02 Y:AE P:27 SP:FB  CYC:18630
> EC14  F0 02     BEQ $EC18                       A:00 X:02 Y:AE P:27 SP:FB  CYC:18632
> EC18  C8        INY                             A:00 X:02 Y:AE P:27 SP:FB  CYC:18635
> EC19  A9 37     LDA #$37                        A:00 X:02 Y:AF P:A5 SP:FB  CYC:18637
> EC1B  85 47     STA $47 = 00                    A:37 X:02 Y:AF P:25 SP:FB  CYC:18639
> EC1D  20 D4 FA  JSR $FAD4                       A:37 X:02 Y:AF P:25 SP:FB  CYC:18642
> FAD4  24 01     BIT $01 = FF                    A:37 X:02 Y:AF P:25 SP:F9  CYC:18648
> FAD6  38        SEC                             A:37 X:02 Y:AF P:E5 SP:F9  CYC:18651
> FAD7  A9 F0     LDA #$F0                        A:37 X:02 Y:AF P:E5 SP:F9  CYC:18653
> FAD9  60        RTS                             A:F0 X:02 Y:AF P:E5 SP:F9  CYC:18655
> EC20  E7 47    *ISB $47 = 37                    A:F0 X:02 Y:AF P:E5 SP:FB  CYC:18661
> EC22  EA        NOP                             A:B8 X:02 Y:AF P:A5 SP:FB  CYC:18666
> EC23  EA        NOP                             A:B8 X:02 Y:AF P:A5 SP:FB  CYC:18668
> EC24  EA        NOP                             A:B8 X:02 Y:AF P:A5 SP:FB  CYC:18670
> EC25  EA        NOP                             A:B8 X:02 Y:AF P:A5 SP:FB  CYC:18672
> EC26  20 DA FA  JSR $FADA                       A:B8 X:02 Y:AF P:A5 SP:FB  CYC:18674
> FADA  70 0A     BVS $FAE6                       A:B8 X:02 Y:AF P:A5 SP:F9  CYC:18680
> FADC  F0 08     BEQ $FAE6                       A:B8 X:02 Y:AF P:A5 SP:F9  CYC:18682
> FADE  10 06     BPL $FAE6                       A:B8 X:02 Y:AF P:A5 SP:F9  CYC:18684
> FAE0  90 04     BCC $FAE6                       A:B8 X:02 Y:AF P:A5 SP:F9  CYC:18686
> FAE2  C9 B8     CMP #$B8                        A:B8 X:02 Y:AF P:A5 SP:F9  CYC:18688
> FAE4  F0 02     BEQ $FAE8                       A:B8 X:02 Y:AF P:27 SP:F9  CYC:18690
> FAE8  60        RTS                             A:B8 X:02 Y:AF P:27 SP:F9  CYC:18693
> EC29  A5 47     LDA $47 = 38                    A:B8 X:02 Y:AF P:27 SP:FB  CYC:18699
> EC2B  C9 38     CMP #$38                        A:38 X:02 Y:AF P:25 SP:FB  CYC:18702
> EC2D  F0 02     BEQ $EC31                       A:38 X:02 Y:AF P:27 SP:FB  CYC:18704
> EC31  C8        INY                             A:38 X:02 Y:AF P:27 SP:FB  CYC:18707
> EC32  A9 EB     LDA #$EB                        A:38 X:02 Y:B0 P:A5 SP:FB  CYC:18709
> EC34  8D 47 06  STA $0647 = 38                  A:EB X:02 Y:B0 P:A5 SP:FB  CYC:18711
> EC37  20 B1 FA  JSR $FAB1                       A:EB X:02 Y:B0 P:A5 SP:FB  CYC:18715
> FAB1  24 01     BIT $01 = FF                    A:EB X:02 Y:B0 P:A5 SP:F9  CYC:18721
> FAB3  18        CLC                             A:EB X:02 Y:B0 P:E5 SP:F9  CYC:18724
> FAB4  A9 40     LDA #$40                        A:EB X:02 Y:B0 P:E4 SP:F9  CYC:18726
> FAB6  60        RTS                             A:40 X:02 Y:B0 P:64 SP:F9  CYC:18728
> EC3A  EF 47 06 *ISB $0647 = EB                  A:40 X:02 Y:B0 P:64 SP:FB  CYC:18734
> EC3D  EA        NOP                             A:53 X:02 Y:B0 P:24 SP:FB  CYC:18740
> EC3E  EA        NOP                             A:53 X:02 Y:B0 P:24 SP:FB  CYC:18742
> EC3F  EA        NOP                             A:53 X:02 Y:B0 P:24 SP:FB  CYC:18744
> EC40  EA        NOP                             A:53 X:02 Y:B0 P:24 SP:FB  CYC:18746
> EC41  20 B7 FA  JSR $FAB7                       A:53 X:02 Y:B0 P:24 SP:FB  CYC:18748
> FAB7  70 2D     BVS $FAE6                       A:53 X:02 Y:B0 P:24 SP:F9  CYC:18754
> FAB9  B0 2B     BCS $FAE6                       A:53 X:02 Y:B0 P:24 SP:F9  CYC:18756
> FABB  30 29     BMI $FAE6                       A:53 X:02 Y:B0 P:24 SP:F9  CYC:18758
> FABD  C9 53     CMP #$53                        A:53 X:02 Y:B0 P:24 SP:F9  CYC:18760
> FABF  D0 25     BNE $FAE6                       A:53 X:02 Y:B0 P:27 SP:F9  CYC:18762
> FAC1  60        RTS                             A:53 X:02 Y:B0 P:27 SP:F9  CYC:18764
> EC44  AD 47 06  LDA $0647 = EC                  A:53 X:02 Y:B0 P:27 SP:FB  CYC:18770
> EC47  C9 EC     CMP #$EC                        A:EC X:02 Y:B0 P:A5 SP:FB  CYC:18774
> EC49  F0 02     BEQ $EC4D                       A:EC X:02 Y:B0 P:27 SP:FB  CYC:18776
> EC4D  C8        INY                             A:EC X:02 Y:B0 P:27 SP:FB  CYC:18779
> EC4E  A9 FF     LDA #$FF                        A:EC X:02 Y:B1 P:A5 SP:FB  CYC:18781
> EC50  8D 47 06  STA $0647 = EC                  A:FF X:02 Y:B1 P:A5 SP:FB  CYC:18783
> EC53  20 C2 FA  JSR $FAC2                       A:FF X:02 Y:B1 P:A5 SP:FB  CYC:18787
> FAC2  B8        CLV                             A:FF X:02 Y:B1 P:A5 SP:F9  CYC:18793
> FAC3  38        SEC                             A:FF X:02 Y:B1 P:A5 SP:F9  CYC:18795
> FAC4  A9 FF     LDA #$FF                        A:FF X:02 Y:B1 P:A5 SP:F9  CYC:18797
> FAC6  60        RTS                             A:FF X:02 Y:B1 P:A5 SP:F9  CYC:18799
> EC56  EF 47 06 *ISB $0647 = FF                  A:FF X:02 Y:B1 P:A5 SP:FB  CYC:18805
> EC59  EA        NOP                             A:FF X:02 Y:B1 P:A5 SP:FB  CYC:18811
> EC5A  EA        NOP                             A:FF X:02 Y:B1 P:A5 SP:FB  CYC:18813
> EC5B  EA        NOP                             A:FF X:02 Y:B1 P:A5 SP:FB  CYC:18815
> EC5C  EA        NOP                             A:FF X:02 Y:B1 P:A5 SP:FB  CYC:18817
> EC5D  20 C7 FA  JSR $FAC7                       A:FF X:02 Y:B1 P:A5 SP:FB  CYC:18819
> FAC7  70 1D     BVS $FAE6                       A:FF X:02 Y:B1 P:A5 SP:F9  CYC:18825
> FAC9  F0 1B     BEQ $FAE6                       A:FF X:02 Y:B1 P:A5 SP:F9  CYC:18827
> FACB  10 19     BPL $FAE6                       A:FF X:02 Y:B1 P:A5 SP:F9  CYC:18829
> FACD  90 17     BCC $FAE6                       A:FF X:02 Y:B1 P:A5 SP:F9  CYC:18831
> FACF  C9 FF     CMP #$FF                        A:FF X:02 Y:B1 P:A5 SP:F9  CYC:18833
> FAD1  D0 13     BNE $FAE6                       A:FF X:02 Y:B1 P:27 SP:F9  CYC:18835
> FAD3  60        RTS                             A:FF X:02 Y:B1 P:27 SP:F9  CYC:18837
> EC60  AD 47 06  LDA $0647 = 00                  A:FF X:02 Y:B1 P:27 SP:FB  CYC:18843
> EC63  C9 00     CMP #$00                        A:00 X:02 Y:B1 P:27 SP:FB  CYC:18847
> EC65  F0 02     BEQ $EC69                       A:00 X:02 Y:B1 P:27 SP:FB  CYC:18849
> EC69  C8        INY                             A:00 X:02 Y:B1 P:27 SP:FB  CYC:18852
> EC6A  A9 37     LDA #$37                        A:00 X:02 Y:B2 P:A5 SP:FB  CYC:18854
> EC6C  8D 47 06  STA $0647 = 00                  A:37 X:02 Y:B2 P:25 SP:FB  CYC:18856
> EC6F  20 D4 FA  JSR $FAD4                       A:37 X:02 Y:B2 P:25 SP:FB  CYC:18860
> FAD4  24 01     BIT $01 = FF                    A:37 X:02 Y:B2 P:25 SP:F9  CYC:18866
> FAD6  38        SEC                             A:37 X:02 Y:B2 P:E5 SP:F9  CYC:18869
> FAD7  A9 F0     LDA #$F0                        A:37 X:02 Y:B2 P:E5 SP:F9  CYC:18871
> FAD9  60        RTS                             A:F0 X:02 Y:B2 P:E5 SP:F9  CYC:18873
> EC72  EF 47 06 *ISB $0647 = 37                  A:F0 X:02 Y:B2 P:E5 SP:FB  CYC:18879
> EC75  EA        NOP                             A:B8 X:02 Y:B2 P:A5 SP:FB  CYC:18885
> EC76  EA        NOP                             A:B8 X:02 Y:B2 P:A5 SP:FB  CYC:18887
> EC77  EA        NOP                             A:B8 X:02 Y:B2 P:A5 SP:FB  CYC:18889
> EC78  EA        NOP                             A:B8 X:02 Y:B2 P:A5 SP:FB  CYC:18891
> EC79  20 DA FA  JSR $FADA                       A:B8 X:02 Y:B2 P:A5 SP:FB  CYC:18893
> FADA  70 0A     BVS $FAE6                       A:B8 X:02 Y:B2 P:A5 SP:F9  CYC:18899
> FADC  F0 08     BEQ $FAE6                       A:B8 X:02 Y:B2 P:A5 SP:F9  CYC:18901
> FADE  10 06     BPL $FAE6                       A:B8 X:02 Y:B2 P:A5 SP:F9  CYC:18903
> FAE0  90 04     BCC $FAE6                       A:B8 X:02 Y:B2 P:A5 SP:F9  CYC:18905
> FAE2  C9 B8     CMP #$B8                        A:B8 X:02 Y:B2 P:A5 SP:F9  CYC:18907
> FAE4  F0 02     BEQ $FAE8                       A:B8 X:02 Y:B2 P:27 SP:F9  CYC:18909
> FAE8  60        RTS                             A:B8 X:02 Y:B2 P:27 SP:F9  CYC:18912
> EC7C  AD 47 06  LDA $0647 = 38                  A:B8 X:02 Y:B2 P:27 SP:FB  CYC:18918
> EC7F  C9 38     CMP #$38                        A:38 X:02 Y:B2 P:25 SP:FB  CYC:18922
> EC81  F0 02     BEQ $EC85                       A:38 X:02 Y:B2 P:27 SP:FB  CYC:18924
> EC85  A9 EB     LDA #$EB                        A:38 X:02 Y:B2 P:27 SP:FB  CYC:18927
> EC87  8D 47 06  STA $0647 = 38                  A:EB X:02 Y:B2 P:A5 SP:FB  CYC:18929
> EC8A  A9 48     LDA #$48                        A:EB X:02 Y:B2 P:A5 SP:FB  CYC:18933
> EC8C  85 45     STA $45 = 48                    A:48 X:02 Y:B2 P:25 SP:FB  CYC:18935
> EC8E  A9 05     LDA #$05                        A:48 X:02 Y:B2 P:25 SP:FB  CYC:18938
> EC90  85 46     STA $46 = 05                    A:05 X:02 Y:B2 P:25 SP:FB  CYC:18940
> EC92  A0 FF     LDY #$FF                        A:05 X:02 Y:B2 P:25 SP:FB  CYC:18943
> EC94  20 B1 FA  JSR $FAB1                       A:05 X:02 Y:FF P:A5 SP:FB  CYC:18945
> FAB1  24 01     BIT $01 = FF                    A:05 X:02 Y:FF P:A5 SP:F9  CYC:18951
> FAB3  18        CLC                             A:05 X:02 Y:FF P:E5 SP:F9  CYC:18954
> FAB4  A9 40     LDA #$40                        A:05 X:02 Y:FF P:E4 SP:F9  CYC:18956
> FAB6  60        RTS                             A:40 X:02 Y:FF P:64 SP:F9  CYC:18958
> EC97  F3 45    *ISB ($45),Y = 0548 @ 0647 = EB  A:40 X:02 Y:FF P:64 SP:FB  CYC:18964
> EC99  EA        NOP                             A:53 X:02 Y:FF P:24 SP:FB  CYC:18972
> EC9A  EA        NOP                             A:53 X:02 Y:FF P:24 SP:FB  CYC:18974
> EC9B  08        PHP                             A:53 X:02 Y:FF P:24 SP:FB  CYC:18976
> EC9C  48        PHA                             A:53 X:02 Y:FF P:24 SP:FA  CYC:18979
> EC9D  A0 B3     LDY #$B3                        A:53 X:02 Y:FF P:24 SP:F9  CYC:18982
> EC9F  68        PLA                             A:53 X:02 Y:B3 P:A4 SP:F9  CYC:18984
> ECA0  28        PLP                             A:53 X:02 Y:B3 P:24 SP:FA  CYC:18988
> ECA1  20 B7 FA  JSR $FAB7                       A:53 X:02 Y:B3 P:24 SP:FB  CYC:18992
> FAB7  70 2D     BVS $FAE6                       A:53 X:02 Y:B3 P:24 SP:F9  CYC:18998
> FAB9  B0 2B     BCS $FAE6                       A:53 X:02 Y:B3 P:24 SP:F9  CYC:19000
> FABB  30 29     BMI $FAE6                       A:53 X:02 Y:B3 P:24 SP:F9  CYC:19002
> FABD  C9 53     CMP #$53                        A:53 X:02 Y:B3 P:24 SP:F9  CYC:19004
> FABF  D0 25     BNE $FAE6                       A:53 X:02 Y:B3 P:27 SP:F9  CYC:19006
> FAC1  60        RTS                             A:53 X:02 Y:B3 P:27 SP:F9  CYC:19008
> ECA4  AD 47 06  LDA $0647 = EC                  A:53 X:02 Y:B3 P:27 SP:FB  CYC:19014
> ECA7  C9 EC     CMP #$EC                        A:EC X:02 Y:B3 P:A5 SP:FB  CYC:19018
> ECA9  F0 02     BEQ $ECAD                       A:EC X:02 Y:B3 P:27 SP:FB  CYC:19020
> ECAD  A0 FF     LDY #$FF                        A:EC X:02 Y:B3 P:27 SP:FB  CYC:19023
> ECAF  A9 FF     LDA #$FF                        A:EC X:02 Y:FF P:A5 SP:FB  CYC:19025
> ECB1  8D 47 06  STA $0647 = EC                  A:FF X:02 Y:FF P:A5 SP:FB  CYC:19027
> ECB4  20 C2 FA  JSR $FAC2                       A:FF X:02 Y:FF P:A5 SP:FB  CYC:19031
> FAC2  B8        CLV                             A:FF X:02 Y:FF P:A5 SP:F9  CYC:19037
> FAC3  38        SEC                             A:FF X:02 Y:FF P:A5 SP:F9  CYC:19039
> FAC4  A9 FF     LDA #$FF                        A:FF X:02 Y:FF P:A5 SP:F9  CYC:19041
> FAC6  60        RTS                             A:FF X:02 Y:FF P:A5 SP:F9  CYC:19043
> ECB7  F3 45    *ISB ($45),Y = 0548 @ 0647 = FF  A:FF X:02 Y:FF P:A5 SP:FB  CYC:19049
> ECB9  EA        NOP                             A:FF X:02 Y:FF P:A5 SP:FB  CYC:19057
> ECBA  EA        NOP                             A:FF X:02 Y:FF P:A5 SP:FB  CYC:19059
> ECBB  08        PHP                             A:FF X:02 Y:FF P:A5 SP:FB  CYC:19061
> ECBC  48        PHA                             A:FF X:02 Y:FF P:A5 SP:FA  CYC:19064
> ECBD  A0 B4     LDY #$B4                        A:FF X:02 Y:FF P:A5 SP:F9  CYC:19067
> ECBF  68        PLA                             A:FF X:02 Y:B4 P:A5 SP:F9  CYC:19069
> ECC0  28        PLP                             A:FF X:02 Y:B4 P:A5 SP:FA  CYC:19073
> ECC1  20 C7 FA  JSR $FAC7                       A:FF X:02 Y:B4 P:A5 SP:FB  CYC:19077
> FAC7  70 1D     BVS $FAE6                       A:FF X:02 Y:B4 P:A5 SP:F9  CYC:19083
> FAC9  F0 1B     BEQ $FAE6                       A:FF X:02 Y:B4 P:A5 SP:F9  CYC:19085
> FACB  10 19     BPL $FAE6                       A:FF X:02 Y:B4 P:A5 SP:F9  CYC:19087
> FACD  90 17     BCC $FAE6                       A:FF X:02 Y:B4 P:A5 SP:F9  CYC:19089
> FACF  C9 FF     CMP #$FF                        A:FF X:02 Y:B4 P:A5 SP:F9  CYC:19091
> FAD1  D0 13     BNE $FAE6                       A:FF X:02 Y:B4 P:27 SP:F9  CYC:19093
> FAD3  60        RTS                             A:FF X:02 Y:B4 P:27 SP:F9  CYC:19095
> ECC4  AD 47 06  LDA $0647 = 00                  A:FF X:02 Y:B4 P:27 SP:FB  CYC:19101
> ECC7  C9 00     CMP #$00                        A:00 X:02 Y:B4 P:27 SP:FB  CYC:19105
> ECC9  F0 02     BEQ $ECCD                       A:00 X:02 Y:B4 P:27 SP:FB  CYC:19107
> ECCD  A0 FF     LDY #$FF                        A:00 X:02 Y:B4 P:27 SP:FB  CYC:19110
> ECCF  A9 37     LDA #$37                        A:00 X:02 Y:FF P:A5 SP:FB  CYC:19112
> ECD1  8D 47 06  STA $0647 = 00                  A:37 X:02 Y:FF P:25 SP:FB  CYC:19114
> ECD4  20 D4 FA  JSR $FAD4                       A:37 X:02 Y:FF P:25 SP:FB  CYC:19118
> FAD4  24 01     BIT $01 = FF                    A:37 X:02 Y:FF P:25 SP:F9  CYC:19124
> FAD6  38        SEC                             A:37 X:02 Y:FF P:E5 SP:F9  CYC:19127
> FAD7  A9 F0     LDA #$F0                        A:37 X:02 Y:FF P:E5 SP:F9  CYC:19129
> FAD9  60        RTS                             A:F0 X:02 Y:FF P:E5 SP:F9  CYC:19131
> ECD7  F3 45    *ISB ($45),Y = 0548 @ 0647 = 37  A:F0 X:02 Y:FF P:E5 SP:FB  CYC:19137
> ECD9  EA        NOP                             A:B8 X:02 Y:FF P:A5 SP:FB  CYC:19145
> ECDA  EA        NOP                             A:B8 X:02 Y:FF P:A5 SP:FB  CYC:19147
> ECDB  08        PHP                             A:B8 X:02 Y:FF P:A5 SP:FB  CYC:19149
> ECDC  48        PHA                             A:B8 X:02 Y:FF P:A5 SP:FA  CYC:19152
> ECDD  A0 B5     LDY #$B5                        A:B8 X:02 Y:FF P:A5 SP:F9  CYC:19155
> ECDF  68        PLA                             A:B8 X:02 Y:B5 P:A5 SP:F9  CYC:19157
> ECE0  28        PLP                             A:B8 X:02 Y:B5 P:A5 SP:FA  CYC:19161
> ECE1  20 DA FA  JSR $FADA                       A:B8 X:02 Y:B5 P:A5 SP:FB  CYC:19165
> FADA  70 0A     BVS $FAE6                       A:B8 X:02 Y:B5 P:A5 SP:F9  CYC:19171
> FADC  F0 08     BEQ $FAE6                       A:B8 X:02 Y:B5 P:A5 SP:F9  CYC:19173
> FADE  10 06     BPL $FAE6                       A:B8 X:02 Y:B5 P:A5 SP:F9  CYC:19175
> FAE0  90 04     BCC $FAE6                       A:B8 X:02 Y:B5 P:A5 SP:F9  CYC:19177
> FAE2  C9 B8     CMP #$B8                        A:B8 X:02 Y:B5 P:A5 SP:F9  CYC:19179
> FAE4  F0 02     BEQ $FAE8                       A:B8 X:02 Y:B5 P:27 SP:F9  CYC:19181
> FAE8  60        RTS                             A:B8 X:02 Y:B5 P:27 SP:F9  CYC:19184
> ECE4  AD 47 06  LDA $0647 = 38                  A:B8 X:02 Y:B5 P:27 SP:FB  CYC:19190
> ECE7  C9 38     CMP #$38                        A:38 X:02 Y:B5 P:25 SP:FB  CYC:19194
> ECE9  F0 02     BEQ $ECED                       A:38 X:02 Y:B5 P:27 SP:FB  CYC:19196
> ECED  A0 B6     LDY #$B6                        A:38 X:02 Y:B5 P:27 SP:FB  CYC:19199
> ECEF  A2 FF     LDX #$FF                        A:38 X:02 Y:B6 P:A5 SP:FB  CYC:19201
> ECF1  A9 EB     LDA #$EB                        A:38 X:FF Y:B6 P:A5 SP:FB  CYC:19203
> ECF3  85 47     STA $47 = 38                    A:EB X:FF Y:B6 P:A5 SP:FB  CYC:19205
> ECF5  20 B1 FA  JSR $FAB1                       A:EB X:FF Y:B6 P:A5 SP:FB  CYC:19208
> FAB1  24 01     BIT $01 = FF                    A:EB X:FF Y:B6 P:A5 SP:F9  CYC:19214
> FAB3  18        CLC                             A:EB X:FF Y:B6 P:E5 SP:F9  CYC:19217
> FAB4  A9 40     LDA #$40                        A:EB X:FF Y:B6 P:E4 SP:F9  CYC:19219
> FAB6  60        RTS                             A:40 X:FF Y:B6 P:64 SP:F9  CYC:19221
> ECF8  F7 48    *ISB $48,X @ 47 = EB             A:40 X:FF Y:B6 P:64 SP:FB  CYC:19227
> ECFA  EA        NOP                             A:53 X:FF Y:B6 P:24 SP:FB  CYC:19233
> ECFB  EA        NOP                             A:53 X:FF Y:B6 P:24 SP:FB  CYC:19235
> ECFC  EA        NOP                             A:53 X:FF Y:B6 P:24 SP:FB  CYC:19237
> ECFD  EA        NOP                             A:53 X:FF Y:B6 P:24 SP:FB  CYC:19239
> ECFE  20 B7 FA  JSR $FAB7                       A:53 X:FF Y:B6 P:24 SP:FB  CYC:19241
> FAB7  70 2D     BVS $FAE6                       A:53 X:FF Y:B6 P:24 SP:F9  CYC:19247
> FAB9  B0 2B     BCS $FAE6                       A:53 X:FF Y:B6 P:24 SP:F9  CYC:19249
> FABB  30 29     BMI $FAE6                       A:53 X:FF Y:B6 P:24 SP:F9  CYC:19251
> FABD  C9 53     CMP #$53                        A:53 X:FF Y:B6 P:24 SP:F9  CYC:19253
> FABF  D0 25     BNE $FAE6                       A:53 X:FF Y:B6 P:27 SP:F9  CYC:19255
> FAC1  60        RTS                             A:53 X:FF Y:B6 P:27 SP:F9  CYC:19257
> ED01  A5 47     LDA $47 = EC                    A:53 X:FF Y:B6 P:27 SP:FB  CYC:19263
> ED03  C9 EC     CMP #$EC                        A:EC X:FF Y:B6 P:A5 SP:FB  CYC:19266
> ED05  F0 02     BEQ $ED09                       A:EC X:FF Y:B6 P:27 SP:FB  CYC:19268
> ED09  C8        INY                             A:EC X:FF Y:B6 P:27 SP:FB  CYC:19271
> ED0A  A9 FF     LDA #$FF                        A:EC X:FF Y:B7 P:A5 SP:FB  CYC:19273
> ED0C  85 47     STA $47 = EC                    A:FF X:FF Y:B7 P:A5 SP:FB  CYC:19275
> ED0E  20 C2 FA  JSR $FAC2                       A:FF X:FF Y:B7 P:A5 SP:FB  CYC:19278
> FAC2  B8        CLV                             A:FF X:FF Y:B7 P:A5 SP:F9  CYC:19284
> FAC3  38        SEC                             A:FF X:FF Y:B7 P:A5 SP:F9  CYC:19286
> FAC4  A9 FF     LDA #$FF                        A:FF X:FF Y:B7 P:A5 SP:F9  CYC:19288
> FAC6  60        RTS                             A:FF X:FF Y:B7 P:A5 SP:F9  CYC:19290
> ED11  F7 48    *ISB $48,X @ 47 = FF             A:FF X:FF Y:B7 P:A5 SP:FB  CYC:19296
> ED13  EA        NOP                             A:FF X:FF Y:B7 P:A5 SP:FB  CYC:19302
> ED14  EA        NOP                             A:FF X:FF Y:B7 P:A5 SP:FB  CYC:19304
> ED15  EA        NOP                             A:FF X:FF Y:B7 P:A5 SP:FB  CYC:19306
> ED16  EA        NOP                             A:FF X:FF Y:B7 P:A5 SP:FB  CYC:19308
> ED17  20 C7 FA  JSR $FAC7                       A:FF X:FF Y:B7 P:A5 SP:FB  CYC:19310
> FAC7  70 1D     BVS $FAE6                       A:FF X:FF Y:B7 P:A5 SP:F9  CYC:19316
> FAC9  F0 1B     BEQ $FAE6                       A:FF X:FF Y:B7 P:A5 SP:F9  CYC:19318
> FACB  10 19     BPL $FAE6                       A:FF X:FF Y:B7 P:A5 SP:F9  CYC:19320
> FACD  90 17     BCC $FAE6                       A:FF X:FF Y:B7 P:A5 SP:F9  CYC:19322
> FACF  C9 FF     CMP #$FF                        A:FF X:FF Y:B7 P:A5 SP:F9  CYC:19324
> FAD1  D0 13     BNE $FAE6                       A:FF X:FF Y:B7 P:27 SP:F9  CYC:19326
> FAD3  60        RTS                             A:FF X:FF Y:B7 P:27 SP:F9  CYC:19328
> ED1A  A5 47     LDA $47 = 00                    A:FF X:FF Y:B7 P:27 SP:FB  CYC:19334
> ED1C  C9 00     CMP #$00                        A:00 X:FF Y:B7 P:27 SP:FB  CYC:19337
> ED1E  F0 02     BEQ $ED22                       A:00 X:FF Y:B7 P:27 SP:FB  CYC:19339
> ED22  C8        INY                             A:00 X:FF Y:B7 P:27 SP:FB  CYC:19342
> ED23  A9 37     LDA #$37                        A:00 X:FF Y:B8 P:A5 SP:FB  CYC:19344
> ED25  85 47     STA $47 = 00                    A:37 X:FF Y:B8 P:25 SP:FB  CYC:19346
> ED27  20 D4 FA  JSR $FAD4                       A:37 X:FF Y:B8 P:25 SP:FB  CYC:19349
> FAD4  24 01     BIT $01 = FF                    A:37 X:FF Y:B8 P:25 SP:F9  CYC:19355
> FAD6  38        SEC                             A:37 X:FF Y:B8 P:E5 SP:F9  CYC:19358
> FAD7  A9 F0     LDA #$F0                        A:37 X:FF Y:B8 P:E5 SP:F9  CYC:19360
> FAD9  60        RTS                             A:F0 X:FF Y:B8 P:E5 SP:F9  CYC:19362
> ED2A  F7 48    *ISB $48,X @ 47 = 37             A:F0 X:FF Y:B8 P:E5 SP:FB  CYC:19368
> ED2C  EA        NOP                             A:B8 X:FF Y:B8 P:A5 SP:FB  CYC:19374
> ED2D  EA        NOP                             A:B8 X:FF Y:B8 P:A5 SP:FB  CYC:19376
> ED2E  EA        NOP                             A:B8 X:FF Y:B8 P:A5 SP:FB  CYC:19378
> ED2F  EA        NOP                             A:B8 X:FF Y:B8 P:A5 SP:FB  CYC:19380
> ED30  20 DA FA  JSR $FADA                       A:B8 X:FF Y:B8 P:A5 SP:FB  CYC:19382
> FADA  70 0A     BVS $FAE6                       A:B8 X:FF Y:B8 P:A5 SP:F9  CYC:19388
> FADC  F0 08     BEQ $FAE6                       A:B8 X:FF Y:B8 P:A5 SP:F9  CYC:19390
> FADE  10 06     BPL $FAE6                       A:B8 X:FF Y:B8 P:A5 SP:F9  CYC:19392
> FAE0  90 04     BCC $FAE6                       A:B8 X:FF Y:B8 P:A5 SP:F9  CYC:19394
> FAE2  C9 B8     CMP #$B8                        A:B8 X:FF Y:B8 P:A5 SP:F9  CYC:19396
> FAE4  F0 02     BEQ $FAE8                       A:B8 X:FF Y:B8 P:27 SP:F9  CYC:19398
> FAE8  60        RTS                             A:B8 X:FF Y:B8 P:27 SP:F9  CYC:19401
> ED33  A5 47     LDA $47 = 38                    A:B8 X:FF Y:B8 P:27 SP:FB  CYC:19407
> ED35  C9 38     CMP #$38                        A:38 X:FF Y:B8 P:25 SP:FB  CYC:19410
> ED37  F0 02     BEQ $ED3B                       A:38 X:FF Y:B8 P:27 SP:FB  CYC:19412
> ED3B  A9 EB     LDA #$EB                        A:38 X:FF Y:B8 P:27 SP:FB  CYC:19415
> ED3D  8D 47 06  STA $0647 = 38                  A:EB X:FF Y:B8 P:A5 SP:FB  CYC:19417
> ED40  A0 FF     LDY #$FF                        A:EB X:FF Y:B8 P:A5 SP:FB  CYC:19421
> ED42  20 B1 FA  JSR $FAB1                       A:EB X:FF Y:FF P:A5 SP:FB  CYC:19423
> FAB1  24 01     BIT $01 = FF                    A:EB X:FF Y:FF P:A5 SP:F9  CYC:19429
> FAB3  18        CLC                             A:EB X:FF Y:FF P:E5 SP:F9  CYC:19432
> FAB4  A9 40     LDA #$40                        A:EB X:FF Y:FF P:E4 SP:F9  CYC:19434
> FAB6  60        RTS                             A:40 X:FF Y:FF P:64 SP:F9  CYC:19436
> ED45  FB 48 05 *ISB $0548,Y @ 0647 = EB         A:40 X:FF Y:FF P:64 SP:FB  CYC:19442
> ED48  EA        NOP                             A:53 X:FF Y:FF P:24 SP:FB  CYC:19449
> ED49  EA        NOP                             A:53 X:FF Y:FF P:24 SP:FB  CYC:19451
> ED4A  08        PHP                             A:53 X:FF Y:FF P:24 SP:FB  CYC:19453
> ED4B  48        PHA                             A:53 X:FF Y:FF P:24 SP:FA  CYC:19456
> ED4C  A0 B9     LDY #$B9                        A:53 X:FF Y:FF P:24 SP:F9  CYC:19459
> ED4E  68        PLA                             A:53 X:FF Y:B9 P:A4 SP:F9  CYC:19461
> ED4F  28        PLP                             A:53 X:FF Y:B9 P:24 SP:FA  CYC:19465
> ED50  20 B7 FA  JSR $FAB7                       A:53 X:FF Y:B9 P:24 SP:FB  CYC:19469
> FAB7  70 2D     BVS $FAE6                       A:53 X:FF Y:B9 P:24 SP:F9  CYC:19475
> FAB9  B0 2B     BCS $FAE6                       A:53 X:FF Y:B9 P:24 SP:F9  CYC:19477
> FABB  30 29     BMI $FAE6                       A:53 X:FF Y:B9 P:24 SP:F9  CYC:19479
> FABD  C9 53     CMP #$53                        A:53 X:FF Y:B9 P:24 SP:F9  CYC:19481
> FABF  D0 25     BNE $FAE6                       A:53 X:FF Y:B9 P:27 SP:F9  CYC:19483
> FAC1  60        RTS                             A:53 X:FF Y:B9 P:27 SP:F9  CYC:19485
> ED53  AD 47 06  LDA $0647 = EC                  A:53 X:FF Y:B9 P:27 SP:FB  CYC:19491
> ED56  C9 EC     CMP #$EC                        A:EC X:FF Y:B9 P:A5 SP:FB  CYC:19495
> ED58  F0 02     BEQ $ED5C                       A:EC X:FF Y:B9 P:27 SP:FB  CYC:19497
> ED5C  A0 FF     LDY #$FF                        A:EC X:FF Y:B9 P:27 SP:FB  CYC:19500
> ED5E  A9 FF     LDA #$FF                        A:EC X:FF Y:FF P:A5 SP:FB  CYC:19502
> ED60  8D 47 06  STA $0647 = EC                  A:FF X:FF Y:FF P:A5 SP:FB  CYC:19504
> ED63  20 C2 FA  JSR $FAC2                       A:FF X:FF Y:FF P:A5 SP:FB  CYC:19508
> FAC2  B8        CLV                             A:FF X:FF Y:FF P:A5 SP:F9  CYC:19514
> FAC3  38        SEC                             A:FF X:FF Y:FF P:A5 SP:F9  CYC:19516
> FAC4  A9 FF     LDA #$FF                        A:FF X:FF Y:FF P:A5 SP:F9  CYC:19518
> FAC6  60        RTS                             A:FF X:FF Y:FF P:A5 SP:F9  CYC:19520
> ED66  FB 48 05 *ISB $0548,Y @ 0647 = FF         A:FF X:FF Y:FF P:A5 SP:FB  CYC:19526
> ED69  EA        NOP                             A:FF X:FF Y:FF P:A5 SP:FB  CYC:19533
> ED6A  EA        NOP                             A:FF X:FF Y:FF P:A5 SP:FB  CYC:19535
> ED6B  08        PHP                             A:FF X:FF Y:FF P:A5 SP:FB  CYC:19537
> ED6C  48        PHA                             A:FF X:FF Y:FF P:A5 SP:FA  CYC:19540
> ED6D  A0 BA     LDY #$BA                        A:FF X:FF Y:FF P:A5 SP:F9  CYC:19543
> ED6F  68        PLA                             A:FF X:FF Y:BA P:A5 SP:F9  CYC:19545
> ED70  28        PLP                             A:FF X:FF Y:BA P:A5 SP:FA  CYC:19549
> ED71  20 C7 FA  JSR $FAC7                       A:FF X:FF Y:BA P:A5 SP:FB  CYC:19553
> FAC7  70 1D     BVS $FAE6                       A:FF X:FF Y:BA P:A5 SP:F9  CYC:19559
> FAC9  F0 1B     BEQ $FAE6                       A:FF X:FF Y:BA P:A5 SP:F9  CYC:19561
> FACB  10 19     BPL $FAE6                       A:FF X:FF Y:BA P:A5 SP:F9  CYC:19563
> FACD  90 17     BCC $FAE6                       A:FF X:FF Y:BA P:A5 SP:F9  CYC:19565
> FACF  C9 FF     CMP #$FF                        A:FF X:FF Y:BA P:A5 SP:F9  CYC:19567
> FAD1  D0 13     BNE $FAE6                       A:FF X:FF Y:BA P:27 SP:F9  CYC:19569
> FAD3  60        RTS                             A:FF X:FF Y:BA P:27 SP:F9  CYC:19571
> ED74  AD 47 06  LDA $0647 = 00                  A:FF X:FF Y:BA P:27 SP:FB  CYC:19577
> ED77  C9 00     CMP #$00                        A:00 X:FF Y:BA P:27 SP:FB  CYC:19581
> ED79  F0 02     BEQ $ED7D                       A:00 X:FF Y:BA P:27 SP:FB  CYC:19583
> ED7D  A0 FF     LDY #$FF                        A:00 X:FF Y:BA P:27 SP:FB  CYC:19586
> ED7F  A9 37     LDA #$37                        A:00 X:FF Y:FF P:A5 SP:FB  CYC:19588
> ED81  8D 47 06  STA $0647 = 00                  A:37 X:FF Y:FF P:25 SP:FB  CYC:19590
> ED84  20 D4 FA  JSR $FAD4                       A:37 X:FF Y:FF P:25 SP:FB  CYC:19594
> FAD4  24 01     BIT $01 = FF                    A:37 X:FF Y:FF P:25 SP:F9  CYC:19600
> FAD6  38        SEC                             A:37 X:FF Y:FF P:E5 SP:F9  CYC:19603
> FAD7  A9 F0     LDA #$F0                        A:37 X:FF Y:FF P:E5 SP:F9  CYC:19605
> FAD9  60        RTS                             A:F0 X:FF Y:FF P:E5 SP:F9  CYC:19607
> ED87  FB 48 05 *ISB $0548,Y @ 0647 = 37         A:F0 X:FF Y:FF P:E5 SP:FB  CYC:19613
> ED8A  EA        NOP                             A:B8 X:FF Y:FF P:A5 SP:FB  CYC:19620
> ED8B  EA        NOP                             A:B8 X:FF Y:FF P:A5 SP:FB  CYC:19622
> ED8C  08        PHP                             A:B8 X:FF Y:FF P:A5 SP:FB  CYC:19624
> ED8D  48        PHA                             A:B8 X:FF Y:FF P:A5 SP:FA  CYC:19627
> ED8E  A0 BB     LDY #$BB                        A:B8 X:FF Y:FF P:A5 SP:F9  CYC:19630
> ED90  68        PLA                             A:B8 X:FF Y:BB P:A5 SP:F9  CYC:19632
> ED91  28        PLP                             A:B8 X:FF Y:BB P:A5 SP:FA  CYC:19636
> ED92  20 DA FA  JSR $FADA                       A:B8 X:FF Y:BB P:A5 SP:FB  CYC:19640
> FADA  70 0A     BVS $FAE6                       A:B8 X:FF Y:BB P:A5 SP:F9  CYC:19646
> FADC  F0 08     BEQ $FAE6                       A:B8 X:FF Y:BB P:A5 SP:F9  CYC:19648
> FADE  10 06     BPL $FAE6                       A:B8 X:FF Y:BB P:A5 SP:F9  CYC:19650
> FAE0  90 04     BCC $FAE6                       A:B8 X:FF Y:BB P:A5 SP:F9  CYC:19652
> FAE2  C9 B8     CMP #$B8                        A:B8 X:FF Y:BB P:A5 SP:F9  CYC:19654
> FAE4  F0 02     BEQ $FAE8                       A:B8 X:FF Y:BB P:27 SP:F9  CYC:19656
> FAE8  60        RTS                             A:B8 X:FF Y:BB P:27 SP:F9  CYC:19659
> ED95  AD 47 06  LDA $0647 = 38                  A:B8 X:FF Y:BB P:27 SP:FB  CYC:19665
> ED98  C9 38     CMP #$38                        A:38 X:FF Y:BB P:25 SP:FB  CYC:19669
> ED9A  F0 02     BEQ $ED9E                       A:38 X:FF Y:BB P:27 SP:FB  CYC:19671
> ED9E  A0 BC     LDY #$BC                        A:38 X:FF Y:BB P:27 SP:FB  CYC:19674
> EDA0  A2 FF     LDX #$FF                        A:38 X:FF Y:BC P:A5 SP:FB  CYC:19676
> EDA2  A9 EB     LDA #$EB                        A:38 X:FF Y:BC P:A5 SP:FB  CYC:19678
> EDA4  8D 47 06  STA $0647 = 38                  A:EB X:FF Y:BC P:A5 SP:FB  CYC:19680
> EDA7  20 B1 FA  JSR $FAB1                       A:EB X:FF Y:BC P:A5 SP:FB  CYC:19684
> FAB1  24 01     BIT $01 = FF                    A:EB X:FF Y:BC P:A5 SP:F9  CYC:19690
> FAB3  18        CLC                             A:EB X:FF Y:BC P:E5 SP:F9  CYC:19693
> FAB4  A9 40     LDA #$40                        A:EB X:FF Y:BC P:E4 SP:F9  CYC:19695
> FAB6  60        RTS                             A:40 X:FF Y:BC P:64 SP:F9  CYC:19697
> EDAA  FF 48 05 *ISB $0548,X @ 0647 = EB         A:40 X:FF Y:BC P:64 SP:FB  CYC:19703
> EDAD  EA        NOP                             A:53 X:FF Y:BC P:24 SP:FB  CYC:19710
> EDAE  EA        NOP                             A:53 X:FF Y:BC P:24 SP:FB  CYC:19712
> EDAF  EA        NOP                             A:53 X:FF Y:BC P:24 SP:FB  CYC:19714
> EDB0  EA        NOP                             A:53 X:FF Y:BC P:24 SP:FB  CYC:19716
> EDB1  20 B7 FA  JSR $FAB7                       A:53 X:FF Y:BC P:24 SP:FB  CYC:19718
> FAB7  70 2D     BVS $FAE6                       A:53 X:FF Y:BC P:24 SP:F9  CYC:19724
> FAB9  B0 2B     BCS $FAE6                       A:53 X:FF Y:BC P:24 SP:F9  CYC:19726
> FABB  30 29     BMI $FAE6                       A:53 X:FF Y:BC P:24 SP:F9  CYC:19728
> FABD  C9 53     CMP #$53                        A:53 X:FF Y:BC P:24 SP:F9  CYC:19730
> FABF  D0 25     BNE $FAE6                       A:53 X:FF Y:BC P:27 SP:F9  CYC:19732
> FAC1  60        RTS                             A:53 X:FF Y:BC P:27 SP:F9  CYC:19734
> EDB4  AD 47 06  LDA $0647 = EC                  A:53 X:FF Y:BC P:27 SP:FB  CYC:19740
> EDB7  C9 EC     CMP #$EC                        A:EC X:FF Y:BC P:A5 SP:FB  CYC:19744
> EDB9  F0 02     BEQ $EDBD                       A:EC X:FF Y:BC P:27 SP:FB  CYC:19746
> EDBD  C8        INY                             A:EC X:FF Y:BC P:27 SP:FB  CYC:19749
> EDBE  A9 FF     LDA #$FF                        A:EC X:FF Y:BD P:A5 SP:FB  CYC:19751
> EDC0  8D 47 06  STA $0647 = EC                  A:FF X:FF Y:BD P:A5 SP:FB  CYC:19753
> EDC3  20 C2 FA  JSR $FAC2                       A:FF X:FF Y:BD P:A5 SP:FB  CYC:19757
> FAC2  B8        CLV                             A:FF X:FF Y:BD P:A5 SP:F9  CYC:19763
> FAC3  38        SEC                             A:FF X:FF Y:BD P:A5 SP:F9  CYC:19765
> FAC4  A9 FF     LDA #$FF                        A:FF X:FF Y:BD P:A5 SP:F9  CYC:19767
> FAC6  60        RTS                             A:FF X:FF Y:BD P:A5 SP:F9  CYC:19769
> EDC6  FF 48 05 *ISB $0548,X @ 0647 = FF         A:FF X:FF Y:BD P:A5 SP:FB  CYC:19775
> EDC9  EA        NOP                             A:FF X:FF Y:BD P:A5 SP:FB  CYC:19782
> EDCA  EA        NOP                             A:FF X:FF Y:BD P:A5 SP:FB  CYC:19784
> EDCB  EA        NOP                             A:FF X:FF Y:BD P:A5 SP:FB  CYC:19786
> EDCC  EA        NOP                             A:FF X:FF Y:BD P:A5 SP:FB  CYC:19788
> EDCD  20 C7 FA  JSR $FAC7                       A:FF X:FF Y:BD P:A5 SP:FB  CYC:19790
> FAC7  70 1D     BVS $FAE6                       A:FF X:FF Y:BD P:A5 SP:F9  CYC:19796
> FAC9  F0 1B     BEQ $FAE6                       A:FF X:FF Y:BD P:A5 SP:F9  CYC:19798
> FACB  10 19     BPL $FAE6                       A:FF X:FF Y:BD P:A5 SP:F9  CYC:19800
> FACD  90 17     BCC $FAE6                       A:FF X:FF Y:BD P:A5 SP:F9  CYC:19802
> FACF  C9 FF     CMP #$FF                        A:FF X:FF Y:BD P:A5 SP:F9  CYC:19804
> FAD1  D0 13     BNE $FAE6                       A:FF X:FF Y:BD P:27 SP:F9  CYC:19806
> FAD3  60        RTS                             A:FF X:FF Y:BD P:27 SP:F9  CYC:19808
> EDD0  AD 47 06  LDA $0647 = 00                  A:FF X:FF Y:BD P:27 SP:FB  CYC:19814
> EDD3  C9 00     CMP #$00                        A:00 X:FF Y:BD P:27 SP:FB  CYC:19818
> EDD5  F0 02     BEQ $EDD9                       A:00 X:FF Y:BD P:27 SP:FB  CYC:19820
> EDD9  C8        INY                             A:00 X:FF Y:BD P:27 SP:FB  CYC:19823
> EDDA  A9 37     LDA #$37                        A:00 X:FF Y:BE P:A5 SP:FB  CYC:19825
> EDDC  8D 47 06  STA $0647 = 00                  A:37 X:FF Y:BE P:25 SP:FB  CYC:19827
> EDDF  20 D4 FA  JSR $FAD4                       A:37 X:FF Y:BE P:25 SP:FB  CYC:19831
> FAD4  24 01     BIT $01 = FF                    A:37 X:FF Y:BE P:25 SP:F9  CYC:19837
> FAD6  38        SEC                             A:37 X:FF Y:BE P:E5 SP:F9  CYC:19840
> FAD7  A9 F0     LDA #$F0                        A:37 X:FF Y:BE P:E5 SP:F9  CYC:19842
> FAD9  60        RTS                             A:F0 X:FF Y:BE P:E5 SP:F9  CYC:19844
> EDE2  FF 48 05 *ISB $0548,X @ 0647 = 37         A:F0 X:FF Y:BE P:E5 SP:FB  CYC:19850
> EDE5  EA        NOP                             A:B8 X:FF Y:BE P:A5 SP:FB  CYC:19857
> EDE6  EA        NOP                             A:B8 X:FF Y:BE P:A5 SP:FB  CYC:19859
> EDE7  EA        NOP                             A:B8 X:FF Y:BE P:A5 SP:FB  CYC:19861
> EDE8  EA        NOP                             A:B8 X:FF Y:BE P:A5 SP:FB  CYC:19863
> EDE9  20 DA FA  JSR $FADA                       A:B8 X:FF Y:BE P:A5 SP:FB  CYC:19865
> FADA  70 0A     BVS $FAE6                       A:B8 X:FF Y:BE P:A5 SP:F9  CYC:19871
> FADC  F0 08     BEQ $FAE6                       A:B8 X:FF Y:BE P:A5 SP:F9  CYC:19873
> FADE  10 06     BPL $FAE6                       A:B8 X:FF Y:BE P:A5 SP:F9  CYC:19875
> FAE0  90 04     BCC $FAE6                       A:B8 X:FF Y:BE P:A5 SP:F9  CYC:19877
> FAE2  C9 B8     CMP #$B8                        A:B8 X:FF Y:BE P:A5 SP:F9  CYC:19879
> FAE4  F0 02     BEQ $FAE8                       A:B8 X:FF Y:BE P:27 SP:F9  CYC:19881
> FAE8  60        RTS                             A:B8 X:FF Y:BE P:27 SP:F9  CYC:19884
> EDEC  AD 47 06  LDA $0647 = 38                  A:B8 X:FF Y:BE P:27 SP:FB  CYC:19890
> EDEF  C9 38     CMP #$38                        A:38 X:FF Y:BE P:25 SP:FB  CYC:19894
> EDF1  F0 02     BEQ $EDF5                       A:38 X:FF Y:BE P:27 SP:FB  CYC:19896
> EDF5  60        RTS                             A:38 X:FF Y:BE P:27 SP:FB  CYC:19899
> C641  20 F6 ED  JSR $EDF6                       A:38 X:FF Y:BE P:27 SP:FD  CYC:19905
> EDF6  A9 FF     LDA #$FF                        A:38 X:FF Y:BE P:27 SP:FB  CYC:19911
> EDF8  85 01     STA $01 = FF                    A:FF X:FF Y:BE P:A5 SP:FB  CYC:19913
> EDFA  A0 BF     LDY #$BF                        A:FF X:FF Y:BE P:A5 SP:FB  CYC:19916
> EDFC  A2 02     LDX #$02                        A:FF X:FF Y:BF P:A5 SP:FB  CYC:19918
> EDFE  A9 47     LDA #$47                        A:FF X:02 Y:BF P:25 SP:FB  CYC:19920
> EE00  85 47     STA $47 = 38                    A:47 X:02 Y:BF P:25 SP:FB  CYC:19922
> EE02  A9 06     LDA #$06                        A:47 X:02 Y:BF P:25 SP:FB  CYC:19925
> EE04  85 48     STA $48 = 06                    A:06 X:02 Y:BF P:25 SP:FB  CYC:19927
> EE06  A9 A5     LDA #$A5                        A:06 X:02 Y:BF P:25 SP:FB  CYC:19930
> EE08  8D 47 06  STA $0647 = 38                  A:A5 X:02 Y:BF P:A5 SP:FB  CYC:19932
> EE0B  20 7B FA  JSR $FA7B                       A:A5 X:02 Y:BF P:A5 SP:FB  CYC:19936
> FA7B  24 01     BIT $01 = FF                    A:A5 X:02 Y:BF P:A5 SP:F9  CYC:19942
> FA7D  18        CLC                             A:A5 X:02 Y:BF P:E5 SP:F9  CYC:19945
> FA7E  A9 B3     LDA #$B3                        A:A5 X:02 Y:BF P:E4 SP:F9  CYC:19947
> FA80  60        RTS                             A:B3 X:02 Y:BF P:E4 SP:F9  CYC:19949
> EE0E  03 45    *SLO ($45,X) @ 47 = 0647 = A5    A:B3 X:02 Y:BF P:E4 SP:FB  CYC:19955
> EE10  EA        NOP                             A:FB X:02 Y:BF P:E5 SP:FB  CYC:19963
> EE11  EA        NOP                             A:FB X:02 Y:BF P:E5 SP:FB  CYC:19965
> EE12  EA        NOP                             A:FB X:02 Y:BF P:E5 SP:FB  CYC:19967
> EE13  EA        NOP                             A:FB X:02 Y:BF P:E5 SP:FB  CYC:19969
> EE14  20 81 FA  JSR $FA81                       A:FB X:02 Y:BF P:E5 SP:FB  CYC:19971
> FA81  50 63     BVC $FAE6                       A:FB X:02 Y:BF P:E5 SP:F9  CYC:19977
> FA83  90 61     BCC $FAE6                       A:FB X:02 Y:BF P:E5 SP:F9  CYC:19979
> FA85  10 5F     BPL $FAE6                       A:FB X:02 Y:BF P:E5 SP:F9  CYC:19981
> FA87  C9 FB     CMP #$FB                        A:FB X:02 Y:BF P:E5 SP:F9  CYC:19983
> FA89  D0 5B     BNE $FAE6                       A:FB X:02 Y:BF P:67 SP:F9  CYC:19985
> FA8B  60        RTS                             A:FB X:02 Y:BF P:67 SP:F9  CYC:19987
> EE17  AD 47 06  LDA $0647 = 4A                  A:FB X:02 Y:BF P:67 SP:FB  CYC:19993
> EE1A  C9 4A     CMP #$4A                        A:4A X:02 Y:BF P:65 SP:FB  CYC:19997
> EE1C  F0 02     BEQ $EE20                       A:4A X:02 Y:BF P:67 SP:FB  CYC:19999
> EE20  C8        INY                             A:4A X:02 Y:BF P:67 SP:FB  CYC:20002
> EE21  A9 29     LDA #$29                        A:4A X:02 Y:C0 P:E5 SP:FB  CYC:20004
> EE23  8D 47 06  STA $0647 = 4A                  A:29 X:02 Y:C0 P:65 SP:FB  CYC:20006
> EE26  20 8C FA  JSR $FA8C                       A:29 X:02 Y:C0 P:65 SP:FB  CYC:20010
> FA8C  B8        CLV                             A:29 X:02 Y:C0 P:65 SP:F9  CYC:20016
> FA8D  18        CLC                             A:29 X:02 Y:C0 P:25 SP:F9  CYC:20018
> FA8E  A9 C3     LDA #$C3                        A:29 X:02 Y:C0 P:24 SP:F9  CYC:20020
> FA90  60        RTS                             A:C3 X:02 Y:C0 P:A4 SP:F9  CYC:20022
> EE29  03 45    *SLO ($45,X) @ 47 = 0647 = 29    A:C3 X:02 Y:C0 P:A4 SP:FB  CYC:20028
> EE2B  EA        NOP                             A:D3 X:02 Y:C0 P:A4 SP:FB  CYC:20036
> EE2C  EA        NOP                             A:D3 X:02 Y:C0 P:A4 SP:FB  CYC:20038
> EE2D  EA        NOP                             A:D3 X:02 Y:C0 P:A4 SP:FB  CYC:20040
> EE2E  EA        NOP                             A:D3 X:02 Y:C0 P:A4 SP:FB  CYC:20042
> EE2F  20 91 FA  JSR $FA91                       A:D3 X:02 Y:C0 P:A4 SP:FB  CYC:20044
> FA91  70 53     BVS $FAE6                       A:D3 X:02 Y:C0 P:A4 SP:F9  CYC:20050
> FA93  F0 51     BEQ $FAE6                       A:D3 X:02 Y:C0 P:A4 SP:F9  CYC:20052
> FA95  10 4F     BPL $FAE6                       A:D3 X:02 Y:C0 P:A4 SP:F9  CYC:20054
> FA97  B0 4D     BCS $FAE6                       A:D3 X:02 Y:C0 P:A4 SP:F9  CYC:20056
> FA99  C9 D3     CMP #$D3                        A:D3 X:02 Y:C0 P:A4 SP:F9  CYC:20058
> FA9B  D0 49     BNE $FAE6                       A:D3 X:02 Y:C0 P:27 SP:F9  CYC:20060
> FA9D  60        RTS                             A:D3 X:02 Y:C0 P:27 SP:F9  CYC:20062
> EE32  AD 47 06  LDA $0647 = 52                  A:D3 X:02 Y:C0 P:27 SP:FB  CYC:20068
> EE35  C9 52     CMP #$52                        A:52 X:02 Y:C0 P:25 SP:FB  CYC:20072
> EE37  F0 02     BEQ $EE3B                       A:52 X:02 Y:C0 P:27 SP:FB  CYC:20074
> EE3B  C8        INY                             A:52 X:02 Y:C0 P:27 SP:FB  CYC:20077
> EE3C  A9 37     LDA #$37                        A:52 X:02 Y:C1 P:A5 SP:FB  CYC:20079
> EE3E  8D 47 06  STA $0647 = 52                  A:37 X:02 Y:C1 P:25 SP:FB  CYC:20081
> EE41  20 9E FA  JSR $FA9E                       A:37 X:02 Y:C1 P:25 SP:FB  CYC:20085
> FA9E  24 01     BIT $01 = FF                    A:37 X:02 Y:C1 P:25 SP:F9  CYC:20091
> FAA0  38        SEC                             A:37 X:02 Y:C1 P:E5 SP:F9  CYC:20094
> FAA1  A9 10     LDA #$10                        A:37 X:02 Y:C1 P:E5 SP:F9  CYC:20096
> FAA3  60        RTS                             A:10 X:02 Y:C1 P:65 SP:F9  CYC:20098
> EE44  03 45    *SLO ($45,X) @ 47 = 0647 = 37    A:10 X:02 Y:C1 P:65 SP:FB  CYC:20104
> EE46  EA        NOP                             A:7E X:02 Y:C1 P:64 SP:FB  CYC:20112
> EE47  EA        NOP                             A:7E X:02 Y:C1 P:64 SP:FB  CYC:20114
> EE48  EA        NOP                             A:7E X:02 Y:C1 P:64 SP:FB  CYC:20116
> EE49  EA        NOP                             A:7E X:02 Y:C1 P:64 SP:FB  CYC:20118
> EE4A  20 A4 FA  JSR $FAA4                       A:7E X:02 Y:C1 P:64 SP:FB  CYC:20120
> FAA4  50 40     BVC $FAE6                       A:7E X:02 Y:C1 P:64 SP:F9  CYC:20126
> FAA6  F0 3E     BEQ $FAE6                       A:7E X:02 Y:C1 P:64 SP:F9  CYC:20128
> FAA8  30 3C     BMI $FAE6                       A:7E X:02 Y:C1 P:64 SP:F9  CYC:20130
> FAAA  B0 3A     BCS $FAE6                       A:7E X:02 Y:C1 P:64 SP:F9  CYC:20132
> FAAC  C9 7E     CMP #$7E                        A:7E X:02 Y:C1 P:64 SP:F9  CYC:20134
> FAAE  D0 36     BNE $FAE6                       A:7E X:02 Y:C1 P:67 SP:F9  CYC:20136
> FAB0  60        RTS                             A:7E X:02 Y:C1 P:67 SP:F9  CYC:20138
> EE4D  AD 47 06  LDA $0647 = 6E                  A:7E X:02 Y:C1 P:67 SP:FB  CYC:20144
> EE50  C9 6E     CMP #$6E                        A:6E X:02 Y:C1 P:65 SP:FB  CYC:20148
> EE52  F0 02     BEQ $EE56                       A:6E X:02 Y:C1 P:67 SP:FB  CYC:20150
> EE56  C8        INY                             A:6E X:02 Y:C1 P:67 SP:FB  CYC:20153
> EE57  A9 A5     LDA #$A5                        A:6E X:02 Y:C2 P:E5 SP:FB  CYC:20155
> EE59  85 47     STA $47 = 47                    A:A5 X:02 Y:C2 P:E5 SP:FB  CYC:20157
> EE5B  20 7B FA  JSR $FA7B                       A:A5 X:02 Y:C2 P:E5 SP:FB  CYC:20160
> FA7B  24 01     BIT $01 = FF                    A:A5 X:02 Y:C2 P:E5 SP:F9  CYC:20166
> FA7D  18        CLC                             A:A5 X:02 Y:C2 P:E5 SP:F9  CYC:20169
> FA7E  A9 B3     LDA #$B3                        A:A5 X:02 Y:C2 P:E4 SP:F9  CYC:20171
> FA80  60        RTS                             A:B3 X:02 Y:C2 P:E4 SP:F9  CYC:20173
> EE5E  07 47    *SLO $47 = A5                    A:B3 X:02 Y:C2 P:E4 SP:FB  CYC:20179
> EE60  EA        NOP                             A:FB X:02 Y:C2 P:E5 SP:FB  CYC:20184
> EE61  EA        NOP                             A:FB X:02 Y:C2 P:E5 SP:FB  CYC:20186
> EE62  EA        NOP                             A:FB X:02 Y:C2 P:E5 SP:FB  CYC:20188
> EE63  EA        NOP                             A:FB X:02 Y:C2 P:E5 SP:FB  CYC:20190
> EE64  20 81 FA  JSR $FA81                       A:FB X:02 Y:C2 P:E5 SP:FB  CYC:20192
> FA81  50 63     BVC $FAE6                       A:FB X:02 Y:C2 P:E5 SP:F9  CYC:20198
> FA83  90 61     BCC $FAE6                       A:FB X:02 Y:C2 P:E5 SP:F9  CYC:20200
> FA85  10 5F     BPL $FAE6                       A:FB X:02 Y:C2 P:E5 SP:F9  CYC:20202
> FA87  C9 FB     CMP #$FB                        A:FB X:02 Y:C2 P:E5 SP:F9  CYC:20204
> FA89  D0 5B     BNE $FAE6                       A:FB X:02 Y:C2 P:67 SP:F9  CYC:20206
> FA8B  60        RTS                             A:FB X:02 Y:C2 P:67 SP:F9  CYC:20208
> EE67  A5 47     LDA $47 = 4A                    A:FB X:02 Y:C2 P:67 SP:FB  CYC:20214
> EE69  C9 4A     CMP #$4A                        A:4A X:02 Y:C2 P:65 SP:FB  CYC:20217
> EE6B  F0 02     BEQ $EE6F                       A:4A X:02 Y:C2 P:67 SP:FB  CYC:20219
> EE6F  C8        INY                             A:4A X:02 Y:C2 P:67 SP:FB  CYC:20222
> EE70  A9 29     LDA #$29                        A:4A X:02 Y:C3 P:E5 SP:FB  CYC:20224
> EE72  85 47     STA $47 = 4A                    A:29 X:02 Y:C3 P:65 SP:FB  CYC:20226
> EE74  20 8C FA  JSR $FA8C                       A:29 X:02 Y:C3 P:65 SP:FB  CYC:20229
> FA8C  B8        CLV                             A:29 X:02 Y:C3 P:65 SP:F9  CYC:20235
> FA8D  18        CLC                             A:29 X:02 Y:C3 P:25 SP:F9  CYC:20237
> FA8E  A9 C3     LDA #$C3                        A:29 X:02 Y:C3 P:24 SP:F9  CYC:20239
> FA90  60        RTS                             A:C3 X:02 Y:C3 P:A4 SP:F9  CYC:20241
> EE77  07 47    *SLO $47 = 29                    A:C3 X:02 Y:C3 P:A4 SP:FB  CYC:20247
> EE79  EA        NOP                             A:D3 X:02 Y:C3 P:A4 SP:FB  CYC:20252
> EE7A  EA        NOP                             A:D3 X:02 Y:C3 P:A4 SP:FB  CYC:20254
> EE7B  EA        NOP                             A:D3 X:02 Y:C3 P:A4 SP:FB  CYC:20256
> EE7C  EA        NOP                             A:D3 X:02 Y:C3 P:A4 SP:FB  CYC:20258
> EE7D  20 91 FA  JSR $FA91                       A:D3 X:02 Y:C3 P:A4 SP:FB  CYC:20260
> FA91  70 53     BVS $FAE6                       A:D3 X:02 Y:C3 P:A4 SP:F9  CYC:20266
> FA93  F0 51     BEQ $FAE6                       A:D3 X:02 Y:C3 P:A4 SP:F9  CYC:20268
> FA95  10 4F     BPL $FAE6                       A:D3 X:02 Y:C3 P:A4 SP:F9  CYC:20270
> FA97  B0 4D     BCS $FAE6                       A:D3 X:02 Y:C3 P:A4 SP:F9  CYC:20272
> FA99  C9 D3     CMP #$D3                        A:D3 X:02 Y:C3 P:A4 SP:F9  CYC:20274
> FA9B  D0 49     BNE $FAE6                       A:D3 X:02 Y:C3 P:27 SP:F9  CYC:20276
> FA9D  60        RTS                             A:D3 X:02 Y:C3 P:27 SP:F9  CYC:20278
> EE80  A5 47     LDA $47 = 52                    A:D3 X:02 Y:C3 P:27 SP:FB  CYC:20284
> EE82  C9 52     CMP #$52                        A:52 X:02 Y:C3 P:25 SP:FB  CYC:20287
> EE84  F0 02     BEQ $EE88                       A:52 X:02 Y:C3 P:27 SP:FB  CYC:20289
> EE88  C8        INY                             A:52 X:02 Y:C3 P:27 SP:FB  CYC:20292
> EE89  A9 37     LDA #$37                        A:52 X:02 Y:C4 P:A5 SP:FB  CYC:20294
> EE8B  85 47     STA $47 = 52                    A:37 X:02 Y:C4 P:25 SP:FB  CYC:20296
> EE8D  20 9E FA  JSR $FA9E                       A:37 X:02 Y:C4 P:25 SP:FB  CYC:20299
> FA9E  24 01     BIT $01 = FF                    A:37 X:02 Y:C4 P:25 SP:F9  CYC:20305
> FAA0  38        SEC                             A:37 X:02 Y:C4 P:E5 SP:F9  CYC:20308
> FAA1  A9 10     LDA #$10                        A:37 X:02 Y:C4 P:E5 SP:F9  CYC:20310
> FAA3  60        RTS                             A:10 X:02 Y:C4 P:65 SP:F9  CYC:20312
> EE90  07 47    *SLO $47 = 37                    A:10 X:02 Y:C4 P:65 SP:FB  CYC:20318
> EE92  EA        NOP                             A:7E X:02 Y:C4 P:64 SP:FB  CYC:20323
> EE93  EA        NOP                             A:7E X:02 Y:C4 P:64 SP:FB  CYC:20325
> EE94  EA        NOP                             A:7E X:02 Y:C4 P:64 SP:FB  CYC:20327
> EE95  EA        NOP                             A:7E X:02 Y:C4 P:64 SP:FB  CYC:20329
> EE96  20 A4 FA  JSR $FAA4                       A:7E X:02 Y:C4 P:64 SP:FB  CYC:20331
> FAA4  50 40     BVC $FAE6                       A:7E X:02 Y:C4 P:64 SP:F9  CYC:20337
> FAA6  F0 3E     BEQ $FAE6                       A:7E X:02 Y:C4 P:64 SP:F9  CYC:20339
> FAA8  30 3C     BMI $FAE6                       A:7E X:02 Y:C4 P:64 SP:F9  CYC:20341
> FAAA  B0 3A     BCS $FAE6                       A:7E X:02 Y:C4 P:64 SP:F9  CYC:20343
> FAAC  C9 7E     CMP #$7E                        A:7E X:02 Y:C4 P:64 SP:F9  CYC:20345
> FAAE  D0 36     BNE $FAE6                       A:7E X:02 Y:C4 P:67 SP:F9  CYC:20347
> FAB0  60        RTS                             A:7E X:02 Y:C4 P:67 SP:F9  CYC:20349
> EE99  A5 47     LDA $47 = 6E                    A:7E X:02 Y:C4 P:67 SP:FB  CYC:20355
> EE9B  C9 6E     CMP #$6E                        A:6E X:02 Y:C4 P:65 SP:FB  CYC:20358
> EE9D  F0 02     BEQ $EEA1                       A:6E X:02 Y:C4 P:67 SP:FB  CYC:20360
> EEA1  C8        INY                             A:6E X:02 Y:C4 P:67 SP:FB  CYC:20363
> EEA2  A9 A5     LDA #$A5                        A:6E X:02 Y:C5 P:E5 SP:FB  CYC:20365
> EEA4  8D 47 06  STA $0647 = 6E                  A:A5 X:02 Y:C5 P:E5 SP:FB  CYC:20367
> EEA7  20 7B FA  JSR $FA7B                       A:A5 X:02 Y:C5 P:E5 SP:FB  CYC:20371
> FA7B  24 01     BIT $01 = FF                    A:A5 X:02 Y:C5 P:E5 SP:F9  CYC:20377
> FA7D  18        CLC                             A:A5 X:02 Y:C5 P:E5 SP:F9  CYC:20380
> FA7E  A9 B3     LDA #$B3                        A:A5 X:02 Y:C5 P:E4 SP:F9  CYC:20382
> FA80  60        RTS                             A:B3 X:02 Y:C5 P:E4 SP:F9  CYC:20384
> EEAA  0F 47 06 *SLO $0647 = A5                  A:B3 X:02 Y:C5 P:E4 SP:FB  CYC:20390
> EEAD  EA        NOP                             A:FB X:02 Y:C5 P:E5 SP:FB  CYC:20396
> EEAE  EA        NOP                             A:FB X:02 Y:C5 P:E5 SP:FB  CYC:20398
> EEAF  EA        NOP                             A:FB X:02 Y:C5 P:E5 SP:FB  CYC:20400
> EEB0  EA        NOP                             A:FB X:02 Y:C5 P:E5 SP:FB  CYC:20402
> EEB1  20 81 FA  JSR $FA81                       A:FB X:02 Y:C5 P:E5 SP:FB  CYC:20404
> FA81  50 63     BVC $FAE6                       A:FB X:02 Y:C5 P:E5 SP:F9  CYC:20410
> FA83  90 61     BCC $FAE6                       A:FB X:02 Y:C5 P:E5 SP:F9  CYC:20412
> FA85  10 5F     BPL $FAE6                       A:FB X:02 Y:C5 P:E5 SP:F9  CYC:20414
> FA87  C9 FB     CMP #$FB                        A:FB X:02 Y:C5 P:E5 SP:F9  CYC:20416
> FA89  D0 5B     BNE $FAE6                       A:FB X:02 Y:C5 P:67 SP:F9  CYC:20418
> FA8B  60        RTS                             A:FB X:02 Y:C5 P:67 SP:F9  CYC:20420
> EEB4  AD 47 06  LDA $0647 = 4A                  A:FB X:02 Y:C5 P:67 SP:FB  CYC:20426
> EEB7  C9 4A     CMP #$4A                        A:4A X:02 Y:C5 P:65 SP:FB  CYC:20430
> EEB9  F0 02     BEQ $EEBD                       A:4A X:02 Y:C5 P:67 SP:FB  CYC:20432
> EEBD  C8        INY                             A:4A X:02 Y:C5 P:67 SP:FB  CYC:20435
> EEBE  A9 29     LDA #$29                        A:4A X:02 Y:C6 P:E5 SP:FB  CYC:20437
> EEC0  8D 47 06  STA $0647 = 4A                  A:29 X:02 Y:C6 P:65 SP:FB  CYC:20439
> EEC3  20 8C FA  JSR $FA8C                       A:29 X:02 Y:C6 P:65 SP:FB  CYC:20443
> FA8C  B8        CLV                             A:29 X:02 Y:C6 P:65 SP:F9  CYC:20449
> FA8D  18        CLC                             A:29 X:02 Y:C6 P:25 SP:F9  CYC:20451
> FA8E  A9 C3     LDA #$C3                        A:29 X:02 Y:C6 P:24 SP:F9  CYC:20453
> FA90  60        RTS                             A:C3 X:02 Y:C6 P:A4 SP:F9  CYC:20455
> EEC6  0F 47 06 *SLO $0647 = 29                  A:C3 X:02 Y:C6 P:A4 SP:FB  CYC:20461
> EEC9  EA        NOP                             A:D3 X:02 Y:C6 P:A4 SP:FB  CYC:20467
> EECA  EA        NOP                             A:D3 X:02 Y:C6 P:A4 SP:FB  CYC:20469
> EECB  EA        NOP                             A:D3 X:02 Y:C6 P:A4 SP:FB  CYC:20471
> EECC  EA        NOP                             A:D3 X:02 Y:C6 P:A4 SP:FB  CYC:20473
> EECD  20 91 FA  JSR $FA91                       A:D3 X:02 Y:C6 P:A4 SP:FB  CYC:20475
> FA91  70 53     BVS $FAE6                       A:D3 X:02 Y:C6 P:A4 SP:F9  CYC:20481
> FA93  F0 51     BEQ $FAE6                       A:D3 X:02 Y:C6 P:A4 SP:F9  CYC:20483
> FA95  10 4F     BPL $FAE6                       A:D3 X:02 Y:C6 P:A4 SP:F9  CYC:20485
> FA97  B0 4D     BCS $FAE6                       A:D3 X:02 Y:C6 P:A4 SP:F9  CYC:20487
> FA99  C9 D3     CMP #$D3                        A:D3 X:02 Y:C6 P:A4 SP:F9  CYC:20489
> FA9B  D0 49     BNE $FAE6                       A:D3 X:02 Y:C6 P:27 SP:F9  CYC:20491
> FA9D  60        RTS                             A:D3 X:02 Y:C6 P:27 SP:F9  CYC:20493
> EED0  AD 47 06  LDA $0647 = 52                  A:D3 X:02 Y:C6 P:27 SP:FB  CYC:20499
> EED3  C9 52     CMP #$52                        A:52 X:02 Y:C6 P:25 SP:FB  CYC:20503
> EED5  F0 02     BEQ $EED9                       A:52 X:02 Y:C6 P:27 SP:FB  CYC:20505
> EED9  C8        INY                             A:52 X:02 Y:C6 P:27 SP:FB  CYC:20508
> EEDA  A9 37     LDA #$37                        A:52 X:02 Y:C7 P:A5 SP:FB  CYC:20510
> EEDC  8D 47 06  STA $0647 = 52                  A:37 X:02 Y:C7 P:25 SP:FB  CYC:20512
> EEDF  20 9E FA  JSR $FA9E                       A:37 X:02 Y:C7 P:25 SP:FB  CYC:20516
> FA9E  24 01     BIT $01 = FF                    A:37 X:02 Y:C7 P:25 SP:F9  CYC:20522
> FAA0  38        SEC                             A:37 X:02 Y:C7 P:E5 SP:F9  CYC:20525
> FAA1  A9 10     LDA #$10                        A:37 X:02 Y:C7 P:E5 SP:F9  CYC:20527
> FAA3  60        RTS                             A:10 X:02 Y:C7 P:65 SP:F9  CYC:20529
> EEE2  0F 47 06 *SLO $0647 = 37                  A:10 X:02 Y:C7 P:65 SP:FB  CYC:20535
> EEE5  EA        NOP                             A:7E X:02 Y:C7 P:64 SP:FB  CYC:20541
> EEE6  EA        NOP                             A:7E X:02 Y:C7 P:64 SP:FB  CYC:20543
> EEE7  EA        NOP                             A:7E X:02 Y:C7 P:64 SP:FB  CYC:20545
> EEE8  EA        NOP                             A:7E X:02 Y:C7 P:64 SP:FB  CYC:20547
> EEE9  20 A4 FA  JSR $FAA4                       A:7E X:02 Y:C7 P:64 SP:FB  CYC:20549
> FAA4  50 40     BVC $FAE6                       A:7E X:02 Y:C7 P:64 SP:F9  CYC:20555
> FAA6  F0 3E     BEQ $FAE6                       A:7E X:02 Y:C7 P:64 SP:F9  CYC:20557
> FAA8  30 3C     BMI $FAE6                       A:7E X:02 Y:C7 P:64 SP:F9  CYC:20559
> FAAA  B0 3A     BCS $FAE6                       A:7E X:02 Y:C7 P:64 SP:F9  CYC:20561
> FAAC  C9 7E     CMP #$7E                        A:7E X:02 Y:C7 P:64 SP:F9  CYC:20563
> FAAE  D0 36     BNE $FAE6                       A:7E X:02 Y:C7 P:67 SP:F9  CYC:20565
> FAB0  60        RTS                             A:7E X:02 Y:C7 P:67 SP:F9  CYC:20567
> EEEC  AD 47 06  LDA $0647 = 6E                  A:7E X:02 Y:C7 P:67 SP:FB  CYC:20573
> EEEF  C9 6E     CMP #$6E                        A:6E X:02 Y:C7 P:65 SP:FB  CYC:20577
> EEF1  F0 02     BEQ $EEF5                       A:6E X:02 Y:C7 P:67 SP:FB  CYC:20579
> EEF5  A9 A5     LDA #$A5                        A:6E X:02 Y:C7 P:67 SP:FB  CYC:20582
> EEF7  8D 47 06  STA $0647 = 6E                  A:A5 X:02 Y:C7 P:E5 SP:FB  CYC:20584
> EEFA  A9 48     LDA #$48                        A:A5 X:02 Y:C7 P:E5 SP:FB  CYC:20588
> EEFC  85 45     STA $45 = 48                    A:48 X:02 Y:C7 P:65 SP:FB  CYC:20590
> EEFE  A9 05     LDA #$05                        A:48 X:02 Y:C7 P:65 SP:FB  CYC:20593
> EF00  85 46     STA $46 = 05                    A:05 X:02 Y:C7 P:65 SP:FB  CYC:20595
> EF02  A0 FF     LDY #$FF                        A:05 X:02 Y:C7 P:65 SP:FB  CYC:20598
> EF04  20 7B FA  JSR $FA7B                       A:05 X:02 Y:FF P:E5 SP:FB  CYC:20600
> FA7B  24 01     BIT $01 = FF                    A:05 X:02 Y:FF P:E5 SP:F9  CYC:20606
> FA7D  18        CLC                             A:05 X:02 Y:FF P:E5 SP:F9  CYC:20609
> FA7E  A9 B3     LDA #$B3                        A:05 X:02 Y:FF P:E4 SP:F9  CYC:20611
> FA80  60        RTS                             A:B3 X:02 Y:FF P:E4 SP:F9  CYC:20613
> EF07  13 45    *SLO ($45),Y = 0548 @ 0647 = A5  A:B3 X:02 Y:FF P:E4 SP:FB  CYC:20619
> EF09  EA        NOP                             A:FB X:02 Y:FF P:E5 SP:FB  CYC:20627
> EF0A  EA        NOP                             A:FB X:02 Y:FF P:E5 SP:FB  CYC:20629
> EF0B  08        PHP                             A:FB X:02 Y:FF P:E5 SP:FB  CYC:20631
> EF0C  48        PHA                             A:FB X:02 Y:FF P:E5 SP:FA  CYC:20634
> EF0D  A0 C8     LDY #$C8                        A:FB X:02 Y:FF P:E5 SP:F9  CYC:20637
> EF0F  68        PLA                             A:FB X:02 Y:C8 P:E5 SP:F9  CYC:20639
> EF10  28        PLP                             A:FB X:02 Y:C8 P:E5 SP:FA  CYC:20643
> EF11  20 81 FA  JSR $FA81                       A:FB X:02 Y:C8 P:E5 SP:FB  CYC:20647
> FA81  50 63     BVC $FAE6                       A:FB X:02 Y:C8 P:E5 SP:F9  CYC:20653
> FA83  90 61     BCC $FAE6                       A:FB X:02 Y:C8 P:E5 SP:F9  CYC:20655
> FA85  10 5F     BPL $FAE6                       A:FB X:02 Y:C8 P:E5 SP:F9  CYC:20657
> FA87  C9 FB     CMP #$FB                        A:FB X:02 Y:C8 P:E5 SP:F9  CYC:20659
> FA89  D0 5B     BNE $FAE6                       A:FB X:02 Y:C8 P:67 SP:F9  CYC:20661
> FA8B  60        RTS                             A:FB X:02 Y:C8 P:67 SP:F9  CYC:20663
> EF14  AD 47 06  LDA $0647 = 4A                  A:FB X:02 Y:C8 P:67 SP:FB  CYC:20669
> EF17  C9 4A     CMP #$4A                        A:4A X:02 Y:C8 P:65 SP:FB  CYC:20673
> EF19  F0 02     BEQ $EF1D                       A:4A X:02 Y:C8 P:67 SP:FB  CYC:20675
> EF1D  A0 FF     LDY #$FF                        A:4A X:02 Y:C8 P:67 SP:FB  CYC:20678
> EF1F  A9 29     LDA #$29                        A:4A X:02 Y:FF P:E5 SP:FB  CYC:20680
> EF21  8D 47 06  STA $0647 = 4A                  A:29 X:02 Y:FF P:65 SP:FB  CYC:20682
> EF24  20 8C FA  JSR $FA8C                       A:29 X:02 Y:FF P:65 SP:FB  CYC:20686
> FA8C  B8        CLV                             A:29 X:02 Y:FF P:65 SP:F9  CYC:20692
> FA8D  18        CLC                             A:29 X:02 Y:FF P:25 SP:F9  CYC:20694
> FA8E  A9 C3     LDA #$C3                        A:29 X:02 Y:FF P:24 SP:F9  CYC:20696
> FA90  60        RTS                             A:C3 X:02 Y:FF P:A4 SP:F9  CYC:20698
> EF27  13 45    *SLO ($45),Y = 0548 @ 0647 = 29  A:C3 X:02 Y:FF P:A4 SP:FB  CYC:20704
> EF29  EA        NOP                             A:D3 X:02 Y:FF P:A4 SP:FB  CYC:20712
> EF2A  EA        NOP                             A:D3 X:02 Y:FF P:A4 SP:FB  CYC:20714
> EF2B  08        PHP                             A:D3 X:02 Y:FF P:A4 SP:FB  CYC:20716
> EF2C  48        PHA                             A:D3 X:02 Y:FF P:A4 SP:FA  CYC:20719
> EF2D  A0 C9     LDY #$C9                        A:D3 X:02 Y:FF P:A4 SP:F9  CYC:20722
> EF2F  68        PLA                             A:D3 X:02 Y:C9 P:A4 SP:F9  CYC:20724
> EF30  28        PLP                             A:D3 X:02 Y:C9 P:A4 SP:FA  CYC:20728
> EF31  20 91 FA  JSR $FA91                       A:D3 X:02 Y:C9 P:A4 SP:FB  CYC:20732
> FA91  70 53     BVS $FAE6                       A:D3 X:02 Y:C9 P:A4 SP:F9  CYC:20738
> FA93  F0 51     BEQ $FAE6                       A:D3 X:02 Y:C9 P:A4 SP:F9  CYC:20740
> FA95  10 4F     BPL $FAE6                       A:D3 X:02 Y:C9 P:A4 SP:F9  CYC:20742
> FA97  B0 4D     BCS $FAE6                       A:D3 X:02 Y:C9 P:A4 SP:F9  CYC:20744
> FA99  C9 D3     CMP #$D3                        A:D3 X:02 Y:C9 P:A4 SP:F9  CYC:20746
> FA9B  D0 49     BNE $FAE6                       A:D3 X:02 Y:C9 P:27 SP:F9  CYC:20748
> FA9D  60        RTS                             A:D3 X:02 Y:C9 P:27 SP:F9  CYC:20750
> EF34  AD 47 06  LDA $0647 = 52                  A:D3 X:02 Y:C9 P:27 SP:FB  CYC:20756
> EF37  C9 52     CMP #$52                        A:52 X:02 Y:C9 P:25 SP:FB  CYC:20760
> EF39  F0 02     BEQ $EF3D                       A:52 X:02 Y:C9 P:27 SP:FB  CYC:20762
> EF3D  A0 FF     LDY #$FF                        A:52 X:02 Y:C9 P:27 SP:FB  CYC:20765
> EF3F  A9 37     LDA #$37                        A:52 X:02 Y:FF P:A5 SP:FB  CYC:20767
> EF41  8D 47 06  STA $0647 = 52                  A:37 X:02 Y:FF P:25 SP:FB  CYC:20769
> EF44  20 9E FA  JSR $FA9E                       A:37 X:02 Y:FF P:25 SP:FB  CYC:20773
> FA9E  24 01     BIT $01 = FF                    A:37 X:02 Y:FF P:25 SP:F9  CYC:20779
> FAA0  38        SEC                             A:37 X:02 Y:FF P:E5 SP:F9  CYC:20782
> FAA1  A9 10     LDA #$10                        A:37 X:02 Y:FF P:E5 SP:F9  CYC:20784
> FAA3  60        RTS                             A:10 X:02 Y:FF P:65 SP:F9  CYC:20786
> EF47  13 45    *SLO ($45),Y = 0548 @ 0647 = 37  A:10 X:02 Y:FF P:65 SP:FB  CYC:20792
> EF49  EA        NOP                             A:7E X:02 Y:FF P:64 SP:FB  CYC:20800
> EF4A  EA        NOP                             A:7E X:02 Y:FF P:64 SP:FB  CYC:20802
> EF4B  08        PHP                             A:7E X:02 Y:FF P:64 SP:FB  CYC:20804
> EF4C  48        PHA                             A:7E X:02 Y:FF P:64 SP:FA  CYC:20807
> EF4D  A0 CA     LDY #$CA                        A:7E X:02 Y:FF P:64 SP:F9  CYC:20810
> EF4F  68        PLA                             A:7E X:02 Y:CA P:E4 SP:F9  CYC:20812
> EF50  28        PLP                             A:7E X:02 Y:CA P:64 SP:FA  CYC:20816
> EF51  20 A4 FA  JSR $FAA4                       A:7E X:02 Y:CA P:64 SP:FB  CYC:20820
> FAA4  50 40     BVC $FAE6                       A:7E X:02 Y:CA P:64 SP:F9  CYC:20826
> FAA6  F0 3E     BEQ $FAE6                       A:7E X:02 Y:CA P:64 SP:F9  CYC:20828
> FAA8  30 3C     BMI $FAE6                       A:7E X:02 Y:CA P:64 SP:F9  CYC:20830
> FAAA  B0 3A     BCS $FAE6                       A:7E X:02 Y:CA P:64 SP:F9  CYC:20832
> FAAC  C9 7E     CMP #$7E                        A:7E X:02 Y:CA P:64 SP:F9  CYC:20834
> FAAE  D0 36     BNE $FAE6                       A:7E X:02 Y:CA P:67 SP:F9  CYC:20836
> FAB0  60        RTS                             A:7E X:02 Y:CA P:67 SP:F9  CYC:20838
> EF54  AD 47 06  LDA $0647 = 6E                  A:7E X:02 Y:CA P:67 SP:FB  CYC:20844
> EF57  C9 6E     CMP #$6E                        A:6E X:02 Y:CA P:65 SP:FB  CYC:20848
> EF59  F0 02     BEQ $EF5D                       A:6E X:02 Y:CA P:67 SP:FB  CYC:20850
> EF5D  A0 CB     LDY #$CB                        A:6E X:02 Y:CA P:67 SP:FB  CYC:20853
> EF5F  A2 FF     LDX #$FF                        A:6E X:02 Y:CB P:E5 SP:FB  CYC:20855
> EF61  A9 A5     LDA #$A5                        A:6E X:FF Y:CB P:E5 SP:FB  CYC:20857
> EF63  85 47     STA $47 = 6E                    A:A5 X:FF Y:CB P:E5 SP:FB  CYC:20859
> EF65  20 7B FA  JSR $FA7B                       A:A5 X:FF Y:CB P:E5 SP:FB  CYC:20862
> FA7B  24 01     BIT $01 = FF                    A:A5 X:FF Y:CB P:E5 SP:F9  CYC:20868
> FA7D  18        CLC                             A:A5 X:FF Y:CB P:E5 SP:F9  CYC:20871
> FA7E  A9 B3     LDA #$B3                        A:A5 X:FF Y:CB P:E4 SP:F9  CYC:20873
> FA80  60        RTS                             A:B3 X:FF Y:CB P:E4 SP:F9  CYC:20875
> EF68  17 48    *SLO $48,X @ 47 = A5             A:B3 X:FF Y:CB P:E4 SP:FB  CYC:20881
> EF6A  EA        NOP                             A:FB X:FF Y:CB P:E5 SP:FB  CYC:20887
> EF6B  EA        NOP                             A:FB X:FF Y:CB P:E5 SP:FB  CYC:20889
> EF6C  EA        NOP                             A:FB X:FF Y:CB P:E5 SP:FB  CYC:20891
> EF6D  EA        NOP                             A:FB X:FF Y:CB P:E5 SP:FB  CYC:20893
> EF6E  20 81 FA  JSR $FA81                       A:FB X:FF Y:CB P:E5 SP:FB  CYC:20895
> FA81  50 63     BVC $FAE6                       A:FB X:FF Y:CB P:E5 SP:F9  CYC:20901
> FA83  90 61     BCC $FAE6                       A:FB X:FF Y:CB P:E5 SP:F9  CYC:20903
> FA85  10 5F     BPL $FAE6                       A:FB X:FF Y:CB P:E5 SP:F9  CYC:20905
> FA87  C9 FB     CMP #$FB                        A:FB X:FF Y:CB P:E5 SP:F9  CYC:20907
> FA89  D0 5B     BNE $FAE6                       A:FB X:FF Y:CB P:67 SP:F9  CYC:20909
> FA8B  60        RTS                             A:FB X:FF Y:CB P:67 SP:F9  CYC:20911
> EF71  A5 47     LDA $47 = 4A                    A:FB X:FF Y:CB P:67 SP:FB  CYC:20917
> EF73  C9 4A     CMP #$4A                        A:4A X:FF Y:CB P:65 SP:FB  CYC:20920
> EF75  F0 02     BEQ $EF79                       A:4A X:FF Y:CB P:67 SP:FB  CYC:20922
> EF79  C8        INY                             A:4A X:FF Y:CB P:67 SP:FB  CYC:20925
> EF7A  A9 29     LDA #$29                        A:4A X:FF Y:CC P:E5 SP:FB  CYC:20927
> EF7C  85 47     STA $47 = 4A                    A:29 X:FF Y:CC P:65 SP:FB  CYC:20929
> EF7E  20 8C FA  JSR $FA8C                       A:29 X:FF Y:CC P:65 SP:FB  CYC:20932
> FA8C  B8        CLV                             A:29 X:FF Y:CC P:65 SP:F9  CYC:20938
> FA8D  18        CLC                             A:29 X:FF Y:CC P:25 SP:F9  CYC:20940
> FA8E  A9 C3     LDA #$C3                        A:29 X:FF Y:CC P:24 SP:F9  CYC:20942
> FA90  60        RTS                             A:C3 X:FF Y:CC P:A4 SP:F9  CYC:20944
> EF81  17 48    *SLO $48,X @ 47 = 29             A:C3 X:FF Y:CC P:A4 SP:FB  CYC:20950
> EF83  EA        NOP                             A:D3 X:FF Y:CC P:A4 SP:FB  CYC:20956
> EF84  EA        NOP                             A:D3 X:FF Y:CC P:A4 SP:FB  CYC:20958
> EF85  EA        NOP                             A:D3 X:FF Y:CC P:A4 SP:FB  CYC:20960
> EF86  EA        NOP                             A:D3 X:FF Y:CC P:A4 SP:FB  CYC:20962
> EF87  20 91 FA  JSR $FA91                       A:D3 X:FF Y:CC P:A4 SP:FB  CYC:20964
> FA91  70 53     BVS $FAE6                       A:D3 X:FF Y:CC P:A4 SP:F9  CYC:20970
> FA93  F0 51     BEQ $FAE6                       A:D3 X:FF Y:CC P:A4 SP:F9  CYC:20972
> FA95  10 4F     BPL $FAE6                       A:D3 X:FF Y:CC P:A4 SP:F9  CYC:20974
> FA97  B0 4D     BCS $FAE6                       A:D3 X:FF Y:CC P:A4 SP:F9  CYC:20976
> FA99  C9 D3     CMP #$D3                        A:D3 X:FF Y:CC P:A4 SP:F9  CYC:20978
> FA9B  D0 49     BNE $FAE6                       A:D3 X:FF Y:CC P:27 SP:F9  CYC:20980
> FA9D  60        RTS                             A:D3 X:FF Y:CC P:27 SP:F9  CYC:20982
> EF8A  A5 47     LDA $47 = 52                    A:D3 X:FF Y:CC P:27 SP:FB  CYC:20988
> EF8C  C9 52     CMP #$52                        A:52 X:FF Y:CC P:25 SP:FB  CYC:20991
> EF8E  F0 02     BEQ $EF92                       A:52 X:FF Y:CC P:27 SP:FB  CYC:20993
> EF92  C8        INY                             A:52 X:FF Y:CC P:27 SP:FB  CYC:20996
> EF93  A9 37     LDA #$37                        A:52 X:FF Y:CD P:A5 SP:FB  CYC:20998
> EF95  85 47     STA $47 = 52                    A:37 X:FF Y:CD P:25 SP:FB  CYC:21000
> EF97  20 9E FA  JSR $FA9E                       A:37 X:FF Y:CD P:25 SP:FB  CYC:21003
> FA9E  24 01     BIT $01 = FF                    A:37 X:FF Y:CD P:25 SP:F9  CYC:21009
> FAA0  38        SEC                             A:37 X:FF Y:CD P:E5 SP:F9  CYC:21012
> FAA1  A9 10     LDA #$10                        A:37 X:FF Y:CD P:E5 SP:F9  CYC:21014
> FAA3  60        RTS                             A:10 X:FF Y:CD P:65 SP:F9  CYC:21016
> EF9A  17 48    *SLO $48,X @ 47 = 37             A:10 X:FF Y:CD P:65 SP:FB  CYC:21022
> EF9C  EA        NOP                             A:7E X:FF Y:CD P:64 SP:FB  CYC:21028
> EF9D  EA        NOP                             A:7E X:FF Y:CD P:64 SP:FB  CYC:21030
> EF9E  EA        NOP                             A:7E X:FF Y:CD P:64 SP:FB  CYC:21032
> EF9F  EA        NOP                             A:7E X:FF Y:CD P:64 SP:FB  CYC:21034
> EFA0  20 A4 FA  JSR $FAA4                       A:7E X:FF Y:CD P:64 SP:FB  CYC:21036
> FAA4  50 40     BVC $FAE6                       A:7E X:FF Y:CD P:64 SP:F9  CYC:21042
> FAA6  F0 3E     BEQ $FAE6                       A:7E X:FF Y:CD P:64 SP:F9  CYC:21044
> FAA8  30 3C     BMI $FAE6                       A:7E X:FF Y:CD P:64 SP:F9  CYC:21046
> FAAA  B0 3A     BCS $FAE6                       A:7E X:FF Y:CD P:64 SP:F9  CYC:21048
> FAAC  C9 7E     CMP #$7E                        A:7E X:FF Y:CD P:64 SP:F9  CYC:21050
> FAAE  D0 36     BNE $FAE6                       A:7E X:FF Y:CD P:67 SP:F9  CYC:21052
> FAB0  60        RTS                             A:7E X:FF Y:CD P:67 SP:F9  CYC:21054
> EFA3  A5 47     LDA $47 = 6E                    A:7E X:FF Y:CD P:67 SP:FB  CYC:21060
> EFA5  C9 6E     CMP #$6E                        A:6E X:FF Y:CD P:65 SP:FB  CYC:21063
> EFA7  F0 02     BEQ $EFAB                       A:6E X:FF Y:CD P:67 SP:FB  CYC:21065
> EFAB  A9 A5     LDA #$A5                        A:6E X:FF Y:CD P:67 SP:FB  CYC:21068
> EFAD  8D 47 06  STA $0647 = 6E                  A:A5 X:FF Y:CD P:E5 SP:FB  CYC:21070
> EFB0  A0 FF     LDY #$FF                        A:A5 X:FF Y:CD P:E5 SP:FB  CYC:21074
> EFB2  20 7B FA  JSR $FA7B                       A:A5 X:FF Y:FF P:E5 SP:FB  CYC:21076
> FA7B  24 01     BIT $01 = FF                    A:A5 X:FF Y:FF P:E5 SP:F9  CYC:21082
> FA7D  18        CLC                             A:A5 X:FF Y:FF P:E5 SP:F9  CYC:21085
> FA7E  A9 B3     LDA #$B3                        A:A5 X:FF Y:FF P:E4 SP:F9  CYC:21087
> FA80  60        RTS                             A:B3 X:FF Y:FF P:E4 SP:F9  CYC:21089
> EFB5  1B 48 05 *SLO $0548,Y @ 0647 = A5         A:B3 X:FF Y:FF P:E4 SP:FB  CYC:21095
> EFB8  EA        NOP                             A:FB X:FF Y:FF P:E5 SP:FB  CYC:21102
> EFB9  EA        NOP                             A:FB X:FF Y:FF P:E5 SP:FB  CYC:21104
> EFBA  08        PHP                             A:FB X:FF Y:FF P:E5 SP:FB  CYC:21106
> EFBB  48        PHA                             A:FB X:FF Y:FF P:E5 SP:FA  CYC:21109
> EFBC  A0 CE     LDY #$CE                        A:FB X:FF Y:FF P:E5 SP:F9  CYC:21112
> EFBE  68        PLA                             A:FB X:FF Y:CE P:E5 SP:F9  CYC:21114
> EFBF  28        PLP                             A:FB X:FF Y:CE P:E5 SP:FA  CYC:21118
> EFC0  20 81 FA  JSR $FA81                       A:FB X:FF Y:CE P:E5 SP:FB  CYC:21122
> FA81  50 63     BVC $FAE6                       A:FB X:FF Y:CE P:E5 SP:F9  CYC:21128
> FA83  90 61     BCC $FAE6                       A:FB X:FF Y:CE P:E5 SP:F9  CYC:21130
> FA85  10 5F     BPL $FAE6                       A:FB X:FF Y:CE P:E5 SP:F9  CYC:21132
> FA87  C9 FB     CMP #$FB                        A:FB X:FF Y:CE P:E5 SP:F9  CYC:21134
> FA89  D0 5B     BNE $FAE6                       A:FB X:FF Y:CE P:67 SP:F9  CYC:21136
> FA8B  60        RTS                             A:FB X:FF Y:CE P:67 SP:F9  CYC:21138
> EFC3  AD 47 06  LDA $0647 = 4A                  A:FB X:FF Y:CE P:67 SP:FB  CYC:21144
> EFC6  C9 4A     CMP #$4A                        A:4A X:FF Y:CE P:65 SP:FB  CYC:21148
> EFC8  F0 02     BEQ $EFCC                       A:4A X:FF Y:CE P:67 SP:FB  CYC:21150
> EFCC  A0 FF     LDY #$FF                        A:4A X:FF Y:CE P:67 SP:FB  CYC:21153
> EFCE  A9 29     LDA #$29                        A:4A X:FF Y:FF P:E5 SP:FB  CYC:21155
> EFD0  8D 47 06  STA $0647 = 4A                  A:29 X:FF Y:FF P:65 SP:FB  CYC:21157
> EFD3  20 8C FA  JSR $FA8C                       A:29 X:FF Y:FF P:65 SP:FB  CYC:21161
> FA8C  B8        CLV                             A:29 X:FF Y:FF P:65 SP:F9  CYC:21167
> FA8D  18        CLC                             A:29 X:FF Y:FF P:25 SP:F9  CYC:21169
> FA8E  A9 C3     LDA #$C3                        A:29 X:FF Y:FF P:24 SP:F9  CYC:21171
> FA90  60        RTS                             A:C3 X:FF Y:FF P:A4 SP:F9  CYC:21173
> EFD6  1B 48 05 *SLO $0548,Y @ 0647 = 29         A:C3 X:FF Y:FF P:A4 SP:FB  CYC:21179
> EFD9  EA        NOP                             A:D3 X:FF Y:FF P:A4 SP:FB  CYC:21186
> EFDA  EA        NOP                             A:D3 X:FF Y:FF P:A4 SP:FB  CYC:21188
> EFDB  08        PHP                             A:D3 X:FF Y:FF P:A4 SP:FB  CYC:21190
> EFDC  48        PHA                             A:D3 X:FF Y:FF P:A4 SP:FA  CYC:21193
> EFDD  A0 CF     LDY #$CF                        A:D3 X:FF Y:FF P:A4 SP:F9  CYC:21196
> EFDF  68        PLA                             A:D3 X:FF Y:CF P:A4 SP:F9  CYC:21198
> EFE0  28        PLP                             A:D3 X:FF Y:CF P:A4 SP:FA  CYC:21202
> EFE1  20 91 FA  JSR $FA91                       A:D3 X:FF Y:CF P:A4 SP:FB  CYC:21206
> FA91  70 53     BVS $FAE6                       A:D3 X:FF Y:CF P:A4 SP:F9  CYC:21212
> FA93  F0 51     BEQ $FAE6                       A:D3 X:FF Y:CF P:A4 SP:F9  CYC:21214
> FA95  10 4F     BPL $FAE6                       A:D3 X:FF Y:CF P:A4 SP:F9  CYC:21216
> FA97  B0 4D     BCS $FAE6                       A:D3 X:FF Y:CF P:A4 SP:F9  CYC:21218
> FA99  C9 D3     CMP #$D3                        A:D3 X:FF Y:CF P:A4 SP:F9  CYC:21220
> FA9B  D0 49     BNE $FAE6                       A:D3 X:FF Y:CF P:27 SP:F9  CYC:21222
> FA9D  60        RTS                             A:D3 X:FF Y:CF P:27 SP:F9  CYC:21224
> EFE4  AD 47 06  LDA $0647 = 52                  A:D3 X:FF Y:CF P:27 SP:FB  CYC:21230
> EFE7  C9 52     CMP #$52                        A:52 X:FF Y:CF P:25 SP:FB  CYC:21234
> EFE9  F0 02     BEQ $EFED                       A:52 X:FF Y:CF P:27 SP:FB  CYC:21236
> EFED  A0 FF     LDY #$FF                        A:52 X:FF Y:CF P:27 SP:FB  CYC:21239
> EFEF  A9 37     LDA #$37                        A:52 X:FF Y:FF P:A5 SP:FB  CYC:21241
> EFF1  8D 47 06  STA $0647 = 52                  A:37 X:FF Y:FF P:25 SP:FB  CYC:21243
> EFF4  20 9E FA  JSR $FA9E                       A:37 X:FF Y:FF P:25 SP:FB  CYC:21247
> FA9E  24 01     BIT $01 = FF                    A:37 X:FF Y:FF P:25 SP:F9  CYC:21253
> FAA0  38        SEC                             A:37 X:FF Y:FF P:E5 SP:F9  CYC:21256
> FAA1  A9 10     LDA #$10                        A:37 X:FF Y:FF P:E5 SP:F9  CYC:21258
> FAA3  60        RTS                             A:10 X:FF Y:FF P:65 SP:F9  CYC:21260
> EFF7  1B 48 05 *SLO $0548,Y @ 0647 = 37         A:10 X:FF Y:FF P:65 SP:FB  CYC:21266
> EFFA  EA        NOP                             A:7E X:FF Y:FF P:64 SP:FB  CYC:21273
> EFFB  EA        NOP                             A:7E X:FF Y:FF P:64 SP:FB  CYC:21275
> EFFC  08        PHP                             A:7E X:FF Y:FF P:64 SP:FB  CYC:21277
> EFFD  48        PHA                             A:7E X:FF Y:FF P:64 SP:FA  CYC:21280
> EFFE  A0 D0     LDY #$D0                        A:7E X:FF Y:FF P:64 SP:F9  CYC:21283
> F000  68        PLA                             A:7E X:FF Y:D0 P:E4 SP:F9  CYC:21285
> F001  28        PLP                             A:7E X:FF Y:D0 P:64 SP:FA  CYC:21289
> F002  20 A4 FA  JSR $FAA4                       A:7E X:FF Y:D0 P:64 SP:FB  CYC:21293
> FAA4  50 40     BVC $FAE6                       A:7E X:FF Y:D0 P:64 SP:F9  CYC:21299
> FAA6  F0 3E     BEQ $FAE6                       A:7E X:FF Y:D0 P:64 SP:F9  CYC:21301
> FAA8  30 3C     BMI $FAE6                       A:7E X:FF Y:D0 P:64 SP:F9  CYC:21303
> FAAA  B0 3A     BCS $FAE6                       A:7E X:FF Y:D0 P:64 SP:F9  CYC:21305
> FAAC  C9 7E     CMP #$7E                        A:7E X:FF Y:D0 P:64 SP:F9  CYC:21307
> FAAE  D0 36     BNE $FAE6                       A:7E X:FF Y:D0 P:67 SP:F9  CYC:21309
> FAB0  60        RTS                             A:7E X:FF Y:D0 P:67 SP:F9  CYC:21311
> F005  AD 47 06  LDA $0647 = 6E                  A:7E X:FF Y:D0 P:67 SP:FB  CYC:21317
> F008  C9 6E     CMP #$6E                        A:6E X:FF Y:D0 P:65 SP:FB  CYC:21321
> F00A  F0 02     BEQ $F00E                       A:6E X:FF Y:D0 P:67 SP:FB  CYC:21323
> F00E  A0 D1     LDY #$D1                        A:6E X:FF Y:D0 P:67 SP:FB  CYC:21326
> F010  A2 FF     LDX #$FF                        A:6E X:FF Y:D1 P:E5 SP:FB  CYC:21328
> F012  A9 A5     LDA #$A5                        A:6E X:FF Y:D1 P:E5 SP:FB  CYC:21330
> F014  8D 47 06  STA $0647 = 6E                  A:A5 X:FF Y:D1 P:E5 SP:FB  CYC:21332
> F017  20 7B FA  JSR $FA7B                       A:A5 X:FF Y:D1 P:E5 SP:FB  CYC:21336
> FA7B  24 01     BIT $01 = FF                    A:A5 X:FF Y:D1 P:E5 SP:F9  CYC:21342
> FA7D  18        CLC                             A:A5 X:FF Y:D1 P:E5 SP:F9  CYC:21345
> FA7E  A9 B3     LDA #$B3                        A:A5 X:FF Y:D1 P:E4 SP:F9  CYC:21347
> FA80  60        RTS                             A:B3 X:FF Y:D1 P:E4 SP:F9  CYC:21349
> F01A  1F 48 05 *SLO $0548,X @ 0647 = A5         A:B3 X:FF Y:D1 P:E4 SP:FB  CYC:21355
> F01D  EA        NOP                             A:FB X:FF Y:D1 P:E5 SP:FB  CYC:21362
> F01E  EA        NOP                             A:FB X:FF Y:D1 P:E5 SP:FB  CYC:21364
> F01F  EA        NOP                             A:FB X:FF Y:D1 P:E5 SP:FB  CYC:21366
> F020  EA        NOP                             A:FB X:FF Y:D1 P:E5 SP:FB  CYC:21368
> F021  20 81 FA  JSR $FA81                       A:FB X:FF Y:D1 P:E5 SP:FB  CYC:21370
> FA81  50 63     BVC $FAE6                       A:FB X:FF Y:D1 P:E5 SP:F9  CYC:21376
> FA83  90 61     BCC $FAE6                       A:FB X:FF Y:D1 P:E5 SP:F9  CYC:21378
> FA85  10 5F     BPL $FAE6                       A:FB X:FF Y:D1 P:E5 SP:F9  CYC:21380
> FA87  C9 FB     CMP #$FB                        A:FB X:FF Y:D1 P:E5 SP:F9  CYC:21382
> FA89  D0 5B     BNE $FAE6                       A:FB X:FF Y:D1 P:67 SP:F9  CYC:21384
> FA8B  60        RTS                             A:FB X:FF Y:D1 P:67 SP:F9  CYC:21386
> F024  AD 47 06  LDA $0647 = 4A                  A:FB X:FF Y:D1 P:67 SP:FB  CYC:21392
> F027  C9 4A     CMP #$4A                        A:4A X:FF Y:D1 P:65 SP:FB  CYC:21396
> F029  F0 02     BEQ $F02D                       A:4A X:FF Y:D1 P:67 SP:FB  CYC:21398
> F02D  C8        INY                             A:4A X:FF Y:D1 P:67 SP:FB  CYC:21401
> F02E  A9 29     LDA #$29                        A:4A X:FF Y:D2 P:E5 SP:FB  CYC:21403
> F030  8D 47 06  STA $0647 = 4A                  A:29 X:FF Y:D2 P:65 SP:FB  CYC:21405
> F033  20 8C FA  JSR $FA8C                       A:29 X:FF Y:D2 P:65 SP:FB  CYC:21409
> FA8C  B8        CLV                             A:29 X:FF Y:D2 P:65 SP:F9  CYC:21415
> FA8D  18        CLC                             A:29 X:FF Y:D2 P:25 SP:F9  CYC:21417
> FA8E  A9 C3     LDA #$C3                        A:29 X:FF Y:D2 P:24 SP:F9  CYC:21419
> FA90  60        RTS                             A:C3 X:FF Y:D2 P:A4 SP:F9  CYC:21421
> F036  1F 48 05 *SLO $0548,X @ 0647 = 29         A:C3 X:FF Y:D2 P:A4 SP:FB  CYC:21427
> F039  EA        NOP                             A:D3 X:FF Y:D2 P:A4 SP:FB  CYC:21434
> F03A  EA        NOP                             A:D3 X:FF Y:D2 P:A4 SP:FB  CYC:21436
> F03B  EA        NOP                             A:D3 X:FF Y:D2 P:A4 SP:FB  CYC:21438
> F03C  EA        NOP                             A:D3 X:FF Y:D2 P:A4 SP:FB  CYC:21440
> F03D  20 91 FA  JSR $FA91                       A:D3 X:FF Y:D2 P:A4 SP:FB  CYC:21442
> FA91  70 53     BVS $FAE6                       A:D3 X:FF Y:D2 P:A4 SP:F9  CYC:21448
> FA93  F0 51     BEQ $FAE6                       A:D3 X:FF Y:D2 P:A4 SP:F9  CYC:21450
> FA95  10 4F     BPL $FAE6                       A:D3 X:FF Y:D2 P:A4 SP:F9  CYC:21452
> FA97  B0 4D     BCS $FAE6                       A:D3 X:FF Y:D2 P:A4 SP:F9  CYC:21454
> FA99  C9 D3     CMP #$D3                        A:D3 X:FF Y:D2 P:A4 SP:F9  CYC:21456
> FA9B  D0 49     BNE $FAE6                       A:D3 X:FF Y:D2 P:27 SP:F9  CYC:21458
> FA9D  60        RTS                             A:D3 X:FF Y:D2 P:27 SP:F9  CYC:21460
> F040  AD 47 06  LDA $0647 = 52                  A:D3 X:FF Y:D2 P:27 SP:FB  CYC:21466
> F043  C9 52     CMP #$52                        A:52 X:FF Y:D2 P:25 SP:FB  CYC:21470
> F045  F0 02     BEQ $F049                       A:52 X:FF Y:D2 P:27 SP:FB  CYC:21472
> F049  C8        INY                             A:52 X:FF Y:D2 P:27 SP:FB  CYC:21475
> F04A  A9 37     LDA #$37                        A:52 X:FF Y:D3 P:A5 SP:FB  CYC:21477
> F04C  8D 47 06  STA $0647 = 52                  A:37 X:FF Y:D3 P:25 SP:FB  CYC:21479
> F04F  20 9E FA  JSR $FA9E                       A:37 X:FF Y:D3 P:25 SP:FB  CYC:21483
> FA9E  24 01     BIT $01 = FF                    A:37 X:FF Y:D3 P:25 SP:F9  CYC:21489
> FAA0  38        SEC                             A:37 X:FF Y:D3 P:E5 SP:F9  CYC:21492
> FAA1  A9 10     LDA #$10                        A:37 X:FF Y:D3 P:E5 SP:F9  CYC:21494
> FAA3  60        RTS                             A:10 X:FF Y:D3 P:65 SP:F9  CYC:21496
> F052  1F 48 05 *SLO $0548,X @ 0647 = 37         A:10 X:FF Y:D3 P:65 SP:FB  CYC:21502
> F055  EA        NOP                             A:7E X:FF Y:D3 P:64 SP:FB  CYC:21509
> F056  EA        NOP                             A:7E X:FF Y:D3 P:64 SP:FB  CYC:21511
> F057  EA        NOP                             A:7E X:FF Y:D3 P:64 SP:FB  CYC:21513
> F058  EA        NOP                             A:7E X:FF Y:D3 P:64 SP:FB  CYC:21515
> F059  20 A4 FA  JSR $FAA4                       A:7E X:FF Y:D3 P:64 SP:FB  CYC:21517
> FAA4  50 40     BVC $FAE6                       A:7E X:FF Y:D3 P:64 SP:F9  CYC:21523
> FAA6  F0 3E     BEQ $FAE6                       A:7E X:FF Y:D3 P:64 SP:F9  CYC:21525
> FAA8  30 3C     BMI $FAE6                       A:7E X:FF Y:D3 P:64 SP:F9  CYC:21527
> FAAA  B0 3A     BCS $FAE6                       A:7E X:FF Y:D3 P:64 SP:F9  CYC:21529
> FAAC  C9 7E     CMP #$7E                        A:7E X:FF Y:D3 P:64 SP:F9  CYC:21531
> FAAE  D0 36     BNE $FAE6                       A:7E X:FF Y:D3 P:67 SP:F9  CYC:21533
> FAB0  60        RTS                             A:7E X:FF Y:D3 P:67 SP:F9  CYC:21535
> F05C  AD 47 06  LDA $0647 = 6E                  A:7E X:FF Y:D3 P:67 SP:FB  CYC:21541
> F05F  C9 6E     CMP #$6E                        A:6E X:FF Y:D3 P:65 SP:FB  CYC:21545
> F061  F0 02     BEQ $F065                       A:6E X:FF Y:D3 P:67 SP:FB  CYC:21547
> F065  60        RTS                             A:6E X:FF Y:D3 P:67 SP:FB  CYC:21550
> C644  20 66 F0  JSR $F066                       A:6E X:FF Y:D3 P:67 SP:FD  CYC:21556
> F066  A9 FF     LDA #$FF                        A:6E X:FF Y:D3 P:67 SP:FB  CYC:21562
> F068  85 01     STA $01 = FF                    A:FF X:FF Y:D3 P:E5 SP:FB  CYC:21564
> F06A  A0 D4     LDY #$D4                        A:FF X:FF Y:D3 P:E5 SP:FB  CYC:21567
> F06C  A2 02     LDX #$02                        A:FF X:FF Y:D4 P:E5 SP:FB  CYC:21569
> F06E  A9 47     LDA #$47                        A:FF X:02 Y:D4 P:65 SP:FB  CYC:21571
> F070  85 47     STA $47 = 6E                    A:47 X:02 Y:D4 P:65 SP:FB  CYC:21573
> F072  A9 06     LDA #$06                        A:47 X:02 Y:D4 P:65 SP:FB  CYC:21576
> F074  85 48     STA $48 = 06                    A:06 X:02 Y:D4 P:65 SP:FB  CYC:21578
> F076  A9 A5     LDA #$A5                        A:06 X:02 Y:D4 P:65 SP:FB  CYC:21581
> F078  8D 47 06  STA $0647 = 6E                  A:A5 X:02 Y:D4 P:E5 SP:FB  CYC:21583
> F07B  20 53 FB  JSR $FB53                       A:A5 X:02 Y:D4 P:E5 SP:FB  CYC:21587
> FB53  24 01     BIT $01 = FF                    A:A5 X:02 Y:D4 P:E5 SP:F9  CYC:21593
> FB55  18        CLC                             A:A5 X:02 Y:D4 P:E5 SP:F9  CYC:21596
> FB56  A9 B3     LDA #$B3                        A:A5 X:02 Y:D4 P:E4 SP:F9  CYC:21598
> FB58  60        RTS                             A:B3 X:02 Y:D4 P:E4 SP:F9  CYC:21600
> F07E  23 45    *RLA ($45,X) @ 47 = 0647 = A5    A:B3 X:02 Y:D4 P:E4 SP:FB  CYC:21606
> F080  EA        NOP                             A:02 X:02 Y:D4 P:65 SP:FB  CYC:21614
> F081  EA        NOP                             A:02 X:02 Y:D4 P:65 SP:FB  CYC:21616
> F082  EA        NOP                             A:02 X:02 Y:D4 P:65 SP:FB  CYC:21618
> F083  EA        NOP                             A:02 X:02 Y:D4 P:65 SP:FB  CYC:21620
> F084  20 59 FB  JSR $FB59                       A:02 X:02 Y:D4 P:65 SP:FB  CYC:21622
> FB59  50 1A     BVC $FB75                       A:02 X:02 Y:D4 P:65 SP:F9  CYC:21628
> FB5B  90 18     BCC $FB75                       A:02 X:02 Y:D4 P:65 SP:F9  CYC:21630
> FB5D  30 16     BMI $FB75                       A:02 X:02 Y:D4 P:65 SP:F9  CYC:21632
> FB5F  C9 02     CMP #$02                        A:02 X:02 Y:D4 P:65 SP:F9  CYC:21634
> FB61  D0 12     BNE $FB75                       A:02 X:02 Y:D4 P:67 SP:F9  CYC:21636
> FB63  60        RTS                             A:02 X:02 Y:D4 P:67 SP:F9  CYC:21638
> F087  AD 47 06  LDA $0647 = 4A                  A:02 X:02 Y:D4 P:67 SP:FB  CYC:21644
> F08A  C9 4A     CMP #$4A                        A:4A X:02 Y:D4 P:65 SP:FB  CYC:21648
> F08C  F0 02     BEQ $F090                       A:4A X:02 Y:D4 P:67 SP:FB  CYC:21650
> F090  C8        INY                             A:4A X:02 Y:D4 P:67 SP:FB  CYC:21653
> F091  A9 29     LDA #$29                        A:4A X:02 Y:D5 P:E5 SP:FB  CYC:21655
> F093  8D 47 06  STA $0647 = 4A                  A:29 X:02 Y:D5 P:65 SP:FB  CYC:21657
> F096  20 64 FB  JSR $FB64                       A:29 X:02 Y:D5 P:65 SP:FB  CYC:21661
> FB64  B8        CLV                             A:29 X:02 Y:D5 P:65 SP:F9  CYC:21667
> FB65  18        CLC                             A:29 X:02 Y:D5 P:25 SP:F9  CYC:21669
> FB66  A9 42     LDA #$42                        A:29 X:02 Y:D5 P:24 SP:F9  CYC:21671
> FB68  60        RTS                             A:42 X:02 Y:D5 P:24 SP:F9  CYC:21673
> F099  23 45    *RLA ($45,X) @ 47 = 0647 = 29    A:42 X:02 Y:D5 P:24 SP:FB  CYC:21679
> F09B  EA        NOP                             A:42 X:02 Y:D5 P:24 SP:FB  CYC:21687
> F09C  EA        NOP                             A:42 X:02 Y:D5 P:24 SP:FB  CYC:21689
> F09D  EA        NOP                             A:42 X:02 Y:D5 P:24 SP:FB  CYC:21691
> F09E  EA        NOP                             A:42 X:02 Y:D5 P:24 SP:FB  CYC:21693
> F09F  20 69 FB  JSR $FB69                       A:42 X:02 Y:D5 P:24 SP:FB  CYC:21695
> FB69  70 0A     BVS $FB75                       A:42 X:02 Y:D5 P:24 SP:F9  CYC:21701
> FB6B  F0 08     BEQ $FB75                       A:42 X:02 Y:D5 P:24 SP:F9  CYC:21703
> FB6D  30 06     BMI $FB75                       A:42 X:02 Y:D5 P:24 SP:F9  CYC:21705
> FB6F  B0 04     BCS $FB75                       A:42 X:02 Y:D5 P:24 SP:F9  CYC:21707
> FB71  C9 42     CMP #$42                        A:42 X:02 Y:D5 P:24 SP:F9  CYC:21709
> FB73  F0 02     BEQ $FB77                       A:42 X:02 Y:D5 P:27 SP:F9  CYC:21711
> FB77  60        RTS                             A:42 X:02 Y:D5 P:27 SP:F9  CYC:21714
> F0A2  AD 47 06  LDA $0647 = 52                  A:42 X:02 Y:D5 P:27 SP:FB  CYC:21720
> F0A5  C9 52     CMP #$52                        A:52 X:02 Y:D5 P:25 SP:FB  CYC:21724
> F0A7  F0 02     BEQ $F0AB                       A:52 X:02 Y:D5 P:27 SP:FB  CYC:21726
> F0AB  C8        INY                             A:52 X:02 Y:D5 P:27 SP:FB  CYC:21729
> F0AC  A9 37     LDA #$37                        A:52 X:02 Y:D6 P:A5 SP:FB  CYC:21731
> F0AE  8D 47 06  STA $0647 = 52                  A:37 X:02 Y:D6 P:25 SP:FB  CYC:21733
> F0B1  20 68 FA  JSR $FA68                       A:37 X:02 Y:D6 P:25 SP:FB  CYC:21737
> FA68  24 01     BIT $01 = FF                    A:37 X:02 Y:D6 P:25 SP:F9  CYC:21743
> FA6A  38        SEC                             A:37 X:02 Y:D6 P:E5 SP:F9  CYC:21746
> FA6B  A9 75     LDA #$75                        A:37 X:02 Y:D6 P:E5 SP:F9  CYC:21748
> FA6D  60        RTS                             A:75 X:02 Y:D6 P:65 SP:F9  CYC:21750
> F0B4  23 45    *RLA ($45,X) @ 47 = 0647 = 37    A:75 X:02 Y:D6 P:65 SP:FB  CYC:21756
> F0B6  EA        NOP                             A:65 X:02 Y:D6 P:64 SP:FB  CYC:21764
> F0B7  EA        NOP                             A:65 X:02 Y:D6 P:64 SP:FB  CYC:21766
> F0B8  EA        NOP                             A:65 X:02 Y:D6 P:64 SP:FB  CYC:21768
> F0B9  EA        NOP                             A:65 X:02 Y:D6 P:64 SP:FB  CYC:21770
> F0BA  20 6E FA  JSR $FA6E                       A:65 X:02 Y:D6 P:64 SP:FB  CYC:21772
> FA6E  50 76     BVC $FAE6                       A:65 X:02 Y:D6 P:64 SP:F9  CYC:21778
> FA70  F0 74     BEQ $FAE6                       A:65 X:02 Y:D6 P:64 SP:F9  CYC:21780
> FA72  30 72     BMI $FAE6                       A:65 X:02 Y:D6 P:64 SP:F9  CYC:21782
> FA74  B0 70     BCS $FAE6                       A:65 X:02 Y:D6 P:64 SP:F9  CYC:21784
> FA76  C9 65     CMP #$65                        A:65 X:02 Y:D6 P:64 SP:F9  CYC:21786
> FA78  D0 6C     BNE $FAE6                       A:65 X:02 Y:D6 P:67 SP:F9  CYC:21788
> FA7A  60        RTS                             A:65 X:02 Y:D6 P:67 SP:F9  CYC:21790
> F0BD  AD 47 06  LDA $0647 = 6F                  A:65 X:02 Y:D6 P:67 SP:FB  CYC:21796
> F0C0  C9 6F     CMP #$6F                        A:6F X:02 Y:D6 P:65 SP:FB  CYC:21800
> F0C2  F0 02     BEQ $F0C6                       A:6F X:02 Y:D6 P:67 SP:FB  CYC:21802
> F0C6  C8        INY                             A:6F X:02 Y:D6 P:67 SP:FB  CYC:21805
> F0C7  A9 A5     LDA #$A5                        A:6F X:02 Y:D7 P:E5 SP:FB  CYC:21807
> F0C9  85 47     STA $47 = 47                    A:A5 X:02 Y:D7 P:E5 SP:FB  CYC:21809
> F0CB  20 53 FB  JSR $FB53                       A:A5 X:02 Y:D7 P:E5 SP:FB  CYC:21812
> FB53  24 01     BIT $01 = FF                    A:A5 X:02 Y:D7 P:E5 SP:F9  CYC:21818
> FB55  18        CLC                             A:A5 X:02 Y:D7 P:E5 SP:F9  CYC:21821
> FB56  A9 B3     LDA #$B3                        A:A5 X:02 Y:D7 P:E4 SP:F9  CYC:21823
> FB58  60        RTS                             A:B3 X:02 Y:D7 P:E4 SP:F9  CYC:21825
> F0CE  27 47    *RLA $47 = A5                    A:B3 X:02 Y:D7 P:E4 SP:FB  CYC:21831
> F0D0  EA        NOP                             A:02 X:02 Y:D7 P:65 SP:FB  CYC:21836
> F0D1  EA        NOP                             A:02 X:02 Y:D7 P:65 SP:FB  CYC:21838
> F0D2  EA        NOP                             A:02 X:02 Y:D7 P:65 SP:FB  CYC:21840
> F0D3  EA        NOP                             A:02 X:02 Y:D7 P:65 SP:FB  CYC:21842
> F0D4  20 59 FB  JSR $FB59                       A:02 X:02 Y:D7 P:65 SP:FB  CYC:21844
> FB59  50 1A     BVC $FB75                       A:02 X:02 Y:D7 P:65 SP:F9  CYC:21850
> FB5B  90 18     BCC $FB75                       A:02 X:02 Y:D7 P:65 SP:F9  CYC:21852
> FB5D  30 16     BMI $FB75                       A:02 X:02 Y:D7 P:65 SP:F9  CYC:21854
> FB5F  C9 02     CMP #$02                        A:02 X:02 Y:D7 P:65 SP:F9  CYC:21856
> FB61  D0 12     BNE $FB75                       A:02 X:02 Y:D7 P:67 SP:F9  CYC:21858
> FB63  60        RTS                             A:02 X:02 Y:D7 P:67 SP:F9  CYC:21860
> F0D7  A5 47     LDA $47 = 4A                    A:02 X:02 Y:D7 P:67 SP:FB  CYC:21866
> F0D9  C9 4A     CMP #$4A                        A:4A X:02 Y:D7 P:65 SP:FB  CYC:21869
> F0DB  F0 02     BEQ $F0DF                       A:4A X:02 Y:D7 P:67 SP:FB  CYC:21871
> F0DF  C8        INY                             A:4A X:02 Y:D7 P:67 SP:FB  CYC:21874
> F0E0  A9 29     LDA #$29                        A:4A X:02 Y:D8 P:E5 SP:FB  CYC:21876
> F0E2  85 47     STA $47 = 4A                    A:29 X:02 Y:D8 P:65 SP:FB  CYC:21878
> F0E4  20 64 FB  JSR $FB64                       A:29 X:02 Y:D8 P:65 SP:FB  CYC:21881
> FB64  B8        CLV                             A:29 X:02 Y:D8 P:65 SP:F9  CYC:21887
> FB65  18        CLC                             A:29 X:02 Y:D8 P:25 SP:F9  CYC:21889
> FB66  A9 42     LDA #$42                        A:29 X:02 Y:D8 P:24 SP:F9  CYC:21891
> FB68  60        RTS                             A:42 X:02 Y:D8 P:24 SP:F9  CYC:21893
> F0E7  27 47    *RLA $47 = 29                    A:42 X:02 Y:D8 P:24 SP:FB  CYC:21899
> F0E9  EA        NOP                             A:42 X:02 Y:D8 P:24 SP:FB  CYC:21904
> F0EA  EA        NOP                             A:42 X:02 Y:D8 P:24 SP:FB  CYC:21906
> F0EB  EA        NOP                             A:42 X:02 Y:D8 P:24 SP:FB  CYC:21908
> F0EC  EA        NOP                             A:42 X:02 Y:D8 P:24 SP:FB  CYC:21910
> F0ED  20 69 FB  JSR $FB69                       A:42 X:02 Y:D8 P:24 SP:FB  CYC:21912
> FB69  70 0A     BVS $FB75                       A:42 X:02 Y:D8 P:24 SP:F9  CYC:21918
> FB6B  F0 08     BEQ $FB75                       A:42 X:02 Y:D8 P:24 SP:F9  CYC:21920
> FB6D  30 06     BMI $FB75                       A:42 X:02 Y:D8 P:24 SP:F9  CYC:21922
> FB6F  B0 04     BCS $FB75                       A:42 X:02 Y:D8 P:24 SP:F9  CYC:21924
> FB71  C9 42     CMP #$42                        A:42 X:02 Y:D8 P:24 SP:F9  CYC:21926
> FB73  F0 02     BEQ $FB77                       A:42 X:02 Y:D8 P:27 SP:F9  CYC:21928
> FB77  60        RTS                             A:42 X:02 Y:D8 P:27 SP:F9  CYC:21931
> F0F0  A5 47     LDA $47 = 52                    A:42 X:02 Y:D8 P:27 SP:FB  CYC:21937
> F0F2  C9 52     CMP #$52                        A:52 X:02 Y:D8 P:25 SP:FB  CYC:21940
> F0F4  F0 02     BEQ $F0F8                       A:52 X:02 Y:D8 P:27 SP:FB  CYC:21942
> F0F8  C8        INY                             A:52 X:02 Y:D8 P:27 SP:FB  CYC:21945
> F0F9  A9 37     LDA #$37                        A:52 X:02 Y:D9 P:A5 SP:FB  CYC:21947
> F0FB  85 47     STA $47 = 52                    A:37 X:02 Y:D9 P:25 SP:FB  CYC:21949
> F0FD  20 68 FA  JSR $FA68                       A:37 X:02 Y:D9 P:25 SP:FB  CYC:21952
> FA68  24 01     BIT $01 = FF                    A:37 X:02 Y:D9 P:25 SP:F9  CYC:21958
> FA6A  38        SEC                             A:37 X:02 Y:D9 P:E5 SP:F9  CYC:21961
> FA6B  A9 75     LDA #$75                        A:37 X:02 Y:D9 P:E5 SP:F9  CYC:21963
> FA6D  60        RTS                             A:75 X:02 Y:D9 P:65 SP:F9  CYC:21965
> F100  27 47    *RLA $47 = 37                    A:75 X:02 Y:D9 P:65 SP:FB  CYC:21971
> F102  EA        NOP                             A:65 X:02 Y:D9 P:64 SP:FB  CYC:21976
> F103  EA        NOP                             A:65 X:02 Y:D9 P:64 SP:FB  CYC:21978
> F104  EA        NOP                             A:65 X:02 Y:D9 P:64 SP:FB  CYC:21980
> F105  EA        NOP                             A:65 X:02 Y:D9 P:64 SP:FB  CYC:21982
> F106  20 6E FA  JSR $FA6E                       A:65 X:02 Y:D9 P:64 SP:FB  CYC:21984
> FA6E  50 76     BVC $FAE6                       A:65 X:02 Y:D9 P:64 SP:F9  CYC:21990
> FA70  F0 74     BEQ $FAE6                       A:65 X:02 Y:D9 P:64 SP:F9  CYC:21992
> FA72  30 72     BMI $FAE6                       A:65 X:02 Y:D9 P:64 SP:F9  CYC:21994
> FA74  B0 70     BCS $FAE6                       A:65 X:02 Y:D9 P:64 SP:F9  CYC:21996
> FA76  C9 65     CMP #$65                        A:65 X:02 Y:D9 P:64 SP:F9  CYC:21998
> FA78  D0 6C     BNE $FAE6                       A:65 X:02 Y:D9 P:67 SP:F9  CYC:22000
> FA7A  60        RTS                             A:65 X:02 Y:D9 P:67 SP:F9  CYC:22002
> F109  A5 47     LDA $47 = 6F                    A:65 X:02 Y:D9 P:67 SP:FB  CYC:22008
> F10B  C9 6F     CMP #$6F                        A:6F X:02 Y:D9 P:65 SP:FB  CYC:22011
> F10D  F0 02     BEQ $F111                       A:6F X:02 Y:D9 P:67 SP:FB  CYC:22013
> F111  C8        INY                             A:6F X:02 Y:D9 P:67 SP:FB  CYC:22016
> F112  A9 A5     LDA #$A5                        A:6F X:02 Y:DA P:E5 SP:FB  CYC:22018
> F114  8D 47 06  STA $0647 = 6F                  A:A5 X:02 Y:DA P:E5 SP:FB  CYC:22020
> F117  20 53 FB  JSR $FB53                       A:A5 X:02 Y:DA P:E5 SP:FB  CYC:22024
> FB53  24 01     BIT $01 = FF                    A:A5 X:02 Y:DA P:E5 SP:F9  CYC:22030
> FB55  18        CLC                             A:A5 X:02 Y:DA P:E5 SP:F9  CYC:22033
> FB56  A9 B3     LDA #$B3                        A:A5 X:02 Y:DA P:E4 SP:F9  CYC:22035
> FB58  60        RTS                             A:B3 X:02 Y:DA P:E4 SP:F9  CYC:22037
> F11A  2F 47 06 *RLA $0647 = A5                  A:B3 X:02 Y:DA P:E4 SP:FB  CYC:22043
> F11D  EA        NOP                             A:02 X:02 Y:DA P:65 SP:FB  CYC:22049
> F11E  EA        NOP                             A:02 X:02 Y:DA P:65 SP:FB  CYC:22051
> F11F  EA        NOP                             A:02 X:02 Y:DA P:65 SP:FB  CYC:22053
> F120  EA        NOP                             A:02 X:02 Y:DA P:65 SP:FB  CYC:22055
> F121  20 59 FB  JSR $FB59                       A:02 X:02 Y:DA P:65 SP:FB  CYC:22057
> FB59  50 1A     BVC $FB75                       A:02 X:02 Y:DA P:65 SP:F9  CYC:22063
> FB5B  90 18     BCC $FB75                       A:02 X:02 Y:DA P:65 SP:F9  CYC:22065
> FB5D  30 16     BMI $FB75                       A:02 X:02 Y:DA P:65 SP:F9  CYC:22067
> FB5F  C9 02     CMP #$02                        A:02 X:02 Y:DA P:65 SP:F9  CYC:22069
> FB61  D0 12     BNE $FB75                       A:02 X:02 Y:DA P:67 SP:F9  CYC:22071
> FB63  60        RTS                             A:02 X:02 Y:DA P:67 SP:F9  CYC:22073
> F124  AD 47 06  LDA $0647 = 4A                  A:02 X:02 Y:DA P:67 SP:FB  CYC:22079
> F127  C9 4A     CMP #$4A                        A:4A X:02 Y:DA P:65 SP:FB  CYC:22083
> F129  F0 02     BEQ $F12D                       A:4A X:02 Y:DA P:67 SP:FB  CYC:22085
> F12D  C8        INY                             A:4A X:02 Y:DA P:67 SP:FB  CYC:22088
> F12E  A9 29     LDA #$29                        A:4A X:02 Y:DB P:E5 SP:FB  CYC:22090
> F130  8D 47 06  STA $0647 = 4A                  A:29 X:02 Y:DB P:65 SP:FB  CYC:22092
> F133  20 64 FB  JSR $FB64                       A:29 X:02 Y:DB P:65 SP:FB  CYC:22096
> FB64  B8        CLV                             A:29 X:02 Y:DB P:65 SP:F9  CYC:22102
> FB65  18        CLC                             A:29 X:02 Y:DB P:25 SP:F9  CYC:22104
> FB66  A9 42     LDA #$42                        A:29 X:02 Y:DB P:24 SP:F9  CYC:22106
> FB68  60        RTS                             A:42 X:02 Y:DB P:24 SP:F9  CYC:22108
> F136  2F 47 06 *RLA $0647 = 29                  A:42 X:02 Y:DB P:24 SP:FB  CYC:22114
> F139  EA        NOP                             A:42 X:02 Y:DB P:24 SP:FB  CYC:22120
> F13A  EA        NOP                             A:42 X:02 Y:DB P:24 SP:FB  CYC:22122
> F13B  EA        NOP                             A:42 X:02 Y:DB P:24 SP:FB  CYC:22124
> F13C  EA        NOP                             A:42 X:02 Y:DB P:24 SP:FB  CYC:22126
> F13D  20 69 FB  JSR $FB69                       A:42 X:02 Y:DB P:24 SP:FB  CYC:22128
> FB69  70 0A     BVS $FB75                       A:42 X:02 Y:DB P:24 SP:F9  CYC:22134
> FB6B  F0 08     BEQ $FB75                       A:42 X:02 Y:DB P:24 SP:F9  CYC:22136
> FB6D  30 06     BMI $FB75                       A:42 X:02 Y:DB P:24 SP:F9  CYC:22138
> FB6F  B0 04     BCS $FB75                       A:42 X:02 Y:DB P:24 SP:F9  CYC:22140
> FB71  C9 42     CMP #$42                        A:42 X:02 Y:DB P:24 SP:F9  CYC:22142
> FB73  F0 02     BEQ $FB77                       A:42 X:02 Y:DB P:27 SP:F9  CYC:22144
> FB77  60        RTS                             A:42 X:02 Y:DB P:27 SP:F9  CYC:22147
> F140  AD 47 06  LDA $0647 = 52                  A:42 X:02 Y:DB P:27 SP:FB  CYC:22153
> F143  C9 52     CMP #$52                        A:52 X:02 Y:DB P:25 SP:FB  CYC:22157
> F145  F0 02     BEQ $F149                       A:52 X:02 Y:DB P:27 SP:FB  CYC:22159
> F149  C8        INY                             A:52 X:02 Y:DB P:27 SP:FB  CYC:22162
> F14A  A9 37     LDA #$37                        A:52 X:02 Y:DC P:A5 SP:FB  CYC:22164
> F14C  8D 47 06  STA $0647 = 52                  A:37 X:02 Y:DC P:25 SP:FB  CYC:22166
> F14F  20 68 FA  JSR $FA68                       A:37 X:02 Y:DC P:25 SP:FB  CYC:22170
> FA68  24 01     BIT $01 = FF                    A:37 X:02 Y:DC P:25 SP:F9  CYC:22176
> FA6A  38        SEC                             A:37 X:02 Y:DC P:E5 SP:F9  CYC:22179
> FA6B  A9 75     LDA #$75                        A:37 X:02 Y:DC P:E5 SP:F9  CYC:22181
> FA6D  60        RTS                             A:75 X:02 Y:DC P:65 SP:F9  CYC:22183
> F152  2F 47 06 *RLA $0647 = 37                  A:75 X:02 Y:DC P:65 SP:FB  CYC:22189
> F155  EA        NOP                             A:65 X:02 Y:DC P:64 SP:FB  CYC:22195
> F156  EA        NOP                             A:65 X:02 Y:DC P:64 SP:FB  CYC:22197
> F157  EA        NOP                             A:65 X:02 Y:DC P:64 SP:FB  CYC:22199
> F158  EA        NOP                             A:65 X:02 Y:DC P:64 SP:FB  CYC:22201
> F159  20 6E FA  JSR $FA6E                       A:65 X:02 Y:DC P:64 SP:FB  CYC:22203
> FA6E  50 76     BVC $FAE6                       A:65 X:02 Y:DC P:64 SP:F9  CYC:22209
> FA70  F0 74     BEQ $FAE6                       A:65 X:02 Y:DC P:64 SP:F9  CYC:22211
> FA72  30 72     BMI $FAE6                       A:65 X:02 Y:DC P:64 SP:F9  CYC:22213
> FA74  B0 70     BCS $FAE6                       A:65 X:02 Y:DC P:64 SP:F9  CYC:22215
> FA76  C9 65     CMP #$65                        A:65 X:02 Y:DC P:64 SP:F9  CYC:22217
> FA78  D0 6C     BNE $FAE6                       A:65 X:02 Y:DC P:67 SP:F9  CYC:22219
> FA7A  60        RTS                             A:65 X:02 Y:DC P:67 SP:F9  CYC:22221
> F15C  AD 47 06  LDA $0647 = 6F                  A:65 X:02 Y:DC P:67 SP:FB  CYC:22227
> F15F  C9 6F     CMP #$6F                        A:6F X:02 Y:DC P:65 SP:FB  CYC:22231
> F161  F0 02     BEQ $F165                       A:6F X:02 Y:DC P:67 SP:FB  CYC:22233
> F165  A9 A5     LDA #$A5                        A:6F X:02 Y:DC P:67 SP:FB  CYC:22236
> F167  8D 47 06  STA $0647 = 6F                  A:A5 X:02 Y:DC P:E5 SP:FB  CYC:22238
> F16A  A9 48     LDA #$48                        A:A5 X:02 Y:DC P:E5 SP:FB  CYC:22242
> F16C  85 45     STA $45 = 48                    A:48 X:02 Y:DC P:65 SP:FB  CYC:22244
> F16E  A9 05     LDA #$05                        A:48 X:02 Y:DC P:65 SP:FB  CYC:22247
> F170  85 46     STA $46 = 05                    A:05 X:02 Y:DC P:65 SP:FB  CYC:22249
> F172  A0 FF     LDY #$FF                        A:05 X:02 Y:DC P:65 SP:FB  CYC:22252
> F174  20 53 FB  JSR $FB53                       A:05 X:02 Y:FF P:E5 SP:FB  CYC:22254
> FB53  24 01     BIT $01 = FF                    A:05 X:02 Y:FF P:E5 SP:F9  CYC:22260
> FB55  18        CLC                             A:05 X:02 Y:FF P:E5 SP:F9  CYC:22263
> FB56  A9 B3     LDA #$B3                        A:05 X:02 Y:FF P:E4 SP:F9  CYC:22265
> FB58  60        RTS                             A:B3 X:02 Y:FF P:E4 SP:F9  CYC:22267
> F177  33 45    *RLA ($45),Y = 0548 @ 0647 = A5  A:B3 X:02 Y:FF P:E4 SP:FB  CYC:22273
> F179  EA        NOP                             A:02 X:02 Y:FF P:65 SP:FB  CYC:22281
> F17A  EA        NOP                             A:02 X:02 Y:FF P:65 SP:FB  CYC:22283
> F17B  08        PHP                             A:02 X:02 Y:FF P:65 SP:FB  CYC:22285
> F17C  48        PHA                             A:02 X:02 Y:FF P:65 SP:FA  CYC:22288
> F17D  A0 DD     LDY #$DD                        A:02 X:02 Y:FF P:65 SP:F9  CYC:22291
> F17F  68        PLA                             A:02 X:02 Y:DD P:E5 SP:F9  CYC:22293
> F180  28        PLP                             A:02 X:02 Y:DD P:65 SP:FA  CYC:22297
> F181  20 59 FB  JSR $FB59                       A:02 X:02 Y:DD P:65 SP:FB  CYC:22301
> FB59  50 1A     BVC $FB75                       A:02 X:02 Y:DD P:65 SP:F9  CYC:22307
> FB5B  90 18     BCC $FB75                       A:02 X:02 Y:DD P:65 SP:F9  CYC:22309
> FB5D  30 16     BMI $FB75                       A:02 X:02 Y:DD P:65 SP:F9  CYC:22311
> FB5F  C9 02     CMP #$02                        A:02 X:02 Y:DD P:65 SP:F9  CYC:22313
> FB61  D0 12     BNE $FB75                       A:02 X:02 Y:DD P:67 SP:F9  CYC:22315
> FB63  60        RTS                             A:02 X:02 Y:DD P:67 SP:F9  CYC:22317
> F184  AD 47 06  LDA $0647 = 4A                  A:02 X:02 Y:DD P:67 SP:FB  CYC:22323
> F187  C9 4A     CMP #$4A                        A:4A X:02 Y:DD P:65 SP:FB  CYC:22327
> F189  F0 02     BEQ $F18D                       A:4A X:02 Y:DD P:67 SP:FB  CYC:22329
> F18D  A0 FF     LDY #$FF                        A:4A X:02 Y:DD P:67 SP:FB  CYC:22332
> F18F  A9 29     LDA #$29                        A:4A X:02 Y:FF P:E5 SP:FB  CYC:22334
> F191  8D 47 06  STA $0647 = 4A                  A:29 X:02 Y:FF P:65 SP:FB  CYC:22336
> F194  20 64 FB  JSR $FB64                       A:29 X:02 Y:FF P:65 SP:FB  CYC:22340
> FB64  B8        CLV                             A:29 X:02 Y:FF P:65 SP:F9  CYC:22346
> FB65  18        CLC                             A:29 X:02 Y:FF P:25 SP:F9  CYC:22348
> FB66  A9 42     LDA #$42                        A:29 X:02 Y:FF P:24 SP:F9  CYC:22350
> FB68  60        RTS                             A:42 X:02 Y:FF P:24 SP:F9  CYC:22352
> F197  33 45    *RLA ($45),Y = 0548 @ 0647 = 29  A:42 X:02 Y:FF P:24 SP:FB  CYC:22358
> F199  EA        NOP                             A:42 X:02 Y:FF P:24 SP:FB  CYC:22366
> F19A  EA        NOP                             A:42 X:02 Y:FF P:24 SP:FB  CYC:22368
> F19B  08        PHP                             A:42 X:02 Y:FF P:24 SP:FB  CYC:22370
> F19C  48        PHA                             A:42 X:02 Y:FF P:24 SP:FA  CYC:22373
> F19D  A0 DE     LDY #$DE                        A:42 X:02 Y:FF P:24 SP:F9  CYC:22376
> F19F  68        PLA                             A:42 X:02 Y:DE P:A4 SP:F9  CYC:22378
> F1A0  28        PLP                             A:42 X:02 Y:DE P:24 SP:FA  CYC:22382
> F1A1  20 69 FB  JSR $FB69                       A:42 X:02 Y:DE P:24 SP:FB  CYC:22386
> FB69  70 0A     BVS $FB75                       A:42 X:02 Y:DE P:24 SP:F9  CYC:22392
> FB6B  F0 08     BEQ $FB75                       A:42 X:02 Y:DE P:24 SP:F9  CYC:22394
> FB6D  30 06     BMI $FB75                       A:42 X:02 Y:DE P:24 SP:F9  CYC:22396
> FB6F  B0 04     BCS $FB75                       A:42 X:02 Y:DE P:24 SP:F9  CYC:22398
> FB71  C9 42     CMP #$42                        A:42 X:02 Y:DE P:24 SP:F9  CYC:22400
> FB73  F0 02     BEQ $FB77                       A:42 X:02 Y:DE P:27 SP:F9  CYC:22402
> FB77  60        RTS                             A:42 X:02 Y:DE P:27 SP:F9  CYC:22405
> F1A4  AD 47 06  LDA $0647 = 52                  A:42 X:02 Y:DE P:27 SP:FB  CYC:22411
> F1A7  C9 52     CMP #$52                        A:52 X:02 Y:DE P:25 SP:FB  CYC:22415
> F1A9  F0 02     BEQ $F1AD                       A:52 X:02 Y:DE P:27 SP:FB  CYC:22417
> F1AD  A0 FF     LDY #$FF                        A:52 X:02 Y:DE P:27 SP:FB  CYC:22420
> F1AF  A9 37     LDA #$37                        A:52 X:02 Y:FF P:A5 SP:FB  CYC:22422
> F1B1  8D 47 06  STA $0647 = 52                  A:37 X:02 Y:FF P:25 SP:FB  CYC:22424
> F1B4  20 68 FA  JSR $FA68                       A:37 X:02 Y:FF P:25 SP:FB  CYC:22428
> FA68  24 01     BIT $01 = FF                    A:37 X:02 Y:FF P:25 SP:F9  CYC:22434
> FA6A  38        SEC                             A:37 X:02 Y:FF P:E5 SP:F9  CYC:22437
> FA6B  A9 75     LDA #$75                        A:37 X:02 Y:FF P:E5 SP:F9  CYC:22439
> FA6D  60        RTS                             A:75 X:02 Y:FF P:65 SP:F9  CYC:22441
> F1B7  33 45    *RLA ($45),Y = 0548 @ 0647 = 37  A:75 X:02 Y:FF P:65 SP:FB  CYC:22447
> F1B9  EA        NOP                             A:65 X:02 Y:FF P:64 SP:FB  CYC:22455
> F1BA  EA        NOP                             A:65 X:02 Y:FF P:64 SP:FB  CYC:22457
> F1BB  08        PHP                             A:65 X:02 Y:FF P:64 SP:FB  CYC:22459
> F1BC  48        PHA                             A:65 X:02 Y:FF P:64 SP:FA  CYC:22462
> F1BD  A0 DF     LDY #$DF                        A:65 X:02 Y:FF P:64 SP:F9  CYC:22465
> F1BF  68        PLA                             A:65 X:02 Y:DF P:E4 SP:F9  CYC:22467
> F1C0  28        PLP                             A:65 X:02 Y:DF P:64 SP:FA  CYC:22471
> F1C1  20 6E FA  JSR $FA6E                       A:65 X:02 Y:DF P:64 SP:FB  CYC:22475
> FA6E  50 76     BVC $FAE6                       A:65 X:02 Y:DF P:64 SP:F9  CYC:22481
> FA70  F0 74     BEQ $FAE6                       A:65 X:02 Y:DF P:64 SP:F9  CYC:22483
> FA72  30 72     BMI $FAE6                       A:65 X:02 Y:DF P:64 SP:F9  CYC:22485
> FA74  B0 70     BCS $FAE6                       A:65 X:02 Y:DF P:64 SP:F9  CYC:22487
> FA76  C9 65     CMP #$65                        A:65 X:02 Y:DF P:64 SP:F9  CYC:22489
> FA78  D0 6C     BNE $FAE6                       A:65 X:02 Y:DF P:67 SP:F9  CYC:22491
> FA7A  60        RTS                             A:65 X:02 Y:DF P:67 SP:F9  CYC:22493
> F1C4  AD 47 06  LDA $0647 = 6F                  A:65 X:02 Y:DF P:67 SP:FB  CYC:22499
> F1C7  C9 6F     CMP #$6F                        A:6F X:02 Y:DF P:65 SP:FB  CYC:22503
> F1C9  F0 02     BEQ $F1CD                       A:6F X:02 Y:DF P:67 SP:FB  CYC:22505
> F1CD  A0 E0     LDY #$E0                        A:6F X:02 Y:DF P:67 SP:FB  CYC:22508
> F1CF  A2 FF     LDX #$FF                        A:6F X:02 Y:E0 P:E5 SP:FB  CYC:22510
> F1D1  A9 A5     LDA #$A5                        A:6F X:FF Y:E0 P:E5 SP:FB  CYC:22512
> F1D3  85 47     STA $47 = 6F                    A:A5 X:FF Y:E0 P:E5 SP:FB  CYC:22514
> F1D5  20 53 FB  JSR $FB53                       A:A5 X:FF Y:E0 P:E5 SP:FB  CYC:22517
> FB53  24 01     BIT $01 = FF                    A:A5 X:FF Y:E0 P:E5 SP:F9  CYC:22523
> FB55  18        CLC                             A:A5 X:FF Y:E0 P:E5 SP:F9  CYC:22526
> FB56  A9 B3     LDA #$B3                        A:A5 X:FF Y:E0 P:E4 SP:F9  CYC:22528
> FB58  60        RTS                             A:B3 X:FF Y:E0 P:E4 SP:F9  CYC:22530
> F1D8  37 48    *RLA $48,X @ 47 = A5             A:B3 X:FF Y:E0 P:E4 SP:FB  CYC:22536
> F1DA  EA        NOP                             A:02 X:FF Y:E0 P:65 SP:FB  CYC:22542
> F1DB  EA        NOP                             A:02 X:FF Y:E0 P:65 SP:FB  CYC:22544
> F1DC  EA        NOP                             A:02 X:FF Y:E0 P:65 SP:FB  CYC:22546
> F1DD  EA        NOP                             A:02 X:FF Y:E0 P:65 SP:FB  CYC:22548
> F1DE  20 59 FB  JSR $FB59                       A:02 X:FF Y:E0 P:65 SP:FB  CYC:22550
> FB59  50 1A     BVC $FB75                       A:02 X:FF Y:E0 P:65 SP:F9  CYC:22556
> FB5B  90 18     BCC $FB75                       A:02 X:FF Y:E0 P:65 SP:F9  CYC:22558
> FB5D  30 16     BMI $FB75                       A:02 X:FF Y:E0 P:65 SP:F9  CYC:22560
> FB5F  C9 02     CMP #$02                        A:02 X:FF Y:E0 P:65 SP:F9  CYC:22562
> FB61  D0 12     BNE $FB75                       A:02 X:FF Y:E0 P:67 SP:F9  CYC:22564
> FB63  60        RTS                             A:02 X:FF Y:E0 P:67 SP:F9  CYC:22566
> F1E1  A5 47     LDA $47 = 4A                    A:02 X:FF Y:E0 P:67 SP:FB  CYC:22572
> F1E3  C9 4A     CMP #$4A                        A:4A X:FF Y:E0 P:65 SP:FB  CYC:22575
> F1E5  F0 02     BEQ $F1E9                       A:4A X:FF Y:E0 P:67 SP:FB  CYC:22577
> F1E9  C8        INY                             A:4A X:FF Y:E0 P:67 SP:FB  CYC:22580
> F1EA  A9 29     LDA #$29                        A:4A X:FF Y:E1 P:E5 SP:FB  CYC:22582
> F1EC  85 47     STA $47 = 4A                    A:29 X:FF Y:E1 P:65 SP:FB  CYC:22584
> F1EE  20 64 FB  JSR $FB64                       A:29 X:FF Y:E1 P:65 SP:FB  CYC:22587
> FB64  B8        CLV                             A:29 X:FF Y:E1 P:65 SP:F9  CYC:22593
> FB65  18        CLC                             A:29 X:FF Y:E1 P:25 SP:F9  CYC:22595
> FB66  A9 42     LDA #$42                        A:29 X:FF Y:E1 P:24 SP:F9  CYC:22597
> FB68  60        RTS                             A:42 X:FF Y:E1 P:24 SP:F9  CYC:22599
> F1F1  37 48    *RLA $48,X @ 47 = 29             A:42 X:FF Y:E1 P:24 SP:FB  CYC:22605
> F1F3  EA        NOP                             A:42 X:FF Y:E1 P:24 SP:FB  CYC:22611
> F1F4  EA        NOP                             A:42 X:FF Y:E1 P:24 SP:FB  CYC:22613
> F1F5  EA        NOP                             A:42 X:FF Y:E1 P:24 SP:FB  CYC:22615
> F1F6  EA        NOP                             A:42 X:FF Y:E1 P:24 SP:FB  CYC:22617
> F1F7  20 69 FB  JSR $FB69                       A:42 X:FF Y:E1 P:24 SP:FB  CYC:22619
> FB69  70 0A     BVS $FB75                       A:42 X:FF Y:E1 P:24 SP:F9  CYC:22625
> FB6B  F0 08     BEQ $FB75                       A:42 X:FF Y:E1 P:24 SP:F9  CYC:22627
> FB6D  30 06     BMI $FB75                       A:42 X:FF Y:E1 P:24 SP:F9  CYC:22629
> FB6F  B0 04     BCS $FB75                       A:42 X:FF Y:E1 P:24 SP:F9  CYC:22631
> FB71  C9 42     CMP #$42                        A:42 X:FF Y:E1 P:24 SP:F9  CYC:22633
> FB73  F0 02     BEQ $FB77                       A:42 X:FF Y:E1 P:27 SP:F9  CYC:22635
> FB77  60        RTS                             A:42 X:FF Y:E1 P:27 SP:F9  CYC:22638
> F1FA  A5 47     LDA $47 = 52                    A:42 X:FF Y:E1 P:27 SP:FB  CYC:22644
> F1FC  C9 52     CMP #$52                        A:52 X:FF Y:E1 P:25 SP:FB  CYC:22647
> F1FE  F0 02     BEQ $F202                       A:52 X:FF Y:E1 P:27 SP:FB  CYC:22649
> F202  C8        INY                             A:52 X:FF Y:E1 P:27 SP:FB  CYC:22652
> F203  A9 37     LDA #$37                        A:52 X:FF Y:E2 P:A5 SP:FB  CYC:22654
> F205  85 47     STA $47 = 52                    A:37 X:FF Y:E2 P:25 SP:FB  CYC:22656
> F207  20 68 FA  JSR $FA68                       A:37 X:FF Y:E2 P:25 SP:FB  CYC:22659
> FA68  24 01     BIT $01 = FF                    A:37 X:FF Y:E2 P:25 SP:F9  CYC:22665
> FA6A  38        SEC                             A:37 X:FF Y:E2 P:E5 SP:F9  CYC:22668
> FA6B  A9 75     LDA #$75                        A:37 X:FF Y:E2 P:E5 SP:F9  CYC:22670
> FA6D  60        RTS                             A:75 X:FF Y:E2 P:65 SP:F9  CYC:22672
> F20A  37 48    *RLA $48,X @ 47 = 37             A:75 X:FF Y:E2 P:65 SP:FB  CYC:22678
> F20C  EA        NOP                             A:65 X:FF Y:E2 P:64 SP:FB  CYC:22684
> F20D  EA        NOP                             A:65 X:FF Y:E2 P:64 SP:FB  CYC:22686
> F20E  EA        NOP                             A:65 X:FF Y:E2 P:64 SP:FB  CYC:22688
> F20F  EA        NOP                             A:65 X:FF Y:E2 P:64 SP:FB  CYC:22690
> F210  20 6E FA  JSR $FA6E                       A:65 X:FF Y:E2 P:64 SP:FB  CYC:22692
> FA6E  50 76     BVC $FAE6                       A:65 X:FF Y:E2 P:64 SP:F9  CYC:22698
> FA70  F0 74     BEQ $FAE6                       A:65 X:FF Y:E2 P:64 SP:F9  CYC:22700
> FA72  30 72     BMI $FAE6                       A:65 X:FF Y:E2 P:64 SP:F9  CYC:22702
> FA74  B0 70     BCS $FAE6                       A:65 X:FF Y:E2 P:64 SP:F9  CYC:22704
> FA76  C9 65     CMP #$65                        A:65 X:FF Y:E2 P:64 SP:F9  CYC:22706
> FA78  D0 6C     BNE $FAE6                       A:65 X:FF Y:E2 P:67 SP:F9  CYC:22708
> FA7A  60        RTS                             A:65 X:FF Y:E2 P:67 SP:F9  CYC:22710
> F213  A5 47     LDA $47 = 6F                    A:65 X:FF Y:E2 P:67 SP:FB  CYC:22716
> F215  C9 6F     CMP #$6F                        A:6F X:FF Y:E2 P:65 SP:FB  CYC:22719
> F217  F0 02     BEQ $F21B                       A:6F X:FF Y:E2 P:67 SP:FB  CYC:22721
> F21B  A9 A5     LDA #$A5                        A:6F X:FF Y:E2 P:67 SP:FB  CYC:22724
> F21D  8D 47 06  STA $0647 = 6F                  A:A5 X:FF Y:E2 P:E5 SP:FB  CYC:22726
> F220  A0 FF     LDY #$FF                        A:A5 X:FF Y:E2 P:E5 SP:FB  CYC:22730
> F222  20 53 FB  JSR $FB53                       A:A5 X:FF Y:FF P:E5 SP:FB  CYC:22732
> FB53  24 01     BIT $01 = FF                    A:A5 X:FF Y:FF P:E5 SP:F9  CYC:22738
> FB55  18        CLC                             A:A5 X:FF Y:FF P:E5 SP:F9  CYC:22741
> FB56  A9 B3     LDA #$B3                        A:A5 X:FF Y:FF P:E4 SP:F9  CYC:22743
> FB58  60        RTS                             A:B3 X:FF Y:FF P:E4 SP:F9  CYC:22745
> F225  3B 48 05 *RLA $0548,Y @ 0647 = A5         A:B3 X:FF Y:FF P:E4 SP:FB  CYC:22751
> F228  EA        NOP                             A:02 X:FF Y:FF P:65 SP:FB  CYC:22758
> F229  EA        NOP                             A:02 X:FF Y:FF P:65 SP:FB  CYC:22760
> F22A  08        PHP                             A:02 X:FF Y:FF P:65 SP:FB  CYC:22762
> F22B  48        PHA                             A:02 X:FF Y:FF P:65 SP:FA  CYC:22765
> F22C  A0 E3     LDY #$E3                        A:02 X:FF Y:FF P:65 SP:F9  CYC:22768
> F22E  68        PLA                             A:02 X:FF Y:E3 P:E5 SP:F9  CYC:22770
> F22F  28        PLP                             A:02 X:FF Y:E3 P:65 SP:FA  CYC:22774
> F230  20 59 FB  JSR $FB59                       A:02 X:FF Y:E3 P:65 SP:FB  CYC:22778
> FB59  50 1A     BVC $FB75                       A:02 X:FF Y:E3 P:65 SP:F9  CYC:22784
> FB5B  90 18     BCC $FB75                       A:02 X:FF Y:E3 P:65 SP:F9  CYC:22786
> FB5D  30 16     BMI $FB75                       A:02 X:FF Y:E3 P:65 SP:F9  CYC:22788
> FB5F  C9 02     CMP #$02                        A:02 X:FF Y:E3 P:65 SP:F9  CYC:22790
> FB61  D0 12     BNE $FB75                       A:02 X:FF Y:E3 P:67 SP:F9  CYC:22792
> FB63  60        RTS                             A:02 X:FF Y:E3 P:67 SP:F9  CYC:22794
> F233  AD 47 06  LDA $0647 = 4A                  A:02 X:FF Y:E3 P:67 SP:FB  CYC:22800
> F236  C9 4A     CMP #$4A                        A:4A X:FF Y:E3 P:65 SP:FB  CYC:22804
> F238  F0 02     BEQ $F23C                       A:4A X:FF Y:E3 P:67 SP:FB  CYC:22806
> F23C  A0 FF     LDY #$FF                        A:4A X:FF Y:E3 P:67 SP:FB  CYC:22809
> F23E  A9 29     LDA #$29                        A:4A X:FF Y:FF P:E5 SP:FB  CYC:22811
> F240  8D 47 06  STA $0647 = 4A                  A:29 X:FF Y:FF P:65 SP:FB  CYC:22813
> F243  20 64 FB  JSR $FB64                       A:29 X:FF Y:FF P:65 SP:FB  CYC:22817
> FB64  B8        CLV                             A:29 X:FF Y:FF P:65 SP:F9  CYC:22823
> FB65  18        CLC                             A:29 X:FF Y:FF P:25 SP:F9  CYC:22825
> FB66  A9 42     LDA #$42                        A:29 X:FF Y:FF P:24 SP:F9  CYC:22827
> FB68  60        RTS                             A:42 X:FF Y:FF P:24 SP:F9  CYC:22829
> F246  3B 48 05 *RLA $0548,Y @ 0647 = 29         A:42 X:FF Y:FF P:24 SP:FB  CYC:22835
> F249  EA        NOP                             A:42 X:FF Y:FF P:24 SP:FB  CYC:22842
> F24A  EA        NOP                             A:42 X:FF Y:FF P:24 SP:FB  CYC:22844
> F24B  08        PHP                             A:42 X:FF Y:FF P:24 SP:FB  CYC:22846
> F24C  48        PHA                             A:42 X:FF Y:FF P:24 SP:FA  CYC:22849
> F24D  A0 E4     LDY #$E4                        A:42 X:FF Y:FF P:24 SP:F9  CYC:22852
> F24F  68        PLA                             A:42 X:FF Y:E4 P:A4 SP:F9  CYC:22854
> F250  28        PLP                             A:42 X:FF Y:E4 P:24 SP:FA  CYC:22858
> F251  20 69 FB  JSR $FB69                       A:42 X:FF Y:E4 P:24 SP:FB  CYC:22862
> FB69  70 0A     BVS $FB75                       A:42 X:FF Y:E4 P:24 SP:F9  CYC:22868
> FB6B  F0 08     BEQ $FB75                       A:42 X:FF Y:E4 P:24 SP:F9  CYC:22870
> FB6D  30 06     BMI $FB75                       A:42 X:FF Y:E4 P:24 SP:F9  CYC:22872
> FB6F  B0 04     BCS $FB75                       A:42 X:FF Y:E4 P:24 SP:F9  CYC:22874
> FB71  C9 42     CMP #$42                        A:42 X:FF Y:E4 P:24 SP:F9  CYC:22876
> FB73  F0 02     BEQ $FB77                       A:42 X:FF Y:E4 P:27 SP:F9  CYC:22878
> FB77  60        RTS                             A:42 X:FF Y:E4 P:27 SP:F9  CYC:22881
> F254  AD 47 06  LDA $0647 = 52                  A:42 X:FF Y:E4 P:27 SP:FB  CYC:22887
> F257  C9 52     CMP #$52                        A:52 X:FF Y:E4 P:25 SP:FB  CYC:22891
> F259  F0 02     BEQ $F25D                       A:52 X:FF Y:E4 P:27 SP:FB  CYC:22893
> F25D  A0 FF     LDY #$FF                        A:52 X:FF Y:E4 P:27 SP:FB  CYC:22896
> F25F  A9 37     LDA #$37                        A:52 X:FF Y:FF P:A5 SP:FB  CYC:22898
> F261  8D 47 06  STA $0647 = 52                  A:37 X:FF Y:FF P:25 SP:FB  CYC:22900
> F264  20 68 FA  JSR $FA68                       A:37 X:FF Y:FF P:25 SP:FB  CYC:22904
> FA68  24 01     BIT $01 = FF                    A:37 X:FF Y:FF P:25 SP:F9  CYC:22910
> FA6A  38        SEC                             A:37 X:FF Y:FF P:E5 SP:F9  CYC:22913
> FA6B  A9 75     LDA #$75                        A:37 X:FF Y:FF P:E5 SP:F9  CYC:22915
> FA6D  60        RTS                             A:75 X:FF Y:FF P:65 SP:F9  CYC:22917
> F267  3B 48 05 *RLA $0548,Y @ 0647 = 37         A:75 X:FF Y:FF P:65 SP:FB  CYC:22923
> F26A  EA        NOP                             A:65 X:FF Y:FF P:64 SP:FB  CYC:22930
> F26B  EA        NOP                             A:65 X:FF Y:FF P:64 SP:FB  CYC:22932
> F26C  08        PHP                             A:65 X:FF Y:FF P:64 SP:FB  CYC:22934
> F26D  48        PHA                             A:65 X:FF Y:FF P:64 SP:FA  CYC:22937
> F26E  A0 E5     LDY #$E5                        A:65 X:FF Y:FF P:64 SP:F9  CYC:22940
> F270  68        PLA                             A:65 X:FF Y:E5 P:E4 SP:F9  CYC:22942
> F271  28        PLP                             A:65 X:FF Y:E5 P:64 SP:FA  CYC:22946
> F272  20 6E FA  JSR $FA6E                       A:65 X:FF Y:E5 P:64 SP:FB  CYC:22950
> FA6E  50 76     BVC $FAE6                       A:65 X:FF Y:E5 P:64 SP:F9  CYC:22956
> FA70  F0 74     BEQ $FAE6                       A:65 X:FF Y:E5 P:64 SP:F9  CYC:22958
> FA72  30 72     BMI $FAE6                       A:65 X:FF Y:E5 P:64 SP:F9  CYC:22960
> FA74  B0 70     BCS $FAE6                       A:65 X:FF Y:E5 P:64 SP:F9  CYC:22962
> FA76  C9 65     CMP #$65                        A:65 X:FF Y:E5 P:64 SP:F9  CYC:22964
> FA78  D0 6C     BNE $FAE6                       A:65 X:FF Y:E5 P:67 SP:F9  CYC:22966
> FA7A  60        RTS                             A:65 X:FF Y:E5 P:67 SP:F9  CYC:22968
> F275  AD 47 06  LDA $0647 = 6F                  A:65 X:FF Y:E5 P:67 SP:FB  CYC:22974
> F278  C9 6F     CMP #$6F                        A:6F X:FF Y:E5 P:65 SP:FB  CYC:22978
> F27A  F0 02     BEQ $F27E                       A:6F X:FF Y:E5 P:67 SP:FB  CYC:22980
> F27E  A0 E6     LDY #$E6                        A:6F X:FF Y:E5 P:67 SP:FB  CYC:22983
> F280  A2 FF     LDX #$FF                        A:6F X:FF Y:E6 P:E5 SP:FB  CYC:22985
> F282  A9 A5     LDA #$A5                        A:6F X:FF Y:E6 P:E5 SP:FB  CYC:22987
> F284  8D 47 06  STA $0647 = 6F                  A:A5 X:FF Y:E6 P:E5 SP:FB  CYC:22989
> F287  20 53 FB  JSR $FB53                       A:A5 X:FF Y:E6 P:E5 SP:FB  CYC:22993
> FB53  24 01     BIT $01 = FF                    A:A5 X:FF Y:E6 P:E5 SP:F9  CYC:22999
> FB55  18        CLC                             A:A5 X:FF Y:E6 P:E5 SP:F9  CYC:23002
> FB56  A9 B3     LDA #$B3                        A:A5 X:FF Y:E6 P:E4 SP:F9  CYC:23004
> FB58  60        RTS                             A:B3 X:FF Y:E6 P:E4 SP:F9  CYC:23006
> F28A  3F 48 05 *RLA $0548,X @ 0647 = A5         A:B3 X:FF Y:E6 P:E4 SP:FB  CYC:23012
> F28D  EA        NOP                             A:02 X:FF Y:E6 P:65 SP:FB  CYC:23019
> F28E  EA        NOP                             A:02 X:FF Y:E6 P:65 SP:FB  CYC:23021
> F28F  EA        NOP                             A:02 X:FF Y:E6 P:65 SP:FB  CYC:23023
> F290  EA        NOP                             A:02 X:FF Y:E6 P:65 SP:FB  CYC:23025
> F291  20 59 FB  JSR $FB59                       A:02 X:FF Y:E6 P:65 SP:FB  CYC:23027
> FB59  50 1A     BVC $FB75                       A:02 X:FF Y:E6 P:65 SP:F9  CYC:23033
> FB5B  90 18     BCC $FB75                       A:02 X:FF Y:E6 P:65 SP:F9  CYC:23035
> FB5D  30 16     BMI $FB75                       A:02 X:FF Y:E6 P:65 SP:F9  CYC:23037
> FB5F  C9 02     CMP #$02                        A:02 X:FF Y:E6 P:65 SP:F9  CYC:23039
> FB61  D0 12     BNE $FB75                       A:02 X:FF Y:E6 P:67 SP:F9  CYC:23041
> FB63  60        RTS                             A:02 X:FF Y:E6 P:67 SP:F9  CYC:23043
> F294  AD 47 06  LDA $0647 = 4A                  A:02 X:FF Y:E6 P:67 SP:FB  CYC:23049
> F297  C9 4A     CMP #$4A                        A:4A X:FF Y:E6 P:65 SP:FB  CYC:23053
> F299  F0 02     BEQ $F29D                       A:4A X:FF Y:E6 P:67 SP:FB  CYC:23055
> F29D  C8        INY                             A:4A X:FF Y:E6 P:67 SP:FB  CYC:23058
> F29E  A9 29     LDA #$29                        A:4A X:FF Y:E7 P:E5 SP:FB  CYC:23060
> F2A0  8D 47 06  STA $0647 = 4A                  A:29 X:FF Y:E7 P:65 SP:FB  CYC:23062
> F2A3  20 64 FB  JSR $FB64                       A:29 X:FF Y:E7 P:65 SP:FB  CYC:23066
> FB64  B8        CLV                             A:29 X:FF Y:E7 P:65 SP:F9  CYC:23072
> FB65  18        CLC                             A:29 X:FF Y:E7 P:25 SP:F9  CYC:23074
> FB66  A9 42     LDA #$42                        A:29 X:FF Y:E7 P:24 SP:F9  CYC:23076
> FB68  60        RTS                             A:42 X:FF Y:E7 P:24 SP:F9  CYC:23078
> F2A6  3F 48 05 *RLA $0548,X @ 0647 = 29         A:42 X:FF Y:E7 P:24 SP:FB  CYC:23084
> F2A9  EA        NOP                             A:42 X:FF Y:E7 P:24 SP:FB  CYC:23091
> F2AA  EA        NOP                             A:42 X:FF Y:E7 P:24 SP:FB  CYC:23093
> F2AB  EA        NOP                             A:42 X:FF Y:E7 P:24 SP:FB  CYC:23095
> F2AC  EA        NOP                             A:42 X:FF Y:E7 P:24 SP:FB  CYC:23097
> F2AD  20 69 FB  JSR $FB69                       A:42 X:FF Y:E7 P:24 SP:FB  CYC:23099
> FB69  70 0A     BVS $FB75                       A:42 X:FF Y:E7 P:24 SP:F9  CYC:23105
> FB6B  F0 08     BEQ $FB75                       A:42 X:FF Y:E7 P:24 SP:F9  CYC:23107
> FB6D  30 06     BMI $FB75                       A:42 X:FF Y:E7 P:24 SP:F9  CYC:23109
> FB6F  B0 04     BCS $FB75                       A:42 X:FF Y:E7 P:24 SP:F9  CYC:23111
> FB71  C9 42     CMP #$42                        A:42 X:FF Y:E7 P:24 SP:F9  CYC:23113
> FB73  F0 02     BEQ $FB77                       A:42 X:FF Y:E7 P:27 SP:F9  CYC:23115
> FB77  60        RTS                             A:42 X:FF Y:E7 P:27 SP:F9  CYC:23118
> F2B0  AD 47 06  LDA $0647 = 52                  A:42 X:FF Y:E7 P:27 SP:FB  CYC:23124
> F2B3  C9 52     CMP #$52                        A:52 X:FF Y:E7 P:25 SP:FB  CYC:23128
> F2B5  F0 02     BEQ $F2B9                       A:52 X:FF Y:E7 P:27 SP:FB  CYC:23130
> F2B9  C8        INY                             A:52 X:FF Y:E7 P:27 SP:FB  CYC:23133
> F2BA  A9 37     LDA #$37                        A:52 X:FF Y:E8 P:A5 SP:FB  CYC:23135
> F2BC  8D 47 06  STA $0647 = 52                  A:37 X:FF Y:E8 P:25 SP:FB  CYC:23137
> F2BF  20 68 FA  JSR $FA68                       A:37 X:FF Y:E8 P:25 SP:FB  CYC:23141
> FA68  24 01     BIT $01 = FF                    A:37 X:FF Y:E8 P:25 SP:F9  CYC:23147
> FA6A  38        SEC                             A:37 X:FF Y:E8 P:E5 SP:F9  CYC:23150
> FA6B  A9 75     LDA #$75                        A:37 X:FF Y:E8 P:E5 SP:F9  CYC:23152
> FA6D  60        RTS                             A:75 X:FF Y:E8 P:65 SP:F9  CYC:23154
> F2C2  3F 48 05 *RLA $0548,X @ 0647 = 37         A:75 X:FF Y:E8 P:65 SP:FB  CYC:23160
> F2C5  EA        NOP                             A:65 X:FF Y:E8 P:64 SP:FB  CYC:23167
> F2C6  EA        NOP                             A:65 X:FF Y:E8 P:64 SP:FB  CYC:23169
> F2C7  EA        NOP                             A:65 X:FF Y:E8 P:64 SP:FB  CYC:23171
> F2C8  EA        NOP                             A:65 X:FF Y:E8 P:64 SP:FB  CYC:23173
> F2C9  20 6E FA  JSR $FA6E                       A:65 X:FF Y:E8 P:64 SP:FB  CYC:23175
> FA6E  50 76     BVC $FAE6                       A:65 X:FF Y:E8 P:64 SP:F9  CYC:23181
> FA70  F0 74     BEQ $FAE6                       A:65 X:FF Y:E8 P:64 SP:F9  CYC:23183
> FA72  30 72     BMI $FAE6                       A:65 X:FF Y:E8 P:64 SP:F9  CYC:23185
> FA74  B0 70     BCS $FAE6                       A:65 X:FF Y:E8 P:64 SP:F9  CYC:23187
> FA76  C9 65     CMP #$65                        A:65 X:FF Y:E8 P:64 SP:F9  CYC:23189
> FA78  D0 6C     BNE $FAE6                       A:65 X:FF Y:E8 P:67 SP:F9  CYC:23191
> FA7A  60        RTS                             A:65 X:FF Y:E8 P:67 SP:F9  CYC:23193
> F2CC  AD 47 06  LDA $0647 = 6F                  A:65 X:FF Y:E8 P:67 SP:FB  CYC:23199
> F2CF  C9 6F     CMP #$6F                        A:6F X:FF Y:E8 P:65 SP:FB  CYC:23203
> F2D1  F0 02     BEQ $F2D5                       A:6F X:FF Y:E8 P:67 SP:FB  CYC:23205
> F2D5  60        RTS                             A:6F X:FF Y:E8 P:67 SP:FB  CYC:23208
> C647  20 D6 F2  JSR $F2D6                       A:6F X:FF Y:E8 P:67 SP:FD  CYC:23214
> F2D6  A9 FF     LDA #$FF                        A:6F X:FF Y:E8 P:67 SP:FB  CYC:23220
> F2D8  85 01     STA $01 = FF                    A:FF X:FF Y:E8 P:E5 SP:FB  CYC:23222
> F2DA  A0 E9     LDY #$E9                        A:FF X:FF Y:E8 P:E5 SP:FB  CYC:23225
> F2DC  A2 02     LDX #$02                        A:FF X:FF Y:E9 P:E5 SP:FB  CYC:23227
> F2DE  A9 47     LDA #$47                        A:FF X:02 Y:E9 P:65 SP:FB  CYC:23229
> F2E0  85 47     STA $47 = 6F                    A:47 X:02 Y:E9 P:65 SP:FB  CYC:23231
> F2E2  A9 06     LDA #$06                        A:47 X:02 Y:E9 P:65 SP:FB  CYC:23234
> F2E4  85 48     STA $48 = 06                    A:06 X:02 Y:E9 P:65 SP:FB  CYC:23236
> F2E6  A9 A5     LDA #$A5                        A:06 X:02 Y:E9 P:65 SP:FB  CYC:23239
> F2E8  8D 47 06  STA $0647 = 6F                  A:A5 X:02 Y:E9 P:E5 SP:FB  CYC:23241
> F2EB  20 1D FB  JSR $FB1D                       A:A5 X:02 Y:E9 P:E5 SP:FB  CYC:23245
> FB1D  24 01     BIT $01 = FF                    A:A5 X:02 Y:E9 P:E5 SP:F9  CYC:23251
> FB1F  18        CLC                             A:A5 X:02 Y:E9 P:E5 SP:F9  CYC:23254
> FB20  A9 B3     LDA #$B3                        A:A5 X:02 Y:E9 P:E4 SP:F9  CYC:23256
> FB22  60        RTS                             A:B3 X:02 Y:E9 P:E4 SP:F9  CYC:23258
> F2EE  43 45    *SRE ($45,X) @ 47 = 0647 = A5    A:B3 X:02 Y:E9 P:E4 SP:FB  CYC:23264
> F2F0  EA        NOP                             A:E1 X:02 Y:E9 P:E5 SP:FB  CYC:23272
> F2F1  EA        NOP                             A:E1 X:02 Y:E9 P:E5 SP:FB  CYC:23274
> F2F2  EA        NOP                             A:E1 X:02 Y:E9 P:E5 SP:FB  CYC:23276
> F2F3  EA        NOP                             A:E1 X:02 Y:E9 P:E5 SP:FB  CYC:23278
> F2F4  20 23 FB  JSR $FB23                       A:E1 X:02 Y:E9 P:E5 SP:FB  CYC:23280
> FB23  50 50     BVC $FB75                       A:E1 X:02 Y:E9 P:E5 SP:F9  CYC:23286
> FB25  90 4E     BCC $FB75                       A:E1 X:02 Y:E9 P:E5 SP:F9  CYC:23288
> FB27  10 4C     BPL $FB75                       A:E1 X:02 Y:E9 P:E5 SP:F9  CYC:23290
> FB29  C9 E1     CMP #$E1                        A:E1 X:02 Y:E9 P:E5 SP:F9  CYC:23292
> FB2B  D0 48     BNE $FB75                       A:E1 X:02 Y:E9 P:67 SP:F9  CYC:23294
> FB2D  60        RTS                             A:E1 X:02 Y:E9 P:67 SP:F9  CYC:23296
> F2F7  AD 47 06  LDA $0647 = 52                  A:E1 X:02 Y:E9 P:67 SP:FB  CYC:23302
> F2FA  C9 52     CMP #$52                        A:52 X:02 Y:E9 P:65 SP:FB  CYC:23306
> F2FC  F0 02     BEQ $F300                       A:52 X:02 Y:E9 P:67 SP:FB  CYC:23308
> F300  C8        INY                             A:52 X:02 Y:E9 P:67 SP:FB  CYC:23312
> F301  A9 29     LDA #$29                        A:52 X:02 Y:EA P:E5 SP:FB  CYC:23314
> F303  8D 47 06  STA $0647 = 52                  A:29 X:02 Y:EA P:65 SP:FB  CYC:23316
> F306  20 2E FB  JSR $FB2E                       A:29 X:02 Y:EA P:65 SP:FB  CYC:23320
> FB2E  B8        CLV                             A:29 X:02 Y:EA P:65 SP:F9  CYC:23326
> FB2F  18        CLC                             A:29 X:02 Y:EA P:25 SP:F9  CYC:23328
> FB30  A9 42     LDA #$42                        A:29 X:02 Y:EA P:24 SP:F9  CYC:23330
> FB32  60        RTS                             A:42 X:02 Y:EA P:24 SP:F9  CYC:23332
> F309  43 45    *SRE ($45,X) @ 47 = 0647 = 29    A:42 X:02 Y:EA P:24 SP:FB  CYC:23338
> F30B  EA        NOP                             A:56 X:02 Y:EA P:25 SP:FB  CYC:23346
> F30C  EA        NOP                             A:56 X:02 Y:EA P:25 SP:FB  CYC:23348
> F30D  EA        NOP                             A:56 X:02 Y:EA P:25 SP:FB  CYC:23350
> F30E  EA        NOP                             A:56 X:02 Y:EA P:25 SP:FB  CYC:23352
> F30F  20 33 FB  JSR $FB33                       A:56 X:02 Y:EA P:25 SP:FB  CYC:23354
> FB33  70 40     BVS $FB75                       A:56 X:02 Y:EA P:25 SP:F9  CYC:23360
> FB35  F0 3E     BEQ $FB75                       A:56 X:02 Y:EA P:25 SP:F9  CYC:23362
> FB37  30 3C     BMI $FB75                       A:56 X:02 Y:EA P:25 SP:F9  CYC:23364
> FB39  90 3A     BCC $FB75                       A:56 X:02 Y:EA P:25 SP:F9  CYC:23366
> FB3B  C9 56     CMP #$56                        A:56 X:02 Y:EA P:25 SP:F9  CYC:23368
> FB3D  D0 36     BNE $FB75                       A:56 X:02 Y:EA P:27 SP:F9  CYC:23370
> FB3F  60        RTS                             A:56 X:02 Y:EA P:27 SP:F9  CYC:23372
> F312  AD 47 06  LDA $0647 = 14                  A:56 X:02 Y:EA P:27 SP:FB  CYC:23378
> F315  C9 14     CMP #$14                        A:14 X:02 Y:EA P:25 SP:FB  CYC:23382
> F317  F0 02     BEQ $F31B                       A:14 X:02 Y:EA P:27 SP:FB  CYC:23384
> F31B  C8        INY                             A:14 X:02 Y:EA P:27 SP:FB  CYC:23387
> F31C  A9 37     LDA #$37                        A:14 X:02 Y:EB P:A5 SP:FB  CYC:23389
> F31E  8D 47 06  STA $0647 = 14                  A:37 X:02 Y:EB P:25 SP:FB  CYC:23391
> F321  20 40 FB  JSR $FB40                       A:37 X:02 Y:EB P:25 SP:FB  CYC:23395
> FB40  24 01     BIT $01 = FF                    A:37 X:02 Y:EB P:25 SP:F9  CYC:23401
> FB42  38        SEC                             A:37 X:02 Y:EB P:E5 SP:F9  CYC:23404
> FB43  A9 75     LDA #$75                        A:37 X:02 Y:EB P:E5 SP:F9  CYC:23406
> FB45  60        RTS                             A:75 X:02 Y:EB P:65 SP:F9  CYC:23408
> F324  43 45    *SRE ($45,X) @ 47 = 0647 = 37    A:75 X:02 Y:EB P:65 SP:FB  CYC:23414
> F326  EA        NOP                             A:6E X:02 Y:EB P:65 SP:FB  CYC:23422
> F327  EA        NOP                             A:6E X:02 Y:EB P:65 SP:FB  CYC:23424
> F328  EA        NOP                             A:6E X:02 Y:EB P:65 SP:FB  CYC:23426
> F329  EA        NOP                             A:6E X:02 Y:EB P:65 SP:FB  CYC:23428
> F32A  20 46 FB  JSR $FB46                       A:6E X:02 Y:EB P:65 SP:FB  CYC:23430
> FB46  50 2D     BVC $FB75                       A:6E X:02 Y:EB P:65 SP:F9  CYC:23436
> FB48  F0 2B     BEQ $FB75                       A:6E X:02 Y:EB P:65 SP:F9  CYC:23438
> FB4A  30 29     BMI $FB75                       A:6E X:02 Y:EB P:65 SP:F9  CYC:23440
> FB4C  90 27     BCC $FB75                       A:6E X:02 Y:EB P:65 SP:F9  CYC:23442
> FB4E  C9 6E     CMP #$6E                        A:6E X:02 Y:EB P:65 SP:F9  CYC:23444
> FB50  D0 23     BNE $FB75                       A:6E X:02 Y:EB P:67 SP:F9  CYC:23446
> FB52  60        RTS                             A:6E X:02 Y:EB P:67 SP:F9  CYC:23448
> F32D  AD 47 06  LDA $0647 = 1B                  A:6E X:02 Y:EB P:67 SP:FB  CYC:23454
> F330  C9 1B     CMP #$1B                        A:1B X:02 Y:EB P:65 SP:FB  CYC:23458
> F332  F0 02     BEQ $F336                       A:1B X:02 Y:EB P:67 SP:FB  CYC:23460
> F336  C8        INY                             A:1B X:02 Y:EB P:67 SP:FB  CYC:23463
> F337  A9 A5     LDA #$A5                        A:1B X:02 Y:EC P:E5 SP:FB  CYC:23465
> F339  85 47     STA $47 = 47                    A:A5 X:02 Y:EC P:E5 SP:FB  CYC:23467
> F33B  20 1D FB  JSR $FB1D                       A:A5 X:02 Y:EC P:E5 SP:FB  CYC:23470
> FB1D  24 01     BIT $01 = FF                    A:A5 X:02 Y:EC P:E5 SP:F9  CYC:23476
> FB1F  18        CLC                             A:A5 X:02 Y:EC P:E5 SP:F9  CYC:23479
> FB20  A9 B3     LDA #$B3                        A:A5 X:02 Y:EC P:E4 SP:F9  CYC:23481
> FB22  60        RTS                             A:B3 X:02 Y:EC P:E4 SP:F9  CYC:23483
> F33E  47 47    *SRE $47 = A5                    A:B3 X:02 Y:EC P:E4 SP:FB  CYC:23489
> F340  EA        NOP                             A:E1 X:02 Y:EC P:E5 SP:FB  CYC:23494
> F341  EA        NOP                             A:E1 X:02 Y:EC P:E5 SP:FB  CYC:23496
> F342  EA        NOP                             A:E1 X:02 Y:EC P:E5 SP:FB  CYC:23498
> F343  EA        NOP                             A:E1 X:02 Y:EC P:E5 SP:FB  CYC:23500
> F344  20 23 FB  JSR $FB23                       A:E1 X:02 Y:EC P:E5 SP:FB  CYC:23502
> FB23  50 50     BVC $FB75                       A:E1 X:02 Y:EC P:E5 SP:F9  CYC:23508
> FB25  90 4E     BCC $FB75                       A:E1 X:02 Y:EC P:E5 SP:F9  CYC:23510
> FB27  10 4C     BPL $FB75                       A:E1 X:02 Y:EC P:E5 SP:F9  CYC:23512
> FB29  C9 E1     CMP #$E1                        A:E1 X:02 Y:EC P:E5 SP:F9  CYC:23514
> FB2B  D0 48     BNE $FB75                       A:E1 X:02 Y:EC P:67 SP:F9  CYC:23516
> FB2D  60        RTS                             A:E1 X:02 Y:EC P:67 SP:F9  CYC:23518
> F347  A5 47     LDA $47 = 52                    A:E1 X:02 Y:EC P:67 SP:FB  CYC:23524
> F349  C9 52     CMP #$52                        A:52 X:02 Y:EC P:65 SP:FB  CYC:23527
> F34B  F0 02     BEQ $F34F                       A:52 X:02 Y:EC P:67 SP:FB  CYC:23529
> F34F  C8        INY                             A:52 X:02 Y:EC P:67 SP:FB  CYC:23532
> F350  A9 29     LDA #$29                        A:52 X:02 Y:ED P:E5 SP:FB  CYC:23534
> F352  85 47     STA $47 = 52                    A:29 X:02 Y:ED P:65 SP:FB  CYC:23536
> F354  20 2E FB  JSR $FB2E                       A:29 X:02 Y:ED P:65 SP:FB  CYC:23539
> FB2E  B8        CLV                             A:29 X:02 Y:ED P:65 SP:F9  CYC:23545
> FB2F  18        CLC                             A:29 X:02 Y:ED P:25 SP:F9  CYC:23547
> FB30  A9 42     LDA #$42                        A:29 X:02 Y:ED P:24 SP:F9  CYC:23549
> FB32  60        RTS                             A:42 X:02 Y:ED P:24 SP:F9  CYC:23551
> F357  47 47    *SRE $47 = 29                    A:42 X:02 Y:ED P:24 SP:FB  CYC:23557
> F359  EA        NOP                             A:56 X:02 Y:ED P:25 SP:FB  CYC:23562
> F35A  EA        NOP                             A:56 X:02 Y:ED P:25 SP:FB  CYC:23564
> F35B  EA        NOP                             A:56 X:02 Y:ED P:25 SP:FB  CYC:23566
> F35C  EA        NOP                             A:56 X:02 Y:ED P:25 SP:FB  CYC:23568
> F35D  20 33 FB  JSR $FB33                       A:56 X:02 Y:ED P:25 SP:FB  CYC:23570
> FB33  70 40     BVS $FB75                       A:56 X:02 Y:ED P:25 SP:F9  CYC:23576
> FB35  F0 3E     BEQ $FB75                       A:56 X:02 Y:ED P:25 SP:F9  CYC:23578
> FB37  30 3C     BMI $FB75                       A:56 X:02 Y:ED P:25 SP:F9  CYC:23580
> FB39  90 3A     BCC $FB75                       A:56 X:02 Y:ED P:25 SP:F9  CYC:23582
> FB3B  C9 56     CMP #$56                        A:56 X:02 Y:ED P:25 SP:F9  CYC:23584
> FB3D  D0 36     BNE $FB75                       A:56 X:02 Y:ED P:27 SP:F9  CYC:23586
> FB3F  60        RTS                             A:56 X:02 Y:ED P:27 SP:F9  CYC:23588
> F360  A5 47     LDA $47 = 14                    A:56 X:02 Y:ED P:27 SP:FB  CYC:23594
> F362  C9 14     CMP #$14                        A:14 X:02 Y:ED P:25 SP:FB  CYC:23597
> F364  F0 02     BEQ $F368                       A:14 X:02 Y:ED P:27 SP:FB  CYC:23599
> F368  C8        INY                             A:14 X:02 Y:ED P:27 SP:FB  CYC:23602
> F369  A9 37     LDA #$37                        A:14 X:02 Y:EE P:A5 SP:FB  CYC:23604
> F36B  85 47     STA $47 = 14                    A:37 X:02 Y:EE P:25 SP:FB  CYC:23606
> F36D  20 40 FB  JSR $FB40                       A:37 X:02 Y:EE P:25 SP:FB  CYC:23609
> FB40  24 01     BIT $01 = FF                    A:37 X:02 Y:EE P:25 SP:F9  CYC:23615
> FB42  38        SEC                             A:37 X:02 Y:EE P:E5 SP:F9  CYC:23618
> FB43  A9 75     LDA #$75                        A:37 X:02 Y:EE P:E5 SP:F9  CYC:23620
> FB45  60        RTS                             A:75 X:02 Y:EE P:65 SP:F9  CYC:23622
> F370  47 47    *SRE $47 = 37                    A:75 X:02 Y:EE P:65 SP:FB  CYC:23628
> F372  EA        NOP                             A:6E X:02 Y:EE P:65 SP:FB  CYC:23633
> F373  EA        NOP                             A:6E X:02 Y:EE P:65 SP:FB  CYC:23635
> F374  EA        NOP                             A:6E X:02 Y:EE P:65 SP:FB  CYC:23637
> F375  EA        NOP                             A:6E X:02 Y:EE P:65 SP:FB  CYC:23639
> F376  20 46 FB  JSR $FB46                       A:6E X:02 Y:EE P:65 SP:FB  CYC:23641
> FB46  50 2D     BVC $FB75                       A:6E X:02 Y:EE P:65 SP:F9  CYC:23647
> FB48  F0 2B     BEQ $FB75                       A:6E X:02 Y:EE P:65 SP:F9  CYC:23649
> FB4A  30 29     BMI $FB75                       A:6E X:02 Y:EE P:65 SP:F9  CYC:23651
> FB4C  90 27     BCC $FB75                       A:6E X:02 Y:EE P:65 SP:F9  CYC:23653
> FB4E  C9 6E     CMP #$6E                        A:6E X:02 Y:EE P:65 SP:F9  CYC:23655
> FB50  D0 23     BNE $FB75                       A:6E X:02 Y:EE P:67 SP:F9  CYC:23657
> FB52  60        RTS                             A:6E X:02 Y:EE P:67 SP:F9  CYC:23659
> F379  A5 47     LDA $47 = 1B                    A:6E X:02 Y:EE P:67 SP:FB  CYC:23665
> F37B  C9 1B     CMP #$1B                        A:1B X:02 Y:EE P:65 SP:FB  CYC:23668
> F37D  F0 02     BEQ $F381                       A:1B X:02 Y:EE P:67 SP:FB  CYC:23670
> F381  C8        INY                             A:1B X:02 Y:EE P:67 SP:FB  CYC:23673
> F382  A9 A5     LDA #$A5                        A:1B X:02 Y:EF P:E5 SP:FB  CYC:23675
> F384  8D 47 06  STA $0647 = 1B                  A:A5 X:02 Y:EF P:E5 SP:FB  CYC:23677
> F387  20 1D FB  JSR $FB1D                       A:A5 X:02 Y:EF P:E5 SP:FB  CYC:23681
> FB1D  24 01     BIT $01 = FF                    A:A5 X:02 Y:EF P:E5 SP:F9  CYC:23687
> FB1F  18        CLC                             A:A5 X:02 Y:EF P:E5 SP:F9  CYC:23690
> FB20  A9 B3     LDA #$B3                        A:A5 X:02 Y:EF P:E4 SP:F9  CYC:23692
> FB22  60        RTS                             A:B3 X:02 Y:EF P:E4 SP:F9  CYC:23694
> F38A  4F 47 06 *SRE $0647 = A5                  A:B3 X:02 Y:EF P:E4 SP:FB  CYC:23700
> F38D  EA        NOP                             A:E1 X:02 Y:EF P:E5 SP:FB  CYC:23706
> F38E  EA        NOP                             A:E1 X:02 Y:EF P:E5 SP:FB  CYC:23708
> F38F  EA        NOP                             A:E1 X:02 Y:EF P:E5 SP:FB  CYC:23710
> F390  EA        NOP                             A:E1 X:02 Y:EF P:E5 SP:FB  CYC:23712
> F391  20 23 FB  JSR $FB23                       A:E1 X:02 Y:EF P:E5 SP:FB  CYC:23714
> FB23  50 50     BVC $FB75                       A:E1 X:02 Y:EF P:E5 SP:F9  CYC:23720
> FB25  90 4E     BCC $FB75                       A:E1 X:02 Y:EF P:E5 SP:F9  CYC:23722
> FB27  10 4C     BPL $FB75                       A:E1 X:02 Y:EF P:E5 SP:F9  CYC:23724
> FB29  C9 E1     CMP #$E1                        A:E1 X:02 Y:EF P:E5 SP:F9  CYC:23726
> FB2B  D0 48     BNE $FB75                       A:E1 X:02 Y:EF P:67 SP:F9  CYC:23728
> FB2D  60        RTS                             A:E1 X:02 Y:EF P:67 SP:F9  CYC:23730
> F394  AD 47 06  LDA $0647 = 52                  A:E1 X:02 Y:EF P:67 SP:FB  CYC:23736
> F397  C9 52     CMP #$52                        A:52 X:02 Y:EF P:65 SP:FB  CYC:23740
> F399  F0 02     BEQ $F39D                       A:52 X:02 Y:EF P:67 SP:FB  CYC:23742
> F39D  C8        INY                             A:52 X:02 Y:EF P:67 SP:FB  CYC:23745
> F39E  A9 29     LDA #$29                        A:52 X:02 Y:F0 P:E5 SP:FB  CYC:23747
> F3A0  8D 47 06  STA $0647 = 52                  A:29 X:02 Y:F0 P:65 SP:FB  CYC:23749
> F3A3  20 2E FB  JSR $FB2E                       A:29 X:02 Y:F0 P:65 SP:FB  CYC:23753
> FB2E  B8        CLV                             A:29 X:02 Y:F0 P:65 SP:F9  CYC:23759
> FB2F  18        CLC                             A:29 X:02 Y:F0 P:25 SP:F9  CYC:23761
> FB30  A9 42     LDA #$42                        A:29 X:02 Y:F0 P:24 SP:F9  CYC:23763
> FB32  60        RTS                             A:42 X:02 Y:F0 P:24 SP:F9  CYC:23765
> F3A6  4F 47 06 *SRE $0647 = 29                  A:42 X:02 Y:F0 P:24 SP:FB  CYC:23771
> F3A9  EA        NOP                             A:56 X:02 Y:F0 P:25 SP:FB  CYC:23777
> F3AA  EA        NOP                             A:56 X:02 Y:F0 P:25 SP:FB  CYC:23779
> F3AB  EA        NOP                             A:56 X:02 Y:F0 P:25 SP:FB  CYC:23781
> F3AC  EA        NOP                             A:56 X:02 Y:F0 P:25 SP:FB  CYC:23783
> F3AD  20 33 FB  JSR $FB33                       A:56 X:02 Y:F0 P:25 SP:FB  CYC:23785
> FB33  70 40     BVS $FB75                       A:56 X:02 Y:F0 P:25 SP:F9  CYC:23791
> FB35  F0 3E     BEQ $FB75                       A:56 X:02 Y:F0 P:25 SP:F9  CYC:23793
> FB37  30 3C     BMI $FB75                       A:56 X:02 Y:F0 P:25 SP:F9  CYC:23795
> FB39  90 3A     BCC $FB75                       A:56 X:02 Y:F0 P:25 SP:F9  CYC:23797
> FB3B  C9 56     CMP #$56                        A:56 X:02 Y:F0 P:25 SP:F9  CYC:23799
> FB3D  D0 36     BNE $FB75                       A:56 X:02 Y:F0 P:27 SP:F9  CYC:23801
> FB3F  60        RTS                             A:56 X:02 Y:F0 P:27 SP:F9  CYC:23803
> F3B0  AD 47 06  LDA $0647 = 14                  A:56 X:02 Y:F0 P:27 SP:FB  CYC:23809
> F3B3  C9 14     CMP #$14                        A:14 X:02 Y:F0 P:25 SP:FB  CYC:23813
> F3B5  F0 02     BEQ $F3B9                       A:14 X:02 Y:F0 P:27 SP:FB  CYC:23815
> F3B9  C8        INY                             A:14 X:02 Y:F0 P:27 SP:FB  CYC:23818
> F3BA  A9 37     LDA #$37                        A:14 X:02 Y:F1 P:A5 SP:FB  CYC:23820
> F3BC  8D 47 06  STA $0647 = 14                  A:37 X:02 Y:F1 P:25 SP:FB  CYC:23822
> F3BF  20 40 FB  JSR $FB40                       A:37 X:02 Y:F1 P:25 SP:FB  CYC:23826
> FB40  24 01     BIT $01 = FF                    A:37 X:02 Y:F1 P:25 SP:F9  CYC:23832
> FB42  38        SEC                             A:37 X:02 Y:F1 P:E5 SP:F9  CYC:23835
> FB43  A9 75     LDA #$75                        A:37 X:02 Y:F1 P:E5 SP:F9  CYC:23837
> FB45  60        RTS                             A:75 X:02 Y:F1 P:65 SP:F9  CYC:23839
> F3C2  4F 47 06 *SRE $0647 = 37                  A:75 X:02 Y:F1 P:65 SP:FB  CYC:23845
> F3C5  EA        NOP                             A:6E X:02 Y:F1 P:65 SP:FB  CYC:23851
> F3C6  EA        NOP                             A:6E X:02 Y:F1 P:65 SP:FB  CYC:23853
> F3C7  EA        NOP                             A:6E X:02 Y:F1 P:65 SP:FB  CYC:23855
> F3C8  EA        NOP                             A:6E X:02 Y:F1 P:65 SP:FB  CYC:23857
> F3C9  20 46 FB  JSR $FB46                       A:6E X:02 Y:F1 P:65 SP:FB  CYC:23859
> FB46  50 2D     BVC $FB75                       A:6E X:02 Y:F1 P:65 SP:F9  CYC:23865
> FB48  F0 2B     BEQ $FB75                       A:6E X:02 Y:F1 P:65 SP:F9  CYC:23867
> FB4A  30 29     BMI $FB75                       A:6E X:02 Y:F1 P:65 SP:F9  CYC:23869
> FB4C  90 27     BCC $FB75                       A:6E X:02 Y:F1 P:65 SP:F9  CYC:23871
> FB4E  C9 6E     CMP #$6E                        A:6E X:02 Y:F1 P:65 SP:F9  CYC:23873
> FB50  D0 23     BNE $FB75                       A:6E X:02 Y:F1 P:67 SP:F9  CYC:23875
> FB52  60        RTS                             A:6E X:02 Y:F1 P:67 SP:F9  CYC:23877
> F3CC  AD 47 06  LDA $0647 = 1B                  A:6E X:02 Y:F1 P:67 SP:FB  CYC:23883
> F3CF  C9 1B     CMP #$1B                        A:1B X:02 Y:F1 P:65 SP:FB  CYC:23887
> F3D1  F0 02     BEQ $F3D5                       A:1B X:02 Y:F1 P:67 SP:FB  CYC:23889
> F3D5  A9 A5     LDA #$A5                        A:1B X:02 Y:F1 P:67 SP:FB  CYC:23892
> F3D7  8D 47 06  STA $0647 = 1B                  A:A5 X:02 Y:F1 P:E5 SP:FB  CYC:23894
> F3DA  A9 48     LDA #$48                        A:A5 X:02 Y:F1 P:E5 SP:FB  CYC:23898
> F3DC  85 45     STA $45 = 48                    A:48 X:02 Y:F1 P:65 SP:FB  CYC:23900
> F3DE  A9 05     LDA #$05                        A:48 X:02 Y:F1 P:65 SP:FB  CYC:23903
> F3E0  85 46     STA $46 = 05                    A:05 X:02 Y:F1 P:65 SP:FB  CYC:23905
> F3E2  A0 FF     LDY #$FF                        A:05 X:02 Y:F1 P:65 SP:FB  CYC:23908
> F3E4  20 1D FB  JSR $FB1D                       A:05 X:02 Y:FF P:E5 SP:FB  CYC:23910
> FB1D  24 01     BIT $01 = FF                    A:05 X:02 Y:FF P:E5 SP:F9  CYC:23916
> FB1F  18        CLC                             A:05 X:02 Y:FF P:E5 SP:F9  CYC:23919
> FB20  A9 B3     LDA #$B3                        A:05 X:02 Y:FF P:E4 SP:F9  CYC:23921
> FB22  60        RTS                             A:B3 X:02 Y:FF P:E4 SP:F9  CYC:23923
> F3E7  53 45    *SRE ($45),Y = 0548 @ 0647 = A5  A:B3 X:02 Y:FF P:E4 SP:FB  CYC:23929
> F3E9  EA        NOP                             A:E1 X:02 Y:FF P:E5 SP:FB  CYC:23937
> F3EA  EA        NOP                             A:E1 X:02 Y:FF P:E5 SP:FB  CYC:23939
> F3EB  08        PHP                             A:E1 X:02 Y:FF P:E5 SP:FB  CYC:23941
> F3EC  48        PHA                             A:E1 X:02 Y:FF P:E5 SP:FA  CYC:23944
> F3ED  A0 F2     LDY #$F2                        A:E1 X:02 Y:FF P:E5 SP:F9  CYC:23947
> F3EF  68        PLA                             A:E1 X:02 Y:F2 P:E5 SP:F9  CYC:23949
> F3F0  28        PLP                             A:E1 X:02 Y:F2 P:E5 SP:FA  CYC:23953
> F3F1  20 23 FB  JSR $FB23                       A:E1 X:02 Y:F2 P:E5 SP:FB  CYC:23957
> FB23  50 50     BVC $FB75                       A:E1 X:02 Y:F2 P:E5 SP:F9  CYC:23963
> FB25  90 4E     BCC $FB75                       A:E1 X:02 Y:F2 P:E5 SP:F9  CYC:23965
> FB27  10 4C     BPL $FB75                       A:E1 X:02 Y:F2 P:E5 SP:F9  CYC:23967
> FB29  C9 E1     CMP #$E1                        A:E1 X:02 Y:F2 P:E5 SP:F9  CYC:23969
> FB2B  D0 48     BNE $FB75                       A:E1 X:02 Y:F2 P:67 SP:F9  CYC:23971
> FB2D  60        RTS                             A:E1 X:02 Y:F2 P:67 SP:F9  CYC:23973
> F3F4  AD 47 06  LDA $0647 = 52                  A:E1 X:02 Y:F2 P:67 SP:FB  CYC:23979
> F3F7  C9 52     CMP #$52                        A:52 X:02 Y:F2 P:65 SP:FB  CYC:23983
> F3F9  F0 02     BEQ $F3FD                       A:52 X:02 Y:F2 P:67 SP:FB  CYC:23985
> F3FD  A0 FF     LDY #$FF                        A:52 X:02 Y:F2 P:67 SP:FB  CYC:23988
> F3FF  A9 29     LDA #$29                        A:52 X:02 Y:FF P:E5 SP:FB  CYC:23990
> F401  8D 47 06  STA $0647 = 52                  A:29 X:02 Y:FF P:65 SP:FB  CYC:23992
> F404  20 2E FB  JSR $FB2E                       A:29 X:02 Y:FF P:65 SP:FB  CYC:23996
> FB2E  B8        CLV                             A:29 X:02 Y:FF P:65 SP:F9  CYC:24002
> FB2F  18        CLC                             A:29 X:02 Y:FF P:25 SP:F9  CYC:24004
> FB30  A9 42     LDA #$42                        A:29 X:02 Y:FF P:24 SP:F9  CYC:24006
> FB32  60        RTS                             A:42 X:02 Y:FF P:24 SP:F9  CYC:24008
> F407  53 45    *SRE ($45),Y = 0548 @ 0647 = 29  A:42 X:02 Y:FF P:24 SP:FB  CYC:24014
> F409  EA        NOP                             A:56 X:02 Y:FF P:25 SP:FB  CYC:24022
> F40A  EA        NOP                             A:56 X:02 Y:FF P:25 SP:FB  CYC:24024
> F40B  08        PHP                             A:56 X:02 Y:FF P:25 SP:FB  CYC:24026
> F40C  48        PHA                             A:56 X:02 Y:FF P:25 SP:FA  CYC:24029
> F40D  A0 F3     LDY #$F3                        A:56 X:02 Y:FF P:25 SP:F9  CYC:24032
> F40F  68        PLA                             A:56 X:02 Y:F3 P:A5 SP:F9  CYC:24034
> F410  28        PLP                             A:56 X:02 Y:F3 P:25 SP:FA  CYC:24038
> F411  20 33 FB  JSR $FB33                       A:56 X:02 Y:F3 P:25 SP:FB  CYC:24042
> FB33  70 40     BVS $FB75                       A:56 X:02 Y:F3 P:25 SP:F9  CYC:24048
> FB35  F0 3E     BEQ $FB75                       A:56 X:02 Y:F3 P:25 SP:F9  CYC:24050
> FB37  30 3C     BMI $FB75                       A:56 X:02 Y:F3 P:25 SP:F9  CYC:24052
> FB39  90 3A     BCC $FB75                       A:56 X:02 Y:F3 P:25 SP:F9  CYC:24054
> FB3B  C9 56     CMP #$56                        A:56 X:02 Y:F3 P:25 SP:F9  CYC:24056
> FB3D  D0 36     BNE $FB75                       A:56 X:02 Y:F3 P:27 SP:F9  CYC:24058
> FB3F  60        RTS                             A:56 X:02 Y:F3 P:27 SP:F9  CYC:24060
> F414  AD 47 06  LDA $0647 = 14                  A:56 X:02 Y:F3 P:27 SP:FB  CYC:24066
> F417  C9 14     CMP #$14                        A:14 X:02 Y:F3 P:25 SP:FB  CYC:24070
> F419  F0 02     BEQ $F41D                       A:14 X:02 Y:F3 P:27 SP:FB  CYC:24072
> F41D  A0 FF     LDY #$FF                        A:14 X:02 Y:F3 P:27 SP:FB  CYC:24075
> F41F  A9 37     LDA #$37                        A:14 X:02 Y:FF P:A5 SP:FB  CYC:24077
> F421  8D 47 06  STA $0647 = 14                  A:37 X:02 Y:FF P:25 SP:FB  CYC:24079
> F424  20 40 FB  JSR $FB40                       A:37 X:02 Y:FF P:25 SP:FB  CYC:24083
> FB40  24 01     BIT $01 = FF                    A:37 X:02 Y:FF P:25 SP:F9  CYC:24089
> FB42  38        SEC                             A:37 X:02 Y:FF P:E5 SP:F9  CYC:24092
> FB43  A9 75     LDA #$75                        A:37 X:02 Y:FF P:E5 SP:F9  CYC:24094
> FB45  60        RTS                             A:75 X:02 Y:FF P:65 SP:F9  CYC:24096
> F427  53 45    *SRE ($45),Y = 0548 @ 0647 = 37  A:75 X:02 Y:FF P:65 SP:FB  CYC:24102
> F429  EA        NOP                             A:6E X:02 Y:FF P:65 SP:FB  CYC:24110
> F42A  EA        NOP                             A:6E X:02 Y:FF P:65 SP:FB  CYC:24112
> F42B  08        PHP                             A:6E X:02 Y:FF P:65 SP:FB  CYC:24114
> F42C  48        PHA                             A:6E X:02 Y:FF P:65 SP:FA  CYC:24117
> F42D  A0 F4     LDY #$F4                        A:6E X:02 Y:FF P:65 SP:F9  CYC:24120
> F42F  68        PLA                             A:6E X:02 Y:F4 P:E5 SP:F9  CYC:24122
> F430  28        PLP                             A:6E X:02 Y:F4 P:65 SP:FA  CYC:24126
> F431  20 46 FB  JSR $FB46                       A:6E X:02 Y:F4 P:65 SP:FB  CYC:24130
> FB46  50 2D     BVC $FB75                       A:6E X:02 Y:F4 P:65 SP:F9  CYC:24136
> FB48  F0 2B     BEQ $FB75                       A:6E X:02 Y:F4 P:65 SP:F9  CYC:24138
> FB4A  30 29     BMI $FB75                       A:6E X:02 Y:F4 P:65 SP:F9  CYC:24140
> FB4C  90 27     BCC $FB75                       A:6E X:02 Y:F4 P:65 SP:F9  CYC:24142
> FB4E  C9 6E     CMP #$6E                        A:6E X:02 Y:F4 P:65 SP:F9  CYC:24144
> FB50  D0 23     BNE $FB75                       A:6E X:02 Y:F4 P:67 SP:F9  CYC:24146
> FB52  60        RTS                             A:6E X:02 Y:F4 P:67 SP:F9  CYC:24148
> F434  AD 47 06  LDA $0647 = 1B                  A:6E X:02 Y:F4 P:67 SP:FB  CYC:24154
> F437  C9 1B     CMP #$1B                        A:1B X:02 Y:F4 P:65 SP:FB  CYC:24158
> F439  F0 02     BEQ $F43D                       A:1B X:02 Y:F4 P:67 SP:FB  CYC:24160
> F43D  A0 F5     LDY #$F5                        A:1B X:02 Y:F4 P:67 SP:FB  CYC:24163
> F43F  A2 FF     LDX #$FF                        A:1B X:02 Y:F5 P:E5 SP:FB  CYC:24165
> F441  A9 A5     LDA #$A5                        A:1B X:FF Y:F5 P:E5 SP:FB  CYC:24167
> F443  85 47     STA $47 = 1B                    A:A5 X:FF Y:F5 P:E5 SP:FB  CYC:24169
> F445  20 1D FB  JSR $FB1D                       A:A5 X:FF Y:F5 P:E5 SP:FB  CYC:24172
> FB1D  24 01     BIT $01 = FF                    A:A5 X:FF Y:F5 P:E5 SP:F9  CYC:24178
> FB1F  18        CLC                             A:A5 X:FF Y:F5 P:E5 SP:F9  CYC:24181
> FB20  A9 B3     LDA #$B3                        A:A5 X:FF Y:F5 P:E4 SP:F9  CYC:24183
> FB22  60        RTS                             A:B3 X:FF Y:F5 P:E4 SP:F9  CYC:24185
> F448  57 48    *SRE $48,X @ 47 = A5             A:B3 X:FF Y:F5 P:E4 SP:FB  CYC:24191
> F44A  EA        NOP                             A:E1 X:FF Y:F5 P:E5 SP:FB  CYC:24197
> F44B  EA        NOP                             A:E1 X:FF Y:F5 P:E5 SP:FB  CYC:24199
> F44C  EA        NOP                             A:E1 X:FF Y:F5 P:E5 SP:FB  CYC:24201
> F44D  EA        NOP                             A:E1 X:FF Y:F5 P:E5 SP:FB  CYC:24203
> F44E  20 23 FB  JSR $FB23                       A:E1 X:FF Y:F5 P:E5 SP:FB  CYC:24205
> FB23  50 50     BVC $FB75                       A:E1 X:FF Y:F5 P:E5 SP:F9  CYC:24211
> FB25  90 4E     BCC $FB75                       A:E1 X:FF Y:F5 P:E5 SP:F9  CYC:24213
> FB27  10 4C     BPL $FB75                       A:E1 X:FF Y:F5 P:E5 SP:F9  CYC:24215
> FB29  C9 E1     CMP #$E1                        A:E1 X:FF Y:F5 P:E5 SP:F9  CYC:24217
> FB2B  D0 48     BNE $FB75                       A:E1 X:FF Y:F5 P:67 SP:F9  CYC:24219
> FB2D  60        RTS                             A:E1 X:FF Y:F5 P:67 SP:F9  CYC:24221
> F451  A5 47     LDA $47 = 52                    A:E1 X:FF Y:F5 P:67 SP:FB  CYC:24227
> F453  C9 52     CMP #$52                        A:52 X:FF Y:F5 P:65 SP:FB  CYC:24230
> F455  F0 02     BEQ $F459                       A:52 X:FF Y:F5 P:67 SP:FB  CYC:24232
> F459  C8        INY                             A:52 X:FF Y:F5 P:67 SP:FB  CYC:24235
> F45A  A9 29     LDA #$29                        A:52 X:FF Y:F6 P:E5 SP:FB  CYC:24237
> F45C  85 47     STA $47 = 52                    A:29 X:FF Y:F6 P:65 SP:FB  CYC:24239
> F45E  20 2E FB  JSR $FB2E                       A:29 X:FF Y:F6 P:65 SP:FB  CYC:24242
> FB2E  B8        CLV                             A:29 X:FF Y:F6 P:65 SP:F9  CYC:24248
> FB2F  18        CLC                             A:29 X:FF Y:F6 P:25 SP:F9  CYC:24250
> FB30  A9 42     LDA #$42                        A:29 X:FF Y:F6 P:24 SP:F9  CYC:24252
> FB32  60        RTS                             A:42 X:FF Y:F6 P:24 SP:F9  CYC:24254
> F461  57 48    *SRE $48,X @ 47 = 29             A:42 X:FF Y:F6 P:24 SP:FB  CYC:24260
> F463  EA        NOP                             A:56 X:FF Y:F6 P:25 SP:FB  CYC:24266
> F464  EA        NOP                             A:56 X:FF Y:F6 P:25 SP:FB  CYC:24268
> F465  EA        NOP                             A:56 X:FF Y:F6 P:25 SP:FB  CYC:24270
> F466  EA        NOP                             A:56 X:FF Y:F6 P:25 SP:FB  CYC:24272
> F467  20 33 FB  JSR $FB33                       A:56 X:FF Y:F6 P:25 SP:FB  CYC:24274
> FB33  70 40     BVS $FB75                       A:56 X:FF Y:F6 P:25 SP:F9  CYC:24280
> FB35  F0 3E     BEQ $FB75                       A:56 X:FF Y:F6 P:25 SP:F9  CYC:24282
> FB37  30 3C     BMI $FB75                       A:56 X:FF Y:F6 P:25 SP:F9  CYC:24284
> FB39  90 3A     BCC $FB75                       A:56 X:FF Y:F6 P:25 SP:F9  CYC:24286
> FB3B  C9 56     CMP #$56                        A:56 X:FF Y:F6 P:25 SP:F9  CYC:24288
> FB3D  D0 36     BNE $FB75                       A:56 X:FF Y:F6 P:27 SP:F9  CYC:24290
> FB3F  60        RTS                             A:56 X:FF Y:F6 P:27 SP:F9  CYC:24292
> F46A  A5 47     LDA $47 = 14                    A:56 X:FF Y:F6 P:27 SP:FB  CYC:24298
> F46C  C9 14     CMP #$14                        A:14 X:FF Y:F6 P:25 SP:FB  CYC:24301
> F46E  F0 02     BEQ $F472                       A:14 X:FF Y:F6 P:27 SP:FB  CYC:24303
> F472  C8        INY                             A:14 X:FF Y:F6 P:27 SP:FB  CYC:24306
> F473  A9 37     LDA #$37                        A:14 X:FF Y:F7 P:A5 SP:FB  CYC:24308
> F475  85 47     STA $47 = 14                    A:37 X:FF Y:F7 P:25 SP:FB  CYC:24310
> F477  20 40 FB  JSR $FB40                       A:37 X:FF Y:F7 P:25 SP:FB  CYC:24313
> FB40  24 01     BIT $01 = FF                    A:37 X:FF Y:F7 P:25 SP:F9  CYC:24319
> FB42  38        SEC                             A:37 X:FF Y:F7 P:E5 SP:F9  CYC:24322
> FB43  A9 75     LDA #$75                        A:37 X:FF Y:F7 P:E5 SP:F9  CYC:24324
> FB45  60        RTS                             A:75 X:FF Y:F7 P:65 SP:F9  CYC:24326
> F47A  57 48    *SRE $48,X @ 47 = 37             A:75 X:FF Y:F7 P:65 SP:FB  CYC:24332
> F47C  EA        NOP                             A:6E X:FF Y:F7 P:65 SP:FB  CYC:24338
> F47D  EA        NOP                             A:6E X:FF Y:F7 P:65 SP:FB  CYC:24340
> F47E  EA        NOP                             A:6E X:FF Y:F7 P:65 SP:FB  CYC:24342
> F47F  EA        NOP                             A:6E X:FF Y:F7 P:65 SP:FB  CYC:24344
> F480  20 46 FB  JSR $FB46                       A:6E X:FF Y:F7 P:65 SP:FB  CYC:24346
> FB46  50 2D     BVC $FB75                       A:6E X:FF Y:F7 P:65 SP:F9  CYC:24352
> FB48  F0 2B     BEQ $FB75                       A:6E X:FF Y:F7 P:65 SP:F9  CYC:24354
> FB4A  30 29     BMI $FB75                       A:6E X:FF Y:F7 P:65 SP:F9  CYC:24356
> FB4C  90 27     BCC $FB75                       A:6E X:FF Y:F7 P:65 SP:F9  CYC:24358
> FB4E  C9 6E     CMP #$6E                        A:6E X:FF Y:F7 P:65 SP:F9  CYC:24360
> FB50  D0 23     BNE $FB75                       A:6E X:FF Y:F7 P:67 SP:F9  CYC:24362
> FB52  60        RTS                             A:6E X:FF Y:F7 P:67 SP:F9  CYC:24364
> F483  A5 47     LDA $47 = 1B                    A:6E X:FF Y:F7 P:67 SP:FB  CYC:24370
> F485  C9 1B     CMP #$1B                        A:1B X:FF Y:F7 P:65 SP:FB  CYC:24373
> F487  F0 02     BEQ $F48B                       A:1B X:FF Y:F7 P:67 SP:FB  CYC:24375
> F48B  A9 A5     LDA #$A5                        A:1B X:FF Y:F7 P:67 SP:FB  CYC:24378
> F48D  8D 47 06  STA $0647 = 1B                  A:A5 X:FF Y:F7 P:E5 SP:FB  CYC:24380
> F490  A0 FF     LDY #$FF                        A:A5 X:FF Y:F7 P:E5 SP:FB  CYC:24384
> F492  20 1D FB  JSR $FB1D                       A:A5 X:FF Y:FF P:E5 SP:FB  CYC:24386
> FB1D  24 01     BIT $01 = FF                    A:A5 X:FF Y:FF P:E5 SP:F9  CYC:24392
> FB1F  18        CLC                             A:A5 X:FF Y:FF P:E5 SP:F9  CYC:24395
> FB20  A9 B3     LDA #$B3                        A:A5 X:FF Y:FF P:E4 SP:F9  CYC:24397
> FB22  60        RTS                             A:B3 X:FF Y:FF P:E4 SP:F9  CYC:24399
> F495  5B 48 05 *SRE $0548,Y @ 0647 = A5         A:B3 X:FF Y:FF P:E4 SP:FB  CYC:24405
> F498  EA        NOP                             A:E1 X:FF Y:FF P:E5 SP:FB  CYC:24412
> F499  EA        NOP                             A:E1 X:FF Y:FF P:E5 SP:FB  CYC:24414
> F49A  08        PHP                             A:E1 X:FF Y:FF P:E5 SP:FB  CYC:24416
> F49B  48        PHA                             A:E1 X:FF Y:FF P:E5 SP:FA  CYC:24419
> F49C  A0 F8     LDY #$F8                        A:E1 X:FF Y:FF P:E5 SP:F9  CYC:24422
> F49E  68        PLA                             A:E1 X:FF Y:F8 P:E5 SP:F9  CYC:24424
> F49F  28        PLP                             A:E1 X:FF Y:F8 P:E5 SP:FA  CYC:24428
> F4A0  20 23 FB  JSR $FB23                       A:E1 X:FF Y:F8 P:E5 SP:FB  CYC:24432
> FB23  50 50     BVC $FB75                       A:E1 X:FF Y:F8 P:E5 SP:F9  CYC:24438
> FB25  90 4E     BCC $FB75                       A:E1 X:FF Y:F8 P:E5 SP:F9  CYC:24440
> FB27  10 4C     BPL $FB75                       A:E1 X:FF Y:F8 P:E5 SP:F9  CYC:24442
> FB29  C9 E1     CMP #$E1                        A:E1 X:FF Y:F8 P:E5 SP:F9  CYC:24444
> FB2B  D0 48     BNE $FB75                       A:E1 X:FF Y:F8 P:67 SP:F9  CYC:24446
> FB2D  60        RTS                             A:E1 X:FF Y:F8 P:67 SP:F9  CYC:24448
> F4A3  AD 47 06  LDA $0647 = 52                  A:E1 X:FF Y:F8 P:67 SP:FB  CYC:24454
> F4A6  C9 52     CMP #$52                        A:52 X:FF Y:F8 P:65 SP:FB  CYC:24458
> F4A8  F0 02     BEQ $F4AC                       A:52 X:FF Y:F8 P:67 SP:FB  CYC:24460
> F4AC  A0 FF     LDY #$FF                        A:52 X:FF Y:F8 P:67 SP:FB  CYC:24463
> F4AE  A9 29     LDA #$29                        A:52 X:FF Y:FF P:E5 SP:FB  CYC:24465
> F4B0  8D 47 06  STA $0647 = 52                  A:29 X:FF Y:FF P:65 SP:FB  CYC:24467
> F4B3  20 2E FB  JSR $FB2E                       A:29 X:FF Y:FF P:65 SP:FB  CYC:24471
> FB2E  B8        CLV                             A:29 X:FF Y:FF P:65 SP:F9  CYC:24477
> FB2F  18        CLC                             A:29 X:FF Y:FF P:25 SP:F9  CYC:24479
> FB30  A9 42     LDA #$42                        A:29 X:FF Y:FF P:24 SP:F9  CYC:24481
> FB32  60        RTS                             A:42 X:FF Y:FF P:24 SP:F9  CYC:24483
> F4B6  5B 48 05 *SRE $0548,Y @ 0647 = 29         A:42 X:FF Y:FF P:24 SP:FB  CYC:24489
> F4B9  EA        NOP                             A:56 X:FF Y:FF P:25 SP:FB  CYC:24496
> F4BA  EA        NOP                             A:56 X:FF Y:FF P:25 SP:FB  CYC:24498
> F4BB  08        PHP                             A:56 X:FF Y:FF P:25 SP:FB  CYC:24500
> F4BC  48        PHA                             A:56 X:FF Y:FF P:25 SP:FA  CYC:24503
> F4BD  A0 F9     LDY #$F9                        A:56 X:FF Y:FF P:25 SP:F9  CYC:24506
> F4BF  68        PLA                             A:56 X:FF Y:F9 P:A5 SP:F9  CYC:24508
> F4C0  28        PLP                             A:56 X:FF Y:F9 P:25 SP:FA  CYC:24512
> F4C1  20 33 FB  JSR $FB33                       A:56 X:FF Y:F9 P:25 SP:FB  CYC:24516
> FB33  70 40     BVS $FB75                       A:56 X:FF Y:F9 P:25 SP:F9  CYC:24522
> FB35  F0 3E     BEQ $FB75                       A:56 X:FF Y:F9 P:25 SP:F9  CYC:24524
> FB37  30 3C     BMI $FB75                       A:56 X:FF Y:F9 P:25 SP:F9  CYC:24526
> FB39  90 3A     BCC $FB75                       A:56 X:FF Y:F9 P:25 SP:F9  CYC:24528
> FB3B  C9 56     CMP #$56                        A:56 X:FF Y:F9 P:25 SP:F9  CYC:24530
> FB3D  D0 36     BNE $FB75                       A:56 X:FF Y:F9 P:27 SP:F9  CYC:24532
> FB3F  60        RTS                             A:56 X:FF Y:F9 P:27 SP:F9  CYC:24534
> F4C4  AD 47 06  LDA $0647 = 14                  A:56 X:FF Y:F9 P:27 SP:FB  CYC:24540
> F4C7  C9 14     CMP #$14                        A:14 X:FF Y:F9 P:25 SP:FB  CYC:24544
> F4C9  F0 02     BEQ $F4CD                       A:14 X:FF Y:F9 P:27 SP:FB  CYC:24546
> F4CD  A0 FF     LDY #$FF                        A:14 X:FF Y:F9 P:27 SP:FB  CYC:24549
> F4CF  A9 37     LDA #$37                        A:14 X:FF Y:FF P:A5 SP:FB  CYC:24551
> F4D1  8D 47 06  STA $0647 = 14                  A:37 X:FF Y:FF P:25 SP:FB  CYC:24553
> F4D4  20 40 FB  JSR $FB40                       A:37 X:FF Y:FF P:25 SP:FB  CYC:24557
> FB40  24 01     BIT $01 = FF                    A:37 X:FF Y:FF P:25 SP:F9  CYC:24563
> FB42  38        SEC                             A:37 X:FF Y:FF P:E5 SP:F9  CYC:24566
> FB43  A9 75     LDA #$75                        A:37 X:FF Y:FF P:E5 SP:F9  CYC:24568
> FB45  60        RTS                             A:75 X:FF Y:FF P:65 SP:F9  CYC:24570
> F4D7  5B 48 05 *SRE $0548,Y @ 0647 = 37         A:75 X:FF Y:FF P:65 SP:FB  CYC:24576
> F4DA  EA        NOP                             A:6E X:FF Y:FF P:65 SP:FB  CYC:24583
> F4DB  EA        NOP                             A:6E X:FF Y:FF P:65 SP:FB  CYC:24585
> F4DC  08        PHP                             A:6E X:FF Y:FF P:65 SP:FB  CYC:24587
> F4DD  48        PHA                             A:6E X:FF Y:FF P:65 SP:FA  CYC:24590
> F4DE  A0 FA     LDY #$FA                        A:6E X:FF Y:FF P:65 SP:F9  CYC:24593
> F4E0  68        PLA                             A:6E X:FF Y:FA P:E5 SP:F9  CYC:24595
> F4E1  28        PLP                             A:6E X:FF Y:FA P:65 SP:FA  CYC:24599
> F4E2  20 46 FB  JSR $FB46                       A:6E X:FF Y:FA P:65 SP:FB  CYC:24603
> FB46  50 2D     BVC $FB75                       A:6E X:FF Y:FA P:65 SP:F9  CYC:24609
> FB48  F0 2B     BEQ $FB75                       A:6E X:FF Y:FA P:65 SP:F9  CYC:24611
> FB4A  30 29     BMI $FB75                       A:6E X:FF Y:FA P:65 SP:F9  CYC:24613
> FB4C  90 27     BCC $FB75                       A:6E X:FF Y:FA P:65 SP:F9  CYC:24615
> FB4E  C9 6E     CMP #$6E                        A:6E X:FF Y:FA P:65 SP:F9  CYC:24617
> FB50  D0 23     BNE $FB75                       A:6E X:FF Y:FA P:67 SP:F9  CYC:24619
> FB52  60        RTS                             A:6E X:FF Y:FA P:67 SP:F9  CYC:24621
> F4E5  AD 47 06  LDA $0647 = 1B                  A:6E X:FF Y:FA P:67 SP:FB  CYC:24627
> F4E8  C9 1B     CMP #$1B                        A:1B X:FF Y:FA P:65 SP:FB  CYC:24631
> F4EA  F0 02     BEQ $F4EE                       A:1B X:FF Y:FA P:67 SP:FB  CYC:24633
> F4EE  A0 FB     LDY #$FB                        A:1B X:FF Y:FA P:67 SP:FB  CYC:24636
> F4F0  A2 FF     LDX #$FF                        A:1B X:FF Y:FB P:E5 SP:FB  CYC:24638
> F4F2  A9 A5     LDA #$A5                        A:1B X:FF Y:FB P:E5 SP:FB  CYC:24640
> F4F4  8D 47 06  STA $0647 = 1B                  A:A5 X:FF Y:FB P:E5 SP:FB  CYC:24642
> F4F7  20 1D FB  JSR $FB1D                       A:A5 X:FF Y:FB P:E5 SP:FB  CYC:24646
> FB1D  24 01     BIT $01 = FF                    A:A5 X:FF Y:FB P:E5 SP:F9  CYC:24652
> FB1F  18        CLC                             A:A5 X:FF Y:FB P:E5 SP:F9  CYC:24655
> FB20  A9 B3     LDA #$B3                        A:A5 X:FF Y:FB P:E4 SP:F9  CYC:24657
> FB22  60        RTS                             A:B3 X:FF Y:FB P:E4 SP:F9  CYC:24659
> F4FA  5F 48 05 *SRE $0548,X @ 0647 = A5         A:B3 X:FF Y:FB P:E4 SP:FB  CYC:24665
> F4FD  EA        NOP                             A:E1 X:FF Y:FB P:E5 SP:FB  CYC:24672
> F4FE  EA        NOP                             A:E1 X:FF Y:FB P:E5 SP:FB  CYC:24674
> F4FF  EA        NOP                             A:E1 X:FF Y:FB P:E5 SP:FB  CYC:24676
> F500  EA        NOP                             A:E1 X:FF Y:FB P:E5 SP:FB  CYC:24678
> F501  20 23 FB  JSR $FB23                       A:E1 X:FF Y:FB P:E5 SP:FB  CYC:24680
> FB23  50 50     BVC $FB75                       A:E1 X:FF Y:FB P:E5 SP:F9  CYC:24686
> FB25  90 4E     BCC $FB75                       A:E1 X:FF Y:FB P:E5 SP:F9  CYC:24688
> FB27  10 4C     BPL $FB75                       A:E1 X:FF Y:FB P:E5 SP:F9  CYC:24690
> FB29  C9 E1     CMP #$E1                        A:E1 X:FF Y:FB P:E5 SP:F9  CYC:24692
> FB2B  D0 48     BNE $FB75                       A:E1 X:FF Y:FB P:67 SP:F9  CYC:24694
> FB2D  60        RTS                             A:E1 X:FF Y:FB P:67 SP:F9  CYC:24696
> F504  AD 47 06  LDA $0647 = 52                  A:E1 X:FF Y:FB P:67 SP:FB  CYC:24702
> F507  C9 52     CMP #$52                        A:52 X:FF Y:FB P:65 SP:FB  CYC:24706
> F509  F0 02     BEQ $F50D                       A:52 X:FF Y:FB P:67 SP:FB  CYC:24708
> F50D  C8        INY                             A:52 X:FF Y:FB P:67 SP:FB  CYC:24711
> F50E  A9 29     LDA #$29                        A:52 X:FF Y:FC P:E5 SP:FB  CYC:24713
> F510  8D 47 06  STA $0647 = 52                  A:29 X:FF Y:FC P:65 SP:FB  CYC:24715
> F513  20 2E FB  JSR $FB2E                       A:29 X:FF Y:FC P:65 SP:FB  CYC:24719
> FB2E  B8        CLV                             A:29 X:FF Y:FC P:65 SP:F9  CYC:24725
> FB2F  18        CLC                             A:29 X:FF Y:FC P:25 SP:F9  CYC:24727
> FB30  A9 42     LDA #$42                        A:29 X:FF Y:FC P:24 SP:F9  CYC:24729
> FB32  60        RTS                             A:42 X:FF Y:FC P:24 SP:F9  CYC:24731
> F516  5F 48 05 *SRE $0548,X @ 0647 = 29         A:42 X:FF Y:FC P:24 SP:FB  CYC:24737
> F519  EA        NOP                             A:56 X:FF Y:FC P:25 SP:FB  CYC:24744
> F51A  EA        NOP                             A:56 X:FF Y:FC P:25 SP:FB  CYC:24746
> F51B  EA        NOP                             A:56 X:FF Y:FC P:25 SP:FB  CYC:24748
> F51C  EA        NOP                             A:56 X:FF Y:FC P:25 SP:FB  CYC:24750
> F51D  20 33 FB  JSR $FB33                       A:56 X:FF Y:FC P:25 SP:FB  CYC:24752
> FB33  70 40     BVS $FB75                       A:56 X:FF Y:FC P:25 SP:F9  CYC:24758
> FB35  F0 3E     BEQ $FB75                       A:56 X:FF Y:FC P:25 SP:F9  CYC:24760
> FB37  30 3C     BMI $FB75                       A:56 X:FF Y:FC P:25 SP:F9  CYC:24762
> FB39  90 3A     BCC $FB75                       A:56 X:FF Y:FC P:25 SP:F9  CYC:24764
> FB3B  C9 56     CMP #$56                        A:56 X:FF Y:FC P:25 SP:F9  CYC:24766
> FB3D  D0 36     BNE $FB75                       A:56 X:FF Y:FC P:27 SP:F9  CYC:24768
> FB3F  60        RTS                             A:56 X:FF Y:FC P:27 SP:F9  CYC:24770
> F520  AD 47 06  LDA $0647 = 14                  A:56 X:FF Y:FC P:27 SP:FB  CYC:24776
> F523  C9 14     CMP #$14                        A:14 X:FF Y:FC P:25 SP:FB  CYC:24780
> F525  F0 02     BEQ $F529                       A:14 X:FF Y:FC P:27 SP:FB  CYC:24782
> F529  C8        INY                             A:14 X:FF Y:FC P:27 SP:FB  CYC:24785
> F52A  A9 37     LDA #$37                        A:14 X:FF Y:FD P:A5 SP:FB  CYC:24787
> F52C  8D 47 06  STA $0647 = 14                  A:37 X:FF Y:FD P:25 SP:FB  CYC:24789
> F52F  20 40 FB  JSR $FB40                       A:37 X:FF Y:FD P:25 SP:FB  CYC:24793
> FB40  24 01     BIT $01 = FF                    A:37 X:FF Y:FD P:25 SP:F9  CYC:24799
> FB42  38        SEC                             A:37 X:FF Y:FD P:E5 SP:F9  CYC:24802
> FB43  A9 75     LDA #$75                        A:37 X:FF Y:FD P:E5 SP:F9  CYC:24804
> FB45  60        RTS                             A:75 X:FF Y:FD P:65 SP:F9  CYC:24806
> F532  5F 48 05 *SRE $0548,X @ 0647 = 37         A:75 X:FF Y:FD P:65 SP:FB  CYC:24812
> F535  EA        NOP                             A:6E X:FF Y:FD P:65 SP:FB  CYC:24819
> F536  EA        NOP                             A:6E X:FF Y:FD P:65 SP:FB  CYC:24821
> F537  EA        NOP                             A:6E X:FF Y:FD P:65 SP:FB  CYC:24823
> F538  EA        NOP                             A:6E X:FF Y:FD P:65 SP:FB  CYC:24825
> F539  20 46 FB  JSR $FB46                       A:6E X:FF Y:FD P:65 SP:FB  CYC:24827
> FB46  50 2D     BVC $FB75                       A:6E X:FF Y:FD P:65 SP:F9  CYC:24833
> FB48  F0 2B     BEQ $FB75                       A:6E X:FF Y:FD P:65 SP:F9  CYC:24835
> FB4A  30 29     BMI $FB75                       A:6E X:FF Y:FD P:65 SP:F9  CYC:24837
> FB4C  90 27     BCC $FB75                       A:6E X:FF Y:FD P:65 SP:F9  CYC:24839
> FB4E  C9 6E     CMP #$6E                        A:6E X:FF Y:FD P:65 SP:F9  CYC:24841
> FB50  D0 23     BNE $FB75                       A:6E X:FF Y:FD P:67 SP:F9  CYC:24843
> FB52  60        RTS                             A:6E X:FF Y:FD P:67 SP:F9  CYC:24845
> F53C  AD 47 06  LDA $0647 = 1B                  A:6E X:FF Y:FD P:67 SP:FB  CYC:24851
> F53F  C9 1B     CMP #$1B                        A:1B X:FF Y:FD P:65 SP:FB  CYC:24855
> F541  F0 02     BEQ $F545                       A:1B X:FF Y:FD P:67 SP:FB  CYC:24857
> F545  60        RTS                             A:1B X:FF Y:FD P:67 SP:FB  CYC:24860
> C64A  A5 00     LDA $00 = 00                    A:1B X:FF Y:FD P:67 SP:FD  CYC:24866
> C64C  85 11     STA $11 = 00                    A:00 X:FF Y:FD P:67 SP:FD  CYC:24869
> C64E  A9 00     LDA #$00                        A:00 X:FF Y:FD P:67 SP:FD  CYC:24872
> C650  85 00     STA $00 = 00                    A:00 X:FF Y:FD P:67 SP:FD  CYC:24874
> C652  20 46 F5  JSR $F546                       A:00 X:FF Y:FD P:67 SP:FD  CYC:24877
> F546  A9 FF     LDA #$FF                        A:00 X:FF Y:FD P:67 SP:FB  CYC:24883
> F548  85 01     STA $01 = FF                    A:FF X:FF Y:FD P:E5 SP:FB  CYC:24885
> F54A  A0 01     LDY #$01                        A:FF X:FF Y:FD P:E5 SP:FB  CYC:24888
> F54C  A2 02     LDX #$02                        A:FF X:FF Y:01 P:65 SP:FB  CYC:24890
> F54E  A9 47     LDA #$47                        A:FF X:02 Y:01 P:65 SP:FB  CYC:24892
> F550  85 47     STA $47 = 1B                    A:47 X:02 Y:01 P:65 SP:FB  CYC:24894
> F552  A9 06     LDA #$06                        A:47 X:02 Y:01 P:65 SP:FB  CYC:24897
> F554  85 48     STA $48 = 06                    A:06 X:02 Y:01 P:65 SP:FB  CYC:24899
> F556  A9 A5     LDA #$A5                        A:06 X:02 Y:01 P:65 SP:FB  CYC:24902
> F558  8D 47 06  STA $0647 = 1B                  A:A5 X:02 Y:01 P:E5 SP:FB  CYC:24904
> F55B  20 E9 FA  JSR $FAE9                       A:A5 X:02 Y:01 P:E5 SP:FB  CYC:24908
> FAE9  24 01     BIT $01 = FF                    A:A5 X:02 Y:01 P:E5 SP:F9  CYC:24914
> FAEB  18        CLC                             A:A5 X:02 Y:01 P:E5 SP:F9  CYC:24917
> FAEC  A9 B2     LDA #$B2                        A:A5 X:02 Y:01 P:E4 SP:F9  CYC:24919
> FAEE  60        RTS                             A:B2 X:02 Y:01 P:E4 SP:F9  CYC:24921
> F55E  63 45    *RRA ($45,X) @ 47 = 0647 = A5    A:B2 X:02 Y:01 P:E4 SP:FB  CYC:24927
> F560  EA        NOP                             A:05 X:02 Y:01 P:25 SP:FB  CYC:24935
> F561  EA        NOP                             A:05 X:02 Y:01 P:25 SP:FB  CYC:24937
> F562  EA        NOP                             A:05 X:02 Y:01 P:25 SP:FB  CYC:24939
> F563  EA        NOP                             A:05 X:02 Y:01 P:25 SP:FB  CYC:24941
> F564  20 EF FA  JSR $FAEF                       A:05 X:02 Y:01 P:25 SP:FB  CYC:24943
> FAEF  70 2A     BVS $FB1B                       A:05 X:02 Y:01 P:25 SP:F9  CYC:24949
> FAF1  90 28     BCC $FB1B                       A:05 X:02 Y:01 P:25 SP:F9  CYC:24951
> FAF3  30 26     BMI $FB1B                       A:05 X:02 Y:01 P:25 SP:F9  CYC:24953
> FAF5  C9 05     CMP #$05                        A:05 X:02 Y:01 P:25 SP:F9  CYC:24955
> FAF7  D0 22     BNE $FB1B                       A:05 X:02 Y:01 P:27 SP:F9  CYC:24957
> FAF9  60        RTS                             A:05 X:02 Y:01 P:27 SP:F9  CYC:24959
> F567  AD 47 06  LDA $0647 = 52                  A:05 X:02 Y:01 P:27 SP:FB  CYC:24965
> F56A  C9 52     CMP #$52                        A:52 X:02 Y:01 P:25 SP:FB  CYC:24969
> F56C  F0 02     BEQ $F570                       A:52 X:02 Y:01 P:27 SP:FB  CYC:24971
> F570  C8        INY                             A:52 X:02 Y:01 P:27 SP:FB  CYC:24974
> F571  A9 29     LDA #$29                        A:52 X:02 Y:02 P:25 SP:FB  CYC:24976
> F573  8D 47 06  STA $0647 = 52                  A:29 X:02 Y:02 P:25 SP:FB  CYC:24978
> F576  20 FA FA  JSR $FAFA                       A:29 X:02 Y:02 P:25 SP:FB  CYC:24982
> FAFA  B8        CLV                             A:29 X:02 Y:02 P:25 SP:F9  CYC:24988
> FAFB  18        CLC                             A:29 X:02 Y:02 P:25 SP:F9  CYC:24990
> FAFC  A9 42     LDA #$42                        A:29 X:02 Y:02 P:24 SP:F9  CYC:24992
> FAFE  60        RTS                             A:42 X:02 Y:02 P:24 SP:F9  CYC:24994
> F579  63 45    *RRA ($45,X) @ 47 = 0647 = 29    A:42 X:02 Y:02 P:24 SP:FB  CYC:25000
> F57B  EA        NOP                             A:57 X:02 Y:02 P:24 SP:FB  CYC:25008
> F57C  EA        NOP                             A:57 X:02 Y:02 P:24 SP:FB  CYC:25010
> F57D  EA        NOP                             A:57 X:02 Y:02 P:24 SP:FB  CYC:25012
> F57E  EA        NOP                             A:57 X:02 Y:02 P:24 SP:FB  CYC:25014
> F57F  20 FF FA  JSR $FAFF                       A:57 X:02 Y:02 P:24 SP:FB  CYC:25016
> FAFF  70 1A     BVS $FB1B                       A:57 X:02 Y:02 P:24 SP:F9  CYC:25022
> FB01  30 18     BMI $FB1B                       A:57 X:02 Y:02 P:24 SP:F9  CYC:25024
> FB03  B0 16     BCS $FB1B                       A:57 X:02 Y:02 P:24 SP:F9  CYC:25026
> FB05  C9 57     CMP #$57                        A:57 X:02 Y:02 P:24 SP:F9  CYC:25028
> FB07  D0 12     BNE $FB1B                       A:57 X:02 Y:02 P:27 SP:F9  CYC:25030
> FB09  60        RTS                             A:57 X:02 Y:02 P:27 SP:F9  CYC:25032
> F582  AD 47 06  LDA $0647 = 14                  A:57 X:02 Y:02 P:27 SP:FB  CYC:25038
> F585  C9 14     CMP #$14                        A:14 X:02 Y:02 P:25 SP:FB  CYC:25042
> F587  F0 02     BEQ $F58B                       A:14 X:02 Y:02 P:27 SP:FB  CYC:25044
> F58B  C8        INY                             A:14 X:02 Y:02 P:27 SP:FB  CYC:25047
> F58C  A9 37     LDA #$37                        A:14 X:02 Y:03 P:25 SP:FB  CYC:25049
> F58E  8D 47 06  STA $0647 = 14                  A:37 X:02 Y:03 P:25 SP:FB  CYC:25051
> F591  20 0A FB  JSR $FB0A                       A:37 X:02 Y:03 P:25 SP:FB  CYC:25055
> FB0A  24 01     BIT $01 = FF                    A:37 X:02 Y:03 P:25 SP:F9  CYC:25061
> FB0C  38        SEC                             A:37 X:02 Y:03 P:E5 SP:F9  CYC:25064
> FB0D  A9 75     LDA #$75                        A:37 X:02 Y:03 P:E5 SP:F9  CYC:25066
> FB0F  60        RTS                             A:75 X:02 Y:03 P:65 SP:F9  CYC:25068
> F594  63 45    *RRA ($45,X) @ 47 = 0647 = 37    A:75 X:02 Y:03 P:65 SP:FB  CYC:25074
> F596  EA        NOP                             A:11 X:02 Y:03 P:25 SP:FB  CYC:25082
> F597  EA        NOP                             A:11 X:02 Y:03 P:25 SP:FB  CYC:25084
> F598  EA        NOP                             A:11 X:02 Y:03 P:25 SP:FB  CYC:25086
> F599  EA        NOP                             A:11 X:02 Y:03 P:25 SP:FB  CYC:25088
> F59A  20 10 FB  JSR $FB10                       A:11 X:02 Y:03 P:25 SP:FB  CYC:25090
> FB10  70 09     BVS $FB1B                       A:11 X:02 Y:03 P:25 SP:F9  CYC:25096
> FB12  30 07     BMI $FB1B                       A:11 X:02 Y:03 P:25 SP:F9  CYC:25098
> FB14  90 05     BCC $FB1B                       A:11 X:02 Y:03 P:25 SP:F9  CYC:25100
> FB16  C9 11     CMP #$11                        A:11 X:02 Y:03 P:25 SP:F9  CYC:25102
> FB18  D0 01     BNE $FB1B                       A:11 X:02 Y:03 P:27 SP:F9  CYC:25104
> FB1A  60        RTS                             A:11 X:02 Y:03 P:27 SP:F9  CYC:25106
> F59D  AD 47 06  LDA $0647 = 9B                  A:11 X:02 Y:03 P:27 SP:FB  CYC:25112
> F5A0  C9 9B     CMP #$9B                        A:9B X:02 Y:03 P:A5 SP:FB  CYC:25116
> F5A2  F0 02     BEQ $F5A6                       A:9B X:02 Y:03 P:27 SP:FB  CYC:25118
> F5A6  C8        INY                             A:9B X:02 Y:03 P:27 SP:FB  CYC:25121
> F5A7  A9 A5     LDA #$A5                        A:9B X:02 Y:04 P:25 SP:FB  CYC:25123
> F5A9  85 47     STA $47 = 47                    A:A5 X:02 Y:04 P:A5 SP:FB  CYC:25125
> F5AB  20 E9 FA  JSR $FAE9                       A:A5 X:02 Y:04 P:A5 SP:FB  CYC:25128
> FAE9  24 01     BIT $01 = FF                    A:A5 X:02 Y:04 P:A5 SP:F9  CYC:25134
> FAEB  18        CLC                             A:A5 X:02 Y:04 P:E5 SP:F9  CYC:25137
> FAEC  A9 B2     LDA #$B2                        A:A5 X:02 Y:04 P:E4 SP:F9  CYC:25139
> FAEE  60        RTS                             A:B2 X:02 Y:04 P:E4 SP:F9  CYC:25141
> F5AE  67 47    *RRA $47 = A5                    A:B2 X:02 Y:04 P:E4 SP:FB  CYC:25147
> F5B0  EA        NOP                             A:05 X:02 Y:04 P:25 SP:FB  CYC:25152
> F5B1  EA        NOP                             A:05 X:02 Y:04 P:25 SP:FB  CYC:25154
> F5B2  EA        NOP                             A:05 X:02 Y:04 P:25 SP:FB  CYC:25156
> F5B3  EA        NOP                             A:05 X:02 Y:04 P:25 SP:FB  CYC:25158
> F5B4  20 EF FA  JSR $FAEF                       A:05 X:02 Y:04 P:25 SP:FB  CYC:25160
> FAEF  70 2A     BVS $FB1B                       A:05 X:02 Y:04 P:25 SP:F9  CYC:25166
> FAF1  90 28     BCC $FB1B                       A:05 X:02 Y:04 P:25 SP:F9  CYC:25168
> FAF3  30 26     BMI $FB1B                       A:05 X:02 Y:04 P:25 SP:F9  CYC:25170
> FAF5  C9 05     CMP #$05                        A:05 X:02 Y:04 P:25 SP:F9  CYC:25172
> FAF7  D0 22     BNE $FB1B                       A:05 X:02 Y:04 P:27 SP:F9  CYC:25174
> FAF9  60        RTS                             A:05 X:02 Y:04 P:27 SP:F9  CYC:25176
> F5B7  A5 47     LDA $47 = 52                    A:05 X:02 Y:04 P:27 SP:FB  CYC:25182
> F5B9  C9 52     CMP #$52                        A:52 X:02 Y:04 P:25 SP:FB  CYC:25185
> F5BB  F0 02     BEQ $F5BF                       A:52 X:02 Y:04 P:27 SP:FB  CYC:25187
> F5BF  C8        INY                             A:52 X:02 Y:04 P:27 SP:FB  CYC:25190
> F5C0  A9 29     LDA #$29                        A:52 X:02 Y:05 P:25 SP:FB  CYC:25192
> F5C2  85 47     STA $47 = 52                    A:29 X:02 Y:05 P:25 SP:FB  CYC:25194
> F5C4  20 FA FA  JSR $FAFA                       A:29 X:02 Y:05 P:25 SP:FB  CYC:25197
> FAFA  B8        CLV                             A:29 X:02 Y:05 P:25 SP:F9  CYC:25203
> FAFB  18        CLC                             A:29 X:02 Y:05 P:25 SP:F9  CYC:25205
> FAFC  A9 42     LDA #$42                        A:29 X:02 Y:05 P:24 SP:F9  CYC:25207
> FAFE  60        RTS                             A:42 X:02 Y:05 P:24 SP:F9  CYC:25209
> F5C7  67 47    *RRA $47 = 29                    A:42 X:02 Y:05 P:24 SP:FB  CYC:25215
> F5C9  EA        NOP                             A:57 X:02 Y:05 P:24 SP:FB  CYC:25220
> F5CA  EA        NOP                             A:57 X:02 Y:05 P:24 SP:FB  CYC:25222
> F5CB  EA        NOP                             A:57 X:02 Y:05 P:24 SP:FB  CYC:25224
> F5CC  EA        NOP                             A:57 X:02 Y:05 P:24 SP:FB  CYC:25226
> F5CD  20 FF FA  JSR $FAFF                       A:57 X:02 Y:05 P:24 SP:FB  CYC:25228
> FAFF  70 1A     BVS $FB1B                       A:57 X:02 Y:05 P:24 SP:F9  CYC:25234
> FB01  30 18     BMI $FB1B                       A:57 X:02 Y:05 P:24 SP:F9  CYC:25236
> FB03  B0 16     BCS $FB1B                       A:57 X:02 Y:05 P:24 SP:F9  CYC:25238
> FB05  C9 57     CMP #$57                        A:57 X:02 Y:05 P:24 SP:F9  CYC:25240
> FB07  D0 12     BNE $FB1B                       A:57 X:02 Y:05 P:27 SP:F9  CYC:25242
> FB09  60        RTS                             A:57 X:02 Y:05 P:27 SP:F9  CYC:25244
> F5D0  A5 47     LDA $47 = 14                    A:57 X:02 Y:05 P:27 SP:FB  CYC:25250
> F5D2  C9 14     CMP #$14                        A:14 X:02 Y:05 P:25 SP:FB  CYC:25253
> F5D4  F0 02     BEQ $F5D8                       A:14 X:02 Y:05 P:27 SP:FB  CYC:25255
> F5D8  C8        INY                             A:14 X:02 Y:05 P:27 SP:FB  CYC:25258
> F5D9  A9 37     LDA #$37                        A:14 X:02 Y:06 P:25 SP:FB  CYC:25260
> F5DB  85 47     STA $47 = 14                    A:37 X:02 Y:06 P:25 SP:FB  CYC:25262
> F5DD  20 0A FB  JSR $FB0A                       A:37 X:02 Y:06 P:25 SP:FB  CYC:25265
> FB0A  24 01     BIT $01 = FF                    A:37 X:02 Y:06 P:25 SP:F9  CYC:25271
> FB0C  38        SEC                             A:37 X:02 Y:06 P:E5 SP:F9  CYC:25274
> FB0D  A9 75     LDA #$75                        A:37 X:02 Y:06 P:E5 SP:F9  CYC:25276
> FB0F  60        RTS                             A:75 X:02 Y:06 P:65 SP:F9  CYC:25278
> F5E0  67 47    *RRA $47 = 37                    A:75 X:02 Y:06 P:65 SP:FB  CYC:25284
> F5E2  EA        NOP                             A:11 X:02 Y:06 P:25 SP:FB  CYC:25289
> F5E3  EA        NOP                             A:11 X:02 Y:06 P:25 SP:FB  CYC:25291
> F5E4  EA        NOP                             A:11 X:02 Y:06 P:25 SP:FB  CYC:25293
> F5E5  EA        NOP                             A:11 X:02 Y:06 P:25 SP:FB  CYC:25295
> F5E6  20 10 FB  JSR $FB10                       A:11 X:02 Y:06 P:25 SP:FB  CYC:25297
> FB10  70 09     BVS $FB1B                       A:11 X:02 Y:06 P:25 SP:F9  CYC:25303
> FB12  30 07     BMI $FB1B                       A:11 X:02 Y:06 P:25 SP:F9  CYC:25305
> FB14  90 05     BCC $FB1B                       A:11 X:02 Y:06 P:25 SP:F9  CYC:25307
> FB16  C9 11     CMP #$11                        A:11 X:02 Y:06 P:25 SP:F9  CYC:25309
> FB18  D0 01     BNE $FB1B                       A:11 X:02 Y:06 P:27 SP:F9  CYC:25311
> FB1A  60        RTS                             A:11 X:02 Y:06 P:27 SP:F9  CYC:25313
> F5E9  A5 47     LDA $47 = 9B                    A:11 X:02 Y:06 P:27 SP:FB  CYC:25319
> F5EB  C9 9B     CMP #$9B                        A:9B X:02 Y:06 P:A5 SP:FB  CYC:25322
> F5ED  F0 02     BEQ $F5F1                       A:9B X:02 Y:06 P:27 SP:FB  CYC:25324
> F5F1  C8        INY                             A:9B X:02 Y:06 P:27 SP:FB  CYC:25327
> F5F2  A9 A5     LDA #$A5                        A:9B X:02 Y:07 P:25 SP:FB  CYC:25329
> F5F4  8D 47 06  STA $0647 = 9B                  A:A5 X:02 Y:07 P:A5 SP:FB  CYC:25331
> F5F7  20 E9 FA  JSR $FAE9                       A:A5 X:02 Y:07 P:A5 SP:FB  CYC:25335
> FAE9  24 01     BIT $01 = FF                    A:A5 X:02 Y:07 P:A5 SP:F9  CYC:25341
> FAEB  18        CLC                             A:A5 X:02 Y:07 P:E5 SP:F9  CYC:25344
> FAEC  A9 B2     LDA #$B2                        A:A5 X:02 Y:07 P:E4 SP:F9  CYC:25346
> FAEE  60        RTS                             A:B2 X:02 Y:07 P:E4 SP:F9  CYC:25348
> F5FA  6F 47 06 *RRA $0647 = A5                  A:B2 X:02 Y:07 P:E4 SP:FB  CYC:25354
> F5FD  EA        NOP                             A:05 X:02 Y:07 P:25 SP:FB  CYC:25360
> F5FE  EA        NOP                             A:05 X:02 Y:07 P:25 SP:FB  CYC:25362
> F5FF  EA        NOP                             A:05 X:02 Y:07 P:25 SP:FB  CYC:25364
> F600  EA        NOP                             A:05 X:02 Y:07 P:25 SP:FB  CYC:25366
> F601  20 EF FA  JSR $FAEF                       A:05 X:02 Y:07 P:25 SP:FB  CYC:25368
> FAEF  70 2A     BVS $FB1B                       A:05 X:02 Y:07 P:25 SP:F9  CYC:25374
> FAF1  90 28     BCC $FB1B                       A:05 X:02 Y:07 P:25 SP:F9  CYC:25376
> FAF3  30 26     BMI $FB1B                       A:05 X:02 Y:07 P:25 SP:F9  CYC:25378
> FAF5  C9 05     CMP #$05                        A:05 X:02 Y:07 P:25 SP:F9  CYC:25380
> FAF7  D0 22     BNE $FB1B                       A:05 X:02 Y:07 P:27 SP:F9  CYC:25382
> FAF9  60        RTS                             A:05 X:02 Y:07 P:27 SP:F9  CYC:25384
> F604  AD 47 06  LDA $0647 = 52                  A:05 X:02 Y:07 P:27 SP:FB  CYC:25390
> F607  C9 52     CMP #$52                        A:52 X:02 Y:07 P:25 SP:FB  CYC:25394
> F609  F0 02     BEQ $F60D                       A:52 X:02 Y:07 P:27 SP:FB  CYC:25396
> F60D  C8        INY                             A:52 X:02 Y:07 P:27 SP:FB  CYC:25399
> F60E  A9 29     LDA #$29                        A:52 X:02 Y:08 P:25 SP:FB  CYC:25401
> F610  8D 47 06  STA $0647 = 52                  A:29 X:02 Y:08 P:25 SP:FB  CYC:25403
> F613  20 FA FA  JSR $FAFA                       A:29 X:02 Y:08 P:25 SP:FB  CYC:25407
> FAFA  B8        CLV                             A:29 X:02 Y:08 P:25 SP:F9  CYC:25413
> FAFB  18        CLC                             A:29 X:02 Y:08 P:25 SP:F9  CYC:25415
> FAFC  A9 42     LDA #$42                        A:29 X:02 Y:08 P:24 SP:F9  CYC:25417
> FAFE  60        RTS                             A:42 X:02 Y:08 P:24 SP:F9  CYC:25419
> F616  6F 47 06 *RRA $0647 = 29                  A:42 X:02 Y:08 P:24 SP:FB  CYC:25425
> F619  EA        NOP                             A:57 X:02 Y:08 P:24 SP:FB  CYC:25431
> F61A  EA        NOP                             A:57 X:02 Y:08 P:24 SP:FB  CYC:25433
> F61B  EA        NOP                             A:57 X:02 Y:08 P:24 SP:FB  CYC:25435
> F61C  EA        NOP                             A:57 X:02 Y:08 P:24 SP:FB  CYC:25437
> F61D  20 FF FA  JSR $FAFF                       A:57 X:02 Y:08 P:24 SP:FB  CYC:25439
> FAFF  70 1A     BVS $FB1B                       A:57 X:02 Y:08 P:24 SP:F9  CYC:25445
> FB01  30 18     BMI $FB1B                       A:57 X:02 Y:08 P:24 SP:F9  CYC:25447
> FB03  B0 16     BCS $FB1B                       A:57 X:02 Y:08 P:24 SP:F9  CYC:25449
> FB05  C9 57     CMP #$57                        A:57 X:02 Y:08 P:24 SP:F9  CYC:25451
> FB07  D0 12     BNE $FB1B                       A:57 X:02 Y:08 P:27 SP:F9  CYC:25453
> FB09  60        RTS                             A:57 X:02 Y:08 P:27 SP:F9  CYC:25455
> F620  AD 47 06  LDA $0647 = 14                  A:57 X:02 Y:08 P:27 SP:FB  CYC:25461
> F623  C9 14     CMP #$14                        A:14 X:02 Y:08 P:25 SP:FB  CYC:25465
> F625  F0 02     BEQ $F629                       A:14 X:02 Y:08 P:27 SP:FB  CYC:25467
> F629  C8        INY                             A:14 X:02 Y:08 P:27 SP:FB  CYC:25470
> F62A  A9 37     LDA #$37                        A:14 X:02 Y:09 P:25 SP:FB  CYC:25472
> F62C  8D 47 06  STA $0647 = 14                  A:37 X:02 Y:09 P:25 SP:FB  CYC:25474
> F62F  20 0A FB  JSR $FB0A                       A:37 X:02 Y:09 P:25 SP:FB  CYC:25478
> FB0A  24 01     BIT $01 = FF                    A:37 X:02 Y:09 P:25 SP:F9  CYC:25484
> FB0C  38        SEC                             A:37 X:02 Y:09 P:E5 SP:F9  CYC:25487
> FB0D  A9 75     LDA #$75                        A:37 X:02 Y:09 P:E5 SP:F9  CYC:25489
> FB0F  60        RTS                             A:75 X:02 Y:09 P:65 SP:F9  CYC:25491
> F632  6F 47 06 *RRA $0647 = 37                  A:75 X:02 Y:09 P:65 SP:FB  CYC:25497
> F635  EA        NOP                             A:11 X:02 Y:09 P:25 SP:FB  CYC:25503
> F636  EA        NOP                             A:11 X:02 Y:09 P:25 SP:FB  CYC:25505
> F637  EA        NOP                             A:11 X:02 Y:09 P:25 SP:FB  CYC:25507
> F638  EA        NOP                             A:11 X:02 Y:09 P:25 SP:FB  CYC:25509
> F639  20 10 FB  JSR $FB10                       A:11 X:02 Y:09 P:25 SP:FB  CYC:25511
> FB10  70 09     BVS $FB1B                       A:11 X:02 Y:09 P:25 SP:F9  CYC:25517
> FB12  30 07     BMI $FB1B                       A:11 X:02 Y:09 P:25 SP:F9  CYC:25519
> FB14  90 05     BCC $FB1B                       A:11 X:02 Y:09 P:25 SP:F9  CYC:25521
> FB16  C9 11     CMP #$11                        A:11 X:02 Y:09 P:25 SP:F9  CYC:25523
> FB18  D0 01     BNE $FB1B                       A:11 X:02 Y:09 P:27 SP:F9  CYC:25525
> FB1A  60        RTS                             A:11 X:02 Y:09 P:27 SP:F9  CYC:25527
> F63C  AD 47 06  LDA $0647 = 9B                  A:11 X:02 Y:09 P:27 SP:FB  CYC:25533
> F63F  C9 9B     CMP #$9B                        A:9B X:02 Y:09 P:A5 SP:FB  CYC:25537
> F641  F0 02     BEQ $F645                       A:9B X:02 Y:09 P:27 SP:FB  CYC:25539
> F645  A9 A5     LDA #$A5                        A:9B X:02 Y:09 P:27 SP:FB  CYC:25542
> F647  8D 47 06  STA $0647 = 9B                  A:A5 X:02 Y:09 P:A5 SP:FB  CYC:25544
> F64A  A9 48     LDA #$48                        A:A5 X:02 Y:09 P:A5 SP:FB  CYC:25548
> F64C  85 45     STA $45 = 48                    A:48 X:02 Y:09 P:25 SP:FB  CYC:25550
> F64E  A9 05     LDA #$05                        A:48 X:02 Y:09 P:25 SP:FB  CYC:25553
> F650  85 46     STA $46 = 05                    A:05 X:02 Y:09 P:25 SP:FB  CYC:25555
> F652  A0 FF     LDY #$FF                        A:05 X:02 Y:09 P:25 SP:FB  CYC:25558
> F654  20 E9 FA  JSR $FAE9                       A:05 X:02 Y:FF P:A5 SP:FB  CYC:25560
> FAE9  24 01     BIT $01 = FF                    A:05 X:02 Y:FF P:A5 SP:F9  CYC:25566
> FAEB  18        CLC                             A:05 X:02 Y:FF P:E5 SP:F9  CYC:25569
> FAEC  A9 B2     LDA #$B2                        A:05 X:02 Y:FF P:E4 SP:F9  CYC:25571
> FAEE  60        RTS                             A:B2 X:02 Y:FF P:E4 SP:F9  CYC:25573
> F657  73 45    *RRA ($45),Y = 0548 @ 0647 = A5  A:B2 X:02 Y:FF P:E4 SP:FB  CYC:25579
> F659  EA        NOP                             A:05 X:02 Y:FF P:25 SP:FB  CYC:25587
> F65A  EA        NOP                             A:05 X:02 Y:FF P:25 SP:FB  CYC:25589
> F65B  08        PHP                             A:05 X:02 Y:FF P:25 SP:FB  CYC:25591
> F65C  48        PHA                             A:05 X:02 Y:FF P:25 SP:FA  CYC:25594
> F65D  A0 0A     LDY #$0A                        A:05 X:02 Y:FF P:25 SP:F9  CYC:25597
> F65F  68        PLA                             A:05 X:02 Y:0A P:25 SP:F9  CYC:25599
> F660  28        PLP                             A:05 X:02 Y:0A P:25 SP:FA  CYC:25603
> F661  20 EF FA  JSR $FAEF                       A:05 X:02 Y:0A P:25 SP:FB  CYC:25607
> FAEF  70 2A     BVS $FB1B                       A:05 X:02 Y:0A P:25 SP:F9  CYC:25613
> FAF1  90 28     BCC $FB1B                       A:05 X:02 Y:0A P:25 SP:F9  CYC:25615
> FAF3  30 26     BMI $FB1B                       A:05 X:02 Y:0A P:25 SP:F9  CYC:25617
> FAF5  C9 05     CMP #$05                        A:05 X:02 Y:0A P:25 SP:F9  CYC:25619
> FAF7  D0 22     BNE $FB1B                       A:05 X:02 Y:0A P:27 SP:F9  CYC:25621
> FAF9  60        RTS                             A:05 X:02 Y:0A P:27 SP:F9  CYC:25623
> F664  AD 47 06  LDA $0647 = 52                  A:05 X:02 Y:0A P:27 SP:FB  CYC:25629
> F667  C9 52     CMP #$52                        A:52 X:02 Y:0A P:25 SP:FB  CYC:25633
> F669  F0 02     BEQ $F66D                       A:52 X:02 Y:0A P:27 SP:FB  CYC:25635
> F66D  A0 FF     LDY #$FF                        A:52 X:02 Y:0A P:27 SP:FB  CYC:25638
> F66F  A9 29     LDA #$29                        A:52 X:02 Y:FF P:A5 SP:FB  CYC:25640
> F671  8D 47 06  STA $0647 = 52                  A:29 X:02 Y:FF P:25 SP:FB  CYC:25642
> F674  20 FA FA  JSR $FAFA                       A:29 X:02 Y:FF P:25 SP:FB  CYC:25646
> FAFA  B8        CLV                             A:29 X:02 Y:FF P:25 SP:F9  CYC:25652
> FAFB  18        CLC                             A:29 X:02 Y:FF P:25 SP:F9  CYC:25654
> FAFC  A9 42     LDA #$42                        A:29 X:02 Y:FF P:24 SP:F9  CYC:25656
> FAFE  60        RTS                             A:42 X:02 Y:FF P:24 SP:F9  CYC:25658
> F677  73 45    *RRA ($45),Y = 0548 @ 0647 = 29  A:42 X:02 Y:FF P:24 SP:FB  CYC:25664
> F679  EA        NOP                             A:57 X:02 Y:FF P:24 SP:FB  CYC:25672
> F67A  EA        NOP                             A:57 X:02 Y:FF P:24 SP:FB  CYC:25674
> F67B  08        PHP                             A:57 X:02 Y:FF P:24 SP:FB  CYC:25676
> F67C  48        PHA                             A:57 X:02 Y:FF P:24 SP:FA  CYC:25679
> F67D  A0 0B     LDY #$0B                        A:57 X:02 Y:FF P:24 SP:F9  CYC:25682
> F67F  68        PLA                             A:57 X:02 Y:0B P:24 SP:F9  CYC:25684
> F680  28        PLP                             A:57 X:02 Y:0B P:24 SP:FA  CYC:25688
> F681  20 FF FA  JSR $FAFF                       A:57 X:02 Y:0B P:24 SP:FB  CYC:25692
> FAFF  70 1A     BVS $FB1B                       A:57 X:02 Y:0B P:24 SP:F9  CYC:25698
> FB01  30 18     BMI $FB1B                       A:57 X:02 Y:0B P:24 SP:F9  CYC:25700
> FB03  B0 16     BCS $FB1B                       A:57 X:02 Y:0B P:24 SP:F9  CYC:25702
> FB05  C9 57     CMP #$57                        A:57 X:02 Y:0B P:24 SP:F9  CYC:25704
> FB07  D0 12     BNE $FB1B                       A:57 X:02 Y:0B P:27 SP:F9  CYC:25706
> FB09  60        RTS                             A:57 X:02 Y:0B P:27 SP:F9  CYC:25708
> F684  AD 47 06  LDA $0647 = 14                  A:57 X:02 Y:0B P:27 SP:FB  CYC:25714
> F687  C9 14     CMP #$14                        A:14 X:02 Y:0B P:25 SP:FB  CYC:25718
> F689  F0 02     BEQ $F68D                       A:14 X:02 Y:0B P:27 SP:FB  CYC:25720
> F68D  A0 FF     LDY #$FF                        A:14 X:02 Y:0B P:27 SP:FB  CYC:25723
> F68F  A9 37     LDA #$37                        A:14 X:02 Y:FF P:A5 SP:FB  CYC:25725
> F691  8D 47 06  STA $0647 = 14                  A:37 X:02 Y:FF P:25 SP:FB  CYC:25727
> F694  20 0A FB  JSR $FB0A                       A:37 X:02 Y:FF P:25 SP:FB  CYC:25731
> FB0A  24 01     BIT $01 = FF                    A:37 X:02 Y:FF P:25 SP:F9  CYC:25737
> FB0C  38        SEC                             A:37 X:02 Y:FF P:E5 SP:F9  CYC:25740
> FB0D  A9 75     LDA #$75                        A:37 X:02 Y:FF P:E5 SP:F9  CYC:25742
> FB0F  60        RTS                             A:75 X:02 Y:FF P:65 SP:F9  CYC:25744
> F697  73 45    *RRA ($45),Y = 0548 @ 0647 = 37  A:75 X:02 Y:FF P:65 SP:FB  CYC:25750
> F699  EA        NOP                             A:11 X:02 Y:FF P:25 SP:FB  CYC:25758
> F69A  EA        NOP                             A:11 X:02 Y:FF P:25 SP:FB  CYC:25760
> F69B  08        PHP                             A:11 X:02 Y:FF P:25 SP:FB  CYC:25762
> F69C  48        PHA                             A:11 X:02 Y:FF P:25 SP:FA  CYC:25765
> F69D  A0 0C     LDY #$0C                        A:11 X:02 Y:FF P:25 SP:F9  CYC:25768
> F69F  68        PLA                             A:11 X:02 Y:0C P:25 SP:F9  CYC:25770
> F6A0  28        PLP                             A:11 X:02 Y:0C P:25 SP:FA  CYC:25774
> F6A1  20 10 FB  JSR $FB10                       A:11 X:02 Y:0C P:25 SP:FB  CYC:25778
> FB10  70 09     BVS $FB1B                       A:11 X:02 Y:0C P:25 SP:F9  CYC:25784
> FB12  30 07     BMI $FB1B                       A:11 X:02 Y:0C P:25 SP:F9  CYC:25786
> FB14  90 05     BCC $FB1B                       A:11 X:02 Y:0C P:25 SP:F9  CYC:25788
> FB16  C9 11     CMP #$11                        A:11 X:02 Y:0C P:25 SP:F9  CYC:25790
> FB18  D0 01     BNE $FB1B                       A:11 X:02 Y:0C P:27 SP:F9  CYC:25792
> FB1A  60        RTS                             A:11 X:02 Y:0C P:27 SP:F9  CYC:25794
> F6A4  AD 47 06  LDA $0647 = 9B                  A:11 X:02 Y:0C P:27 SP:FB  CYC:25800
> F6A7  C9 9B     CMP #$9B                        A:9B X:02 Y:0C P:A5 SP:FB  CYC:25804
> F6A9  F0 02     BEQ $F6AD                       A:9B X:02 Y:0C P:27 SP:FB  CYC:25806
> F6AD  A0 0D     LDY #$0D                        A:9B X:02 Y:0C P:27 SP:FB  CYC:25809
> F6AF  A2 FF     LDX #$FF                        A:9B X:02 Y:0D P:25 SP:FB  CYC:25811
> F6B1  A9 A5     LDA #$A5                        A:9B X:FF Y:0D P:A5 SP:FB  CYC:25813
> F6B3  85 47     STA $47 = 9B                    A:A5 X:FF Y:0D P:A5 SP:FB  CYC:25815
> F6B5  20 E9 FA  JSR $FAE9                       A:A5 X:FF Y:0D P:A5 SP:FB  CYC:25818
> FAE9  24 01     BIT $01 = FF                    A:A5 X:FF Y:0D P:A5 SP:F9  CYC:25824
> FAEB  18        CLC                             A:A5 X:FF Y:0D P:E5 SP:F9  CYC:25827
> FAEC  A9 B2     LDA #$B2                        A:A5 X:FF Y:0D P:E4 SP:F9  CYC:25829
> FAEE  60        RTS                             A:B2 X:FF Y:0D P:E4 SP:F9  CYC:25831
> F6B8  77 48    *RRA $48,X @ 47 = A5             A:B2 X:FF Y:0D P:E4 SP:FB  CYC:25837
> F6BA  EA        NOP                             A:05 X:FF Y:0D P:25 SP:FB  CYC:25843
> F6BB  EA        NOP                             A:05 X:FF Y:0D P:25 SP:FB  CYC:25845
> F6BC  EA        NOP                             A:05 X:FF Y:0D P:25 SP:FB  CYC:25847
> F6BD  EA        NOP                             A:05 X:FF Y:0D P:25 SP:FB  CYC:25849
> F6BE  20 EF FA  JSR $FAEF                       A:05 X:FF Y:0D P:25 SP:FB  CYC:25851
> FAEF  70 2A     BVS $FB1B                       A:05 X:FF Y:0D P:25 SP:F9  CYC:25857
> FAF1  90 28     BCC $FB1B                       A:05 X:FF Y:0D P:25 SP:F9  CYC:25859
> FAF3  30 26     BMI $FB1B                       A:05 X:FF Y:0D P:25 SP:F9  CYC:25861
> FAF5  C9 05     CMP #$05                        A:05 X:FF Y:0D P:25 SP:F9  CYC:25863
> FAF7  D0 22     BNE $FB1B                       A:05 X:FF Y:0D P:27 SP:F9  CYC:25865
> FAF9  60        RTS                             A:05 X:FF Y:0D P:27 SP:F9  CYC:25867
> F6C1  A5 47     LDA $47 = 52                    A:05 X:FF Y:0D P:27 SP:FB  CYC:25873
> F6C3  C9 52     CMP #$52                        A:52 X:FF Y:0D P:25 SP:FB  CYC:25876
> F6C5  F0 02     BEQ $F6C9                       A:52 X:FF Y:0D P:27 SP:FB  CYC:25878
> F6C9  C8        INY                             A:52 X:FF Y:0D P:27 SP:FB  CYC:25881
> F6CA  A9 29     LDA #$29                        A:52 X:FF Y:0E P:25 SP:FB  CYC:25883
> F6CC  85 47     STA $47 = 52                    A:29 X:FF Y:0E P:25 SP:FB  CYC:25885
> F6CE  20 FA FA  JSR $FAFA                       A:29 X:FF Y:0E P:25 SP:FB  CYC:25888
> FAFA  B8        CLV                             A:29 X:FF Y:0E P:25 SP:F9  CYC:25894
> FAFB  18        CLC                             A:29 X:FF Y:0E P:25 SP:F9  CYC:25896
> FAFC  A9 42     LDA #$42                        A:29 X:FF Y:0E P:24 SP:F9  CYC:25898
> FAFE  60        RTS                             A:42 X:FF Y:0E P:24 SP:F9  CYC:25900
> F6D1  77 48    *RRA $48,X @ 47 = 29             A:42 X:FF Y:0E P:24 SP:FB  CYC:25906
> F6D3  EA        NOP                             A:57 X:FF Y:0E P:24 SP:FB  CYC:25912
> F6D4  EA        NOP                             A:57 X:FF Y:0E P:24 SP:FB  CYC:25914
> F6D5  EA        NOP                             A:57 X:FF Y:0E P:24 SP:FB  CYC:25916
> F6D6  EA        NOP                             A:57 X:FF Y:0E P:24 SP:FB  CYC:25918
> F6D7  20 FF FA  JSR $FAFF                       A:57 X:FF Y:0E P:24 SP:FB  CYC:25920
> FAFF  70 1A     BVS $FB1B                       A:57 X:FF Y:0E P:24 SP:F9  CYC:25926
> FB01  30 18     BMI $FB1B                       A:57 X:FF Y:0E P:24 SP:F9  CYC:25928
> FB03  B0 16     BCS $FB1B                       A:57 X:FF Y:0E P:24 SP:F9  CYC:25930
> FB05  C9 57     CMP #$57                        A:57 X:FF Y:0E P:24 SP:F9  CYC:25932
> FB07  D0 12     BNE $FB1B                       A:57 X:FF Y:0E P:27 SP:F9  CYC:25934
> FB09  60        RTS                             A:57 X:FF Y:0E P:27 SP:F9  CYC:25936
> F6DA  A5 47     LDA $47 = 14                    A:57 X:FF Y:0E P:27 SP:FB  CYC:25942
> F6DC  C9 14     CMP #$14                        A:14 X:FF Y:0E P:25 SP:FB  CYC:25945
> F6DE  F0 02     BEQ $F6E2                       A:14 X:FF Y:0E P:27 SP:FB  CYC:25947
> F6E2  C8        INY                             A:14 X:FF Y:0E P:27 SP:FB  CYC:25950
> F6E3  A9 37     LDA #$37                        A:14 X:FF Y:0F P:25 SP:FB  CYC:25952
> F6E5  85 47     STA $47 = 14                    A:37 X:FF Y:0F P:25 SP:FB  CYC:25954
> F6E7  20 0A FB  JSR $FB0A                       A:37 X:FF Y:0F P:25 SP:FB  CYC:25957
> FB0A  24 01     BIT $01 = FF                    A:37 X:FF Y:0F P:25 SP:F9  CYC:25963
> FB0C  38        SEC                             A:37 X:FF Y:0F P:E5 SP:F9  CYC:25966
> FB0D  A9 75     LDA #$75                        A:37 X:FF Y:0F P:E5 SP:F9  CYC:25968
> FB0F  60        RTS                             A:75 X:FF Y:0F P:65 SP:F9  CYC:25970
> F6EA  77 48    *RRA $48,X @ 47 = 37             A:75 X:FF Y:0F P:65 SP:FB  CYC:25976
> F6EC  EA        NOP                             A:11 X:FF Y:0F P:25 SP:FB  CYC:25982
> F6ED  EA        NOP                             A:11 X:FF Y:0F P:25 SP:FB  CYC:25984
> F6EE  EA        NOP                             A:11 X:FF Y:0F P:25 SP:FB  CYC:25986
> F6EF  EA        NOP                             A:11 X:FF Y:0F P:25 SP:FB  CYC:25988
> F6F0  20 10 FB  JSR $FB10                       A:11 X:FF Y:0F P:25 SP:FB  CYC:25990
> FB10  70 09     BVS $FB1B                       A:11 X:FF Y:0F P:25 SP:F9  CYC:25996
> FB12  30 07     BMI $FB1B                       A:11 X:FF Y:0F P:25 SP:F9  CYC:25998
> FB14  90 05     BCC $FB1B                       A:11 X:FF Y:0F P:25 SP:F9  CYC:26000
> FB16  C9 11     CMP #$11                        A:11 X:FF Y:0F P:25 SP:F9  CYC:26002
> FB18  D0 01     BNE $FB1B                       A:11 X:FF Y:0F P:27 SP:F9  CYC:26004
> FB1A  60        RTS                             A:11 X:FF Y:0F P:27 SP:F9  CYC:26006
> F6F3  A5 47     LDA $47 = 9B                    A:11 X:FF Y:0F P:27 SP:FB  CYC:26012
> F6F5  C9 9B     CMP #$9B                        A:9B X:FF Y:0F P:A5 SP:FB  CYC:26015
> F6F7  F0 02     BEQ $F6FB                       A:9B X:FF Y:0F P:27 SP:FB  CYC:26017
> F6FB  A9 A5     LDA #$A5                        A:9B X:FF Y:0F P:27 SP:FB  CYC:26020
> F6FD  8D 47 06  STA $0647 = 9B                  A:A5 X:FF Y:0F P:A5 SP:FB  CYC:26022
> F700  A0 FF     LDY #$FF                        A:A5 X:FF Y:0F P:A5 SP:FB  CYC:26026
> F702  20 E9 FA  JSR $FAE9                       A:A5 X:FF Y:FF P:A5 SP:FB  CYC:26028
> FAE9  24 01     BIT $01 = FF                    A:A5 X:FF Y:FF P:A5 SP:F9  CYC:26034
> FAEB  18        CLC                             A:A5 X:FF Y:FF P:E5 SP:F9  CYC:26037
> FAEC  A9 B2     LDA #$B2                        A:A5 X:FF Y:FF P:E4 SP:F9  CYC:26039
> FAEE  60        RTS                             A:B2 X:FF Y:FF P:E4 SP:F9  CYC:26041
> F705  7B 48 05 *RRA $0548,Y @ 0647 = A5         A:B2 X:FF Y:FF P:E4 SP:FB  CYC:26047
> F708  EA        NOP                             A:05 X:FF Y:FF P:25 SP:FB  CYC:26054
> F709  EA        NOP                             A:05 X:FF Y:FF P:25 SP:FB  CYC:26056
> F70A  08        PHP                             A:05 X:FF Y:FF P:25 SP:FB  CYC:26058
> F70B  48        PHA                             A:05 X:FF Y:FF P:25 SP:FA  CYC:26061
> F70C  A0 10     LDY #$10                        A:05 X:FF Y:FF P:25 SP:F9  CYC:26064
> F70E  68        PLA                             A:05 X:FF Y:10 P:25 SP:F9  CYC:26066
> F70F  28        PLP                             A:05 X:FF Y:10 P:25 SP:FA  CYC:26070
> F710  20 EF FA  JSR $FAEF                       A:05 X:FF Y:10 P:25 SP:FB  CYC:26074
> FAEF  70 2A     BVS $FB1B                       A:05 X:FF Y:10 P:25 SP:F9  CYC:26080
> FAF1  90 28     BCC $FB1B                       A:05 X:FF Y:10 P:25 SP:F9  CYC:26082
> FAF3  30 26     BMI $FB1B                       A:05 X:FF Y:10 P:25 SP:F9  CYC:26084
> FAF5  C9 05     CMP #$05                        A:05 X:FF Y:10 P:25 SP:F9  CYC:26086
> FAF7  D0 22     BNE $FB1B                       A:05 X:FF Y:10 P:27 SP:F9  CYC:26088
> FAF9  60        RTS                             A:05 X:FF Y:10 P:27 SP:F9  CYC:26090
> F713  AD 47 06  LDA $0647 = 52                  A:05 X:FF Y:10 P:27 SP:FB  CYC:26096
> F716  C9 52     CMP #$52                        A:52 X:FF Y:10 P:25 SP:FB  CYC:26100
> F718  F0 02     BEQ $F71C                       A:52 X:FF Y:10 P:27 SP:FB  CYC:26102
> F71C  A0 FF     LDY #$FF                        A:52 X:FF Y:10 P:27 SP:FB  CYC:26105
> F71E  A9 29     LDA #$29                        A:52 X:FF Y:FF P:A5 SP:FB  CYC:26107
> F720  8D 47 06  STA $0647 = 52                  A:29 X:FF Y:FF P:25 SP:FB  CYC:26109
> F723  20 FA FA  JSR $FAFA                       A:29 X:FF Y:FF P:25 SP:FB  CYC:26113
> FAFA  B8        CLV                             A:29 X:FF Y:FF P:25 SP:F9  CYC:26119
> FAFB  18        CLC                             A:29 X:FF Y:FF P:25 SP:F9  CYC:26121
> FAFC  A9 42     LDA #$42                        A:29 X:FF Y:FF P:24 SP:F9  CYC:26123
> FAFE  60        RTS                             A:42 X:FF Y:FF P:24 SP:F9  CYC:26125
> F726  7B 48 05 *RRA $0548,Y @ 0647 = 29         A:42 X:FF Y:FF P:24 SP:FB  CYC:26131
> F729  EA        NOP                             A:57 X:FF Y:FF P:24 SP:FB  CYC:26138
> F72A  EA        NOP                             A:57 X:FF Y:FF P:24 SP:FB  CYC:26140
> F72B  08        PHP                             A:57 X:FF Y:FF P:24 SP:FB  CYC:26142
> F72C  48        PHA                             A:57 X:FF Y:FF P:24 SP:FA  CYC:26145
> F72D  A0 11     LDY #$11                        A:57 X:FF Y:FF P:24 SP:F9  CYC:26148
> F72F  68        PLA                             A:57 X:FF Y:11 P:24 SP:F9  CYC:26150
> F730  28        PLP                             A:57 X:FF Y:11 P:24 SP:FA  CYC:26154
> F731  20 FF FA  JSR $FAFF                       A:57 X:FF Y:11 P:24 SP:FB  CYC:26158
> FAFF  70 1A     BVS $FB1B                       A:57 X:FF Y:11 P:24 SP:F9  CYC:26164
> FB01  30 18     BMI $FB1B                       A:57 X:FF Y:11 P:24 SP:F9  CYC:26166
> FB03  B0 16     BCS $FB1B                       A:57 X:FF Y:11 P:24 SP:F9  CYC:26168
> FB05  C9 57     CMP #$57                        A:57 X:FF Y:11 P:24 SP:F9  CYC:26170
> FB07  D0 12     BNE $FB1B                       A:57 X:FF Y:11 P:27 SP:F9  CYC:26172
> FB09  60        RTS                             A:57 X:FF Y:11 P:27 SP:F9  CYC:26174
> F734  AD 47 06  LDA $0647 = 14                  A:57 X:FF Y:11 P:27 SP:FB  CYC:26180
> F737  C9 14     CMP #$14                        A:14 X:FF Y:11 P:25 SP:FB  CYC:26184
> F739  F0 02     BEQ $F73D                       A:14 X:FF Y:11 P:27 SP:FB  CYC:26186
> F73D  A0 FF     LDY #$FF                        A:14 X:FF Y:11 P:27 SP:FB  CYC:26189
> F73F  A9 37     LDA #$37                        A:14 X:FF Y:FF P:A5 SP:FB  CYC:26191
> F741  8D 47 06  STA $0647 = 14                  A:37 X:FF Y:FF P:25 SP:FB  CYC:26193
> F744  20 0A FB  JSR $FB0A                       A:37 X:FF Y:FF P:25 SP:FB  CYC:26197
> FB0A  24 01     BIT $01 = FF                    A:37 X:FF Y:FF P:25 SP:F9  CYC:26203
> FB0C  38        SEC                             A:37 X:FF Y:FF P:E5 SP:F9  CYC:26206
> FB0D  A9 75     LDA #$75                        A:37 X:FF Y:FF P:E5 SP:F9  CYC:26208
> FB0F  60        RTS                             A:75 X:FF Y:FF P:65 SP:F9  CYC:26210
> F747  7B 48 05 *RRA $0548,Y @ 0647 = 37         A:75 X:FF Y:FF P:65 SP:FB  CYC:26216
> F74A  EA        NOP                             A:11 X:FF Y:FF P:25 SP:FB  CYC:26223
> F74B  EA        NOP                             A:11 X:FF Y:FF P:25 SP:FB  CYC:26225
> F74C  08        PHP                             A:11 X:FF Y:FF P:25 SP:FB  CYC:26227
> F74D  48        PHA                             A:11 X:FF Y:FF P:25 SP:FA  CYC:26230
> F74E  A0 12     LDY #$12                        A:11 X:FF Y:FF P:25 SP:F9  CYC:26233
> F750  68        PLA                             A:11 X:FF Y:12 P:25 SP:F9  CYC:26235
> F751  28        PLP                             A:11 X:FF Y:12 P:25 SP:FA  CYC:26239
> F752  20 10 FB  JSR $FB10                       A:11 X:FF Y:12 P:25 SP:FB  CYC:26243
> FB10  70 09     BVS $FB1B                       A:11 X:FF Y:12 P:25 SP:F9  CYC:26249
> FB12  30 07     BMI $FB1B                       A:11 X:FF Y:12 P:25 SP:F9  CYC:26251
> FB14  90 05     BCC $FB1B                       A:11 X:FF Y:12 P:25 SP:F9  CYC:26253
> FB16  C9 11     CMP #$11                        A:11 X:FF Y:12 P:25 SP:F9  CYC:26255
> FB18  D0 01     BNE $FB1B                       A:11 X:FF Y:12 P:27 SP:F9  CYC:26257
> FB1A  60        RTS                             A:11 X:FF Y:12 P:27 SP:F9  CYC:26259
> F755  AD 47 06  LDA $0647 = 9B                  A:11 X:FF Y:12 P:27 SP:FB  CYC:26265
> F758  C9 9B     CMP #$9B                        A:9B X:FF Y:12 P:A5 SP:FB  CYC:26269
> F75A  F0 02     BEQ $F75E                       A:9B X:FF Y:12 P:27 SP:FB  CYC:26271
> F75E  A0 13     LDY #$13                        A:9B X:FF Y:12 P:27 SP:FB  CYC:26274
> F760  A2 FF     LDX #$FF                        A:9B X:FF Y:13 P:25 SP:FB  CYC:26276
> F762  A9 A5     LDA #$A5                        A:9B X:FF Y:13 P:A5 SP:FB  CYC:26278
> F764  8D 47 06  STA $0647 = 9B                  A:A5 X:FF Y:13 P:A5 SP:FB  CYC:26280
> F767  20 E9 FA  JSR $FAE9                       A:A5 X:FF Y:13 P:A5 SP:FB  CYC:26284
> FAE9  24 01     BIT $01 = FF                    A:A5 X:FF Y:13 P:A5 SP:F9  CYC:26290
> FAEB  18        CLC                             A:A5 X:FF Y:13 P:E5 SP:F9  CYC:26293
> FAEC  A9 B2     LDA #$B2                        A:A5 X:FF Y:13 P:E4 SP:F9  CYC:26295
> FAEE  60        RTS                             A:B2 X:FF Y:13 P:E4 SP:F9  CYC:26297
> F76A  7F 48 05 *RRA $0548,X @ 0647 = A5         A:B2 X:FF Y:13 P:E4 SP:FB  CYC:26303
> F76D  EA        NOP                             A:05 X:FF Y:13 P:25 SP:FB  CYC:26310
> F76E  EA        NOP                             A:05 X:FF Y:13 P:25 SP:FB  CYC:26312
> F76F  EA        NOP                             A:05 X:FF Y:13 P:25 SP:FB  CYC:26314
> F770  EA        NOP                             A:05 X:FF Y:13 P:25 SP:FB  CYC:26316
> F771  20 EF FA  JSR $FAEF                       A:05 X:FF Y:13 P:25 SP:FB  CYC:26318
> FAEF  70 2A     BVS $FB1B                       A:05 X:FF Y:13 P:25 SP:F9  CYC:26324
> FAF1  90 28     BCC $FB1B                       A:05 X:FF Y:13 P:25 SP:F9  CYC:26326
> FAF3  30 26     BMI $FB1B                       A:05 X:FF Y:13 P:25 SP:F9  CYC:26328
> FAF5  C9 05     CMP #$05                        A:05 X:FF Y:13 P:25 SP:F9  CYC:26330
> FAF7  D0 22     BNE $FB1B                       A:05 X:FF Y:13 P:27 SP:F9  CYC:26332
> FAF9  60        RTS                             A:05 X:FF Y:13 P:27 SP:F9  CYC:26334
> F774  AD 47 06  LDA $0647 = 52                  A:05 X:FF Y:13 P:27 SP:FB  CYC:26340
> F777  C9 52     CMP #$52                        A:52 X:FF Y:13 P:25 SP:FB  CYC:26344
> F779  F0 02     BEQ $F77D                       A:52 X:FF Y:13 P:27 SP:FB  CYC:26346
> F77D  C8        INY                             A:52 X:FF Y:13 P:27 SP:FB  CYC:26349
> F77E  A9 29     LDA #$29                        A:52 X:FF Y:14 P:25 SP:FB  CYC:26351
> F780  8D 47 06  STA $0647 = 52                  A:29 X:FF Y:14 P:25 SP:FB  CYC:26353
> F783  20 FA FA  JSR $FAFA                       A:29 X:FF Y:14 P:25 SP:FB  CYC:26357
> FAFA  B8        CLV                             A:29 X:FF Y:14 P:25 SP:F9  CYC:26363
> FAFB  18        CLC                             A:29 X:FF Y:14 P:25 SP:F9  CYC:26365
> FAFC  A9 42     LDA #$42                        A:29 X:FF Y:14 P:24 SP:F9  CYC:26367
> FAFE  60        RTS                             A:42 X:FF Y:14 P:24 SP:F9  CYC:26369
> F786  7F 48 05 *RRA $0548,X @ 0647 = 29         A:42 X:FF Y:14 P:24 SP:FB  CYC:26375
> F789  EA        NOP                             A:57 X:FF Y:14 P:24 SP:FB  CYC:26382
> F78A  EA        NOP                             A:57 X:FF Y:14 P:24 SP:FB  CYC:26384
> F78B  EA        NOP                             A:57 X:FF Y:14 P:24 SP:FB  CYC:26386
> F78C  EA        NOP                             A:57 X:FF Y:14 P:24 SP:FB  CYC:26388
> F78D  20 FF FA  JSR $FAFF                       A:57 X:FF Y:14 P:24 SP:FB  CYC:26390
> FAFF  70 1A     BVS $FB1B                       A:57 X:FF Y:14 P:24 SP:F9  CYC:26396
> FB01  30 18     BMI $FB1B                       A:57 X:FF Y:14 P:24 SP:F9  CYC:26398
> FB03  B0 16     BCS $FB1B                       A:57 X:FF Y:14 P:24 SP:F9  CYC:26400
> FB05  C9 57     CMP #$57                        A:57 X:FF Y:14 P:24 SP:F9  CYC:26402
> FB07  D0 12     BNE $FB1B                       A:57 X:FF Y:14 P:27 SP:F9  CYC:26404
> FB09  60        RTS                             A:57 X:FF Y:14 P:27 SP:F9  CYC:26406
> F790  AD 47 06  LDA $0647 = 14                  A:57 X:FF Y:14 P:27 SP:FB  CYC:26412
> F793  C9 14     CMP #$14                        A:14 X:FF Y:14 P:25 SP:FB  CYC:26416
> F795  F0 02     BEQ $F799                       A:14 X:FF Y:14 P:27 SP:FB  CYC:26418
> F799  C8        INY                             A:14 X:FF Y:14 P:27 SP:FB  CYC:26421
> F79A  A9 37     LDA #$37                        A:14 X:FF Y:15 P:25 SP:FB  CYC:26423
> F79C  8D 47 06  STA $0647 = 14                  A:37 X:FF Y:15 P:25 SP:FB  CYC:26425
> F79F  20 0A FB  JSR $FB0A                       A:37 X:FF Y:15 P:25 SP:FB  CYC:26429
> FB0A  24 01     BIT $01 = FF                    A:37 X:FF Y:15 P:25 SP:F9  CYC:26435
> FB0C  38        SEC                             A:37 X:FF Y:15 P:E5 SP:F9  CYC:26438
> FB0D  A9 75     LDA #$75                        A:37 X:FF Y:15 P:E5 SP:F9  CYC:26440
> FB0F  60        RTS                             A:75 X:FF Y:15 P:65 SP:F9  CYC:26442
> F7A2  7F 48 05 *RRA $0548,X @ 0647 = 37         A:75 X:FF Y:15 P:65 SP:FB  CYC:26448
> F7A5  EA        NOP                             A:11 X:FF Y:15 P:25 SP:FB  CYC:26455
> F7A6  EA        NOP                             A:11 X:FF Y:15 P:25 SP:FB  CYC:26457
> F7A7  EA        NOP                             A:11 X:FF Y:15 P:25 SP:FB  CYC:26459
> F7A8  EA        NOP                             A:11 X:FF Y:15 P:25 SP:FB  CYC:26461
> F7A9  20 10 FB  JSR $FB10                       A:11 X:FF Y:15 P:25 SP:FB  CYC:26463
> FB10  70 09     BVS $FB1B                       A:11 X:FF Y:15 P:25 SP:F9  CYC:26469
> FB12  30 07     BMI $FB1B                       A:11 X:FF Y:15 P:25 SP:F9  CYC:26471
> FB14  90 05     BCC $FB1B                       A:11 X:FF Y:15 P:25 SP:F9  CYC:26473
> FB16  C9 11     CMP #$11                        A:11 X:FF Y:15 P:25 SP:F9  CYC:26475
> FB18  D0 01     BNE $FB1B                       A:11 X:FF Y:15 P:27 SP:F9  CYC:26477
> FB1A  60        RTS                             A:11 X:FF Y:15 P:27 SP:F9  CYC:26479
> F7AC  AD 47 06  LDA $0647 = 9B                  A:11 X:FF Y:15 P:27 SP:FB  CYC:26485
> F7AF  C9 9B     CMP #$9B                        A:9B X:FF Y:15 P:A5 SP:FB  CYC:26489
> F7B1  F0 02     BEQ $F7B5                       A:9B X:FF Y:15 P:27 SP:FB  CYC:26491
> F7B5  60        RTS                             A:9B X:FF Y:15 P:27 SP:FB  CYC:26494
> C655  A5 00     LDA $00 = 00                    A:9B X:FF Y:15 P:27 SP:FD  CYC:26500
> C657  05 10     ORA $10 = 00                    A:00 X:FF Y:15 P:27 SP:FD  CYC:26503
> C659  05 11     ORA $11 = 00                    A:00 X:FF Y:15 P:27 SP:FD  CYC:26506
> C65B  F0 0E     BEQ $C66B                       A:00 X:FF Y:15 P:27 SP:FD  CYC:26509
> C66B  20 89 C6  JSR $C689                       A:00 X:FF Y:15 P:27 SP:FD  CYC:26512
> C689  A9 02     LDA #$02                        A:00 X:FF Y:15 P:27 SP:FB  CYC:26518
> C68B  8D 15 40  STA $4015 = FF                  A:02 X:FF Y:15 P:25 SP:FB  CYC:26520
> C68E  A9 3F     LDA #$3F                        A:02 X:FF Y:15 P:25 SP:FB  CYC:26524
> C690  8D 04 40  STA $4004 = FF                  A:3F X:FF Y:15 P:25 SP:FB  CYC:26526
> C693  A9 9A     LDA #$9A                        A:3F X:FF Y:15 P:25 SP:FB  CYC:26530
> C695  8D 05 40  STA $4005 = FF                  A:9A X:FF Y:15 P:A5 SP:FB  CYC:26532
> C698  A9 FF     LDA #$FF                        A:9A X:FF Y:15 P:A5 SP:FB  CYC:26536
> C69A  8D 06 40  STA $4006 = FF                  A:FF X:FF Y:15 P:A5 SP:FB  CYC:26538
> C69D  A9 00     LDA #$00                        A:FF X:FF Y:15 P:A5 SP:FB  CYC:26542
> C69F  8D 07 40  STA $4007 = FF                  A:00 X:FF Y:15 P:27 SP:FB  CYC:26544
> C6A2  60        RTS                             A:00 X:FF Y:15 P:27 SP:FB  CYC:26548
> C66E  60        RTS                             A:00 X:FF Y:15 P:27 SP:FD  CYC:26554
